1	Ухудшение	ухудшение	N	N	Ncnsnn	15	предик
2	самочувствия	самочувствие	N	N	Ncnsgn	1	квазиагент
3	с	с	S	S	Sp-g	2	атриб
4	начала	начало	N	N	Ncnsgn	3	предл
5	2004	#год	M	M	Mc---d	6	опред
6	года	год	N	N	Ncmsgn	4	квазиагент
7	в	в	S	S	Sp-l	15	обст
8	виде	вид	N	N	Ncmsln	7	предл
9	учащения	учащение	N	N	Ncnsgn	8	квазиагент
10	приступов	приступ	N	N	Ncmpgn	9	1-компл
11	аритмии	аритмия	N	N	Ncfsgn	10	квазиагент
12	,	,	,	,	,	11	PUNC
13	при	при	S	S	Sp-l	15	обст
14	обследовании	обследование	N	N	Ncnsln	13	предл
15	выявлен	выявить	V	V	Vmps-smpse	0	ROOT
16	узловой	узловой	A	A	Afpmsnf	17	опред
17	зоб	зоб	N	N	Ncmsan	15	1-компл
18	,	,	,	,	,	17	PUNC
19	гипертиреоз	гипертиреоз	N	N	Ncmsny	17	об-аппоз
20	,	,	,	,	,	19	PUNC
21	выполнена	выполнить	V	V	Vmps-sfpse	19	опред
22	операция	операция	N	N	Ncfsnn	21	1-компл
23	гемиструмэктомия	гемиструмэктомия	N	N	Ncfsnn	22	аппоз
