1	Ухудшение	ухудшение	N	N	Ncnsnn	21	предик
2	состояния	состояние	N	N	Ncnsgn	1	квазиагент
3	отмечает	отмечать	V	V	Vmip3s-a-p	1	опред
4	с	с	S	S	Sp-l	3	обст
5	2009	#год	M	M	Mc---d	6	опред
6	года	год	N	N	Ncmsgn	4	предл
7	,	,	,	,	,	6	PUNC
8	когда	когда	C	C	C	3	обст
9	пароксизмы	пароксизм	N	N	Ncmpnn	12	предик
10	учащенного	учащенный	A	A	Afpnsgf	11	опред
11	сердцебиения	сердцебиение	N	N	Ncnsgn	9	квазиагент
12	стали	стать	V	V	Vmis-p-a-e	8	подч-союзн
13	беспокоить	беспокоить	V	V	Vmn----a-p	12	1-компл
14	чаще	частый	A	A	Afcmsnf	13	обст
15	,	,	,	,	,	14	PUNC
16	продолжительнее	продолжительный	A	A	Afcmsnf	14	сравнит
17	,	,	,	,	,	16	PUNC
18	купировались	купировались	V	V	Vmgs---m-p	21	обст
19	в\в	\в	N	N	Ncmsin	18	обст
20	введением	введение	N	N	Ncnsin	19	предл
21	верапамила	верапамить	V	V	Vmis-sfa-e	0	ROOT
