1	Приступы	приступ	N	N	Ncmpnn	2	предик
2	были	быть	V	V	Vmis-p-a-p	0	ROOT
3	редкими	редкий	A	A	Afpmpif	2	присвяз
4	,	,	,	,	,	3	PUNC
5	длились	длиться	V	V	Vmis-p-m-p	2	сочин
6	около	около	S	S	Sp-g	5	1-компл
7	суток	сутки	N	N	Ncmpgn	6	предл
8	,	,	,	,	,	7	PUNC
9	самостоятельно	самостоятельно	R	R	R	10	обст
10	купировались	купировались	V	V	Vmgs---m-p	16	обст
11	,	,	,	,	,	10	PUNC
12	в	в	S	S	Sp-l	16	обст
13	2006	#год	M	M	Mc---d	14	опред
14	году	год	N	N	Ncmsnnl	12	предл
15	приступы	приступ	N	N	Ncmpnn	16	предик
16	участились	участиться	V	V	Vmis-p-m-e	5	сочин
17	до	до	S	S	Sp-l	16	обст
18	3-4	#число	M	M	Mc---d	17	предл
19	в	в	S	S	Sp-a	16	обст
20	неделю	неделя	N	N	Ncfsan	19	предл
21	,	,	,	,	,	20	PUNC
22	перестали	перестать	V	V	Vmis-p-a-e	16	сочин
23	самостоятельно	самостоятельно	R	R	R	22	обст
24	купироваться	купироваться	V	V	Vmn----m-p	22	1-компл
25	,	,	,	,	,	24	PUNC
26	неоднократно	неоднократно	R	R	R	27	обст
27	лечился	лечиться	V	V	Vmis-smm-e	22	сент-соч
28	в	в	S	S	Sp-l	27	2-компл
29	кардиологическом	кардиологический	A	A	Afpnslf	30	опред
30	отделении	отделение	N	N	Ncnsln	28	предл
