1	Была	быть	V	V	Vmis-sfa-p	0	ROOT
2	выполнена	выполнить	V	V	Vmps-sfpse	1	пасс-анал
3	КВГ	квг	N	N	Npmsgn	1	предик
4	29.09.07	#пдата	M	M	Mc---d	3	аппоз
5	,	,	,	,	,	4	PUNC
6	тип	тип	N	N	Ncmsnn	3	сочин
7	кровоснабжения	кровоснабжение	N	N	Ncnsgn	6	квазиагент
8	правый	правый	A	A	Afpmsnf	7	1-компл
9	,	,	,	,	,	8	PUNC
10	дилатация	дилатация	N	N	Ncfsnn	8	разъяснит
11	полости	полость	N	N	Ncfsgn	10	квазиагент
12	ЛЖ	лж	N	N	Npmsnn	11	квазиагент
13	,	,	,	,	,	12	PUNC
14	общий	общий	A	A	Afpmsnf	15	опред
15	гипокинез	гипокинез	N	N	Ncmsnn	10	сочин
16	,	,	,	,	,	15	PUNC
17	коронарные	коронарный	A	A	Afpmpnf	18	опред
18	артерии	артерия	N	N	Ncfpnn	15	сочин
19	без	без	S	S	Sp-g	18	атриб
20	видимых	видимый	A	A	Afpmpgf	22	опред
21	стенотических	стенотический	A	A	Afpmpgf	22	опред
22	образований	образование	N	N	Ncnpgn	19	предл
23	,	,	,	,	,	22	PUNC
24	Dp/dt	Dp/dt	-	-	-	27	обст
25	1000/1200	#год	M	M	Mc---d	26	количест
26	мм	миллиметр	N	N	Ncmpgn	24	предл
27	рт.ст	рт.ст	V	V	Vmif3s-a-p	10	релят
