1	В	в	S	S	Sp-l	9	обст
2	январе	#месяц	N	N	Ncmsln	1	предл
3	2010	#год	M	M	Mc---d	4	опред
4	года	год	N	N	Ncmsgn	2	атриб
5	при	при	S	S	Sp-l	1	сочин
6	прохождении	прохождение	N	N	Ncnsln	5	предл
7	флюорографии	флюорография	N	N	Ncfsgn	6	1-компл
8	легких	легкое	N	N	Ncnpgn	7	квазиагент
9	была	быть	V	V	Vmis-sfa-p	0	ROOT
10	обнаружена	обнаружить	V	V	Vmps-sfpse	9	пасс-анал
11	инфаркт-пневмонии	инфаркт-пневмония	N	N	Ncfsnn	9	предик
12	в	в	S	S	Sp-l	11	атриб
13	верхней	верхний	A	A	Afpfslf	14	опред
14	доле	доля	N	N	Ncfsln	12	предл
15	правого	правый	A	A	Afpnsgf	16	опред
16	легкого	легкое	N	N	Ncnsgn	14	квазиагент
17	,	,	,	,	,	16	PUNC
18	что	что	C	C	C	14	1-компл
19	подтвердилось	подтвердиться	V	V	Vmis-snm-e	18	подч-союзн
20	при	при	S	S	Sp-l	19	обст
21	выполнении	выполнение	N	N	Ncnsln	20	предл
22	СКТ	скт	N	N	Npmsnn	21	1-компл
23	легких	легкий	A	A	Afpmpgf	22	атриб
