1	В	в	S	S	Sp-l	26	обст
2	январе	#месяц	N	N	Ncmsln	1	предл
3	2011	#год	M	M	Mc---d	4	опред
4	года	год	N	N	Ncmsgn	2	атриб
5	рецидив	рецидив	N	N	Ncmsnn	26	предик
6	пароксизма	пароксизм	N	N	Ncmsgn	5	1-компл
7	ФП	фп	N	N	Npmsnn	5	аппоз
8	,	,	,	,	,	7	PUNC
9	находится	находиться	V	V	Vmip3s-m-p	5	опред
10	на	на	S	S	Sp-l	9	1-компл
11	стационарном	стационарный	A	A	Afpnslf	12	опред
12	лечении	лечение	N	N	Ncnsln	10	предл
13	,	,	,	,	,	12	PUNC
14	с	с	S	S	Sp-i	9	2-несобст-компл
15	подозрением	подозрение	N	N	Ncnsin	14	предл
16	на	на	S	S	Sp-a	15	2-компл
17	ОИМ	оим	N	N	Npmsnn	16	предл
18	,	,	,	,	,	17	PUNC
19	при	при	S	S	Sp-l	21	обст
20	обследовании	обследование	N	N	Ncnsln	19	предл
21	выставлен	выставить	V	V	Vmps-smpse	5	опред
22	диагнозИшемическая	диагнозишемический	A	A	Afpmsnf	23	опред
23	КМП	кмп	N	N	Npmsnn	21	1-компл
24	,	,	,	,	,	23	PUNC
25	артериальная	артериальный	A	A	Afpfsnf	26	опред
26	гипертензия	гипертензия	N	N	Ncfsnn	0	ROOT
27	3	#число	M	M	Mc---d	26	нум-аппоз
28	ст	столовый	A	A	Afpfpgf	26	атриб
