1	Состояние	состояние	N	N	Ncnsnn	4	предик
2	пациентки	пациентка	N	N	Ncfsgy	1	квазиагент
3	прогрессивно	прогрессивно	R	R	R	4	обст
4	ухудшается	ухудшаться	V	V	Vmip3s-m-p	0	ROOT
5	,	,	,	,	,	4	PUNC
6	несколько	несколько	M	M	Mc--a	7	количест
7	раз	раз	N	N	Ncmpgn	8	обст
8	госпитализировалась	госпитализироваться	V	V	Vmis-sfm-p	4	сент-соч
9	за	за	S	S	Sp-l	8	обст
10	2010	#год	M	M	Mc---d	11	опред
11	год	год	N	N	Ncmsan	9	предл
12	в	в	S	S	Sp-n	8	обст
13	кардиологический	кардиологический	A	A	Afpmsnf	14	опред
14	стационар	стационар	N	N	Ncmsan	12	предл
15	,	,	,	,	,	14	PUNC
16	назначалась	назначаться	V	V	Vmis-sfm-p	8	сент-соч
17	терапия	терапия	N	N	Ncfsnn	16	предик
18	сердечной	сердечный	A	A	Afpfsgf	19	опред
19	недостаточности	недостаточность	N	N	Ncfsgn	17	1-компл
20	(	(	-	-	-	19	PUNC
21	дигоксин	дигоксин	N	N	Ncmsnn	19	сочин
22	,	,	,	,	,	21	PUNC
23	карведилол	карведилол	N	N	Ncmsnn	21	сочин
24	,	,	,	,	,	23	PUNC
25	диувер	диувер	N	N	Ncmsnn	23	сочин
26	,	,	,	,	,	25	PUNC
27	моноприл	моноприть	N	N	Ncmsny	25	сочин
28	,	,	,	,	,	27	PUNC
29	Верошпирон)-	Верошпирон)-	-	-	-	27	сочин
30	без	без	S	S	Sp-g	0	ROOT
31	особого	особый	A	A	Afpmsgf	32	опред
32	эффекта	эффект	N	N	Ncmsgn	30	предл
