1	В	в	S	S	Sp-n	10	обст
2	связи	связь	N	N	Ncfsnnl	1	предл
3	с	с	S	S	Sp-i	2	1-компл
4	частыми	частый	A	A	Afpmpif	5	опред
5	рецидивами	рецидив	N	N	Ncmpin	3	предл
6	фибрилляции	фибрилляция	N	N	Ncfsgn	5	1-компл
7	предсердий	предсердие	N	N	Ncfpgn	6	квазиагент
8	,	,	,	,	,	7	PUNC
9	тахисистолическая	тахисистолический	A	A	Afpfsnf	10	опред
10	форма	форма	N	N	Ncfsnn	0	ROOT
11	(	(	-	-	-	10	PUNC
12	и	и	C	C	C	10	сочин
13	частыми	частый	A	A	Afpmpif	14	опред
14	разрядами	разряд	N	N	Ncmpin	12	соч-союзн
15	АИКД	аикд	N	N	Npmsnn	14	аппоз
16	по	по	S	S	Sp-d	14	атриб
17	поводу	повод	N	N	Ncmsdn	16	предл
18	ФП	фп	N	N	Npmsnn	14	примыкат
19	)	)	-	-	-	18	PUNC
20	проведено	провести	V	V	Vmps-snpse	10	опред
21	оперативное	оперативный	A	A	Afpnsnf	22	опред
22	лечение	лечение	N	N	Ncnsnn	20	1-компл
23	РЧА	рча	N	N	Npnsgn	22	1-компл
24	АВ	ав	-	-	-	23	аппоз
25	соединения	соединение	N	N	Ncnsgn	23	атриб
26	(	(	-	-	-	25	PUNC
27	05.2008	#чдата	M	M	Mc---d	28	опред
28	г	город	N	N	Ncmsgn	25	примыкат
29	)	)	-	-	-	28	PUNC
