1	В	в	S	S	Sp-l	5	обст
2	марте	#месяц	N	N	Ncmsln	1	предл
3	2010	#год	M	M	Mc---d	4	опред
4	года	год	N	N	Ncmsgn	2	атриб
5	имплантирован	имплантировать	V	V	Vmps-smpse	0	ROOT
6	ЭКСВыписан	эксвыписан	N	N	Npmsnn	5	1-компл
7	в	в	S	S	Sp-l	5	обст
8	удовлетворительном	удовлетворительный	A	A	Afpnslf	9	опред
9	состоянии	состояние	N	N	Ncnsln	7	предл
10	,	,	,	,	,	9	PUNC
11	рекомендована	рекомендовать	V	V	Vmps-sfpse	5	сочин
12	повторная	повторный	A	A	Afpfsnf	13	опред
13	госпитализация	госпитализация	N	N	Ncfsnn	11	1-компл
14	в	в	S	S	Sp-a	13	2-компл
15	отделение	отделение	N	N	Ncnsan	14	предл
16	ХЛСНРС	хлснрс	N	N	Npmsnn	15	квазиагент
17	и	и	C	C	C	16	сочин
18	ЭКС	экс	N	N	Npmsnn	17	соч-союзн
19	для	для	S	S	Sp-g	18	атриб
20	оказания	оказание	N	N	Ncnsgn	19	предл
21	ВТМП	втмп	N	N	Npmsnn	20	1-компл
22	(	(	-	-	-	21	PUNC
23	создание	создание	N	N	Ncnsnn	5	предик
24	полной	полный	A	A	Afpfsgf	26	опред
25	искуственной	искуственный	A	A	Afpfsgf	26	опред
26	АВ-блокады	ав-блокада	N	N	Npfsgn	23	1-компл
27	)	)	-	-	-	26	PUNC
28	.	.	-	-	-	26	PUNC
