1	Ухудшение	ухудшение	N	N	Ncnsnn	8	предик
2	самочувствия	самочувствие	N	N	Ncnsgn	1	квазиагент
3	с	с	S	S	Sp-g	2	атриб
4	начала	начало	N	N	Ncnsgn	3	предл
5	2009	#год	M	M	Mc---d	6	опред
6	года	год	N	N	Ncmsgn	4	квазиагент
7	,	,	,	,	,	6	PUNC
8	стало	стать	V	V	Vmis-sna-e	0	ROOT
9	беспокоить	беспокоить	V	V	Vmn----a-p	8	1-компл
10	редкое	редкий	A	A	Afpnsaf	11	опред
11	сердцебиение	сердцебиение	N	N	Ncnsan	9	1-компл
12	в	в	S	S	Sp-a	9	2-компл
13	вечернее	вечерний	A	A	Afpnsaf	14	опред
14	время	время	N	N	Ncnsan	12	предл
15	,	,	,	,	,	14	PUNC
16	перебои	перебой	N	N	Ncmpnn	9	1-компл
17	в	в	S	S	Sp-l	16	атриб
18	работе	работа	N	N	Ncfsln	17	предл
19	сердца	сердце	N	N	Ncnsgn	18	квазиагент
20	,	,	,	,	,	19	PUNC
21	утомляемость	утомляемость	N	N	Ncfsnn	16	сочин
22	,	,	,	,	,	21	PUNC
23	снижение	снижение	N	N	Ncnsnn	8	предик
24	АД	ад	N	N	Npfpgn	23	1-компл
25	до	до	S	S	Sp-l	23	3-компл
26	85/60	#число	M	M	Mc---d	27	количест
27	мм	миллиметр	N	N	Ncmpgn	25	предл
28	рт.ст	рт.ст	N	N	Ncmsnn	27	атриб
29	.	.	-	-	-	28	PUNC
