1	В	в	S	S	Sp-l	5	обст
2	октябре	#месяц	N	N	Ncmsln	1	предл
3	один	#число	M	M	Mom-n	4	количест
4	пароксизм	пароксизм	N	N	Ncmsnn	5	предик
5	12.10.2010	#пдата	M	M	Mc---d	0	ROOT
6	,	,	,	,	,	5	PUNC
7	до	до	S	S	Sp-g	5	соотнос
8	настоящего	настоящий	A	A	Afpnsgf	9	опред
9	времени	время	N	N	Ncnsgn	7	предл
10	рецидивировалаи	рецидивировалаи	V	V	Vmis-p-a-e	5	сент-соч
11	пароксизмы	пароксизм	N	N	Ncmpnn	10	предик
12	почти	почти	R	R	R	13	огранич
13	ежемесячно	ежемесячно	R	R	R	10	обст
14	,	,	,	,	,	13	PUNC
15	гипертоническая	гипертонический	A	A	Afpfsnf	16	опред
16	болезнь	болезнь	N	N	Ncfsnn	21	предик
17	с	с	S	S	Sp-i	21	обст
18	2008	#год	M	M	Mc---d	19	опред
19	года	год	N	N	Ncmsgn	17	предл
20	максимально	максимально	R	R	R	21	обст
21	повышается	повышаться	V	V	Vmip3s-m-p	10	сент-соч
22	АД	ад	N	N	Npmsnn	21	1-компл
23	до	до	S	S	Sp-l	21	обст
24	170/100	#число	M	M	Mc---d	25	количест
25	мм	миллиметр	N	N	Ncmpgn	23	предл
26	рт	ртутный	A	A	Afpmsgf	27	опред
27	ст	столб	N	N	Ncmsgn	25	атриб
