1	Менопауза	менопауза	N	N	Ncmsgn	4	предл
2	семь	#число	M	M	Mc--a	3	количест
3	лет	год	N	N	Ncmpgn	4	предл
4	назад	назад	R	R	R	14	обст
5	,	,	,	,	,	4	PUNC
6	после	после	S	S	Sp-g	14	обст
7	этого	этот	P	P	P--msga	9	опред
8	плохое	плохой	A	A	Afpnsnf	9	опред
9	самочувствие	самочувствие	N	N	Ncnsnn	6	предл
10	,	,	,	,	,	9	PUNC
11	с	с	S	S	Sp-g	9	атриб
12	июня	#месяц	N	N	Ncmsgn	11	предл
13	2010	#год	M	M	Mc---d	14	присвяз
14	стала	стать	V	V	Vmis-sfa-e	0	ROOT
15	принимать	принимать	V	V	Vmn----a-p	14	1-компл
16	ГЗТ	гзт	N	N	Npfpan	15	1-компл
17	,	,	,	,	,	16	PUNC
18	отмечает	отмечать	V	V	Vmip3s-a-p	14	вводн
19	значительное	значительный	A	A	Afpnsnf	20	опред
20	улучшение	улучшение	N	N	Ncnsnn	18	предик
21	самочувствия	самочувствие	N	N	Ncnsgn	20	1-компл
22	в	в	S	S	Sp-l	21	атриб
23	виде	вид	N	N	Ncmsln	22	предл
24	уменьшения	уменьшение	N	N	Ncnsgn	23	квазиагент
25	потливости	потливость	N	N	Ncfsgn	24	1-компл
26	,	,	,	,	,	25	PUNC
27	приливов	прилив	N	N	Ncmpgn	25	сочин
28	,	,	,	,	,	27	PUNC
29	эмоциональной	эмоциональный	A	A	Afpfsgf	30	опред
30	лабильности	лабильность	N	N	Ncfsgn	27	сочин
