1	Около	около	S	S	Sp-l	5	предик
2	4	#число	M	M	Mc---d	3	количест
3	лет	год	N	N	Ncmpgn	1	предл
4	назад	назад	R	R	R	5	обст
5	был	быть	V	V	Vmis-sma-p	0	ROOT
6	назначен	назначить	V	V	Vmps-smpse	5	пасс-анал
7	варфарин	варфарин	N	N	Ncmsnn	5	вводн
8	,	,	,	,	,	7	PUNC
9	на	на	S	S	Sp-l	5	присвяз
10	фоне	фон	N	N	Ncmsln	9	предл
11	приема	прием	N	N	Ncmsgn	10	квазиагент
12	препарата	препарат	N	N	Ncmsgn	11	1-компл
13	при	при	S	S	Sp-l	11	атриб
14	физической	физический	A	A	Afpfslf	15	опред
15	нагрузке	нагрузка	N	N	Ncfsln	13	предл
16	,	,	,	,	,	15	PUNC
17	со	со	S	S	Sp-g	21	обст
18	слов	слово	N	N	Ncnpgn	17	предл
19	пациента	пациент	N	N	Ncmsgy	18	квазиагент
20	,	,	,	,	,	19	PUNC
21	произошел	произойти	V	V	Vmis-sma-e	5	сент-соч
22	разрыв	разрыв	N	N	Ncmsnn	21	предик
23	артерии	артерия	N	N	Ncfpnn	22	квазиагент
24	правой	правый	A	A	Afpfsgf	25	опред
25	голени	голень	N	N	Ncfsgn	23	квазиагент
26	,	,	,	,	,	25	PUNC
27	проводилось	проводиться	V	V	Vmis-snm-p	21	сент-соч
28	оперативное	оперативный	A	A	Afpnsaf	29	опред
29	лечение	лечение	N	N	Ncnsan	27	предик
