1	Впервые	впервые	R	R	R	9	обст
2	пароксизм	пароксизм	N	N	Ncmsnn	9	предик
3	СВТ	свт	N	N	Npfsnn	2	аппоз
4	зарегистрирован	зарегистрировать	V	V	Vmps-smpse	2	опред
5	15.07.2009	#пдата	M	M	Mc---d	6	опред
6	г	город	N	N	Ncmsgn	4	1-компл
7	.	.	-	-	-	6	PUNC
8	,	,	,	,	,	6	PUNC
9	продолжался	продолжаться	V	V	Vmis-smm-p	0	ROOT
10	около	около	S	S	Sp-l	9	предик
11	40	#число	M	M	Mc---d	12	количест
12	минут	минута	N	N	Ncfpgn	10	предл
13	,	,	,	,	,	12	PUNC
14	самостоятельно	самостоятельно	R	R	R	15	обст
15	купировать	купировать	V	V	Vmn----a-p	9	1-компл
16	не	не	Q	Q	Q	17	огранич
17	смогла	смочь	V	V	Vmis-sfa-e	9	сент-соч
18	,	,	,	,	,	17	PUNC
19	вызвала	вызвать	V	V	Vmis-sfa-e	17	сочин
20	СМП	смп	N	N	Npmsan	19	1-компл
21	,	,	,	,	,	20	PUNC
22	на	на	S	S	Sp-l	24	обст
23	ЭКГ	экг	N	N	Npfsln	22	предл
24	зарегистрирована	зарегистрировать	V	V	Vmps-sfpse	19	сочин
25	СВТ	свт	N	N	Npfsnn	24	1-компл
26	с	с	S	S	Sp-i	25	атриб
27	ЧСС	ЧСС	-	-	-	26	предл
28	200	#число	M	M	Mc---d	27	нум-аппоз
29	в	в	S	S	Sp-a	24	2-компл
30	минуту	минута	N	N	Ncfsan	29	предл
