1	Больной	больной	N	N	Ncmsny	3	предик
2	себя	себя	P	P	P----an	1	1-компл
3	считает	считать	V	V	Vmip3s-a-p	0	ROOT
4	около	около	S	S	Sp-g	3	1-компл
5	2-х	#число	A	A	Afpmpgf	6	опред
6	лет	год	N	N	Ncmpgn	4	предл
7	,	,	,	,	,	6	PUNC
8	когда	когда	C	C	C	3	обст
9	впервые	впервые	R	R	R	10	обст
10	стала	стать	V	V	Vmis-sfa-e	8	подч-союзн
11	отмечать	отмечать	V	V	Vmn----a-p	10	1-компл
12	появление	появление	N	N	Ncnsan	11	1-компл
13	приступов	приступ	N	N	Ncmpgn	12	квазиагент
14	учащенного	учащенный	A	A	Afpnsgf	17	опред
15	,	,	,	,	,	14	PUNC
16	неритмичного	неритмичный	A	A	Afpnsgf	17	опред
17	сердцебиения	сердцебиение	N	N	Ncnsgn	13	квазиагент
18	,	,	,	,	,	17	PUNC
19	внезапно	внезапно	R	R	R	20	обст
20	возникающие	возникать	V	V	Vmpp-p-afpn	12	опред
21	и	и	C	C	C	20	сочин
22	также	также	Q	Q	Q	23	огранич
23	спустя	спустя	S	S	Sp-l	27	обст
24	5-10	#число	M	M	Mc---d	25	количест
25	минут	минута	N	N	Ncfpgn	23	предл
26	самостоятельно	самостоятельно	R	R	R	27	обст
27	купирующиеся	купируться	A	A	Afpmpnf	21	соч-союзн
