1	28.01.11	#пдата	M	M	Mc---d	4	предик
2	по	по	S	S	Sp-d	4	обст
3	СМП	смп	N	N	Npmsnn	2	предл
4	был	быть	V	V	Vmis-sma-p	0	ROOT
5	доставлен	доставить	V	V	Vmps-smpse	4	пасс-анал
6	в	в	S	S	Sp-a	5	2-компл
7	стационар	стационар	N	N	Ncmsan	6	предл
8	с	с	S	S	Sp-i	7	атриб
9	приступом	приступ	N	N	Ncmsin	8	предл
10	головокружения	головокружение	N	N	Ncnsgn	9	квазиагент
11	,	,	,	,	,	10	PUNC
12	диагностирована	диагностированный	A	A	Afpmsnf	13	опред
13	хр	хр	N	N	Ncmsnn	4	обст
14	ишемия	ишемия	N	N	Ncmsgy	13	квазиагент
15	головного	головной	A	A	Afpmsgf	16	опред
16	мозга	мозг	N	N	Ncmsgn	14	1-компл
17	III	iii	M	M	Mo---d	16	опред
18	,	,	,	,	,	17	PUNC
19	ст	статья	N	N	Ncfsnn	4	присвяз
20	декомпенсации	декомпенсация	N	N	Ncfsgn	19	квазиагент
21	,	,	,	,	,	20	PUNC
22	вестибуатаксический	вестибуатаксический	A	A	Afpmsnf	23	опред
23	синдром	синдром	N	N	Ncmsnn	19	атриб
24	.	.	-	-	-	23	PUNC
