1	С	с	S	S	Sp-l	4	обст
2	2003	#год	M	M	Mc---d	3	опред
3	года	год	N	N	Ncmsgn	1	предл
4	находится	находиться	V	V	Vmip3s-m-p	0	ROOT
5	под	под	S	S	Sp-i	4	1-компл
6	наблюдением	наблюдение	N	N	Ncnsin	5	предл
7	невролога	невролог	N	N	Ncmsgy	6	квазиагент
8	,	,	,	,	,	7	PUNC
9	по	по	S	S	Sp-d	20	вводн
10	поводу	повод	N	N	Ncmsdn	9	предл
11	остеохондроза	остеохондроз	N	N	Ncmsgn	10	1-компл
12	позвоночника	позвоночник	N	N	Ncmsgn	11	1-компл
13	и	и	C	C	C	12	сочин
14	хронической	хронический	A	A	Afpfsgf	15	опред
15	ишемии	ишемия	N	N	Ncfsgn	13	соч-союзн
16	головного	головной	A	A	Afpmsgf	17	опред
17	мозга	мозг	N	N	Ncmsgn	15	квазиагент
18	,	,	,	,	,	17	PUNC
19	регулярно	регулярно	R	R	R	20	обст
20	проходила	проходить	V	V	Vmis-sfa-p	4	сент-соч
21	курсы	курс	N	N	Ncmpan	20	1-компл
22	медикаментозного	медикаментозный	A	A	Afpnsgf	23	опред
23	лечения	лечение	N	N	Ncnsgn	21	1-компл
24	бетасерк	бетасерк	N	N	Ncmsnn	21	сочин
25	,	,	,	,	,	24	PUNC
26	кавентон	кавентон	N	N	Ncmsnn	24	сочин
