1	В	в	S	S	Sp-l	7	обст
2	июне	#месяц	N	N	Ncmsln	1	предл
3	2006	#год	M	M	Mc---d	4	опред
4	года	год	N	N	Ncmsgn	2	атриб
5	в	в	S	S	Sp-l	1	уточн
6	Новосибирске	новосибирск	N	N	Npmsln	5	предл
7	проведено	провести	V	V	Vmps-snpse	0	ROOT
8	обследование	обследование	N	N	Ncnsnn	7	1-компл
9	,	,	,	,	,	8	PUNC
10	по	по	S	S	Sp-d	13	вводн
11	результатам	результат	N	N	Ncmpdn	10	предл
12	которого	который	P	P	P--msga	11	квазиагент
13	выполнена	выполнить	V	V	Vmps-sfpse	7	сент-соч
14	операция	операция	N	N	Ncfsnn	13	предик
15	РЧ	рч	N	N	Npmsnn	14	квазиагент
16	изоляция	изоляция	N	N	Ncfsnn	14	аппоз
17	легочных	легочный	A	A	Afpmpgf	18	опред
18	вен	вена	N	N	Ncfpgn	16	квазиагент
19	,	,	,	,	,	18	PUNC
20	операция	операция	N	N	Ncfsnn	21	предик
21	осложнилась	осложниться	V	V	Vmis-sfm-e	14	релят
22	гемоперикардом	гемоперикард	N	N	Ncmsin	21	агент
23	(	(	-	-	-	22	PUNC
24	проводилось	проводиться	V	V	Vmis-snm-p	13	сент-соч
25	консервативное	консервативный	A	A	Afpnsnf	26	опред
26	лечение	лечение	N	N	Ncnsnn	24	предик
27	)	)	-	-	-	26	PUNC
