1	В	в	S	S	Sp-l	4	обст
2	2001	#год	M	M	Mc---d	3	опред
3	году	год	N	N	Ncmsnnl	1	предл
4	перенесла	перенести	V	V	Vmis-sfa-e	0	ROOT
5	операцию	операция	N	N	Ncfsan	4	1-компл
6	по	по	S	S	Sp-d	5	атриб
7	поводу	повод	N	N	Ncmsdn	6	предл
8	внематочной	внематочный	A	A	Afpfsgf	9	опред
9	беременности	беременность	N	N	Ncfsgn	7	1-компл
10	осложненную	осложненный	A	A	Afpfsaf	11	опред
11	перитонитом	перитонит	N	N	Ncfsan	4	предик
12	,	,	,	,	,	11	PUNC
13	на	на	S	S	Sp-l	15	обст
14	ЭКГ	экг	N	N	Npfsln	13	предл
15	был	быть	V	V	Vmis-sma-p	4	разъяснит
16	документирован	документировать	V	V	Vmps-smpse	15	пасс-анал
17	эпизод	эпизод	N	N	Ncmsnn	15	предик
18	СВТ	свт	N	N	Npfsnn	17	квазиагент
19	(	(	-	-	-	18	PUNC
20	ФП	фп	N	N	Npmsnn	18	сочин
21	,	,	,	,	,	20	PUNC
22	)	)	-	-	-	20	PUNC
23	,	,	,	,	,	20	PUNC
24	выписана	выписать	V	V	Vmps-sfpse	17	опред
25	в	в	S	S	Sp-l	24	обст
26	удовлетворительном	удовлетворительный	A	A	Afpnslf	27	опред
27	состоянии	состояние	N	N	Ncnsln	25	предл
