1	Осенью	#сезон	N	N	Ncfsin	4	обст
2	2006	#год	M	M	Mc---d	3	опред
3	года	год	N	N	Ncmsgn	1	атриб
4	стал	стать	V	V	Vmis-sma-e	0	ROOT
5	отмечать	отмечать	V	V	Vmn----a-p	4	1-компл
6	появление	появление	N	N	Ncnsan	5	1-компл
7	приступов	приступ	N	N	Ncmpgn	6	квазиагент
8	учащенного	учащенный	A	A	Afpnsgf	11	опред
9	,	,	,	,	,	8	PUNC
10	неритмичного	неритмичный	A	A	Afpnsgf	11	опред
11	сердцебиения	сердцебиение	N	N	Ncnsgn	7	квазиагент
12	(	(	-	-	-	11	PUNC
13	приступы	приступ	N	N	Ncmpnn	14	предик
14	были	быть	V	V	Vmis-p-a-p	4	сент-соч
15	редкие	редкий	A	A	Afpmpaf	16	опред
16	1	#число	M	M	Mc---d	14	присвяз
17	в	в	S	S	Sp-l	16	атриб
18	2-3	#число	M	M	Mc---d	19	количест
19	месяца	месяц	N	N	Ncmsgn	17	предл
20	)	)	-	-	-	19	PUNC
21	,	,	,	,	,	19	PUNC
22	которые	который	P	P	P---pna	24	предик
23	самостоятельно	самостоятельно	R	R	R	24	обст
24	купировались	купировалиться	V	V	Vmis-p-m-p	14	сент-соч
