1	В	в	S	S	Sp-l	5	обст
2	АПО	апо	N	N	Ncmsln	1	предл
3	НИИ	нии	N	N	Npmsgn	5	1-компл
4	кардиологии	кардиология	N	N	Ncfsgn	3	1-компл
5	выполнялось	выполняться	V	V	Vmis-snm-p	0	ROOT
6	исследование	исследование	N	N	Ncnsnn	5	предик
7	липидного	липидный	A	A	Afpmsgf	8	опред
8	спектра	спектр	N	N	Ncmsgn	6	1-компл
9	крови	кровь	N	N	Ncfsgn	8	квазиагент
10	,	,	,	,	,	9	PUNC
11	выявлена	выявить	V	V	Vmps-sfpse	5	сент-соч
12	гиперхолестеринемия	гиперхолестеринемия	N	N	Ncfsnn	11	предик
13	,	,	,	,	,	12	PUNC
14	рекомендована	рекомендовать	V	V	Vmps-sfpse	12	опред
15	гипохолестериновая	гипохолестериновый	A	A	Afpfsnf	16	опред
16	диета	диета	N	N	Ncfsnn	23	предик
17	на	на	S	S	Sp-l	16	атриб
18	3-6	#число	M	M	Mc---d	19	количест
19	месяцев	месяц	N	N	Ncmpgn	17	предл
20	,	,	,	,	,	19	PUNC
21	после	после	S	S	Sp-g	23	обст
22	этого	это	P	P	P--nsgn	21	предл
23	контроль	контроль	N	N	Ncmsnn	11	сент-соч
24	липидного	липидный	A	A	Afpmsgf	25	опред
25	спектра	спектр	N	N	Ncmsgn	23	1-компл
