1	Длительно	длительно	R	R	R	3	вводн
2	(	(	-	-	-	1	PUNC
3	более	много	M	M	Mc	0	ROOT
4	20	@card@	M	M	Mc---d	5	количест
5	лет	год	N	N	Ncmpgn	3	сравнит
6	)	)	-	-	-	5	PUNC
7	отмечает	отмечать	V	V	Vmip3s-a-p	3	вводн
8	повышения	повышение	N	N	Ncnsgn	7	предик
9	АД	ад	N	N	Npfpgn	8	1-компл
10	,	,	,	,	,	9	PUNC
11	максимально	максимально	R	R	R	12	огранич
12	до	до	S	S	Sp-l	3	разъяснит
13	220/140	@card@	M	M	Mc---d	14	количест
14	мм	миллиметр	N	N	Ncmpgn	12	предл
15	рт.ст	<unknown>	N	N	Ncmpgn	14	квазиагент
16	.	.	-	-	-	15	PUNC
17	,	,	,	,	,	15	PUNC
18	назначались	назначаться	V	V	Vmis-p-m-p	3	сент-соч
19	гипотензивные	гипотензивный	A	A	Afpmpnf	20	опред
20	препараты	препарат	N	N	Ncmpnn	18	предик
21	из	из	S	S	Sp-g	20	атриб
22	различных	различный	A	A	Afpmpgf	23	опред
23	групп	группа	N	N	Ncfpgn	21	предл

