1	Операция	операция	N	N	Ncfsnn	0	ROOT
2	,	,	,	,	,	1	PUNC
3	экстирпация	экстирпация	N	N	Ncfsnn	1	аппоз
4	матки	матка	N	N	Ncfsgn	3	1-компл
5	по	по	S	S	Sp-d	1	атриб
6	поводу	повод	N	N	Ncmsdn	5	предл
7	быстрорастущей	быстрорастущий	A	A	Afpfsif	8	опред
8	миомы	миома	N	N	Ncfsgn	6	1-компл
9	(	(	-	-	-	8	PUNC
10	более	много	M	M	Mc	1	предик
11	20	#число	M	M	Mc---d	12	количест
12	лет	год	N	N	Ncmpgn	10	сравнит
13	назад	назад	R	R	R	1	примыкат
14	)	)	-	-	-	13	PUNC
15	,	,	,	,	,	13	PUNC
16	с	с	S	S	Sp-g	20	вводн
17	этого	этот	P	P	P--nsga	18	опред
18	времени	время	N	N	Ncnsgn	16	предл
19	–	-	-	-	-	18	PUNC
20	менопауза	менопауза	N	N	Ncmsgn	1	квазиагент
