1	Летом	#сезон	N	N	Ncnsin	9	обст
2	2009	#год	M	M	Mc---d	3	опред
3	года	год	N	N	Ncmsgn	1	атриб
4	вновь	вновь	R	R	R	5	обст
5	резкое	резкий	A	A	Afpnsnf	6	опред
6	ухудшение	ухудшение	N	N	Ncnsnn	9	предик
7	состояния	состояние	N	N	Ncnsgn	6	квазиагент
8	(	(	-	-	-	7	PUNC
9	усиление	усиление	N	N	Ncnsnn	0	ROOT
10	одышки	одышка	N	N	Ncfsgn	9	1-компл
11	при	при	S	S	Sp-l	9	атриб
12	незначительной	незначительный	A	A	Afpfslf	14	опред
13	физической	физический	A	A	Afpfslf	14	опред
14	нагрузке	нагрузка	N	N	Ncfsln	11	предл
15	,	,	,	,	,	14	PUNC
16	появилась	появиться	V	V	Vmis-sfm-e	9	разъяснит
17	слабость	слабость	N	N	Ncfsnn	16	предик
18	,	,	,	,	,	17	PUNC
19	отеки	отек	N	N	Ncmpnn	17	разъяснит
20	ног	нога	N	N	Ncfpgn	19	квазиагент
21	)	)	-	-	-	20	PUNC
22	,	,	,	,	,	20	PUNC
23	госпитализирован	госпитализировать	V	V	Vmps-smpse	19	опред
24	в	в	S	S	Sp-a	23	2-компл
25	РКБ	ркб	N	N	Npmsnn	24	предл
26	,	,	,	,	,	25	PUNC
27	проводилась	проводиться	V	V	Vmis-sfm-p	16	сент-соч
28	терапия	терапия	N	N	Ncfsnn	27	предик
