1	Осенью	#сезон	N	N	Ncfsin	4	обст
2	2007	#год	M	M	Mc---d	3	опред
3	года	год	N	N	Ncmsgn	1	атриб
4	стал	стать	V	V	Vmis-sma-e	0	ROOT
5	отмечать	отмечать	V	V	Vmn----a-p	4	1-компл
6	появление	появление	N	N	Ncnsan	5	1-компл
7	одышки	одышка	N	N	Ncfsgn	6	квазиагент
8	при	при	S	S	Sp-l	6	атриб
9	незначительной	незначительный	A	A	Afpfslf	11	опред
10	физической	физический	A	A	Afpfslf	11	опред
11	нагрузке	нагрузка	N	N	Ncfsln	8	предл
12	(	(	-	-	-	11	PUNC
13	подъем	подъем	N	N	Ncmsnn	6	квазиагент
14	на	на	S	S	Sp-l	6	атриб
15	2	#число	M	M	Mc---d	16	количест
16	пролета	пролет	N	N	Ncmsgn	14	предл
17	лестницы	лестница	N	N	Ncfsgn	16	квазиагент
18	)	)	-	-	-	17	PUNC
19	,	,	,	,	,	17	PUNC
20	купирующаяся	купирующаяся	V	V	Vmpp-sfmfpn	6	опред
21	прекращением	прекращение	N	N	Ncnsin	20	1-компл
22	физической	физический	A	A	Afpfsgf	23	опред
23	нагрузки	нагрузка	N	N	Ncfsgn	21	1-компл
24	,	,	,	,	,	23	PUNC
25	появились	появиться	V	V	Vmis-p-m-e	4	сент-соч
26	отеки	отек	N	N	Ncmpnn	25	предик
27	ног	нога	N	N	Ncfpgn	26	квазиагент
28	до	до	S	S	Sp-g	26	атриб
29	средней	средний	A	A	Afpfsgf	30	опред
30	1\3	#число	-	-	-	28	предл
31	голени	голень	N	N	Ncfsgn	30	атриб
