1	Назначался	назначаться	V	V	Vmis-smm-p	0	ROOT
2	кордарон	кордарон	N	N	Ncmsnn	1	предик
3	,	,	,	,	,	2	PUNC
4	максимально	максимально	R	R	R	5	огранич
5	по	по	S	S	Sp-l	10	вводн
6	4	#число	M	M	Mc---d	7	количест
7	таб	таб	N	N	Ncmsan	5	предл
8	в	в	S	S	Sp-a	7	распред
9	день	#времясуток	N	N	Ncmsan	8	предл
10	длительно	длительно	R	R	R	1	обст
11	,	,	,	,	,	10	PUNC
12	после	после	S	S	Sp-g	18	обст
13	этого	это	P	P	P--nsgn	12	предл
14	в	в	S	S	Sp-l	18	обст
15	мае	#месяц	N	N	Ncmsln	14	предл
16	2008	#год	M	M	Mc---d	17	опред
17	года	год	N	N	Ncmsgn	15	атриб
18	выявлен	выявить	V	V	Vmps-smpse	1	сент-соч
19	тиреотоксикоз	тиреотоксикоз	N	N	Ncmsnn	18	1-компл
20	,	,	,	,	,	19	PUNC
21	назначался	назначаться	V	V	Vmis-smm-e	18	сент-соч
22	тирозол	тирозол	N	N	Ncmsnn	21	предик
23	,	,	,	,	,	22	PUNC
24	который	который	P	P	P--msna	26	1-компл
25	пациент	пациент	N	N	Ncmsny	26	предик
26	принимал	принимать	V	V	Vmis-sma-p	21	сент-соч
27	около	около	S	S	Sp-l	26	предик
28	2	#число	M	M	Mc---d	29	количест
29	лет	год	N	N	Ncmpgn	27	предл
30	,	,	,	,	,	29	PUNC
31	последние	последний	A	A	Afpmpaf	32	опред
32	месяцы	месяц	N	N	Ncmpan	34	1-компл
33	не	не	Q	Q	Q	34	огранич
34	принимает	принимать	V	V	Vmip3s-a-p	26	сент-соч
35	,	,	,	,	,	34	PUNC
36	гормоны	гормон	N	N	Ncmpnn	26	предик
37	щит.железы	щит.железа	N	N	Ncmpnn	36	аппоз
38	в	в	S	S	Sp-l	37	атриб
39	августе	#месяц	N	N	Ncmsln	38	предл
40	2010	#год	M	M	Mc---d	41	опред
41	года	год	N	N	Ncmsgn	39	атриб
42	–	-	-	-	-	41	PUNC
43	ТТГ	ттг	N	N	Npmsnn	44	1-компл
44	снижен	снизить	V	V	Vmps-smpse	37	релят
45	,	,	,	,	,	44	PUNC
46	Т	т	-	-	-	44	сочин
47	4	#число	M	M	Mc---d	46	нум-аппоз
48	св	святой	A	A	Afpmsnf	46	сочин
49	в	в	S	S	Sp-l	48	атриб
50	норме	норма	N	N	Ncfsln	49	предл
