1	С	с	S	S	Sp-l	6	обст
2	2009	#год	M	M	Mc---d	3	опред
3	года	год	N	N	Ncmsgn	1	предл
4	фибрилляция	фибрилляция	N	N	Ncfsnn	6	предик
5	предсердий	предсердие	N	N	Ncfpgn	4	квазиагент
6	возникает	возникать	V	V	Vmip3s-a-p	0	ROOT
7	от	от	S	S	Sp-g	6	2-компл
8	нескольких	несколько	M	M	Mc--g	9	количест
9	раз	раз	N	N	Ncmpgn	7	предл
10	в	в	S	S	Sp-a	9	распред
11	день	#времясуток	N	N	Ncmsan	10	предл
12	(	(	-	-	-	11	PUNC
13	кратковременные	кратковременный	A	A	Afpmpnf	14	опред
14	эпизоды	эпизод	N	N	Ncmpnn	11	примыкат
15	)	)	-	-	-	14	PUNC
16	,	,	,	,	,	14	PUNC
17	либо	либо	C	C	C	14	сочин
18	несколько	несколько	M	M	Mc--a	19	количест
19	раз	раз	N	N	Ncmpgn	17	соч-союзн
20	в	в	S	S	Sp-a	19	распред
21	месяц	месяц	N	N	Ncmsan	20	предл
22	длительностью	длительность	N	N	Ncfsin	14	атриб
23	от	от	S	S	Sp-l	22	компл-аппоз
24	4	#число	M	M	Mc---d	25	количест
25	часов	час	N	N	Ncmpgn	23	предл
26	до	до	S	S	Sp-l	23	соотнос
27	48	#число	M	M	Mc---d	28	количест
28	часов	час	N	N	Ncmpgn	26	предл
