1	Злоупотреблял	злоупотреблять	V	V	Vmis-sma-p	0	ROOT
2	алкоголем	алкоголь	N	N	Ncmsin	1	1-компл
3	несколько	несколько	M	M	Mc--a	4	количест
4	лет	год	N	N	Ncmpgn	2	атриб
5	до	до	S	S	Sp-l	1	обст
6	2009	#год	M	M	Mc---d	7	опред
7	года	год	N	N	Ncmsgn	5	предл
8	,	,	,	,	,	7	PUNC
9	в	в	S	S	Sp-l	12	1-компл
10	2009	#год	M	M	Mc---d	11	опред
11	году	год	N	N	Ncmsnnl	9	предл
12	появилась	появиться	V	V	Vmis-sfm-e	1	1-компл
13	одышка	одышка	N	N	Ncfsnn	12	предик
14	,	,	,	,	,	13	PUNC
15	развился	развиться	V	V	Vmis-smm-e	1	сочин
16	приступ	приступ	N	N	Ncmsnn	15	предик
17	удушья	удушье	N	N	Ncnsgn	16	квазиагент
18	,	,	,	,	,	17	PUNC
19	с	с	S	S	Sp-i	21	обст
20	которым	который	P	P	P--msia	19	предл
21	был	быть	V	V	Vmis-sma-p	1	разъяснит
22	госпитализирован	госпитализировать	V	V	Vmps-smpse	21	пасс-анал
23	в	в	S	S	Sp-a	22	2-компл
24	реанимационное	реанимационный	A	A	Afpnsaf	25	опред
25	отделение	отделение	N	N	Ncnsan	23	предл
26	,	,	,	,	,	25	PUNC
27	выявлена	выявить	V	V	Vmps-sfpse	21	пасс-анал
28	фибрилляция	фибрилляция	N	N	Ncfsnn	21	предик
29	предсердий	предсердие	N	N	Ncfpgn	28	квазиагент
