1	В	в	S	S	Sp-l	9	обст
2	2007	#год	M	M	Mc---d	3	опред
3	г	г	N	N	Ncmsnnl	1	предл
4	впервые	впервые	R	R	R	9	обст
5	приступ	приступ	N	N	Ncmsnn	9	предик
6	аритмии	аритмия	N	N	Ncfsgn	5	квазиагент
7	самостоятельно	самостоятельно	R	R	R	9	обст
8	не	не	Q	Q	Q	9	огранич
9	купировался	купироваться	V	V	Vmis-smm-p	0	ROOT
10	,	,	,	,	,	9	PUNC
11	госпитализировался	госпитализироваться	V	V	Vmis-smm-p	9	сочин
12	в	в	S	S	Sp-a	11	1-компл
13	стационар	стационар	N	N	Ncmsan	12	предл
14	по	по	S	S	Sp-d	13	атриб
15	месту	место	N	N	Ncnsdn	14	предл
16	жительства	жительство	N	N	Ncnsgn	15	квазиагент
17	,	,	,	,	,	16	PUNC
18	где	где	P	P	P-----r	19	обст
19	был	быть	V	V	Vmis-sma-p	11	сочин
20	зарегистрирован	зарегистрировать	V	V	Vmps-smpse	19	пасс-анал
21	пароксизм	пароксизм	N	N	Ncmsnn	19	предик
22	ФП	фп	N	N	Npmsnn	21	квазиагент
23	,	,	,	,	,	22	PUNC
24	купирован	купировать	N	N	Ncmsnn	21	сочин
25	в/в	/в	A	A	Afpfsgf	26	опред
26	кордароном	кордарон	N	N	Ncfsgn	24	квазиагент
