1	Пациент	пациент	N	N	Ncmsny	6	предик
2	в	в	S	S	Sp-l	1	атриб
3	майе	#месяц	N	N	Ncmsln	2	предл
4	2011	#год	M	M	Mc---d	5	опред
5	года	год	N	N	Ncmsgn	3	атриб
6	находился	находиться	V	V	Vmis-smm-p	0	ROOT
7	на	на	S	S	Sp-l	6	1-компл
8	стационарном	стационарный	A	A	Afpnslf	9	опред
9	лечении	лечение	N	N	Ncnsln	7	предл
10	в	в	S	S	Sp-l	6	обст
11	отделении	отделение	N	N	Ncnsln	10	предл
12	эндокринологии	эндокринология	N	N	Ncfsgn	11	квазиагент
13	ОКБ	окб	N	N	Npnsgn	12	квазиагент
14	,	,	,	,	,	13	PUNC
15	где	где	P	P	P-----r	16	обст
16	поставлен	поставить	V	V	Vmps-smpse	6	сент-соч
17	диагноз	диагноз	N	N	Ncmsan	16	1-компл
18	деструктивный	деструктивный	A	A	Afpmsaf	19	опред
19	тиреотоксикоз	тиреотоксикоз	N	N	Ncmsnn	16	предик
20	,	,	,	,	,	19	PUNC
21	кордарон	кордарон	N	N	Ncmsnn	19	разъяснит
22	индуцированный	индуцированный	A	A	Afpmsnf	25	опред
23	,	,	,	,	,	22	PUNC
24	тяжелое	тяжелый	A	A	Afpnsaf	25	опред
25	течение	течение	N	N	Ncnsan	21	сочин
26	,	,	,	,	,	25	PUNC
27	декомпенсация	декомпенсация	N	N	Ncfsnn	25	сочин
