1	С	с	S	S	Sp-l	4	1-компл
2	2004	@card@	M	M	Mc---d	3	опред
3	г	г	N	N	Ncmsnnl	1	предл
4	появились	появиться	V	V	Vmis-p-m-e	0	ROOT
5	давящие	давящий	A	A	Afpmpnf	7	опред
6	загрудинные	загрудинный	A	A	Afpmpnf	7	опред
7	боли	боль	N	N	Ncfpnn	4	предик
8	,	,	,	,	,	7	PUNC
9	возникающие	возникать	V	V	Vmpp-p-afpn	7	опред
10	при	при	S	S	Sp-l	9	обст
11	физической	физический	A	A	Afpfslf	12	опред
12	нагрузке	нагрузка	N	N	Ncfsln	10	предл
13	выше	выше	S	S	Sp-g	4	обст
14	обычной	обычный	A	A	Afpfsgf	13	сравнит
15	,	,	,	,	,	14	PUNC
16	купирующиеся	<unknown>	V	V	Vmpp-p-mfpn	4	предик
17	после	после	S	S	Sp-g	16	обст
18	её	она	P	P	P-3fsgn	19	квазиагент
19	прекращения	прекращение	N	N	Ncnsgn	17	предл
20	в	в	S	S	Sp-a	19	атриб
21	течение	течение	N	N	Ncnsan	20	предл
22	5-7	@card@	M	M	Mc---d	23	количест
23	минут	минута	N	N	Ncfpgn	16	1-компл
24	или	или	C	C	C	23	сочин
25	приёмом	прием	N	N	Ncmsin	24	соч-союзн
26	нитроглицерина	нитроглицерин	N	N	Ncmsgn	25	1-компл

