1	С	с	S	S	Sp-g	4	обст
2	90х	#число	M	M	Mo-pgd	3	опред
3	годов	год	N	N	Ncmpgn	1	предл
4	беспокоила	беспокоить	V	V	Vmis-sfa-p	0	ROOT
5	пароксизмальная	пароксизмальный	A	A	Afpfsnf	6	опред
6	форма	форма	N	N	Ncfsnn	4	предик
7	фибрилляции	фибрилляция	N	N	Ncfsgn	6	квазиагент
8	предсердий	предсердие	N	N	Ncfpgn	7	1-компл
9	,	,	,	,	,	8	PUNC
10	во	во	S	S	Sp-a	16	обст
11	время	время	N	N	Ncnsan	10	предл
12	проведение	проведение	N	N	Ncnsan	16	предик
13	суточного	суточный	A	A	Afpnsgf	14	опред
14	мониторирования	мониторирование	N	N	Ncnsgn	12	1-компл
15	ЭКС	экс	Q	Q	Q	16	обст
16	выявлены	выявить	V	V	Vmps-p-pse	4	сент-соч
17	паузы	пауза	N	N	Ncfpnn	16	1-компл
18	,	,	,	,	,	17	PUNC
19	более	более	R	R	R	20	огранич
20	3х	#число	M	M	Mc--gd	21	количест
21	сек	секунда	N	N	Ncfsan	0	ROOT
