1	Заболела	заболеть	V	V	Vmis-sfa-e	0	ROOT
2	26.09.10	#пдата	M	M	Mc---d	3	опред
3	г	город	N	N	Ncmsgn	1	1-компл
4	в	в	S	S	Sp-l	1	обст
5	3-00	#число	M	M	Mc---d	6	количест
6	часов	час	N	N	Ncmpgn	4	предл
7	,	,	,	,	,	6	PUNC
8	вызывала	вызывать	V	V	Vmis-sfa-p	1	сочин
9	СМП	смп	N	N	Npmsan	8	1-компл
10	,	,	,	,	,	9	PUNC
11	вводился	вводиться	V	V	Vmis-smm-p	8	сочин
12	новокаинамид-	новокаинамид-	-	-	-	16	предик
13	без	без	S	S	Sp-g	16	обст
14	эффекта	эффект	N	N	Ncmsgn	13	предл
15	,	,	,	,	,	14	PUNC
16	обратилась	обратиться	V	V	Vmis-sfm-e	11	соч-союзн
17	в	в	S	S	Sp-l	16	1-компл
18	АПО	апо	N	N	Ncmsln	17	предл
19	НИИ	нии	N	N	Npmsgn	16	2-компл
20	кардиологии	кардиология	N	N	Ncfsgn	19	1-компл
21	,	,	,	,	,	20	PUNC
22	откуда	откуда	P	P	P-----r	23	обст
23	направлена	направить	V	V	Vmps-sfpse	16	сочин
24	в	в	S	S	Sp-a	23	2-компл
25	приемное	приемный	A	A	Afpnsaf	26	опред
26	отделение	отделение	N	N	Ncnsan	24	предл
27	НИИ	нии	N	N	Npmsgn	23	сочин
28	кардиологии	кардиология	N	N	Ncfsgn	27	1-компл
29	.	.	-	-	-	28	PUNC
