1	В	в	S	S	Sp-l	9	обст
2	апреле	апрель	N	N	Ncmsln	1	предл
3	2010	@card@	M	M	Mc---d	4	опред
4	года	год	N	N	Ncmsgn	2	атриб
5	при	при	S	S	Sp-l	1	сочин
6	регистрации	регистрация	N	N	Ncfsln	5	предл
7	ЭКГ	экг	N	N	Ncfsln	6	1-компл
8	–	-	-	-	-	7	PUNC
9	зафиксирована	зафиксировать	V	V	Vmps-sfpse	0	ROOT
10	ФП	фп	N	N	Npmsnn	9	1-компл
11	,	,	,	,	,	10	PUNC
12	пациентка	пациентка	N	N	Ncfsny	13	предик
13	была	быть	V	V	Vmis-sfa-p	9	разъяснит
14	госпитализирована	госпитализировать	V	V	Vmps-sfpse	13	пасс-анал
15	в	в	S	S	Sp-n	14	обст
16	кардиологический	кардиологический	A	A	Afpmsnf	17	опред
17	стационар	стационар	N	N	Ncmsan	15	предл
18	по	по	S	S	Sp-d	17	атриб
19	месту	место	N	N	Ncnsdn	18	предл
20	жительства	жительство	N	N	Ncnsgn	19	квазиагент