1	Гипертоническая	гипертонический	A	A	Afpfsnf	2	опред
2	болезнь	болезнь	N	N	Ncfsnn	5	предик
3	II	ii	M	M	Mo---d	5	опред
4	ст.,язвенная	язвенный	A	A	Afpfsnf	5	опред
5	болезнь	болезнь	N	N	Ncfsnn	0	ROOT
6	ДПК	дпк	N	N	Npmsnn	5	сочин
7	,	,	,	,	,	6	PUNC
8	ремиссия	ремиссия	N	N	Ncfsnn	6	сочин
9	состояние	состояние	N	N	Ncnsan	8	1-компл
10	после	после	S	S	Sp-g	8	атриб
11	ушивания	ушивание	N	N	Ncnsgn	10	предл
12	по	по	S	S	Sp-d	11	1-компл
13	поводу	повод	N	N	Ncmsdn	12	предл
14	перфоративной	перфоративный	A	A	Afpfsgf	15	опред
15	язвы	язва	N	N	Ncfsgn	13	1-компл
16	желудка(2006	желудка(2006	M	M	Mc---d	17	опред
17	г	город	N	N	Ncmsgn	15	атриб
18	)	)	-	-	-	17	PUNC
19	,	,	,	,	,	17	PUNC
20	хронический	хронический	A	A	Afpmsnf	21	опред
21	бронхит	бронхит	N	N	Ncmsnn	15	сочин
22	,	,	,	,	,	21	PUNC
23	ремиссия	ремиссия	N	N	Ncfsnn	21	сочин
