1	синкопалные	синкопалный	A	A	Afpmpnf	2	опред
2	состояния	состояние	N	N	Ncnpnn	5	предик
3	,	,	,	,	,	2	PUNC
4	21.07	#чдата	M	M	Mc---d	5	количест
5	2011,среди	среди	N	N	Ncmsnn	0	ROOT
6	полонго	полонй	A	A	Afpnsgf	7	опред
7	здоровья,после	после	N	N	Ncnsgn	5	квазиагент
8	чего	что	P	P	P--nsgn	9	1-компл
9	пявилось	пявиться	V	V	Vmis-snm-e	5	сент-соч
10	кровоизлияние	кровоизлияние	N	N	Ncnsnn	9	предик
11	в	в	S	S	Sp-a	10	2-компл
12	область	область	N	N	Ncfsan	11	предл
13	верхнего	верхний	A	A	Afpmsgf	16	опред
14	и	и	C	C	C	13	сочин
15	нижнего	нижний	A	A	Afpmsgf	14	соч-союзн
16	века,ссадина	ссадина	N	N	Ncmsgn	12	квазиагент
17	на	на	S	S	Sp-l	16	атриб
18	переносице	переносица	N	N	Ncfsln	17	предл
19	,	,	,	,	,	18	PUNC
20	повтрно,23.07.2011	повтрно,23.07.2011	M	M	Mc---d	0	ROOT
21	и	и	C	C	C	20	сочин
22	25.07.2011	#пдата	M	M	Mc---d	21	соч-союзн
23	.	.	-	-	-	22	PUNC
