1	Повышение	повышение	N	N	Ncnsnn	4	предик
2	АД	ад	N	N	Npmsnn	1	1-компл
3	максимум	максимум	N	N	Ncmsnn	4	огранич
4	до	до	S	S	Sp-l	0	ROOT
5	200/110	#число	M	M	Mc---d	6	количест
6	ммртст	ммртст	N	N	Ncmsan	4	предл
7	,	,	,	,	,	6	PUNC
8	давность	давность	N	N	Ncfsan	4	вводн
9	неизвестна	неизвестный	A	A	Afpfsns	4	сент-соч
10	,	,	,	,	,	9	PUNC
11	регулярно	регулярно	R	R	R	12	обст
12	лечится	лечиться	V	V	Vmip3s-m-e	9	сент-соч
13	с	с	S	S	Sp-g	12	обст
14	марта	#месяц	N	N	Ncmsgn	13	предл
15	2010	#год	M	M	Mc---d	16	опред
16	г	город	N	N	Ncmsgn	14	атриб
17	в	в	S	S	Sp-l	20	обст
18	1971	#год	M	M	Mc---d	19	опред
19	г	г	N	N	Ncmsnnl	17	предл
20	перенес	перенести	V	V	Vmis-sma-e	12	сент-соч
21	ЧМТ	чмт	N	N	Ncmsnn	20	предик
22	(	(	-	-	-	21	PUNC
23	субарахноидальное	субарахноидальный	A	A	Afpnsnf	24	опред
24	кровоизлияние	кровоизлияние	N	N	Ncnsnn	21	примыкат
25	)	)	-	-	-	24	PUNC
