1	Рассеянный	рассеянный	A	A	Afpmsnf	5	опред
2	энцефалрмиелит,цереброспинальная	цереброспинальный	A	A	Afpmsnf	5	опред
3	форма,нижний	нижний	A	A	Afpmsnf	5	опред
4	спастический	спастический	A	A	Afpmsnf	5	опред
5	парапарез,рефлекторныйи	рефлекторныйя	N	N	Ncmsnn	6	предик
6	парез	парез	N	N	Ncmsnn	0	ROOT
7	в	в	S	S	Sp-l	6	атриб
8	правой	правый	A	A	Afpfslf	9	опред
9	руке	рука	N	N	Ncfsln	7	предл
10	,	,	,	,	,	9	PUNC
11	нарушение	нарушение	N	N	Ncnsnn	6	сочин
12	тазовых	тазовый	A	A	Afpmpgf	13	опред
13	органов	орган	N	N	Ncmpgn	11	1-компл
14	по	по	S	S	Sp-d	11	атриб
15	центральному	центральный	A	A	Afpnsdf	14	предл
1	типу.ремитирущее	ремитирущее	A	A	Afpnsaf	2	опред
2	течение	течение	N	N	Ncnsan	0	ROOT
3	ст	статья	N	N	Ncfsgn	2	квазиагент
4	ремиссии	ремиссия	N	N	Ncfsgn	3	квазиагент
5	с	с	S	S	Sp-i	3	атриб
6	2005	#год	M	M	Mc---d	7	опред
7	года	год	N	N	Ncmsgn	5	предл
