1	Состояние	состояние	N	N	Ncnsnn	2	предик
2	ухудшилось	ухудшиться	V	V	Vmis-snm-e	0	ROOT
3	с	с	S	S	Sp-g	2	обст
4	июня	#месяц	N	N	Ncmsgn	3	предл
5	2011	#год	M	M	Mc---d	6	опред
6	года	год	N	N	Ncmsgn	4	атриб
7	после	после	S	S	Sp-g	2	обст
8	перенесенной	перенесенный	A	A	Afpfsgf	9	опред
9	операции	операция	N	N	Ncfsgn	7	предл
10	на	на	S	S	Sp-l	9	атриб
11	поджелудочной	поджелудочный	A	A	Afpfsgf	12	опред
12	железе	железа	N	N	Ncfsln	10	предл
13	,	,	,	,	,	12	PUNC
14	беспокоит	беспокоить	V	V	Vmip3s-a-p	12	опред
15	общая	общий	A	A	Afpfsnf	16	опред
16	слабость	слабость	N	N	Ncfsnn	2	разъяснит
17	,	,	,	,	,	16	PUNC
18	приступы	приступ	N	N	Ncmpnn	16	сочин
19	стенокардии	стенокардия	N	N	Ncfsgn	18	квазиагент
20	при	при	S	S	Sp-l	2	обст
21	отрицательных	отрицательный	A	A	Afpmpgf	22	опред
22	эмоциях	эмоция	N	N	Ncfpln	20	предл
