1	В	в	S	S	Sp-l	4	обст
2	ходе	ход	N	N	Ncmsln	1	предл
3	операции	операция	N	N	Ncfsgn	2	квазиагент
4	выявлена	выявить	V	V	Vmps-sfpse	0	ROOT
5	аномалия	аномалия	N	N	Ncfsnn	4	предик
6	развития	развитие	N	N	Ncnsgn	5	1-компл
7	центральной	центральный	A	A	Afpfsgf	9	опред
8	венозной	венозный	A	A	Afpfsgf	9	опред
9	системы	система	N	N	Ncfsgn	6	1-компл
10	–	-	-	-	-	9	PUNC
11	добавочная	добавочный	A	A	Afpfsnf	14	опред
12	верхняя	верхний	A	A	Afpfsnf	14	опред
13	полая	полый	A	A	Afpfsnf	14	опред
14	вена	вена	N	N	Ncfsnn	15	предик
15	слева	слева	R	R	R	9	релят
16	,	,	,	,	,	15	PUNC
17	впадающая	впадать	V	V	Vmpp-sfafpn	5	опред
18	в	в	S	S	Sp-a	17	1-компл
19	коронарный	коронарный	A	A	Afpmsaf	20	опред
20	синус	синус	N	N	Ncmsan	18	предл