1	В	в	S	S	Sp-l	4	1-компл
2	2006	#год	M	M	Mc---d	3	опред
3	г	г	N	N	Ncmsnnl	1	предл
4	принимал	принимать	V	V	Vmis-sma-p	0	ROOT
5	моноприл	моноприть	N	N	Ncmsny	4	предик
6	5	#число	M	M	Mc---d	7	количест
7	мг	миллиграмм	N	N	Ncmpgn	5	1-компл
8	,	,	,	,	,	7	PUNC
9	верошпирон	верошпирон	N	N	Ncmsnn	7	разъяснит
10	50	#число	M	M	Mc---d	11	количест
11	мг	миллиграмм	N	N	Ncmpgn	9	сочин
12	,	,	,	,	,	11	PUNC
13	триампур	триампур	N	N	Ncmsnn	11	сочин
14	1	#число	M	M	Mc---d	15	количест
15	таб	таб	N	N	Ncmsan	13	сочин
16	,	,	,	,	,	15	PUNC
17	фуросемид	фуросемид	N	N	Ncmsnn	15	сочин
18	2-3	#число	M	M	Mc---d	19	количест
19	раза	раз	N	N	Ncmsgn	17	компл-аппоз
20	в	в	S	S	Sp-a	19	распред
21	неделю	неделя	N	N	Ncfsan	20	предл
22	по	по	S	S	Sp-l	15	атриб
23	40	#число	M	M	Mc---d	24	количест
24	мг	миллиграмм	N	N	Ncmpgn	22	предл
25	,	,	,	,	,	24	PUNC
26	дигоксин	дигоксин	N	N	Ncmsnn	24	распред
