1	В	в	S	S	Sp-l	5	1-компл
2	октябре	#месяц	N	N	Ncmsln	1	предл
3	2008	#год	M	M	Mc---d	4	опред
4	года	год	N	N	Ncmsgn	2	атриб
5	находился	находиться	V	V	Vmis-smm-p	0	ROOT
6	на	на	S	S	Sp-l	5	обст
7	обследовании	обследование	N	N	Ncnsln	6	предл
8	и	и	C	C	C	7	сочин
9	лечении	лечение	N	N	Ncnsln	8	соч-союзн
10	в	в	S	S	Sp-l	5	вводн
11	НРС	нрс	N	N	Npmsnn	10	предл
12	,	,	,	,	,	11	PUNC
13	проведено	провести	V	V	Vmps-snpse	5	сент-соч
14	оперативное	оперативный	A	A	Afpnsnf	15	опред
15	лечение	лечение	N	N	Ncnsnn	13	предик
16	–	-	-	-	-	15	PUNC
17	РЧА	рча	N	N	Ncmsnn	15	разъяснит
18	ДПЖС	дпжс	N	N	Npmsnn	17	квазиагент
19	(	(	-	-	-	18	PUNC
20	после	после	S	S	Sp-g	17	атриб
21	картирования	картирование	N	N	Ncnsgn	20	предл
22	левого	левый	A	A	Afpmsgf	23	опред
23	АВ-кольца	ав-кольц	N	N	Ncmsgy	21	квазиагент
24	–	-	-	-	-	23	PUNC
25	заднее	задний	A	A	Afpnsaf	27	опред
26	боковая	боковой	A	A	Afpfsnf	27	опред
27	позиция	позиция	N	N	Ncfsnn	13	сент-соч
28	проведение	проведение	N	N	Ncnsnn	27	квазиагент
29	по	по	S	S	Sp-d	28	атриб
30	ДПЖС	дпжс	N	N	Npfsdn	29	предл
31	было	быть	V	V	Vmis-sna-p	5	вводн
32	устранено	устранить	V	V	Vmps-snpse	31	присвяз
33	)	)	-	-	-	32	PUNC
