1	Назначались	назначаться	V	V	Vmis-p-m-e	0	ROOT
2	какие-то	какой-то	P	P	Pi-mpna-	3	опред
3	препараты	препарат	N	N	Ncmpnn	1	предик
4	,	,	,	,	,	3	PUNC
5	какие	какой	P	P	P---pna	14	опред
6	–	-	-	-	-	5	PUNC
7	не	не	Q	Q	Q	8	огранич
8	помнит	помнить	V	V	Vmip3s-a-p	5	оп-опред
9	,	,	,	,	,	8	PUNC
10	вероятно	вероятно	R	R	R	12	вводн
11	,	,	,	,	,	10	PUNC
12	в	в	S	S	Sp-l	8	1-компл
13	т.ч	часть	N	N	Ncfsgn	12	предл
14	кордарон	кордарон	N	N	Ncmsnn	3	сочин
15	,	,	,	,	,	14	PUNC
16	т.к	к	N	N	Ncmsnn	14	сочин
17	в	в	S	S	Sp-l	16	атриб
18	выписке	выписка	N	N	Ncfsln	17	предл
19	из	из	S	S	Sp-g	18	атриб
20	ГБ№1	гб№1	N	N	Npmsgn	19	предл
21	г	город	N	N	Ncmsgn	20	атриб
22	,	,	,	,	,	21	PUNC
23	петропавловска-Камчатского	петропавловска-камчатский	A	A	Afpmsgf	24	1-компл
24	упоминается	упоминаться	V	V	Vmip3s-m-p	1	сент-соч
25	кордарон-индуцированный	кордарон-индуцированный	A	A	Afpmsnf	26	опред
26	тиреотоксикоз	тиреотоксикоз	N	N	Ncmsnn	24	предик
27	в	в	S	S	Sp-l	26	атриб
28	анамнезе	анамнез	N	N	Ncmsln	27	предл
