1	У	у	S	S	Sp-g	7	1-компл
2	пациентки	пациентка	N	N	Ncfsgy	1	предл
3	с	с	S	S	Sp-g	6	атриб
4	конца	конец	N	N	Ncmsgn	3	предл
5	90х	#число	M	M	Mo-pgd	6	опред
6	году	год	N	N	Ncmsnnl	7	предик
7	выставлялся	выставляться	V	V	Vmis-smm-p	0	ROOT
8	дигноз	дигноз	N	N	Ncmsnn	7	предик
9	НЦД	нцд	N	N	Npfsnn	8	аппоз
10	,	,	,	,	,	9	PUNC
11	с	с	S	S	Sp-i	14	обст
12	2000	#год	M	M	Mc---d	13	опред
13	года	год	N	N	Ncmsgn	11	предл
14	выставлялся	выставляться	V	V	Vmis-smm-p	7	сент-соч
15	диагноз	диагноз	N	N	Ncmsnn	14	предик
16	ИБС	ибс	N	N	Npmsnn	15	аппоз
17	,	,	,	,	,	16	PUNC
18	пароксизмальная	пароксизмальный	A	A	Afpfsnf	20	опред
19	внутриузловая	внутриузловой	A	A	Afpfsnf	20	опред
20	АВ	ав	-	-	-	16	аппоз
21	тахикардия	тахикардия	N	N	Ncfsnn	15	сочин
22	,	,	,	,	,	21	PUNC
23	гемодинамическая	гемодинамический	A	A	Afpfsnf	24	опред
24	стенокардия	стенокардия	N	N	Ncfsnn	21	сочин
