1	Ухудшение	ухудшение	N	N	Ncnsnn	0	ROOT
2	состояния	состояние	N	N	Ncnsgn	1	квазиагент
3	в	в	S	S	Sp-l	2	атриб
4	течении	течение	N	N	Ncnsln	3	предл
5	последних	последний	A	A	Afpmpgf	7	опред
6	семи	#число	M	M	Mc--g	7	количест
7	месяцев	месяц	N	N	Ncmpgn	4	квазиагент
8	,	,	,	,	,	7	PUNC
9	когда	когда	C	C	C	1	1-компл
10	приступы	приступ	N	N	Ncmpnn	12	предик
11	сердцебиения	сердцебиение	N	N	Ncnsgn	10	квазиагент
12	стали	стать	V	V	Vmis-p-a-e	9	подч-союзн
13	возникать	возникать	V	V	Vmn----a-p	12	1-компл
14	до	до	S	S	Sp-g	13	2-компл
15	1раза	#число	N	N	Ncmsgn	14	предл
16	в	в	S	S	Sp-a	13	3-компл
17	неделю	неделя	N	N	Ncfsan	16	предл
18	,	,	,	,	,	17	PUNC
19	купируются	купироваться	V	V	Vmip3s-m-p	13	сочин
20	новокаинамидом	новокаинамид	N	N	Ncmsin	19	2-компл
21	,	,	,	,	,	20	PUNC
22	анаприлином	анаприлин	A	A	Afpmslf	20	разъяснит
23	,	,	,	,	,	22	PUNC
24	кордароном	кордарон	A	A	Afpmslf	22	сочин
