1	Ухудшение	ухудшение	N	N	Ncnsnn	0	ROOT
2	состояния	состояние	N	N	Ncnsgn	1	квазиагент
3	в	в	S	S	Sp-l	2	атриб
4	течении	течение	N	N	Ncnsln	3	предл
5	последних	последний	A	A	Afpmpgf	4	квазиагент
6	с	с	S	S	Sp-g	1	атриб
7	апреля	апрель	N	N	Ncmsgn	6	предл
8	по	по	S	S	Sp-d	6	соотнос
9	август	август	N	N	Ncmsnn	8	предл
10	2010	@card@	M	M	Mc---d	11	опред
11	года	год	N	N	Ncmsgn	9	атриб
12	,	,	,	,	,	11	PUNC
13	когда	когда	C	C	C	1	1-компл
14	приступы	приступ	N	N	Ncmpnn	16	предик
15	сердцебиения	сердцебиение	N	N	Ncnsgn	14	квазиагент
16	стали	стать	V	V	Vmis-p-a-e	13	подч-союзн
17	возникать	возникать	V	V	Vmn----a-p	16	1-компл
18	до	до	S	S	Sp-g	17	2-компл
19	1-2х	1-2й	A	A	Afpmpgf	20	опред
20	раз	раз	N	N	Ncmpgn	18	предл
21	в	в	S	S	Sp-a	20	распред
22	неделю	неделя	N	N	Ncfsan	21	предл
23	,	,	,	,	,	22	PUNC
24	купируются	купироваться	V	V	Vmip3s-m-p	17	сочин
25	новокаинамидом	новокаинамид	N	N	Ncmsin	24	2-компл
26	,	,	,	,	,	25	PUNC
27	кордароном	кордарон	N	N	Ncmsin	24	обст

