1	В	в	S	S	Sp-l	4	обст
2	2007	#год	M	M	Mc---d	3	опред
3	году	год	N	N	Ncmsnnl	1	предл
4	стал	стать	V	V	Vmis-sma-e	0	ROOT
5	отмечать	отмечать	V	V	Vmn----a-p	4	1-компл
6	ухудшение	ухудшение	N	N	Ncnsan	5	1-компл
7	состояния	состояние	N	N	Ncnsgn	6	квазиагент
8	,	,	,	,	,	7	PUNC
9	появление	появление	N	N	Ncnsnn	4	предик
10	одышки	одышка	N	N	Ncfsgn	9	квазиагент
11	при	при	S	S	Sp-l	9	атриб
12	незначительной	незначительный	A	A	Afpfslf	14	опред
13	физической	физический	A	A	Afpfslf	14	опред
14	нагрузке(	нагрузке(	-	-	-	11	предл
15	подъем	подъем	N	N	Ncmsnn	9	квазиагент
16	на	на	S	S	Sp-a	9	1-компл
17	один	#число	P	P	P--msaa	19	количест
18	лестничный	лестничный	A	A	Afpmsnf	19	опред
19	пролет	пролет	N	N	Ncmsnn	16	предл
20	)	)	-	-	-	19	PUNC
21	,	,	,	,	,	19	PUNC
22	стал	стать	V	V	Vmis-sma-e	4	сент-соч
23	отмечать	отмечать	V	V	Vmn----a-p	22	1-компл
24	появление	появление	N	N	Ncnsan	23	1-компл
25	учащенного	учащенный	A	A	Afpnsgf	28	опред
26	,	,	,	,	,	25	PUNC
27	неритмичного	неритмичный	A	A	Afpnsgf	28	опред
28	сердцебиения	сердцебиение	N	N	Ncnsgn	24	квазиагент
29	,	,	,	,	,	28	PUNC
30	перебои	перебой	N	N	Ncmpnn	24	сочин
31	в	в	S	S	Sp-l	30	атриб
32	работе	работа	N	N	Ncfsln	31	предл
33	сердца	сердце	N	N	Ncnsgn	32	квазиагент
34	обоатился	обоатиться	V	V	Vmis-smm-e	22	сочин
35	к	к	S	S	Sp-d	34	1-компл
36	врачу	врач	N	N	Ncmsdy	35	предл
37	,	,	,	,	,	36	PUNC
38	на	на	S	S	Sp-l	40	обст
39	ЭКГ	экг	N	N	Npfsln	38	предл
40	была	быть	V	V	Vmis-sfa-p	34	сочин
41	зафиксирована	зафиксировать	V	V	Vmps-sfpse	40	пасс-анал
42	постоянная	постоянный	A	A	Afpfsnf	43	опред
43	форма	форма	N	N	Ncfsnn	40	предик
44	фибрилляция	фибрилляция	N	N	Ncfsnn	43	квазиагент
45	сердца	сердце	N	N	Ncnsgn	44	квазиагент
46	,	,	,	,	,	45	PUNC
47	назначена	назначить	V	V	Vmps-sfpse	43	опред
48	терапия	терапия	N	N	Ncfsnn	47	1-компл
49	дигоксином	дигоксин	N	N	Ncmpin	48	сочин
50	,	,	,	,	,	49	PUNC
51	диуретиками	диуретик	N	N	Ncmpin	49	сочин
52	,	,	,	,	,	51	PUNC
53	пациент	пациент	N	N	Ncmsny	54	предик
54	отмечал	отмечать	V	V	Vmis-sma-p	4	вводн
55	некоторое	некоторый	P	P	P--nsaa	56	опред
56	улучшение	улучшение	N	N	Ncnsan	54	1-компл
57	состояния	состояние	N	N	Ncnsgn	56	1-компл
