1	Учащение	учащение	N	N	Ncnsan	11	1-компл
2	приступов	приступ	N	N	Ncmpgn	1	1-компл
3	с	с	S	S	Sp-g	1	атриб
4	начала	начало	N	N	Ncnsgn	3	предл
5	2011	#год	M	M	Mc---d	6	опред
6	года	год	N	N	Ncmsgn	4	квазиагент
7	,	,	,	,	,	6	PUNC
8	антиаритмические	антиаритмический	A	A	Afpmpnf	9	опред
9	препараты	препарат	N	N	Ncmpnn	11	предик
10	не	не	Q	Q	Q	11	огранич
11	принимала	принимать	V	V	Vmis-sfa-p	0	ROOT
12	,	,	,	,	,	11	PUNC
13	пароксизмы	пароксизм	N	N	Ncmpnn	14	предик
14	были	быть	V	V	Vmis-p-a-p	11	разъяснит
15	практически	практически	R	R	R	16	огранич
16	ежедневными	ежедневный	A	A	Afpmpif	14	присвяз
17	,	,	,	,	,	16	PUNC
18	сопровождаются	сопровождаться	V	V	Vmip3p-m-p	14	сочин
19	головокружением	головокружение	N	N	Ncnsin	18	1-компл
20	,	,	,	,	,	19	PUNC
21	падением	падение	N	N	Ncnsin	19	разъяснит
22	АД	ад	N	N	Npfpgn	21	квазиагент
23	,	,	,	,	,	22	PUNC
24	эпизодами	эпизод	N	N	Ncmpin	21	сочин
25	потери	потеря	N	N	Ncfsgn	24	квазиагент
26	сознания	сознание	N	N	Ncnsgn	25	1-компл
