1	Заболела	заболеть	V	V	Vmis-sfa-e	0	ROOT
2	в	в	S	S	Sp-l	1	обст
3	11-00	#число	M	M	Mc---d	4	количест
4	часов	час	N	N	Ncmpgn	2	предл
5	1.10.10	#пдата	M	M	Mc---d	6	количест
6	г.,вызвала	вызвать	N	N	Ncmsgn	4	квазиагент
7	СМП	смп	N	N	Npmsnn	6	аппоз
8	,	,	,	,	,	7	PUNC
9	доставлена	доставить	V	V	Vmps-sfpse	1	сочин
10	в	в	S	S	Sp-l	9	2-компл
11	НИИ	нии	N	N	Npmsln	10	предл
12	кардиологии	кардиология	N	N	Ncfsgn	11	1-компл
13	,	,	,	,	,	12	PUNC
14	на	на	S	S	Sp-l	11	атриб
15	догоспитальном	догоспитальный	A	A	Afpmslf	16	опред
16	этапе	этап	N	N	Ncmsln	14	предл
17	лечения	лечение	N	N	Ncnsgn	16	квазиагент
18	не	не	Q	Q	Q	19	огранич
19	проводилось	проводиться	V	V	Vmis-snm-p	9	сочин
20	.	.	-	-	-	19	PUNC
