1	Даный	даный	A	A	Afpmsnf	2	опред
2	приступ	приступ	N	N	Ncmsnn	3	предик
3	начался	начаться	V	V	Vmis-smm-e	0	ROOT
4	вечером	#времясуток	N	N	Ncmsin	3	обст
5	2.10.10	#пдата	M	M	Mc---d	4	нум-аппоз
6	,	,	,	,	,	5	PUNC
7	ночью	#времясуток	N	N	Ncfsin	9	обст
8	пациент	пациент	N	N	Ncmsny	9	предик
9	вызвал	вызвать	V	V	Vmis-sma-e	3	сент-соч
10	бСМП	бсмп	N	N	Ncmsnn	9	предик
11	,	,	,	,	,	10	PUNC
12	которая	который	P	P	P--fsna	14	предик
13	не	не	Q	Q	Q	14	огранич
14	оказывая	оказывать	V	V	Vmgp---a-p	10	релят
15	помощь	помощь	N	N	Ncfsan	14	1-компл
16	пациенту	пациент	N	N	Ncmsdy	15	1-компл
17	(	(	-	-	-	16	PUNC
18	мотивируя	мотивировать	V	V	Vmgp---a-p	9	сент-соч
19	,	,	,	,	,	18	PUNC
20	что	что	C	C	C	18	1-компл
21	предидущий	предидущий	A	A	Afpmsaf	22	опред
22	пароксизм	пароксизм	N	N	Ncmsan	23	предик
23	был	быть	V	V	Vmis-sma-p	20	подч-союзн
24	купирован	купировать	V	V	Vmps-smpse	23	пасс-анал
25	ЭИТ	эит	N	N	Npmsnn	23	примыкат
26	)	)	-	-	-	25	PUNC
27	доставила	доставить	V	V	Vmis-sfa-e	18	сочин
28	его	он	P	P	P-3msan	27	1-компл
29	в	в	S	S	Sp-a	27	2-компл
30	приемное	приемный	A	A	Afpnsaf	31	опред
31	отделение	отделение	N	N	Ncnsan	29	предл
32	НИИ	нии	N	N	Npmsgn	27	1-компл
33	Кардиологии	кардиология	N	N	Npfsgn	32	1-компл
34	.	.	-	-	-	33	PUNC
