1	Зимой	зима	N	N	Ncfsin	16	обст
2	2010	@card@	M	M	Mc---d	3	опред
3	года	год	N	N	Ncmsgn	1	атриб
4	после	после	S	S	Sp-l	1	атриб
5	2	@card@	M	M	Mc---d	7	количест
6	безуспешных	безуспешный	A	A	Afpmpgf	7	опред
7	попыток	попытка	N	N	Ncfpgn	4	предл
8	купирования	купирование	N	N	Ncnsgn	7	1-компл
9	пароксизма	пароксизм	N	N	Ncmsgn	8	1-компл
10	учащенного	учащенный	A	A	Afpnsgf	13	опред
11	,	,	,	,	,	10	PUNC
12	неритмичного	неритмичный	A	A	Afpnsgf	13	опред
13	сердцебиения	сердцебиение	N	N	Ncnsgn	9	квазиагент
14	бСМп	бсмп	N	N	Ncmsnn	7	сочин
15	,	,	,	,	,	14	PUNC
16	был	быть	V	V	Vmis-sma-p	0	ROOT
17	доставлен	доставить	V	V	Vmps-smpse	16	пасс-анал
18	в	в	S	S	Sp-a	17	2-компл
19	приемное	приемный	A	A	Afpnsaf	20	опред
20	отделение	отделение	N	N	Ncnsan	18	предл
21	НИИ	нии	N	N	Npmsgn	16	предик
22	Кардиологии	кардиология	N	N	Npfsgn	21	1-компл