1	проходил	проходить	V	V	Vmis-sma-p	0	ROOT
2	лечение	лечение	N	N	Ncnsan	1	1-компл
3	(	(	-	-	-	2	PUNC
4	ритм	ритм	N	N	Ncmsnn	5	предик
5	был	быть	V	V	Vmis-sma-p	1	примыкат
6	восстановлен	восстановить	V	V	Vmps-smpse	5	пасс-анал
7	ЭИТ	эит	N	N	Ncmsnn	1	предик
8	)	)	-	-	-	7	PUNC
9	,	,	,	,	,	7	PUNC
10	был	быть	V	V	Vmis-sma-p	1	разъяснит
11	выписан	выписать	V	V	Vmps-smpse	10	пасс-анал
12	в	в	S	S	Sp-l	11	обст
13	удовлетворительном	удовлетворительный	A	A	Afpnslf	14	опред
14	состоянии	состояние	N	N	Ncnsln	12	предл
15	с	с	S	S	Sp-i	14	атриб
16	рекомендациями	рекомендация	N	N	Ncfpin	15	предл
17	по	по	S	S	Sp-d	16	1-компл
18	дальнейшему	дальнейший	A	A	Afpnsdf	19	опред
19	лечению(	<unknown>	-	-	-	17	предл
20	приме	прима	N	N	Ncmsln	16	сочин
21	диротона	диротон	N	N	Ncmsgn	20	1-компл
22	,	,	,	,	,	21	PUNC
23	кардиомагнила	кардиомагнить	V	V	Vmis-sfa-p	10	сочин
24	,	,	,	,	,	23	PUNC
25	предуктала	предуктать	V	V	Vmis-sfa-p	23	сочин
26	,	,	,	,	,	25	PUNC
27	кордарона	кордарон	N	N	Ncfsnn	25	примыкат
28	)	)	-	-	-	27	PUNC

