1	В	в	S	S	Sp-l	5	обст
2	августе-сентябре	август-сентябрь	N	N	Ncmsln	1	предл
3	2009	#год	M	M	Mc---d	4	опред
4	года	год	N	N	Ncmsgn	2	атриб
5	обследовался	обследоваться	V	V	Vmis-smm-p	0	ROOT
6	в	в	S	S	Sp-l	5	обст
7	отделении	отделение	N	N	Ncnsln	6	предл
8	НРС	нрс	N	N	Npmsnn	5	1-компл
9	,	,	,	,	,	8	PUNC
10	выявлен	выявить	V	V	Vmps-smpse	5	сочин
11	тиреотоксикоз	тиреотоксикоз	N	N	Ncmsnn	10	1-компл
12	по	по	S	S	Sp-d	11	атриб
13	данным	данные	N	N	Ncmpdn	12	предл
14	сцинтиграфии	сцинтиграфия	N	N	Ncfsgn	13	квазиагент
15	легких	легкое	N	N	Ncnpgn	14	квазиагент
16	–	-	-	-	-	15	PUNC
17	признаки	признак	N	N	Ncmpnn	5	предик
18	ТЭЛА	тэл	N	N	Ncmsgn	17	квазиагент
19	мелких	мелкий	A	A	Afpmpgf	20	опред
20	ветвей	ветвь	N	N	Ncfpgn	18	1-компл
