1	Считает	считать	V	V	Vmip3s-a-p	0	ROOT
2	себя	себя	P	P	P----an	1	1-компл
3	больным	больной	N	N	Ncmsiy	1	2-компл
4	в	в	S	S	Sp-l	1	обст
5	течении	течение	N	N	Ncnsln	4	предл
6	7	#число	M	M	Mc---d	7	количест
7	лет	год	N	N	Ncmpgn	1	1-компл
8	,	,	,	,	,	7	PUNC
9	когда	когда	C	C	C	1	обст
10	впервые	впервые	R	R	R	11	обст
11	возник	возникнуть	V	V	Vmis-sma-e	9	подч-союзн
12	приступ	приступ	N	N	Ncmsnn	11	предик
13	ФП	фп	N	N	Npmsnn	12	аппоз
14	,	,	,	,	,	13	PUNC
15	лечила	лечить	V	V	Vmis-sfa-p	1	вводн
16	бригада	бригада	N	N	Ncfsnn	15	предик
17	СМП	смп	N	N	Npmsnn	16	квазиагент
18	,	,	,	,	,	17	PUNC
19	последующие	последующий	A	A	Afpmpaf	20	опред
20	годы	год	N	N	Ncmpan	21	длительн
21	отмечал	отмечать	V	V	Vmis-sma-p	1	вводн
22	возникновение	возникновение	N	N	Ncnsan	21	предик
23	перебоев	перебой	N	N	Ncmpgn	22	квазиагент
24	,	,	,	,	,	23	PUNC
25	но	но	C	C	C	1	сент-соч
26	они	они	P	P	P-3-pnn	27	предик
27	купировались	купировалиться	V	V	Vmis-p-m-p	25	соч-союзн
28	спонтанно	спонтанно	R	R	R	27	обст
