1	Считает	считать	V	V	Vmip3s-a-p	0	ROOT
2	себя	себя	P	P	P----an	1	1-компл
3	больным	больной	N	N	Ncmsiy	1	2-компл
4	в	в	S	S	Sp-l	1	обст
5	течении	течение	N	N	Ncnsln	4	предл
6	13	#число	M	M	Mc---d	7	количест
7	лет	год	N	N	Ncmpgn	1	1-компл
8	,	,	,	,	,	7	PUNC
9	когда	когда	C	C	C	1	обст
10	стали	стать	V	V	Vmis-p-a-e	9	подч-союзн
11	возникать	возникать	V	V	Vmn----a-p	10	1-компл
12	приступы	приступ	N	N	Ncmpan	10	предик
13	ФП	фп	N	N	Npmsnn	12	квазиагент
14	,	,	,	,	,	13	PUNC
15	купирует	купировать	V	V	Vmip3s-a-p	12	опред
16	СМП	смп	N	N	Npmsan	15	1-компл
17	,	,	,	,	,	16	PUNC
18	иногда	иногда	R	R	R	20	огранич
19	самостоятельным	самостоятельный	A	A	Afpmsif	20	опред
20	приемом	прием	N	N	Ncmsin	15	обст
21	новокаинамида	новокаинамида	N	N	Ncmsgn	20	1-компл
22	,	,	,	,	,	21	PUNC
23	получает	получать	V	V	Vmip3s-a-p	20	опред
24	кордарон	кордарон	N	N	Ncmsnn	23	1-компл
