1	С	с	S	S	Sp-l	6	обст
2	2006	#год	M	M	Mc---d	3	опред
3	г	г	N	N	Ncmsnnl	1	предл
4	на	на	S	S	Sp-a	6	обст
5	ХМ	хм	N	N	Npfpgn	4	предл
6	зарегистрированы	зарегистрировать	V	V	Vmps-p-pse	0	ROOT
7	короткие	короткий	A	A	Afpmpnf	8	опред
8	эпизоды	эпизод	N	N	Ncmpnn	6	предик
9	ФП	фп	N	N	Npmsnn	8	квазиагент
10	,	,	,	,	,	9	PUNC
11	неэффективны	неэффективный	A	A	Afpmpns	8	разъяснит
12	пропанорм	пропанор	N	N	Ncmsnn	11	предик
13	и	и	C	C	C	12	сочин
14	В-адреноблокаторы	в-адреноблокатор	N	N	Ncmsnn	13	соч-союзн
15	,	,	,	,	,	14	PUNC
16	на	на	S	S	Sp-l	11	обст
17	фоне	фон	N	N	Ncmsln	16	предл
18	приема	прием	N	N	Ncmsgn	17	квазиагент
19	кордарона	кордарон	N	N	Ncmsgn	18	1-компл
20	были	быть	V	V	Vmis-p-a-p	6	сент-соч
21	выявлены	выявить	V	V	Vmps-p-pse	20	пасс-анал
22	признаки	признак	N	N	Ncmpnn	20	предик
23	аутоиммунного	аутоиммунный	A	A	Afpmsgf	24	опред
24	тиреоидита	тиреоидит	N	N	Ncmsgn	22	квазиагент
25	,	,	,	,	,	24	PUNC
26	гипотиреоза	гипотиреоз	N	N	Ncmsgn	24	разъяснит
27	,	,	,	,	,	26	PUNC
28	принимал	принимать	V	V	Vmis-sma-p	20	сент-соч
29	эутирокс	эутирокс	A	A	Afpmsif	28	1-компл
