1	На	на	S	S	Sp-l	9	обст
2	этом	этот	P	P	P--msla	3	опред
3	фоне	фон	N	N	Ncmsln	1	предл
4	с	с	S	S	Sp-g	9	обст
5	начала	начало	N	N	Ncnsgn	4	предл
6	осени	#сезон	N	N	Ncfsgn	5	квазиагент
7	пароксизмы	пароксизм	N	N	Ncmpnn	9	предик
8	тахиаритмии	тахиаритмия	N	N	Ncfsgn	7	квазиагент
9	участились	участиться	V	V	Vmis-p-m-e	0	ROOT
10	,	,	,	,	,	9	PUNC
11	в	в	S	S	Sp-l	13	огранич
12	основном	основное	N	N	Ncnsln	11	предл
13	кратковременны	кратковременный	N	N	Ncfsgn	9	предик
14	,	,	,	,	,	13	PUNC
15	купирутся	купирутся	V	V	Vmip3s-m-e	9	сочин
16	спонтанно	спонтанно	R	R	R	15	обст
17	или	или	C	C	C	16	сочин
18	после	после	S	S	Sp-g	17	соч-союзн
19	прием	прием	N	N	Ncmsnn	18	предл
20	20-40	#число	M	M	Mc---d	21	количест
21	мг	миллиграмм	N	N	Ncmpgn	19	1-компл
22	обзидана	обзидать	N	N	Ncmsgn	21	квазиагент
