1	В	в	S	S	Sp-l	4	обст
2	июне	#месяц	N	N	Ncmsln	1	предл
3	2006	#год	M	M	Mc---d	4	обст
4	состоялся	состояться	V	V	Vmis-smm-e	0	ROOT
5	консилиум	консилиум	N	N	Ncmsan	4	предик
6	во	во	S	S	Sp-l	5	атриб
7	главе	глава	N	N	Ncfsln	6	предл
8	с	с	S	S	Sp-i	7	атриб
9	академиком	академик	N	N	Ncmsiy	8	предл
10	Р	р	-	-	-	9	аппоз
11	,	,	,	,	,	10	PUNC
12	с	с	S	S	Sp-i	4	1-компл
13	,	,	,	,	,	12	PUNC
14	карповым	карповый	A	A	Afpmsif	12	предл
15	(	(	-	-	-	14	PUNC
16	амбулаторно	амбулаторно	R	R	R	14	примыкат
17	)	)	-	-	-	16	PUNC
18	совместно	совместно	R	R	R	22	обст
19	с	с	S	S	Sp-i	18	1-компл
20	эндокринологом	эндокринолог	N	N	Ncmsin	19	предл
21	,	,	,	,	,	20	PUNC
22	было	быть	V	V	Vmis-sna-p	4	изъясн
23	принято	принять	V	V	Vmps-snpse	22	пасс-анал
24	решение	решение	N	N	Ncnsnn	22	предик
25	о	о	S	S	Sp-l	24	2-компл
26	консервативном	консервативный	A	A	Afpnslf	27	опред
27	лечении	лечение	N	N	Ncnsln	25	предл
