1	После	после	S	S	Sp-g	4	обст
2	стентирования	стентирование	N	N	Ncnsgn	1	предл
3	самочувствие	самочувствие	N	N	Ncnsnn	4	предик
4	улучшилось	улучшиться	V	V	Vmis-snm-e	0	ROOT
5	,	,	,	,	,	4	PUNC
6	однако	однако	C	C	C	8	вводн
7	,	,	,	,	,	6	PUNC
8	к	к	S	S	Sp-d	4	обст
9	весне	#сезон	N	N	Ncfsdn	8	предл
10	2009	#год	M	M	Mc---d	11	опред
11	г	город	N	N	Ncmsgn	9	атриб
12	начала	начать	V	V	Vmis-sfa-e	4	сочин
13	нарастать	нарастать	V	V	Vmn----a-p	12	1-компл
14	одышка	одышка	N	N	Ncfsnn	12	предик
15	,	,	,	,	,	14	PUNC
16	беспокоящая	беспокоить	V	V	Vmpp-sfafpn	14	опред
17	при	при	S	S	Sp-l	16	обст
18	незначительных	незначительный	A	A	Afpmplf	19	опред
19	физ	физ	N	N	Ncmsnn	17	предл
20	нагрузках	нагрузка	N	N	Ncmpln	19	сочин
