1	В	в	S	S	Sp-l	5	обст
2	мае	май	N	N	Ncmsln	1	предл
3	2007	@card@	M	M	Mc---d	4	опред
4	года	год	N	N	Ncmsgn	2	атриб
5	проходил	проходить	V	V	Vmis-sma-p	0	ROOT
6	обследование	обследование	N	N	Ncnsan	5	1-компл
7	и	и	C	C	C	6	сочин
8	лечение	лечение	N	N	Ncnsan	7	соч-союзн
9	в	в	S	S	Sp-l	5	обст
10	отделении	отделение	N	N	Ncnsln	9	предл
11	НРС	нрс	N	N	Npmsnn	5	предик
12	,	,	,	,	,	11	PUNC
13	где	где	P	P	P-----r	14	обст
14	была	быть	V	V	Vmis-sfa-p	5	разъяснит
15	выполнена	выполнить	V	V	Vmps-sfpse	14	пасс-анал
16	смена	смена	N	N	Ncfsnn	14	предик
17	АИКД	аикд	N	N	Npmsnn	16	1-компл
18	на	на	S	S	Sp-a	16	атриб
19	крадиоресинхронизирующее	крадиоресинхронизирующий	A	A	Afpnsaf	20	опред
20	устройство	устройство	N	N	Ncnsan	18	предл
21	с	с	S	S	Sp-i	20	атриб
22	функцией	функция	N	N	Ncfsin	21	предл
23	дефибриллятора	дефибриллятор	N	N	Ncmsgn	22	квазиагент

