1	В	в	S	S	Sp-l	4	обст
2	2000	#год	M	M	Mc---d	3	опред
3	году	год	N	N	Ncmsnnl	1	предл
4	стал	стать	V	V	Vmis-sma-e	0	ROOT
5	впервые	впервые	R	R	R	6	обст
6	отмечать	отмечать	V	V	Vmn----a-p	4	1-компл
7	появление	появление	N	N	Ncnsan	6	1-компл
8	жгучих	жгучий	A	A	Afpmpgf	9	опред
9	болей	боль	N	N	Ncfpgn	7	квазиагент
10	за	за	S	S	Sp-i	9	1-компл
11	грудиной	грудина	N	N	Ncfsin	10	предл
12	с	с	S	S	Sp-i	11	атриб
13	иррадиациеей	иррадиациея	N	N	Ncfsin	12	предл
14	в	в	S	S	Sp-a	7	1-компл
15	лопатку	лопатка	N	N	Ncfsan	14	предл
16	,	,	,	,	,	15	PUNC
17	возникавших	возникать	V	V	Vmps-p-afpg	15	опред
18	при	при	S	S	Sp-l	17	обст
19	обычной	обычный	A	A	Afpfslf	20	опред
20	физическойнагрузке	физическойнагрузка	N	N	Ncfsln	18	предл
21	и	и	C	C	C	17	сочин
22	купирующихся	купирующихся	V	V	Vmpp-p-mfpg	21	соч-союзн
23	прекращением	прекращение	N	N	Ncnsin	22	1-компл
24	физической	физический	A	A	Afpfsgf	25	опред
25	нагрузки	нагрузка	N	N	Ncfsgn	23	1-компл
26	в	в	S	S	Sp-l	23	атриб
27	течении	течение	N	N	Ncnsln	26	предл
28	3-5	#число	M	M	Mc---d	29	количест
29	минут	минута	N	N	Ncfpgn	23	1-компл
