1	В	в	S	S	Sp-l	5	обст
2	2010	@card@	M	M	Mc---d	3	опред
3	году	год	N	N	Ncmsnnl	1	предл
4	весной	весна	N	N	Ncfsin	5	обст
5	беспокоил	беспокоить	V	V	Vmis-sma-p	0	ROOT
6	кашель	кашель	N	N	Ncmsnn	5	предик
7	с	с	S	S	Sp-i	6	атриб
8	небольшим	небольшой	A	A	Afpnsif	9	опред
9	количеством	количество	N	N	Ncnsin	7	предл
10	мокроты	мокрота	N	N	Ncmpny	12	предик
11	,	,	,	,	,	10	PUNC
12	был	быть	V	V	Vmis-sma-p	5	сент-соч
13	направлен	направить	V	V	Vmps-smpse	12	пасс-анал
14	в	в	S	S	Sp-a	13	2-компл
15	тубдиспансер	тубдиспансер	N	N	Ncmsan	14	предл
16	,	,	,	,	,	15	PUNC
17	где	где	P	P	P-----r	18	обст
18	проводилось	проводиться	V	V	Vmis-snm-p	12	сент-соч
19	обследование	обследование	N	N	Ncnsnn	18	предик
20	амбулаторно	амбулаторно	R	R	R	18	обст
21	,	,	,	,	,	20	PUNC
22	данных	данные	N	N	Ncmpgn	18	1-компл
23	за	за	S	S	Sp-a	18	обст
24	активный	активный	A	A	Afpmsnf	25	опред
25	туберкулез	туберкулез	N	N	Ncmsnn	23	предл
26	не	не	Q	Q	Q	27	огранич
27	выявлено	выявить	V	V	Vmps-snpse	18	сент-соч
28	.	.	-	-	-	27	PUNC

