1	Больным	больной	N	N	Ncmpdy	3	2-компл
2	себя	себя	P	P	P----an	3	1-компл
3	считает	считать	V	V	Vmip3s-a-p	0	ROOT
4	с	с	S	S	Sp-l	3	обст
5	2008	#год	M	M	Mc---d	6	опред
6	года	год	N	N	Ncmsgn	4	предл
7	,	,	,	,	,	6	PUNC
8	когда	когда	C	C	C	3	обст
9	впервые	впервые	R	R	R	10	обст
10	стал	стать	V	V	Vmis-sma-e	8	подч-союзн
11	отмечать	отмечать	V	V	Vmn----a-p	10	1-компл
12	появление	появление	N	N	Ncnsan	11	1-компл
13	давящих	давящий	A	A	Afpmpgf	14	опред
14	болей	боль	N	N	Ncfpgn	12	квазиагент
15	за	за	S	S	Sp-i	14	1-компл
16	грудиной	грудина	N	N	Ncfsin	15	предл
17	с	с	S	S	Sp-i	16	атриб
18	иррадиацией	иррадиация	N	N	Ncfsin	17	предл
19	в	в	S	S	Sp-a	12	1-компл
20	левую	левый	A	A	Afpfsaf	21	опред
21	руку	рука	N	N	Ncfsan	19	предл
22	,	,	,	,	,	21	PUNC
23	возникающие	возникать	V	V	Vmpp-p-afpn	21	опред
24	при	при	S	S	Sp-l	23	обст
25	обычной	обычный	A	A	Afpfslf	27	опред
26	физической	физический	A	A	Afpfslf	27	опред
27	нагрузке	нагрузка	N	N	Ncfsln	24	предл
28	и	и	C	C	C	12	сочин
29	купирующиеся	купируться	A	A	Afpnsnf	30	опред
30	прекращение	прекращение	N	N	Ncnsnn	28	соч-союзн
31	физической	физический	A	A	Afpfsgf	32	опред
32	нагрузки	нагрузка	N	N	Ncfsgn	30	1-компл
33	или	или	C	C	C	10	сочин
34	тем	то	P	P	P--nsin	37	обст
35	,	,	,	,	,	34	PUNC
36	чтопациент	чтопациент	N	N	Ncmsny	37	предик
37	расхаживался	расхаживаться	V	V	Vmis-smm-p	33	соч-союзн
