1	На	на	S	S	Sp-l	5	обст
2	фоне	фон	N	N	Ncmsln	1	предл
3	приема	прием	N	N	Ncmsgn	2	квазиагент
4	кордарна	кордарн	N	N	Ncmsgn	3	1-компл
5	был	быть	V	V	Vmis-sma-p	0	ROOT
6	выявлен	выявить	V	V	Vmps-smpse	5	пасс-анал
7	тиреотоксикоз	тиреотоксикоз	N	N	Ncmsnn	5	предик
8	,	,	,	,	,	7	PUNC
9	принимала	принимать	V	V	Vmis-sfa-p	5	вводн
10	тирозол	тирозол	N	N	Ncmsan	9	предик
11	,	,	,	,	,	10	PUNC
12	в	в	S	S	Sp-l	9	обст
13	октябре	#месяц	N	N	Ncmsln	12	предл
14	2008	#год	M	M	Mc---d	13	атриб
15	,	,	,	,	,	14	PUNC
16	сентябре	#месяц	N	N	Ncmsln	13	атриб
17	2010	#год	M	M	Mc---d	18	опред
18	года	год	N	N	Ncmsgn	16	атриб
19	сдавала	сдавать	V	V	Vmis-sfa-p	5	вводн
20	анализ	анализ	N	N	Ncmsan	19	1-компл
21	крови	кровь	N	N	Ncfsgn	20	1-компл
22	на	на	S	S	Sp-a	19	обст
23	гормоны	гормон	N	N	Ncmpan	22	предл
24	щитовидной	щитовидный	A	A	Afpfsgf	25	опред
25	железы	железа	N	N	Ncfsgn	23	атриб
26	–	-	-	-	-	25	PUNC
27	норма	норма	N	N	Ncfsnn	5	предик
