1	В	в	S	S	Sp-l	5	обст
2	марте	#месяц	N	N	Ncmsln	1	предл
3	2010	#год	M	M	Mc---d	4	опред
4	года	год	N	N	Ncmsgn	2	атриб
5	поступил	поступить	V	V	Vmis-sma-e	0	ROOT
6	в	в	S	S	Sp-a	5	2-компл
7	отделние	отделние	N	N	Ncnsan	6	предл
8	ХЛСНРС	хлснрс	N	N	Npmsnn	5	1-компл
9	и	и	C	C	C	8	сочин
10	ЭКС	экс	N	N	Npmsnn	9	соч-союзн
11	,	,	,	,	,	10	PUNC
12	где	где	P	P	P-----r	13	обст
13	проходил	проходить	V	V	Vmis-sma-p	5	разъяснит
14	леечние	леечние	N	N	Ncnsan	13	предик
15	,	,	,	,	,	14	PUNC
16	было	быть	V	V	Vmis-sna-p	13	сент-соч
17	проведено	провести	V	V	Vmps-snpse	16	пасс-анал
18	оперативное	оперативный	A	A	Afpnsnf	19	опред
19	лечение	лечение	N	N	Ncnsnn	16	предик
20	,	,	,	,	,	19	PUNC
21	первичная	первичный	A	A	Afpfsnf	22	опред
22	имплантация	имплантация	N	N	Ncfsnn	19	разъяснит
23	аппарата	аппарат	N	N	Ncmsgn	22	квазиагент
24	для	для	S	S	Sp-g	22	атриб
25	кардиоресинхронизирующей	кардиоресинхронизируть	A	A	Afpfsgf	26	опред
26	терапии	терапия	N	N	Ncfsgn	24	предл
27	и	и	C	C	C	22	сочин
28	создана	создать	V	V	Vmps-sfpse	27	соч-союзн
29	полная	полный	A	A	Afpfsnf	30	опред
30	АВ-блокада	ав-блокад	N	N	Npfsnn	28	1-компл
