1	В	в	S	S	Sp-l	0	ROOT
2	2009	#год	M	M	Mc---d	3	опред
3	году	год	N	N	Ncmsnnl	1	предл
4	проконсультирован	проконсультировать	V	V	Vmps-smpse	5	опред
5	аритмологом	аритмолог	N	N	Ncmsiy	0	ROOT
6	,	,	,	,	,	5	PUNC
7	направлен	направить	V	V	Vmps-smpse	5	опред
8	на	на	S	S	Sp-a	7	2-компл
9	плановую	плановый	A	A	Afpfsaf	10	опред
10	госпитализацию	госпитализация	N	N	Ncfsan	8	предл
11	в	в	S	S	Sp-a	7	обст
12	отделение	отделение	N	N	Ncnsan	11	предл
13	ХЛСНРС	хлснрс	N	N	Npmsnn	12	квазиагент
14	и	и	C	C	C	13	сочин
15	ЭКС	экс	N	N	Npmsnn	14	соч-союзн
16	для	для	S	S	Sp-g	15	атриб
17	выбора	выбор	N	N	Ncmsgn	16	предл
18	дальнейшей	дальнейший	A	A	Afsfsgf	19	опред
19	тактикик	тактикик	N	N	Ncmsnn	17	1-компл
20	леечния	леечние	N	N	Ncnsgn	19	квазиагент
