1	Считает	считать	V	V	Vmip3s-a-p	0	ROOT
2	себя	себя	P	P	P----an	1	1-компл
3	больным	больной	N	N	Ncmsiy	1	2-компл
4	в	в	S	S	Sp-a	1	обст
5	течение	течение	N	N	Ncnsan	4	предл
6	3	#число	M	M	Mc---d	7	количест
7	лет	год	N	N	Ncmpgn	1	1-компл
8	,	,	,	,	,	7	PUNC
9	когда	когда	C	C	C	1	обст
10	впервые	впервые	R	R	R	11	обст
11	появились	появиться	V	V	Vmis-p-m-e	9	подч-союзн
12	давящие	давящий	A	A	Afpmpnf	14	опред
13	загрудинные	загрудинный	A	A	Afpmpnf	14	опред
14	боли	боль	N	N	Ncfpnn	11	предик
15	,	,	,	,	,	14	PUNC
16	возникающие	возникать	V	V	Vmpp-p-afpn	14	опред
17	при	при	S	S	Sp-l	16	обст
18	физической	физический	A	A	Afpfslf	19	опред
19	нагрузке	нагрузка	N	N	Ncfsln	17	предл
20	выше	выше	S	S	Sp-g	11	обст
21	обычной	обычный	A	A	Afpfsgf	20	сравнит
22	,	,	,	,	,	21	PUNC
23	купирующиеся	купирующиеся	V	V	Vmpp-p-mfpn	30	опред
24	после	после	S	S	Sp-g	23	обст
25	её	она	P	P	P-3fsgn	26	квазиагент
26	прекращения	прекращение	N	N	Ncnsgn	24	предл
27	в	в	S	S	Sp-a	26	атриб
28	течение	течение	N	N	Ncnsan	27	предл
29	5-7	#число	M	M	Mc---d	30	количест
30	минут	минута	N	N	Ncfpgn	11	предик
31	или	или	C	C	C	30	сочин
32	приёмом	прием	N	N	Ncmsin	31	соч-союзн
33	нитроглицерина	нитроглицерин	N	N	Ncmsgn	32	1-компл
