1	В	в	S	S	Sp-l	7	обст
2	январе	#месяц	N	N	Ncmsln	1	предл
3	и	и	C	C	C	2	сочин
4	марте	#месяц	N	N	Ncmsln	3	соч-союзн
5	2009	#год	M	M	Mc---d	6	опред
6	года	год	N	N	Ncmsgn	4	атриб
7	находилась	находиться	V	V	Vmis-sfm-p	0	ROOT
8	на	на	S	S	Sp-l	7	1-компл
9	лечении	лечение	N	N	Ncnsln	8	предл
10	в	в	S	S	Sp-l	7	обст
11	НИИ	нии	N	N	Ncmsln	10	предл
12	кардиологии	кардиология	N	N	Ncfsgn	11	1-компл
13	где	где	P	P	P-----r	14	обст
14	было	быть	V	V	Vmis-sna-p	7	1-компл
15	выполнено	выполнить	V	V	Vmps-snpse	14	пасс-анал
16	стентирование	стентирование	N	N	Ncnsnn	14	предик
17	ПНА	пна	N	N	Npfsny	16	квазиагент
18	в	в	S	S	Sp-l	16	атриб
19	устье	устье	N	N	Ncnsln	18	предл
20	и	и	C	C	C	16	сочин
21	с/3	с/3	-	-	-	20	соч-союзн
22	-	-	-	-	-	21	PUNC
23	2	#число	M	M	Mc---d	24	количест
24	стентами	стент	N	N	Ncmpgn	7	предик
25	и	и	C	C	C	7	сент-соч
26	1	#число	M	M	Mc---d	27	количест
27	стент	стент	N	N	Ncmsnn	28	предик
28	-ПКА	-ПКА	N	N	Ncfsnn	25	соч-союзн
29	.	.	-	-	-	28	PUNC
