1	В	в	S	S	Sp-l	4	обст
2	2001	#год	M	M	Mc---d	3	опред
3	году	год	N	N	Ncmsnnl	1	предл
4	обследовалась	обследоваться	V	V	Vmis-sfm-e	0	ROOT
5	в	в	S	S	Sp-a	4	1-компл
6	НИИК	ниик	N	N	Npmsnn	5	предл
7	выстывлен	выстывлен	V	V	Vmps-smpse	4	сочин
8	диагноз	диагноз	N	N	Ncmsnn	7	1-компл
9	ИНРС	инрс	N	N	Npmsnn	8	аппоз
10	пароксизмальная	пароксизмальный	A	A	Afpfsnf	12	опред
11	внутриузловая	внутриузловой	A	A	Afpfsnf	12	опред
12	АВ	ав	-	-	-	9	аппоз
13	тахикардия	тахикардия	N	N	Ncfsnn	4	предик
14	,	,	,	,	,	13	PUNC
15	было	быть	V	V	Vmis-sna-p	4	примыкат
16	рекомендовано	рекомендовать	V	V	Vmps-snpse	15	пасс-анал
17	оперативное	оперативный	A	A	Afpnsnf	18	опред
18	лечение-	лечение-	-	-	-	15	предик
19	РЧА	рча	N	N	Ncfsnn	18	аппоз
20	,	,	,	,	,	19	PUNC
21	пациентка	пациентка	N	N	Ncfsny	19	аппоз
22	в	в	S	S	Sp-a	25	обст
23	то	тот	P	P	P--nsaa	24	опред
24	время	время	N	N	Ncnsan	22	предл
25	отказалась	отказаться	V	V	Vmis-sfm-e	18	релят
