1	Считает	считать	V	V	Vmip3s-a-p	0	ROOT
2	себя	себя	P	P	P----an	1	1-компл
3	больной	больной	A	A	Afpfsif	1	2-компл
4	с	с	S	S	Sp-i	1	обст
5	2008	#год	M	M	Mc---d	6	опред
6	года	год	N	N	Ncmsgn	4	предл
7	,	,	,	,	,	6	PUNC
8	когда	когда	C	C	C	1	обст
9	стали	стать	V	V	Vmis-p-a-e	8	подч-союзн
10	бесопокоить	бесопокоить	V	V	Vmn----a-p	9	1-компл
11	жалобы	жалоба	N	N	Ncfpan	10	1-компл
12	на	на	S	S	Sp-a	11	1-компл
13	слабость	слабость	N	N	Ncfsan	12	предл
14	,	,	,	,	,	13	PUNC
15	давящие	давящий	A	A	Afpmpnf	16	опред
16	боли	боль	N	N	Ncfpnn	11	сочин
17	в	в	S	S	Sp-l	16	1-компл
18	сердце	сердце	N	N	Ncnsln	17	предл
19	в	в	S	S	Sp-l	16	атриб
20	мае	#месяц	N	N	Ncmsln	19	предл
21	2009	#год	M	M	Mc---d	22	опред
22	года	год	N	N	Ncmsgn	20	атриб
23	ОИМ	оить	V	V	Vmif1p-a-p	10	сочин
