1	В	в	S	S	Sp-l	11	обст
2	2003	#год	M	M	Mc---d	3	опред
3	году	год	N	N	Ncmsnnl	1	предл
4	очередной	очередной	A	A	Afpmsnf	5	опред
5	приступ	приступ	N	N	Ncmsnn	11	предик
6	давящих	давящий	A	A	Afpmpgf	7	опред
7	болей	боль	N	N	Ncfpgn	5	квазиагент
8	за	за	S	S	Sp-i	5	атриб
9	грудинй	грудине	A	A	Afpfsif	8	предл
10	не	не	Q	Q	Q	11	огранич
11	купировался	купироваться	V	V	Vmis-smm-p	0	ROOT
12	прекращением	прекращение	N	N	Ncnsin	11	1-компл
13	физической	физический	A	A	Afpfsgf	14	опред
14	нагрузке	нагрузка	N	N	Ncfsln	12	1-компл
15	,	,	,	,	,	14	PUNC
16	через	через	S	S	Sp-l	19	обст
17	2	#число	M	M	Mc---d	18	количест
18	часа	час	N	N	Ncmsgn	16	предл
19	вызвала	вызвать	V	V	Vmis-sfa-e	11	сочин
20	бСМП	бсмп	N	N	Ncmsan	19	1-компл
21	,	,	,	,	,	20	PUNC
22	была	быть	V	V	Vmis-sfa-p	19	сочин
23	доставлена	доставить	V	V	Vmps-sfpse	22	пасс-анал
24	в	в	S	S	Sp-l	23	2-компл
25	ОКБ	окб	N	N	Npnsln	24	предл
26	с	с	S	S	Sp-i	25	атриб
27	диагнзом	диагнз	N	N	Ncmsin	26	предл
28	острый	острый	A	A	Afpmsnf	29	опред
29	инфаркт	инфаркт	N	N	Ncmsnn	27	сочин
30	миокарда	миокард	N	N	Ncmsgn	29	квазиагент
