1	Приступ	приступ	N	N	Ncmsnn	12	предик
2	неритмичного	неритмичный	A	A	Afpnsgf	4	опред
3	учащенного	учащенный	A	A	Afpnsgf	4	опред
4	сердцебиения	сердцебиение	N	N	Ncnsgn	1	квазиагент
5	беспокоит	беспокоить	V	V	Vmip3s-a-p	1	опред
6	с	с	S	S	Sp-l	5	обст
7	23,00	#число	M	M	Mc---d	9	опред
8	14.10.10	#пдата	M	M	Mc---d	7	кратн
9	г	город	N	N	Ncmsgn	6	предл
10	.	.	-	-	-	9	аппоз
11	,	,	,	,	,	10	PUNC
12	вызвала	вызвать	V	V	Vmis-sfa-e	0	ROOT
13	бСМП,зафиксирован	фиксировать	N	N	Ncmsnn	12	1-компл
14	ПФП	пфп	N	N	Ncmsnn	13	аппоз
15	-	-	-	-	-	14	PUNC
16	вводился	вводиться	V	V	Vmis-smm-e	12	разъяснит
17	новокаинамид	новокаинамида	N	N	Ncmsny	16	предик
18	,	,	,	,	,	17	PUNC
19	без	без	S	S	Sp-g	16	обст
20	эффекта,на	на	N	N	Ncmsgn	19	предл
21	утро	#времясуток	N	N	Ncnsan	24	обст
22	приступ	приступ	N	N	Ncmsnn	24	предик
23	не	не	Q	Q	Q	24	огранич
24	купирован	купировать	V	V	Vmps-smpse	16	сочин
25	,	,	,	,	,	24	PUNC
26	снова	снова	R	R	R	27	обст
27	вызвала	вызвать	V	V	Vmis-sfa-e	12	сент-соч
28	бСМП	бсмп	N	N	Ncmsnn	27	предик
29	-	-	-	-	-	28	PUNC
30	вводили	вводить	V	V	Vmis-p-a-p	27	сент-соч
31	кордарон	кордарон	N	N	Ncmsan	30	1-компл
32	,	,	,	,	,	31	PUNC
33	без	без	S	S	Sp-g	30	обст
34	эффекта,доставлена	доставить	N	N	Ncmsgn	33	предл
35	в	в	S	S	Sp-a	30	2-компл
36	приемное	приемный	A	A	Afpnsaf	37	опред
37	отделение	отделение	N	N	Ncnsan	35	предл
38	НИИ	нии	N	N	Npmsgn	30	1-компл
39	Кардиологии	кардиология	N	N	Npfsgn	38	1-компл
40	.	.	-	-	-	39	PUNC
