1	В	в	S	S	Sp-l	5	обст
2	марте	март	N	N	Ncmsln	1	предл
3	2010	@card@	M	M	Mc---d	4	опред
4	года	год	N	N	Ncmsgn	2	атриб
5	поступила	поступить	V	V	Vmis-sfa-e	0	ROOT
6	в	в	S	S	Sp-a	5	2-компл
7	отление	отление	N	N	Ncnsan	6	предл
8	ОРБ	орб	N	N	Npmsnn	5	1-компл
9	,	,	,	,	,	8	PUNC
10	беспокоила	беспокоить	V	V	Vmis-sfa-e	5	разъяснит
11	одышка	одышка	N	N	Ncfsnn	10	предик
12	приходубе	приходуба	N	N	Ncfsln	11	сочин
13	и	и	C	C	C	12	сочин
14	вположении	вположение	N	N	Ncnsln	13	соч-союзн
15	лежа	лежать	V	V	Vmgp---a-p	0	ROOT
16	,	,	,	,	,	15	PUNC
17	встала	встать	V	V	Vmis-sfa-e	15	сочин
18	по	по	S	S	Sp-a	17	обст
19	несколько	несколько	M	M	Mc--a	20	количест
20	раз	раз	N	N	Ncmpgn	18	предл
21	с	с	S	S	Sp-l	20	атриб
22	постели	постель	N	N	Ncfsln	21	предл
23	из-за	из-за	S	S	Sp-g	17	обст
24	одышки	одышка	N	N	Ncfsgn	23	предл

