1	слабость	слабость	N	N	Ncfsnn	13	предик
2	,	,	,	,	,	1	PUNC
3	боли	боль	N	N	Ncfpnn	1	сочин
4	жгучего	жгучий	A	A	Afpmsgf	5	опред
5	характера	характер	N	N	Ncmsgn	3	1-компл
6	в	в	S	S	Sp-l	3	атриб
7	области	область	N	N	Ncfsln	6	предл
8	сердца	сердце	N	N	Ncnsgn	7	квазиагент
9	и	и	C	C	C	3	сочин
10	за	за	S	S	Sp-i	9	соч-союзн
11	грудиной	грудина	N	N	Ncfsin	10	предл
12	(	(	-	-	-	11	PUNC
13	возникали	возникать	V	V	Vmis-p-a-p	0	ROOT
14	редко	редко	R	R	R	13	обст
15	)	)	-	-	-	14	PUNC
16	,	,	,	,	,	14	PUNC
17	отеки	отек	N	N	Ncmpnn	21	предик
18	на	на	S	S	Sp-l	17	атриб
19	ногах	нога	N	N	Ncfpln	18	предл
20	,	,	,	,	,	19	PUNC
21	перебои	перебой	N	N	Ncmpnn	13	разъяснит
22	в	в	S	S	Sp-l	21	атриб
23	ритме	ритм	N	N	Ncmsln	22	предл
24	сердца	сердце	N	N	Ncnsgn	23	квазиагент

