1	Тогда	тогда	P	P	P-----r	4	обст
2	же	же	Q	Q	Q	1	огранич
3	впервые	впервые	R	R	R	4	обст
4	выявлено	выявить	V	V	Vmps-snpse	0	ROOT
5	повышение	повышение	N	N	Ncnsnn	4	предик
6	АД	ад	N	N	Npfpgn	5	1-компл
7	до	до	S	S	Sp-l	5	атриб
8	220/100	#число	M	M	Mc---d	9	количест
9	ммртст	ммртст	N	N	Ncfpgn	7	предл
10	,	,	,	,	,	9	PUNC
11	зарегистривана	регистривать	N	N	Ncfsnn	5	сочин
12	ФП	фп	N	N	Npmsnn	11	квазиагент
13	госпитализировалс	госпитализировалс	N	N	Ncmsan	11	сочин
14	по	по	S	S	Sp-d	13	атриб
15	м/жительства	жительство	N	N	Ncmsgn	14	предл
16	,	,	,	,	,	15	PUNC
17	была	быть	V	V	Vmis-sfa-p	4	сент-соч
18	подобрана	подобрать	V	V	Vmps-sfpse	17	пасс-анал
19	гипотензивная	гипотензивный	A	A	Afpfsnf	20	опред
20	терапия	терапия	N	N	Ncfsnn	17	предик
21	в	в	S	S	Sp-l	20	атриб
22	сентябре	#месяц	N	N	Ncmsln	21	предл
23	2008	#год	M	M	Mc---d	24	опред
24	г	город	N	N	Ncmsgn	22	атриб
25	госпитализировался	госпитализироваться	V	V	Vmis-smm-p	20	опред
26	в	в	S	S	Sp-l	25	1-компл
27	ОКБ	окб	N	N	Npnsln	26	предл
28	по	по	S	S	Sp-a	27	атриб
29	м/ж	м/ж	N	N	Ncmsan	28	предл
30	,	,	,	,	,	29	PUNC
31	ритм	ритм	N	N	Ncmsnn	32	предик
32	был	быть	V	V	Vmis-sma-p	20	разъяснит
33	восстановлен	восстановить	V	V	Vmps-smpse	32	пасс-анал
34	ЭИТ	эит	N	N	Ncmsnn	32	сент-соч
35	,	,	,	,	,	34	PUNC
36	полсе	полс	N	N	Ncmsln	38	обст
37	чего	что	P	P	P--nsgn	36	предл
38	начал	начать	V	V	Vmis-sma-e	34	релят
39	принимать	принимать	V	V	Vmn----a-p	38	1-компл
40	кордарон	кордарон	N	N	Ncmsny	39	1-компл
41	чувствовал	чувствовать	V	V	Vmis-sma-p	17	сент-соч
42	себя	себя	P	P	P----an	41	1-компл
43	удовлетворительно	удовлетворительно	R	R	R	41	обст
