1	До	до	S	S	Sp-g	7	обст
2	этого	это	P	P	P--nsgn	1	предл
3	около	около	S	S	Sp-l	7	предик
4	3	#число	M	M	Mc---d	5	количест
5	лет	год	N	N	Ncmpgn	3	предл
6	назад	назад	R	R	R	5	атриб
7	были	быть	V	V	Vmis-p-a-p	0	ROOT
8	подобные	подобный	A	A	Afpmpnf	9	опред
9	жалобы	жалоба	N	N	Ncfpnn	7	предик
10	,	,	,	,	,	9	PUNC
11	к	к	S	S	Sp-d	14	1-компл
12	врачу	врач	N	N	Ncmsdy	11	предл
13	не	не	Q	Q	Q	14	огранич
14	обращался	обращаться	V	V	Vmis-smm-p	9	релят
15	,	,	,	,	,	14	PUNC
16	ретроспективно	ретроспективно	R	R	R	14	вводн
17	,	,	,	,	,	16	PUNC
18	со	со	S	S	Sp-g	22	обст
19	слов	слово	N	N	Ncnpgn	18	предл
20	пациента	пациент	N	N	Ncmsgy	19	квазиагент
21	,	,	,	,	,	20	PUNC
22	был	быть	V	V	Vmis-sma-p	7	сент-соч
23	выставлен	выставить	V	V	Vmps-smpse	22	пасс-анал
24	диагноз	диагноз	N	N	Ncmsnn	22	предик
25	инфаркт	инфаркт	N	N	Ncmsnn	24	1-компл
26	миокарда	миокард	N	N	Ncmsgn	25	квазиагент
