1	При	при	S	S	Sp-l	6	обст
2	повтоной	повтоный	A	A	Afpfsgf	3	опред
3	госпитализации	госпитализация	N	N	Ncfsgn	1	предл
4	в	в	S	S	Sp-l	3	атриб
5	НИИПК	ниипк	N	N	Npmsnn	4	предл
6	в	в	S	S	Sp-l	0	ROOT
7	1996	#год	M	M	Mc---d	8	опред
8	году	год	N	N	Ncmsnnl	6	предл
9	выполненарадикальная	выполненарадикальный	A	A	Afpfsnf	10	опред
10	корреция	корреция	N	N	Ncfsnn	12	предик
11	порока	порок	N	N	Ncmsgn	10	атриб
12	выявлен	выявить	V	V	Vmps-smpse	6	разъяснит
13	выраженный	выразить	V	V	Vmps-smpfpn	15	опред
14	резидуальный	резидуальный	A	A	Afpmsnf	15	опред
15	стеноз	стеноз	N	N	Ncmsnn	12	1-компл
16	КСЛА	ксла	N	N	Npnsgn	15	аппоз
17	,	,	,	,	,	16	PUNC
18	в	в	S	S	Sp-l	23	обст
19	2000	#год	M	M	Mc---d	20	опред
20	году	год	N	N	Ncmsnnl	18	предл
21	в	в	S	S	Sp-l	23	обст
22	НИИПК	ниипк	N	N	Npmsnn	21	предл
23	выполнена	выполнить	V	V	Vmps-sfpse	15	опред
24	двухкартная	двухкартный	A	A	Afpfsnf	26	опред
25	баллонная	баллонный	A	A	Afpfsnf	26	опред
26	дилатаци	дилатаци	N	N	Ncfsnn	23	1-компл
27	периферических	периферический	A	A	Afpmplf	28	опред
28	стенозов	стеноз	N	N	Ncmpgn	26	квазиагент
29	легочной	легочный	A	A	Afpfsgf	30	опред
30	артерии	артерия	N	N	Ncfpnn	12	сент-соч
31	-	-	-	-	-	30	PUNC
32	в	в	S	S	Sp-l	30	атриб
33	мае	#месяц	N	N	Ncmsln	32	предл
34	и	и	C	C	C	32	сочин
35	в	в	S	S	Sp-l	34	соч-союзн
36	октябре	#месяц	N	N	Ncmsln	35	предл
