1	В	в	S	S	Sp-l	6	обст
2	2006	#год	M	M	Mc---d	3	опред
3	году	год	N	N	Ncmsnnl	1	предл
4	в	в	S	S	Sp-l	6	обст
5	НИИПК	ниипк	N	N	Npmsnn	4	предл
6	выполнена	выполнить	V	V	Vmps-sfpse	0	ROOT
7	ангиопластика	ангиопластика	N	N	Ncfsnn	6	предик
8	правой	правый	A	A	Afpfsgf	11	опред
9	и	и	C	C	C	8	сочин
10	левой	левый	A	A	Afpfsgf	9	соч-союзн
11	легочныхартерий	легочныхартерия	N	N	Ncfpgn	7	квазиагент
12	,	,	,	,	,	11	PUNC
13	при	при	S	S	Sp-l	6	обст
14	попытке	попытка	N	N	Ncfsln	13	предл
15	имплантации	имплантация	N	N	Ncfsgn	14	1-компл
16	Palmaz-стента	palmaz-стент	N	N	Npmsgn	15	1-компл
17	в	в	S	S	Sp-a	6	3-компл
18	главную	главный	A	A	Afpfsaf	19	опред
19	ветвь	ветвь	N	N	Ncfsan	17	предл
20	правой	правый	A	A	Afpfsgf	22	опред
21	легочной	легочный	A	A	Afpfsgf	22	опред
22	артерии	артерия	N	N	Ncfpnn	6	1-компл
23	произошел	произойти	V	V	Vmis-sma-e	6	сочин
24	разрыв	разрыв	N	N	Ncmsan	23	предик
25	баллон-катетера	баллон-катетер	N	N	Ncmsgn	24	квазиагент
26	при	при	S	S	Sp-l	23	обст
27	неполном	неполный	A	A	Afpnslf	28	опред
28	расправлении	расправление	N	N	Ncnsln	26	предл
29	стента	стент	N	N	Ncmsgn	28	1-компл
30	,	,	,	,	,	29	PUNC
31	в	в	S	S	Sp-n	28	2-компл
32	связи	связь	N	N	Ncfsnnl	31	предл
33	с	с	S	S	Sp-i	32	1-компл
34	чем	что	P	P	P--nsin	33	предл
35	выполнена	выполнить	V	V	Vmps-sfpse	23	разъяснит
36	операция	операция	N	N	Ncfsnn	35	предик
37	удаления	удаление	N	N	Ncnsgn	36	квазиагент
38	инородного	инородный	A	A	Afpnsgf	39	опред
39	тела	тело	N	N	Ncnsgn	37	1-компл
40	из	из	S	S	Sp-g	37	2-компл
41	нижней	нижний	A	A	Afpfsgf	42	опред
42	полой	пола	N	N	Ncfsin	40	предл
43	вены	вена	N	N	Ncfpnn	36	аппоз
