1	Операции	операция	N	N	Ncfpnn	4	предик
2	,	,	,	,	,	1	PUNC
3	1999	#год	M	M	Mc---d	4	опред
4	год	год	N	N	Ncmsnn	0	ROOT
5	–	-	-	-	-	4	PUNC
6	операция	операция	N	N	Ncfsnn	4	разъяснит
7	на	на	S	S	Sp-l	6	атриб
8	прямой	прямой	A	A	Afpfsdf	9	опред
9	кишке	кишка	N	N	Ncfsdn	7	предл
10	по	по	S	S	Sp-d	6	атриб
11	поводу	повод	N	N	Ncmsdn	10	предл
12	онкологии	онкология	N	N	Ncfsgn	11	1-компл
13	,	,	,	,	,	12	PUNC
14	4	#число	M	M	Mc---d	15	количест
15	года	год	N	N	Ncmsgn	16	предл
16	назад	назад	R	R	R	0	ROOT
17	операция	операция	N	N	Ncfsnn	0	ROOT
18	по	по	S	S	Sp-d	17	атриб
19	поводу	повод	N	N	Ncmsdn	18	предл
20	спаечной	спаечный	A	A	Afpfsgf	21	опред
21	болезни	болезнь	N	N	Ncfsgn	19	1-компл
