1	Так	так	P	P	P-----r	5	вводн
2	же	же	Q	Q	Q	1	огранич
3	у	у	S	S	Sp-g	5	неакт-компл
4	пациента	пациент	N	N	Ncmsgy	3	предл
5	в	в	S	S	Sp-a	0	ROOT
6	течение	течение	N	N	Ncnsan	5	предл
7	нескольких	несколько	M	M	Mc--g	8	количест
8	лет	год	N	N	Ncmpgn	9	длительн
9	возникают	возникать	V	V	Vmip3p-a-p	5	сент-соч
10	пароксизмы	пароксизм	N	N	Ncmpnn	9	предик
11	ФП	фп	N	N	Npmsnn	10	аппоз
12	,	,	,	,	,	11	PUNC
13	до	до	S	S	Sp-g	9	2-компл
14	проведения	проведение	N	N	Ncnsgn	13	предл
15	стентирования	стентирование	N	N	Ncnsgn	14	1-компл
16	в	в	S	S	Sp-l	14	атриб
17	июле	#месяц	N	N	Ncmsln	16	предл
18	2010	#год	M	M	Mc---d	19	опред
19	г	город	N	N	Ncmsgn	17	атриб
20	пароксизмы	пароксизм	N	N	Ncmpnn	21	предик
21	были	быть	V	V	Vmis-p-a-p	0	ROOT
22	практически	практически	R	R	R	23	огранич
23	ежедневные	ежедневный	A	A	Afpmpnf	21	присвяз
24	,	,	,	,	,	23	PUNC
25	сейчас	сейчас	P	P	P-----r	26	обст
26	возникают	возникать	V	V	Vmip3p-a-p	21	сент-соч
27	с	с	S	S	Sp-i	26	2-компл
28	частотой	частота	N	N	Ncfsin	27	предл
29	несколько	несколько	M	M	Mc--a	30	количест
30	раз	раз	N	N	Ncmpgn	28	компл-аппоз
31	в	в	S	S	Sp-a	30	распред
32	месяц	месяц	N	N	Ncmsan	31	предл
