1	направлена	направить	V	V	Vmps-sfpse	0	ROOT
2	на	на	S	S	Sp-a	1	2-компл
3	плановую	плановый	A	A	Afpfsaf	4	опред
4	госпитализацию	госпитализация	N	N	Ncfsan	2	предл
5	в	в	S	S	Sp-a	1	обст
6	отделение	отделение	N	N	Ncnsan	5	предл
7	ХЛСНРС	хлснрс	N	N	Npmsnn	6	квазиагент
8	и	и	C	C	C	7	сочин
9	ЭКС	экс	N	N	Npmsnn	8	соч-союзн
10	,	,	,	,	,	9	PUNC
11	ГДЕ	где	P	P	P-----r	15	обст
12	в	в	S	S	Sp-l	15	обст
13	октябре	октябрь	N	N	Ncmsln	12	предл
14	месяце	месяц	N	N	Ncmsln	15	обст
15	выполнена	выполнить	V	V	Vmps-sfpse	1	2-компл
16	смена	смена	N	N	Ncfsnn	1	предик
17	на	на	S	S	Sp-a	16	1-компл
18	двухкамерный	двухкамерный	A	A	Afpmsaf	19	опред
19	ЭКС	<unknown>	-	-	-	17	предл
20	Байкал	байкал	N	N	Npmsan	19	аппоз

