1	С	с	S	S	Sp-l	4	обст
2	2005	#год	M	M	Mc---d	3	опред
3	года	год	N	N	Ncmsgn	1	предл
4	отмечате	отмечате	V	V	Vmip3s-m-e	0	ROOT
5	повышение	повышение	N	N	Ncnsnn	4	предик
6	АД	ад	N	N	Npfpgn	5	1-компл
7	до	до	S	S	Sp-g	4	обст
8	цифр	цифра	N	N	Ncfpgn	7	предл
9	170\90	#число	M	M	Mc---d	10	количест
10	мм.рт.ст	мм.рт.ст	N	N	Ncmsnn	4	предик
11	.	.	-	-	-	10	PUNC
12	,	,	,	,	,	10	PUNC
13	врачом	врач	N	N	Ncmsiy	10	разъяснит
14	по	по	S	S	Sp-d	13	атриб
15	месту	место	N	N	Ncnsdn	14	предл
16	жительства	жительство	N	N	Ncnsgn	15	квазиагент
17	была	быть	V	V	Vmis-sfa-p	4	разъяснит
18	назначена	назначить	V	V	Vmps-sfpse	17	пасс-анал
19	терапия	терапия	N	N	Ncfsnn	17	предик
20	Энапом-без	энапом-без	N	N	Ncmsnn	19	аппоз
21	эффекта	эффект	N	N	Ncmsgn	20	1-компл
22	,	,	,	,	,	21	PUNC
23	затем	затем	R	R	R	24	обст
24	была	быть	V	V	Vmis-sfa-p	17	сент-соч
25	заменена	заменить	V	V	Vmps-sfpse	24	пасс-анал
26	на	на	S	S	Sp-a	25	2-компл
27	терапию	терапия	N	N	Ncfsan	26	предл
28	диувером	диувер	N	N	Ncmsiy	27	сочин
29	и	и	C	C	C	28	сочин
30	клофелтном	клофелтное	N	N	Ncmsiy	29	соч-союзн
31	(	(	-	-	-	30	PUNC
32	отмечала	отмечать	V	V	Vmis-sfa-p	24	сочин
33	незначительный	незначительный	A	A	Afpmsaf	34	опред
34	эффект	эффект	N	N	Ncmsan	32	1-компл
35	)	)	-	-	-	34	PUNC
