1	В	в	S	S	Sp-l	4	обст
2	2006	#год	M	M	Mc---d	3	опред
3	году	год	N	N	Ncmsnnl	1	предл
4	стала	стать	V	V	Vmis-sfa-e	0	ROOT
5	отмечать	отмечать	V	V	Vmn----a-p	4	1-компл
6	появление	появление	N	N	Ncnsan	5	1-компл
7	одышки	одышка	N	N	Ncfsgn	6	квазиагент
8	при	при	S	S	Sp-l	5	обст
9	обычной	обычный	A	A	Afpfslf	11	опред
10	физической	физический	A	A	Afpfslf	11	опред
11	нагрузке	нагрузка	N	N	Ncfsln	8	предл
12	,	,	,	,	,	11	PUNC
13	эпизоды	эпизод	N	N	Ncmpnn	5	1-компл
14	неритмичного	неритмичный	A	A	Afpnsgf	15	опред
15	сердцебиения	сердцебиение	N	N	Ncnsgn	13	квазиагент
16	,	,	,	,	,	15	PUNC
17	списывала	списывать	V	V	Vmis-sfa-p	4	вводн
18	данные	данные	N	N	Ncmpan	17	предик
19	проявления	проявление	N	N	Ncnsgn	18	квазиагент
20	на	на	S	S	Sp-a	18	1-компл
21	переутомление	переутомление	N	N	Ncnsnn	20	предл
22	,	,	,	,	,	21	PUNC
23	самостоятельно	самостоятельно	R	R	R	24	обст
24	принимала	принимать	V	V	Vmis-sfa-p	4	1-компл
25	периодически	периодически	R	R	R	24	обст
26	валидол	валидол	N	N	Ncmsan	24	1-компл
27	,	,	,	,	,	26	PUNC
28	к	к	S	S	Sp-d	31	1-компл
29	врачам	врач	N	N	Ncmpdy	28	предл
30	не	не	Q	Q	Q	31	огранич
31	обращалась	обращаться	V	V	Vmis-sfm-p	24	сент-соч
