1	В	в	S	S	Sp-l	4	обст
2	течении	течение	N	N	Ncnsln	1	предл
3	месяца	месяц	N	N	Ncmsgn	2	квазиагент
4	проходила	проходить	V	V	Vmis-sfa-p	0	ROOT
5	лечение-	лечение-	-	-	-	4	предик
6	без	без	S	S	Sp-g	4	обст
7	эффекта	эффект	N	N	Ncmsgn	6	предл
8	,	,	,	,	,	7	PUNC
9	в	в	S	S	Sp-l	4	обст
10	феврале	#месяц	N	N	Ncmsln	9	предл
11	2009	#год	M	M	Mc---d	12	опред
12	года	год	N	N	Ncmsgn	10	атриб
13	переведена	перевести	V	V	Vmps-sfpse	4	сочин
14	в	в	S	S	Sp-l	13	3-компл
15	НИИ	нии	N	N	Npmsln	14	предл
16	Кардиологии	кардиология	N	N	Npfsgn	15	1-компл
17	для	для	S	S	Sp-g	15	атриб
18	выбора	выбор	N	N	Ncmsgn	17	предл
19	тактики	тактика	N	N	Ncfsgn	18	1-компл
20	дальнейшего	дальнейший	A	A	Afpnsgf	21	опред
21	лечения	лечение	N	N	Ncnsgn	19	1-компл
22	,	,	,	,	,	21	PUNC
23	где	где	P	P	P-----r	24	обст
24	был	быть	V	V	Vmis-sma-p	4	разъяснит
25	выставлен	выставить	V	V	Vmps-smpse	24	пасс-анал
26	Диагноз	диагноз	N	N	Npmsnn	24	предик
27	,	,	,	,	,	26	PUNC
28	РБС	рбс	N	N	Npmsnn	26	аппоз
29	,	,	,	,	,	28	PUNC
30	сложный	сложный	A	A	Afpmsnf	31	опред
31	порок	порок	N	N	Ncmsnn	26	об-аппоз
32	митрального	митральный	A	A	Afpmsgf	33	опред
33	клапана	клапан	N	N	Ncmsgn	31	квазиагент
