1	обратилась	обратиться	V	V	Vmis-sfm-e	0	ROOT
2	в	в	S	S	Sp-a	1	1-компл
3	диспансер	диспансер	N	N	Ncmsan	2	предл
4	только	только	Q	Q	Q	5	огранич
5	утром	утро	N	N	Ncnsin	3	атриб
6	22.10.10	@card@	M	M	Mc---d	7	опред
7	г	город	N	N	Ncmsgn	5	атриб
8	.	.	-	-	-	7	PUNC
9	,	,	,	,	,	7	PUNC
10	где	где	P	P	P-----r	11	обст
11	был	быть	V	V	Vmis-sma-p	1	разъяснит
12	зафиксирован	зафиксировать	V	V	Vmps-smpse	11	пасс-анал
13	ПФП	пфп	N	N	Npmsnn	11	предик
14	,	,	,	,	,	13	PUNC
15	откуда	откуда	P	P	P-----r	17	обст
16	пациентка	пациентка	N	N	Ncfsny	17	предик
17	была	быть	V	V	Vmis-sfa-p	11	сент-соч
18	экстренно	экстренно	R	R	R	19	обст
19	доставлена	доставить	V	V	Vmps-sfpse	17	пасс-анал
20	в	в	S	S	Sp-a	19	2-компл
21	приемное	приемный	A	A	Afpnsaf	22	опред
22	отделение	отделение	N	N	Ncnsan	20	предл
23	НИИ	нии	N	N	Npmsgn	17	предик
24	Кардиологии	кардиология	N	N	Npfsgn	23	1-компл

