1	В	в	S	S	Sp-l	4	обст
2	1972	#год	M	M	Mc---d	3	опред
3	году	год	N	N	Ncmsnnl	1	предл
4	перенес	перенести	V	V	Vmis-sma-e	0	ROOT
5	травму	травма	N	N	Ncfsan	4	1-компл
6	головного	головной	A	A	Afpmsgf	7	опред
7	мозга	мозг	N	N	Ncmsgn	5	квазиагент
8	,	,	,	,	,	7	PUNC
9	после	после	S	S	Sp-g	11	обст
10	чего	что	P	P	P--nsgn	9	предл
11	была	быть	V	V	Vmis-sfa-p	4	разъяснит
12	операция	операция	N	N	Ncfsnn	11	предик
13	на	на	S	S	Sp-l	12	атриб
14	черепе	череп	N	N	Ncmsln	13	предл
15	,	,	,	,	,	14	PUNC
16	установлена	установить	V	V	Vmps-sfpse	12	опред
17	пластина	пластина	N	N	Ncfsnn	16	1-компл
18	в	в	S	S	Sp-a	16	2-компл
19	правую	правый	A	A	Afpfsaf	21	опред
20	теменную	теменной	A	A	Afpfsaf	21	опред
21	область	область	N	N	Ncfsan	18	предл
