1	Выписана	выписать	V	V	Vmps-sfpse	0	ROOT
2	20.10.10	#пдата	M	M	Mc---d	3	опред
3	г	город	N	N	Ncmsgn	1	1-компл
4	с	с	S	S	Sp-i	1	обст
5	рекомендациями	рекомендация	N	N	Ncfpin	4	предл
6	на	на	S	S	Sp-a	5	1-компл
7	постоянный	постоянный	A	A	Afpmsaf	8	опред
8	прием	прием	N	N	Ncmsan	6	предл
9	-	-	-	-	-	8	PUNC
10	амлодипин	амлодипин	N	N	Ncmsny	1	предик
11	5	#число	M	M	Mc---d	12	количест
12	мг/сут	сутки	N	N	Ncnsan	14	предик
13	,	,	,	,	,	12	PUNC
14	кардиомагнил	кардиомагнить	V	V	Vmis-sma-e	0	ROOT
15	75	#число	M	M	Mc---d	16	количест
16	мг/сут	сутки	N	N	Ncmsnn	14	длительн
17	,	,	,	,	,	16	PUNC
18	конкор	конкор	N	N	Ncmsnn	16	разъяснит
19	2.5	#число	M	M	Mc---d	18	нум-аппоз
20	мг/сут	мг/сут	-	-	-	18	атриб
