1	Данное	данный	P	P	P--nsna	2	опред
2	ухудшение	ухудшение	N	N	Ncnsnn	9	предик
3	с	с	S	S	Sp-i	2	атриб
4	11,00	#число	M	M	Mc---d	6	опред
5	21.10.2010	#пдата	M	M	Mc---d	4	кратн
6	г	город	N	N	Ncmsgn	3	предл
7	.	.	-	-	-	6	аппоз
8	,	,	,	,	,	7	PUNC
9	обратилась	обратиться	V	V	Vmis-sfm-e	0	ROOT
10	в	в	S	S	Sp-a	9	1-компл
11	диспансер	диспансер	N	N	Ncmsan	10	предл
12	только	только	Q	Q	Q	13	огранич
13	утром	#времясуток	N	N	Ncnsin	11	атриб
14	22.10.10	#пдата	M	M	Mc---d	15	опред
15	г	город	N	N	Ncmsgn	13	атриб
16	.	.	-	-	-	15	PUNC
17	,	,	,	,	,	15	PUNC
18	где	где	P	P	P-----r	19	обст
19	был	быть	V	V	Vmis-sma-p	9	разъяснит
20	зафиксирован	зафиксировать	V	V	Vmps-smpse	19	пасс-анал
21	ПФП	пфп	N	N	Npmsnn	19	предик
22	,	,	,	,	,	21	PUNC
23	откуда	откуда	P	P	P-----r	25	обст
24	пациентка	пациентка	N	N	Ncfsny	25	предик
25	была	быть	V	V	Vmis-sfa-p	19	сент-соч
26	экстренно	экстренно	R	R	R	27	обст
27	доставлена	доставить	V	V	Vmps-sfpse	25	пасс-анал
28	в	в	S	S	Sp-a	27	2-компл
29	приемное	приемный	A	A	Afpnsaf	30	опред
30	отделение	отделение	N	N	Ncnsan	28	предл
31	НИИ	нии	N	N	Npmsgn	25	предик
32	Кардиологии	кардиология	N	N	Npfsgn	31	1-компл
