1	По	по	S	S	Sp-l	7	вводн
2	ЭхоКГ	эхокг	N	N	Npnsln	1	предл
3	(	(	-	-	-	2	PUNC
4	I/2010	I/2010	-	-	-	2	примыкат
5	)	)	-	-	-	4	PUNC
6	–	-	-	-	-	4	PUNC
7	появилась	появиться	V	V	Vmis-sfm-e	0	ROOT
8	зона	зона	N	N	Ncfsnn	7	предик
9	гипокинеза	гипокинез	N	N	Ncmsgn	8	квазиагент
10	перегородочного	перегородочный	A	A	Afpmsgf	13	опред
11	и	и	C	C	C	10	сочин
12	переднего	передний	A	A	Afpmsgf	11	соч-союзн
13	сегмента	сегмент	N	N	Ncmsgn	9	квазиагент
14	верхушки	верхушка	N	N	Ncfsgn	13	квазиагент
15	,	,	,	,	,	14	PUNC
16	снизилась	снизиться	V	V	Vmis-sfm-e	7	сент-соч
17	ФВ	фв	N	N	Npfsan	16	предик
18	до	до	S	S	Sp-l	16	сент-соч
19	50	#число	M	M	Mc---d	20	количест
20	%	%	-	-	-	18	предл
21	,	,	,	,	,	20	PUNC
22	немного	немного	R	R	R	23	огранич
23	увеличилась	увеличиться	V	V	Vmis-sfm-e	18	сент-соч
24	дилатация	дилатация	N	N	Ncfsnn	23	предик
25	полостей	полость	N	N	Ncfpgn	24	квазиагент
