1	Болен	больной	A	A	Afpmsns	0	ROOT
2	с	с	S	S	Sp-i	1	1-компл
3	2007	#год	M	M	Mc---d	4	опред
4	года	год	N	N	Ncmsgn	2	предл
5	,	,	,	,	,	4	PUNC
6	когда	когда	C	C	C	1	предик
7	после	после	S	S	Sp-g	15	обст
8	перенесенной	перенесенный	A	A	Afpfsgf	10	опред
9	вирусной	вирусный	A	A	Afpfsgf	10	опред
10	инфекции	инфекция	N	N	Ncfsgn	7	предл
11	в	в	S	S	Sp-l	7	сочин
12	апреле	#месяц	N	N	Ncmsln	11	предл
13	2007	#год	M	M	Mc---d	14	опред
14	года	год	N	N	Ncmsgn	12	атриб
15	стали	стать	V	V	Vmis-p-a-e	6	подч-союзн
16	беспокоить	беспокоить	V	V	Vmn----a-p	15	1-компл
17	постоянные	постоянный	A	A	Afpmpnf	18	опред
18	боли	боль	N	N	Ncfpnn	16	1-компл
19	в	в	S	S	Sp-l	16	обст
20	левой	левый	A	A	Afpfslf	21	опред
21	половине	половина	N	N	Ncfsln	19	предл
22	грудной	грудной	A	A	Afpfsgf	23	опред
23	клетки	клетка	N	N	Ncfsgn	21	квазиагент
24	,	,	,	,	,	23	PUNC
25	не	не	Q	Q	Q	26	огранич
26	связанные	связать	V	V	Vmps-p-pfen	30	1-компл
27	с	с	S	S	Sp-g	26	2-компл
28	ФН	фн	N	N	Npmsgn	27	предл
29	,	,	,	,	,	28	PUNC
30	появилась	появиться	V	V	Vmis-sfm-e	1	сент-соч
31	одышка	одышка	N	N	Ncfsnn	30	предик
32	при	при	S	S	Sp-l	30	обст
33	ходьбе	ходьба	N	N	Ncfsln	32	предл
34	,	,	,	,	,	33	PUNC
35	в	в	S	S	Sp-l	30	обст
36	горизонтальном	горизонтальный	A	A	Afpnslf	37	опред
37	положении	положение	N	N	Ncnsln	35	предл
