1	Считает	считать	V	V	Vmip3s-a-p	0	ROOT
2	себя	себя	P	P	P----an	1	1-компл
3	больным	больной	N	N	Ncmsiy	1	2-компл
4	с	с	S	S	Sp-l	1	обст
5	2004	#год	M	M	Mc---d	6	опред
6	года	год	N	N	Ncmsgn	4	предл
7	,	,	,	,	,	6	PUNC
8	когда	когда	C	C	C	1	обст
9	впервые	впервые	R	R	R	10	обст
10	стал	стать	V	V	Vmis-sma-e	8	подч-союзн
11	отмечать	отмечать	V	V	Vmn----a-p	10	1-компл
12	появление	появление	N	N	Ncnsan	11	1-компл
13	давящих	давящий	A	A	Afpmpgf	14	опред
14	болей	боль	N	N	Ncfpgn	12	квазиагент
15	за	за	S	S	Sp-i	14	1-компл
16	грудиной	грудина	N	N	Ncfsin	15	предл
17	без	без	S	S	Sp-g	12	атриб
18	иррадиации	иррадиация	N	N	Ncfsgn	17	предл
19	,	,	,	,	,	18	PUNC
20	купирующиеся	купирующиеся	V	V	Vmps-p-mfpn	12	опред
21	прекращением	прекращение	N	N	Ncnsin	20	1-компл
22	нагрузки	нагрузка	N	N	Ncfsgn	21	1-компл
23	в	в	S	S	Sp-l	21	атриб
24	течении	течение	N	N	Ncnsln	23	предл
25	3-5	#число	M	M	Mc---d	26	количест
26	минут	минута	N	N	Ncfpgn	21	1-компл
