1	26.05.2010	#пдата	M	M	Mc---d	4	обст
2	с	с	S	S	Sp-g	4	обст
3	утра	#времясуток	N	N	Ncnsgn	2	предл
4	почувствовал	почувствовать	V	V	Vmis-sma-e	0	ROOT
5	начало	начало	N	N	Ncnsan	4	1-компл
6	очередного	очередной	A	A	Afpmsgf	7	опред
7	приступа	приступ	N	N	Ncmsgn	5	квазиагент
8	аритмии	аритмия	N	N	Ncfsgn	7	квазиагент
9	-принял	принять	A	A	Afpfsgf	10	опред
10	2таблетки	#число	N	N	Ncfsgn	8	1-компл
11	пропанорма	пропанорм	N	N	Ncmsgn	10	квазиагент
12	,	,	,	,	,	11	PUNC
13	затем	затем	R	R	R	16	обст
14	в	в	S	S	Sp-l	16	обст
15	16.00	#чдата	M	M	Mc---d	14	предл
16	вызвал	вызвать	V	V	Vmis-sma-e	4	сент-соч
17	бСМП	бсмп	N	N	Ncmsnn	16	предик
18	,	,	,	,	,	17	PUNC
19	которая	который	P	P	P--fsna	21	предик
20	в\в	в\в	V	V	Vmgs---a-p	21	обст
21	ввела	ввести	V	V	Vmis-sfa-e	17	релят
22	Новокаинамид-без	без	N	N	Ncmsnn	21	1-компл
23	эффекта	эффект	N	N	Ncmsgn	22	квазиагент
24	Второй	второй	M	M	Momsn	25	опред
25	раз	раз	N	N	Ncmsnn	26	обст
26	вызвал	вызвать	V	V	Vmis-sma-e	16	сент-соч
27	бСМП	бсмп	N	N	Ncmsnn	26	1-компл
28	в	в	S	S	Sp-l	26	3-компл
29	01-00	#число	M	M	Mc---d	28	предл
30	,	,	,	,	,	29	PUNC
31	был	быть	V	V	Vmis-sma-p	26	1-компл
32	доставлен	доставить	V	V	Vmps-smpse	31	пасс-анал
33	в	в	S	S	Sp-a	32	2-компл
34	приемное	приемный	A	A	Afpnsaf	35	опред
35	отделение	отделение	N	N	Ncnsan	33	предл
36	НИИ	нии	N	N	Npmsgn	31	предик
37	Кардиологии	кардиология	N	N	Npfsgn	36	1-компл
