1	В	в	S	S	Sp-l	8	обст
2	2005	@card@	M	M	Mc---d	3	опред
3	году	год	N	N	Ncmsnnl	1	предл
4	очередной	очередной	A	A	Afpmsnf	5	опред
5	приступ	приступ	N	N	Ncmsnn	8	предик
6	аритмии	аритмия	N	N	Ncfsgn	5	квазиагент
7	не	не	Q	Q	Q	8	огранич
8	купировался	купироваться	V	V	Vmis-smm-p	0	ROOT
9	,	,	,	,	,	8	PUNC
10	бСМП	бсмп	N	N	Ncmsnn	11	предик
11	был	быть	V	V	Vmis-sma-p	8	разъяснит
12	доставлен	доставить	V	V	Vmps-smpse	11	пасс-анал
13	в	в	S	S	Sp-l	12	2-компл
14	НИИ	нии	N	N	Npmsln	13	предл
15	Кардиологии	кардиология	N	N	Npfsgn	14	1-компл
16	,	,	,	,	,	15	PUNC
17	где	где	P	P	P-----r	18	обст
18	проводилось	проводиться	V	V	Vmis-snm-p	11	сент-соч
19	лечение	лечение	N	N	Ncnsnn	18	предик
20	,	,	,	,	,	19	PUNC
21	ВСЭФИ	всэфи	N	N	Npfsnn	19	сочин
22	и	и	C	C	C	21	сочин
23	РЧА	рча	N	N	Npfsnn	22	соч-союзн
24	MAZE	<unknown>	-	-	-	23	аппоз