1	В	в	S	S	Sp-l	4	обст
2	2009	#год	M	M	Mc---d	3	опред
3	году	год	N	N	Ncmsnnl	1	предл
4	стал	стать	V	V	Vmis-sma-e	0	ROOT
5	отмечать	отмечать	V	V	Vmn----a-p	4	1-компл
6	вновь	вновь	R	R	R	5	обст
7	появление	появление	N	N	Ncnsnn	5	1-компл
8	приступов	приступ	N	N	Ncmpgn	7	квазиагент
9	учащенного	учащенный	A	A	Afpnsgf	12	опред
10	,	,	,	,	,	9	PUNC
11	неритмичного	неритмичный	A	A	Afpnsgf	12	опред
12	сердцебиения	сердцебиение	N	N	Ncnsgn	8	квазиагент
13	,	,	,	,	,	12	PUNC
14	которые	который	P	P	P---pna	15	предик
15	купировались	купировалиться	V	V	Vmis-p-m-p	4	сент-соч
16	в\в	\в	N	N	Ncmsin	15	обст
17	введением	введение	N	N	Ncnsin	15	1-компл
18	Новокаинамида	новокаинамид	N	N	Npmsgn	17	1-компл
19	,	,	,	,	,	18	PUNC
20	стал	стать	V	V	Vmis-sma-e	15	сочин
21	отмечать	отмечать	V	V	Vmn----a-p	20	1-компл
22	появление	появление	N	N	Ncnsan	21	1-компл
23	одышки	одышка	N	N	Ncfsgn	22	квазиагент
24	,	,	,	,	,	23	PUNC
25	стали	стать	V	V	Vmis-p-a-e	20	сочин
26	отекать	отекать	V	V	Vmn----a-p	25	1-компл
27	ноги	нога	N	N	Ncfpan	26	1-компл
28	до	до	S	S	Sp-g	26	2-компл
29	средней	средний	A	A	Afpfsgf	30	опред
30	1\3	#число	-	-	-	28	предл
31	голени	голень	N	N	Ncfsgn	30	атриб
