1	В	в	S	S	Sp-l	4	1-компл
2	2008	#год	M	M	Mc---d	3	опред
3	году	год	N	N	Ncmsnnl	1	предл
4	находился	находиться	V	V	Vmis-smm-p	0	ROOT
5	на	на	S	S	Sp-l	4	обст
6	лечении	лечение	N	N	Ncnsln	5	предл
7	в	в	S	S	Sp-l	4	обст
8	отделении	отделение	N	N	Ncnsln	7	предл
9	НРС	нрс	N	N	Npmsnn	4	предик
10	,	,	,	,	,	9	PUNC
11	где	где	P	P	P-----r	12	обст
12	проведено	провести	V	V	Vmps-snpse	9	опред
13	оперативное	оперативный	A	A	Afpnsnf	14	опред
14	лечение	лечение	N	N	Ncnsnn	12	1-компл
15	внутрипредсердной	внутрипредсердный	A	A	Afpfsgf	16	опред
16	тахикардии	тахикардия	N	N	Ncfsgn	14	1-компл
17	,	,	,	,	,	16	PUNC
18	после	после	R	R	R	21	обст
19	операционное	операционный	A	A	Afpnsaf	20	опред
20	лечение	лечение	N	N	Ncnsan	21	предик
21	протекало	протекать	V	V	Vmis-sna-p	4	разъяснит
22	гладко	гладкий	A	A	Afpnsns	21	обст
23	,	,	,	,	,	22	PUNC
24	до	до	S	S	Sp-g	21	обст
25	весны	#сезон	N	N	Ncfsgn	24	предл
26	2010	#год	M	M	Mc---d	27	опред
27	года	год	N	N	Ncmsgn	25	атриб
28	НРС	нрс	N	N	Npmsnn	30	1-компл
29	не	не	Q	Q	Q	30	огранич
30	отмечал	отмечать	V	V	Vmis-sma-p	21	сент-соч
