1	Красноярска	красноярск	N	N	Npmsgn	3	вводн
2	д-з	д-з	-	-	-	1	аппоз
3	о	о	S	S	Sp-a	0	ROOT
4	повторный	повторный	A	A	Afpmsaf	6	опред
5	трансмуральный	трансмуральный	A	A	Afpmsaf	6	опред
6	и.м	и.	N	N	Ncfpgn	3	предл
7	от	от	S	S	Sp-l	3	сочин
8	25.02.07	#пдата	M	M	Mc---d	9	опред
9	г	г	N	N	Ncmsnnl	7	предл
10	.	.	-	-	-	9	PUNC
11	,	,	,	,	,	9	PUNC
12	где	где	P	P	P-----r	13	обст
13	было	быть	V	V	Vmis-sna-p	0	ROOT
14	выполнено	выполнить	V	V	Vmps-snpse	13	пасс-анал
15	ЧТКА	ЧТКА	C	C	C	18	огранич
16	ПМЖВ	пмжв	N	N	Npnsnn	18	эллипт
17	,	,	,	,	,	16	PUNC
18	в	в	S	S	Sp-a	14	обст
19	течение	течение	N	N	Ncnsan	18	предл
20	госпитализации	госпитализация	N	N	Ncfsgn	19	квазиагент
21	часто	часто	R	R	R	22	обст
22	рецидивировали	рецидивировать	V	V	Vmis-p-a-p	13	предик
23	пароксизмы	пароксизм	N	N	Ncmpnn	22	1-компл
24	ФП	фп	N	N	Npmsnn	23	квазиагент
