1	В	в	S	S	Sp-l	5	обст
2	августе	#месяц	N	N	Ncmsln	1	предл
3	2006	#год	M	M	Mc---d	4	опред
4	года	год	N	N	Ncmsgn	2	атриб
5	развился	развиться	V	V	Vmis-smm-e	0	ROOT
6	стойкий	стойкий	A	A	Afpmsnf	7	опред
7	пароксизм	пароксизм	N	N	Ncmsnn	5	предик
8	ТП	тп	-	-	-	7	аппоз
9	,	,	,	,	,	8	PUNC
10	находился	находиться	V	V	Vmis-smm-p	5	сочин
11	на	на	S	S	Sp-l	10	1-компл
12	лечении	лечение	N	N	Ncnsln	11	предл
13	в	в	S	S	Sp-l	10	обст
14	ОНРС	онрс	N	N	Npmsnn	13	предл
15	,	,	,	,	,	14	PUNC
16	после	после	S	S	Sp-g	19	обст
17	насыщения	насыщение	N	N	Ncnsgn	16	предл
18	кордароном	кордарон	N	N	Ncmsin	17	1-компл
19	восстановился	восстановиться	V	V	Vmis-smm-e	10	сочин
20	СР	ср	-	-	-	19	PUNC
