1	Больной	больная	N	N	Ncfsdy	3	дат-субъект
2	себя	себя	P	P	P----an	3	опред
3	считате	считать	N	N	Ncmsln	0	ROOT
4	с	с	S	S	Sp-l	3	атриб
5	2007	#год	M	M	Mc---d	6	опред
6	года	год	N	N	Ncmsgn	4	предл
7	,	,	,	,	,	6	PUNC
8	когда	когда	C	C	C	3	обст
9	впревые	впревые	R	R	R	10	обст
10	стала	стать	V	V	Vmis-sfa-e	8	подч-союзн
11	отмечать	отмечать	V	V	Vmn----a-p	10	1-компл
12	появление	появление	N	N	Ncnsan	11	1-компл
13	приступов	приступ	N	N	Ncmpgn	12	квазиагент
14	учащенного	учащенный	A	A	Afpnsgf	17	опред
15	,	,	,	,	,	14	PUNC
16	неритмичного	неритмичный	A	A	Afpnsgf	17	опред
17	сердцебиения	сердцебиение	N	N	Ncnsgn	13	квазиагент
18	,	,	,	,	,	17	PUNC
19	котрые	который	P	P	P---paa	20	1-компл
20	возникали	возникать	V	V	Vmis-p-a-p	3	сент-соч
21	редко	редко	R	R	R	20	обст
22	(	(	-	-	-	21	PUNC
23	1-2	#число	M	M	Mc---d	24	количест
24	приступа	приступ	N	N	Ncmsgn	20	предик
25	в	в	S	S	Sp-l	20	2-компл
26	3-4	#число	M	M	Mc---d	27	количест
27	месяца	месяц	N	N	Ncmsgn	25	предл
28	)	)	-	-	-	27	PUNC
29	,	,	,	,	,	27	PUNC
30	купировались	купировать	A	A	Afpmsnf	31	опред
31	бСМП	бсмп	N	N	Ncmsnn	20	предик
32	в\в	\в	N	N	Ncmpgy	31	квазиагент
33	ведением	ведение	N	N	Ncnsin	31	сочин
34	кордарона	кордарон	N	N	Ncmsgn	33	1-компл
