1	Приступ	приступ	N	N	Ncmsnn	15	1-компл
2	неритмичного	неритмичный	A	A	Afpnsgf	15	предик
3	,	,	,	,	,	2	PUNC
4	учащенного	учащенный	A	A	Afpnsgf	5	опред
5	сердцебиения	сердцебиение	N	N	Ncnsgn	6	1-компл
6	беспокоит	беспокоить	V	V	Vmip3s-a-p	2	примыкат
7	с	с	S	S	Sp-l	6	обст
8	8,00	#число	M	M	Mc---d	9	опред
9	утра	#времясуток	N	N	Ncnsgn	7	предл
10	28.10.2010	#пдата	M	M	Mc---d	11	опред
11	г	город	N	N	Ncmsgn	9	атриб
12	.	.	-	-	-	11	PUNC
13	,	,	,	,	,	11	PUNC
14	самостоятельно	самостоятельно	R	R	R	15	обст
15	обратилась	обратиться	V	V	Vmis-sfm-e	0	ROOT
16	в	в	S	S	Sp-a	15	2-компл
17	диспансер	диспансер	N	N	Ncmsan	16	предл
18	НИИ	нии	N	N	Npmsgn	15	предик
19	Кардиологии	кардиология	N	N	Npfsgn	18	1-компл
20	,	,	,	,	,	19	PUNC
21	зафиксирован	зафиксировать	V	V	Vmps-smpse	18	опред
22	пароксизм	пароксизм	N	N	Ncmsnn	21	1-компл
23	фибрилляции	фибрилляция	N	N	Ncfsgn	22	квазиагент
24	предсердий	предсердие	N	N	Ncfpgn	23	квазиагент
25	,	,	,	,	,	24	PUNC
26	откуда	откуда	P	P	P-----r	28	обст
27	экстренно	экстренно	R	R	R	28	обст
28	была	быть	V	V	Vmis-sfa-p	15	разъяснит
29	направлена	направить	V	V	Vmps-sfpse	28	пасс-анал
30	в	в	S	S	Sp-a	29	2-компл
31	приемное	приемный	A	A	Afpnsaf	32	опред
32	отделение	отделение	N	N	Ncnsan	30	предл
