1	Считает	считать	V	V	Vmip3s-a-p	0	ROOT
2	себя	себя	P	P	P----an	1	1-компл
3	больным	больной	N	N	Ncmsiy	1	2-компл
4	в	в	S	S	Sp-a	1	обст
5	течение	течение	N	N	Ncnsan	4	предл
6	5	#число	M	M	Mc---d	7	количест
7	лет	год	N	N	Ncmpgn	1	1-компл
8	,	,	,	,	,	7	PUNC
9	когда	когда	C	C	C	1	обст
10	повысилось	повыситься	V	V	Vmis-snm-e	9	подч-союзн
11	АД	ад	N	N	Npmsnn	10	предик
12	до	до	S	S	Sp-l	10	обст
13	230/140	#число	M	M	Mc---d	14	количест
14	мм.рт.ст	мм.рт.ст	N	N	Ncfpgn	12	предл
15	.	.	-	-	-	14	PUNC
16	,	,	,	,	,	14	PUNC
17	сопровождающееся	сопровождаться	V	V	Vmpp-snmfpn	14	опред
18	выраженной	выраженный	A	A	Afpfsif	20	опред
19	головной	головной	A	A	Afpfsif	20	опред
20	болью	боль	N	N	Ncfsin	17	1-компл
21	,	,	,	,	,	20	PUNC
22	головокружением	головокружение	N	N	Ncnsin	20	сочин
23	,	,	,	,	,	22	PUNC
24	шумом	шум	N	N	Ncmsin	22	сочин
25	в	в	S	S	Sp-l	24	атриб
26	ушах	ухо	N	N	Ncnpln	25	предл
