1	Сахарный	сахарный	A	A	Afpmsnf	2	опред
2	диабет	диабет	N	N	Ncmsnn	6	предик
3	1	#число	M	M	Mc---d	4	опред
4	типа	тип	N	N	Ncmsgn	2	атриб
5	,	,	,	,	,	4	PUNC
6	диагностирован	диагностировать	V	V	Vmps-smpse	0	ROOT
7	более	много	M	M	Mc	6	1-компл
8	20	#число	M	M	Mc---d	9	количест
9	лет	год	N	N	Ncmpgn	7	сравнит
10	назад	назад	R	R	R	6	2-компл
11	,	,	,	,	,	10	PUNC
12	соблюдает	соблюдать	V	V	Vmip3s-a-p	6	сочин
13	диету	диета	N	N	Ncfsan	12	1-компл
14	,	,	,	,	,	13	PUNC
15	инсулинотерапия	инсулинотерапия	N	N	Ncfsnn	16	предик
16	корригирована	корригировать	V	V	Vmps-sfpse	12	сочин
17	в	в	S	S	Sp-l	16	обст
18	эндокринологическом	эндокринологический	A	A	Afpnslf	19	опред
19	отделении	отделение	N	N	Ncnsln	17	предл
20	ОКБ	окб	N	N	Npnsgn	19	квазиагент
