1	Больным	больной	N	N	Ncmpdy	3	2-компл
2	себя	себя	P	P	P----an	3	1-компл
3	считает	считать	V	V	Vmip3s-a-p	0	ROOT
4	в	в	S	S	Sp-l	3	обст
5	течении	течение	N	N	Ncnsln	4	предл
6	5	@card@	M	M	Mc---d	8	количест
7	последних	последний	A	A	Afpmpgf	8	опред
8	лет	год	N	N	Ncmpgn	3	1-компл
9	,	,	,	,	,	8	PUNC
10	когда	когда	C	C	C	3	обст
11	впервые	впервые	R	R	R	12	обст
12	стал	стать	V	V	Vmis-sma-e	10	подч-союзн
13	отмечать	отмечать	V	V	Vmn----a-p	12	1-компл
14	появление	появление	N	N	Ncnsan	13	1-компл
15	давящих	давящий	A	A	Afpmpgf	16	опред
16	болей	боль	N	N	Ncfpgn	14	квазиагент
17	за	за	S	S	Sp-i	16	1-компл
18	грудиной	грудина	N	N	Ncfsin	17	предл
19	с	с	S	S	Sp-i	18	атриб
20	иррадиацией	иррадиация	N	N	Ncfsin	19	предл
21	в	в	S	S	Sp-a	14	1-компл
22	правую	правый	A	A	Afpfsaf	23	опред
23	руку	рука	N	N	Ncfsan	21	предл
24	,	,	,	,	,	23	PUNC
25	возникающих	возникать	V	V	Vmpp-p-afpg	23	опред
26	при	при	S	S	Sp-l	25	обст
27	обычной	обычный	A	A	Afpfslf	29	опред
28	физической	физический	A	A	Afpfslf	29	опред
29	нагрузке	нагрузка	N	N	Ncfsln	26	предл

