1	к	к	S	S	Sp-l	4	вводн
2	2007	@card@	M	M	Mc---d	3	опред
3	г	г	N	N	Ncmsnnl	1	предл
4	сформировалась	сформироваться	V	V	Vmis-sfm-e	0	ROOT
5	МК	мк	-	-	-	4	предик
6	недостаточность	недостаточность	N	N	Ncfsnn	5	предик
7	2	@card@	M	M	Mc---d	6	атриб
8	ст	столовый	A	A	Afpfpgf	7	атриб
9	,	,	,	,	,	8	PUNC
10	ФВ	фв	N	N	Npmsny	4	разъяснит
11	снизиласьд	снизиласьд	N	N	Ncmsny	10	аппоз
12	о	о	S	S	Sp-l	4	3-компл
13	48	@card@	M	M	Mc---d	14	количест
14	%	%	-	-	-	12	предл
15	,	,	,	,	,	14	PUNC
16	к	к	S	S	Sp-l	19	вводн
17	2009	@card@	M	M	Mc---d	18	опред
18	г	г	N	N	Ncmsnnl	16	предл
19	ФВ	фв	N	N	Npmsny	14	разъяснит
20	40	@card@	M	M	Mc---d	21	количест
21	%	%	-	-	-	19	предл
22	,	,	,	,	,	21	PUNC
23	расширен	расширить	V	V	Vmps-smpse	19	опред
24	ЛЖ	лж	N	N	Npmsnn	23	1-компл
25	,	,	,	,	,	24	PUNC
26	появились	появиться	V	V	Vmis-p-m-e	4	сочин
27	перебои	перебой	N	N	Ncmpnn	26	предик
28	в	в	S	S	Sp-l	27	атриб
29	работе	работа	N	N	Ncfsln	28	предл
30	сердца	сердце	N	N	Ncnsgn	29	квазиагент

