1	В	в	S	S	Sp-l	7	обст
2	2003	@card@	M	M	Mc---d	3	опред
3	г	г	N	N	Ncmsnnl	1	предл
4	случайно	случайно	R	R	R	7	обст
5	на	на	S	S	Sp-l	7	обст
6	медосмотре	медосмотр	N	N	Ncmsln	5	предл
7	выявлен	выявить	V	V	Vmps-smpse	0	ROOT
8	шум	шум	N	N	Ncmsnn	7	1-компл
9	в	в	S	S	Sp-l	7	обст
10	сердце	сердце	N	N	Ncnsln	9	предл
11	,	,	,	,	,	10	PUNC
12	была	быть	V	V	Vmis-sfa-p	7	сочин
13	направлена	направить	V	V	Vmps-sfpse	12	пасс-анал
14	на	на	S	S	Sp-a	13	2-компл
15	УЗИ	узи	N	N	Ncnsan	14	предл
16	,	,	,	,	,	15	PUNC
17	где	где	P	P	P-----r	18	обст
18	выявлена	выявить	V	V	Vmps-sfpse	12	сочин
19	МК	мк	N	N	Npmsnn	18	1-компл
20	регургитация	регургитация	N	N	Ncfsnn	18	сочин
21	1	@card@	M	M	Mc---d	20	нум-аппоз
22	ст	столовый	A	A	Afpfpgf	20	сочин
23	,	,	,	,	,	22	PUNC
24	АРХ	арх	N	N	Npmsny	22	сочин
25	ЛЖ	лж	N	N	Npmsnn	24	сочин
26	,	,	,	,	,	25	PUNC
27	ФВ	фв	N	N	Npmsny	25	сочин
28	ЛЖ	лж	N	N	Npmsnn	27	сочин
29	60	@card@	M	M	Mc---d	30	количест
30	%	%	-	-	-	28	1-компл

