1	В	в	S	S	Sp-l	4	обст
2	2007	@card@	M	M	Mc---d	3	опред
3	году	год	N	N	Ncmsnnl	1	предл
4	стал	стать	V	V	Vmis-sma-e	0	ROOT
5	отмечать	отмечать	V	V	Vmn----a-p	4	1-компл
6	ухудшение	ухудшение	N	N	Ncnsan	5	1-компл
7	состояния	состояние	N	N	Ncnsgn	6	квазиагент
8	,	,	,	,	,	7	PUNC
9	появление	появление	N	N	Ncnsnn	4	предик
10	одышки	одышка	N	N	Ncfsgn	9	квазиагент
11	при	при	S	S	Sp-l	9	атриб
12	незначительной	незначительный	A	A	Afpfslf	14	опред
13	физической	физический	A	A	Afpfslf	14	опред
14	нагрузке(	<unknown>	-	-	-	11	предл
15	подъем	подъем	N	N	Ncmsnn	9	квазиагент
16	на	на	S	S	Sp-a	9	1-компл
17	один	один	P	P	P--msaa	19	количест
18	лестничный	лестничный	A	A	Afpmsnf	19	опред
19	пролет	пролет	N	N	Ncmsnn	16	предл
20	)	)	-	-	-	19	PUNC