1	В	в	S	S	Sp-l	5	обст
2	марте-апреле	март-апрель	N	N	Ncmsln	1	предл
3	2010	@card@	M	M	Mc---d	4	опред
4	года	год	N	N	Ncmsgn	2	атриб
5	проходил	проходить	V	V	Vmis-sma-p	0	ROOT
6	лечение	лечение	N	N	Ncnsan	5	1-компл
7	в	в	S	S	Sp-a	5	2-компл
8	отделение	отделение	N	N	Ncnsan	7	предл
9	ХЛСНРС	хлснрс	N	N	Npmsnn	8	квазиагент
10	и	и	C	C	C	9	сочин
11	ЭКС	экс	N	N	Npmsnn	10	соч-союзн
12	,	,	,	,	,	11	PUNC
13	во	во	S	S	Sp-a	16	обст
14	время	время	N	N	Ncnsan	13	предл
15	обследования	обследование	N	N	Ncnsgn	14	1-компл
16	выявлено	выявить	V	V	Vmps-snpse	5	разъяснит
17	относительное	относительный	A	A	Afpnsnf	18	опред
18	противопоказание	противопоказание	N	N	Ncnsnn	16	предик
19	к	к	S	S	Sp-d	18	1-компл
20	проведению	проведение	N	N	Ncnsdn	19	предл
21	процедуры	процедура	N	N	Ncfsgn	20	1-компл
22	MAZE	<unknown>	-	-	-	21	аппоз