1	Лечение	лечение	N	N	Ncnsnn	2	предик
2	принимала	принимать	V	V	Vmis-sfa-p	0	ROOT
3	регулярно	регулярно	R	R	R	2	обст
4	,	,	,	,	,	3	PUNC
5	на	на	S	S	Sp-l	9	обст
6	фоне	фон	N	N	Ncmsln	5	предл
7	чего	что	P	P	P--nsgn	8	опред
8	состояние	состояние	N	N	Ncnsnn	9	предик
9	было	быть	V	V	Vmis-sna-p	2	изъясн
10	стабильным	стабильный	A	A	Afpnsif	9	присвяз
11	до	до	S	S	Sp-g	9	обст
12	декабря	декабрь	N	N	Ncmsgn	11	предл
13	2009	@card@	M	M	Mc---d	14	опред
14	г	город	N	N	Ncmsgn	12	атриб
15	,	,	,	,	,	14	PUNC
16	когда	когда	C	C	C	9	обст
17	впервые	впервые	R	R	R	18	обст
18	была	быть	V	V	Vmis-sfa-p	16	подч-союзн
19	выявлена	выявить	V	V	Vmps-sfpse	18	пасс-анал
20	тахисистолическая	тахисистолический	A	A	Afpfsnf	21	опред
21	форма	форма	N	N	Ncfsnn	18	предик
22	ФП	фп	N	N	Npmsnn	21	квазиагент

