1	В	в	S	S	Sp-l	6	обст
2	2009	@card@	M	M	Mc---d	3	опред
3	году	год	N	N	Ncmsnnl	1	предл
4	(	(	-	-	-	3	PUNC
5	3-4	@card@	M	M	Mc---d	6	количест
6	притсупа	притсуп	N	N	Ncmsgn	0	ROOT
7	в	в	S	S	Sp-a	6	атриб
8	неделю	неделя	N	N	Ncfsan	7	предл
9	и	и	C	C	C	6	сочин
10	вплоть	вплоть	R	R	R	16	обст
11	до	до	S	S	Sp-g	16	1-компл
12	ежедневных	ежедневный	A	A	Afpmpgf	13	опред
13	приступов	приступ	N	N	Ncmpgn	11	предл
14	)	)	-	-	-	13	PUNC
15	,	,	,	,	,	13	PUNC
16	появилась	появиться	V	V	Vmis-sfm-e	9	соч-союзн
17	одышка	одышка	N	N	Ncfsnn	16	предик
18	при	при	S	S	Sp-l	16	обст
19	обычной	обычный	A	A	Afpfslf	21	опред
20	физической	физический	A	A	Afpfslf	21	опред
21	нагрузке	нагрузка	N	N	Ncfsln	18	предл
22	.	.	-	-	-	21	PUNC

