1	на	на	S	S	Sp-a	5	обст
2	утро	утро	N	N	Ncnsan	1	предл
3	приступ	приступ	N	N	Ncmsnn	5	предик
4	не	не	Q	Q	Q	5	огранич
5	купирован	купировать	V	V	Vmps-smpse	0	ROOT
6	,	,	,	,	,	5	PUNC
7	снова	снова	R	R	R	8	обст
8	вызвала	вызвать	V	V	Vmis-sfa-e	5	сент-соч
9	бСМП	бсмп	N	N	Ncmsnn	8	1-компл
10	-	-	-	-	-	9	PUNC
11	вводили	вводить	V	V	Vmis-p-a-p	8	сочин
12	кордарон	кордарон	N	N	Ncmsan	11	1-компл
13	,	,	,	,	,	12	PUNC
14	без	без	S	S	Sp-g	11	обст
15	эффекта,доставлена	доставить	N	N	Ncmsgn	14	предл
16	в	в	S	S	Sp-a	11	2-компл
17	приемное	приемный	A	A	Afpnsaf	18	опред
18	отделение	отделение	N	N	Ncnsan	16	предл
19	НИИ	нии	N	N	Npmsgn	11	1-компл
20	Кардиологии	кардиология	N	N	Npfsgn	19	1-компл
21	.	.	-	-	-	20	PUNC

