1	Приступ	приступ	N	N	Ncmsnn	12	предик
2	неритмичного	неритмичный	A	A	Afpnsgf	4	опред
3	учащенного	учащенный	A	A	Afpnsgf	4	опред
4	сердцебиения	сердцебиение	N	N	Ncnsgn	1	квазиагент
5	беспокоит	беспокоить	V	V	Vmip3s-a-p	1	опред
6	с	с	S	S	Sp-l	5	обст
7	23,00	@card@	M	M	Mc---d	9	опред
8	14.10.10	@card@	M	M	Mc---d	7	кратн
9	г	город	N	N	Ncmsgn	6	предл
10	.	.	-	-	-	9	аппоз
11	,	,	,	,	,	10	PUNC
12	вызвала	вызвать	V	V	Vmis-sfa-e	0	ROOT
13	бСМП,зафиксирован	фиксировать	N	N	Ncmsnn	12	1-компл
14	ПФП	пфп	N	N	Ncmsnn	13	аппоз
15	-	-	-	-	-	14	PUNC
16	вводился	вводиться	V	V	Vmis-smm-e	12	разъяснит
17	новокаинамид	новокаинамида	N	N	Ncmsny	16	предик
18	,	,	,	,	,	17	PUNC
19	без	без	S	S	Sp-g	16	обст
20	эффекта	эффект	N	N	Ncmsgn	19	предл