1	в	в	S	S	Sp-l	5	обст
2	сентябре	сентябрь	N	N	Ncmsln	1	предл
3	2008	@card@	M	M	Mc---d	4	опред
4	г	город	N	N	Ncmsgn	2	атриб
5	госпитализировался	госпитализироваться	V	V	Vmis-smm-p	0	ROOT
6	в	в	S	S	Sp-l	5	обст
7	ОКБ	окб	N	N	Npnsln	6	предл
8	по	по	S	S	Sp-a	7	атриб
9	м/ж	м/ж	N	N	Ncmsan	8	предл
10	,	,	,	,	,	9	PUNC
11	ритм	ритм	N	N	Ncmsnn	12	предик
12	был	быть	V	V	Vmis-sma-p	5	разъяснит
13	восстановлен	восстановить	V	V	Vmps-smpse	12	пасс-анал
14	ЭИТ	эит	N	N	Ncmsnn	12	сент-соч
15	,	,	,	,	,	14	PUNC
16	полсе	полс	N	N	Ncmsln	18	обст
17	чего	что	P	P	P--nsgn	16	предл
18	начал	начать	V	V	Vmis-sma-e	14	релят
19	принимать	принимать	V	V	Vmn----a-p	18	1-компл
20	кордарон	кордарон	N	N	Ncmsny	19	1-компл
21	чувствовал	чувствовать	V	V	Vmis-sma-p	5	сочин
22	себя	себя	P	P	P----an	21	1-компл
23	удовлетворительно	удовлетворительно	R	R	R	21	обст

