1	в	в	S	S	Sp-l	5	обст
2	феврале	февраль	N	N	Ncmsln	1	предл
3	2009	@card@	M	M	Mc---d	4	опред
4	года	год	N	N	Ncmsgn	2	атриб
5	переведена	перевести	V	V	Vmps-sfpse	0	ROOT
6	в	в	S	S	Sp-l	5	3-компл
7	НИИ	нии	N	N	Npmsln	6	предл
8	Кардиологии	кардиология	N	N	Npfsgn	7	1-компл
9	для	для	S	S	Sp-g	7	атриб
10	выбора	выбор	N	N	Ncmsgn	9	предл
11	тактики	тактика	N	N	Ncfsgn	10	1-компл
12	дальнейшего	дальнейший	A	A	Afpnsgf	13	опред
13	лечения	лечение	N	N	Ncnsgn	11	1-компл
14	,	,	,	,	,	13	PUNC
15	где	где	P	P	P-----r	16	обст
16	был	быть	V	V	Vmis-sma-p	5	сент-соч
17	выставлен	выставить	V	V	Vmps-smpse	16	пасс-анал
18	Диагноз	диагноз	N	N	Npmsnn	16	предик
19	,	,	,	,	,	18	PUNC
20	РБС	рбс	N	N	Npmsnn	18	аппоз
21	,	,	,	,	,	20	PUNC
22	сложный	сложный	A	A	Afpmsnf	23	опред
23	порок	порок	N	N	Ncmsnn	18	об-аппоз
24	митрального	митральный	A	A	Afpmsgf	25	опред
25	клапана	клапан	N	N	Ncmsgn	23	квазиагент

