1	Считает	считать	V	V	Vmip3s-a-p	0	ROOT
2	себя	себя	P	P	P----an	1	1-компл
3	больным	больной	N	N	Ncmsiy	1	2-компл
4	в	в	S	S	Sp-a	1	обст
5	течение	течение	N	N	Ncnsan	4	предл
6	последних	последний	A	A	Afpmpgf	8	опред
7	2-х	#число	A	A	Afpmpgf	8	опред
8	лет	год	N	N	Ncmpgn	5	квазиагент
9	,	,	,	,	,	8	PUNC
10	когда	когда	C	C	C	1	обст
11	впервые	впервые	R	R	R	12	обст
12	стал	стать	V	V	Vmis-sma-e	10	подч-союзн
13	отмечать	отмечать	V	V	Vmn----a-p	12	1-компл
14	появление	появление	N	N	Ncnsan	13	1-компл
15	учащенного	учащенный	A	A	Afpnsgf	18	опред
16	,	,	,	,	,	15	PUNC
17	неритмичного	неритмичный	A	A	Afpnsgf	18	опред
18	сердцебиения	сердцебиение	N	N	Ncnsgn	14	квазиагент
19	,	,	,	,	,	18	PUNC
20	перебоев	перебоев	V	V	Vmgs---a-e	14	опред
21	в	в	S	S	Sp-l	20	обст
22	работе	работа	N	N	Ncfsln	21	предл
23	сердца	сердце	N	N	Ncnsgn	22	квазиагент
24	,	,	,	,	,	23	PUNC
25	сопровождающихся	сопровождаться	V	V	Vmpp-p-mfpg	14	опред
26	одышкой	одышка	N	N	Ncfsin	25	1-компл
