1	Пациентке	пациентка	N	N	Npfsly	3	предик
2	дважды	дважды	R	R	R	3	обст
3	проводилось	проводиться	V	V	Vmis-snm-p	0	ROOT
4	ХМ	хм	N	N	Ncfpgn	3	1-компл
5	ЭКГ	экг	N	N	Npfsln	4	1-компл
6	на	на	S	S	Sp-l	3	обст
7	фоне	фон	N	N	Ncmsln	6	предл
8	приема	прием	N	N	Ncmsgn	7	квазиагент
9	соталола	соталол	N	N	Ncmsgn	8	1-компл
10	выявлено	выявить	V	V	Vmps-snpse	3	вводн
11	оклол	оклоть	V	V	Vmis-sma-p	3	сент-соч
12	3000	#год	M	M	Mc---d	13	количест
13	ЖЭС	жэс	N	N	Ncmsnn	11	предик
14	,	,	,	,	,	13	PUNC
15	консультирован	консультировать	V	V	Vmps-smpfen	13	опред
16	аритмологом	аритмолог	N	N	Ncmsiy	15	агент
17	,	,	,	,	,	16	PUNC
18	рекомендовано	рекомендовать	V	V	Vmps-snpse	11	сент-соч
19	отменить	отменить	V	V	Vmn----a-e	18	1-компл
20	соталол	соталол	N	N	Ncmsan	19	1-компл
21	,	,	,	,	,	20	PUNC
22	контрольное	контрольный	A	A	Afpnsnf	23	опред
23	ХМ	хм	N	N	Npmsin	18	2-компл
24	ЭКГ	экг	N	N	Npfsln	23	аппоз
