1	В	в	S	S	Sp-a	6	1-компл
2	последнее	последний	A	A	Afpnsaf	4	опред
3	время(последнюю	последний	A	A	Afpfsaf	4	опред
4	неделю	неделя	N	N	Ncfsan	1	предл
5	)	)	-	-	-	4	PUNC
6	пациент	пациент	N	N	Ncmsny	7	предик
7	принимает	принимать	V	V	Vmip3s-a-p	0	ROOT
8	кардиомагнил	кардиомагнил	N	N	Ncfsan	7	1-компл
9	,	,	,	,	,	8	PUNC
10	с	с	S	S	Sp-g	7	обст
11	сентября	#месяц	N	N	Ncmsgn	10	предл
12	2010	#год	M	M	Mc---d	11	нум-аппоз
13	по	по	S	S	Sp-d	7	обст
14	январь	#месяц	N	N	Ncmsnn	13	предл
15	2011	#год	M	M	Mc---d	16	опред
16	года	год	N	N	Ncmsgn	14	атриб
17	пациент	пациент	N	N	Ncmsny	18	предик
18	принимал	принимать	V	V	Vmis-sma-p	7	разъяснит
19	кардиомагнил	кардиомагнил	N	N	Ncmsnn	18	1-компл
20	,	,	,	,	,	19	PUNC
21	кордарон	кордарон	N	N	Ncmsnn	19	аппоз
22	,	,	,	,	,	21	PUNC
23	остальные	остальной	P	P	P---pna	24	опред
24	препараты	препарат	N	N	Ncmpnn	26	1-компл
25	не	не	Q	Q	Q	26	огранич
26	помнит	помнить	V	V	Vmip3s-a-p	21	примыкат
