1	Заболела	заболеть	V	V	Vmis-sfa-e	0	ROOT
2	19.01.2011	#пдата	M	M	Mc---d	3	опред
3	г	город	N	N	Ncmsgn	1	1-компл
4	.	.	-	-	-	3	PUNC
5	,	,	,	,	,	3	PUNC
6	утром	#времясуток	N	N	Ncnsin	3	атриб
7	когда	когда	C	C	C	12	обст
8	возникли	возникнуть	V	V	Vmis-p-a-e	7	подч-союзн
9	вышеуказанные	вышеуказанный	A	A	Afpmpnf	10	опред
10	жалобы	жалоба	N	N	Ncfpnn	8	предик
11	,	,	,	,	,	10	PUNC
12	вызывала	вызывать	V	V	Vmis-sfa-p	1	сент-соч
13	СМП	смп	N	N	Npmsan	12	1-компл
14	,вводился	,вводился	-	-	-	13	аппоз
15	какой-	какой-	-	-	-	14	аппоз
16	то	то	C	C	C	12	сочин
17	препарат(	препарат(	-	-	-	25	обст
18	со	со	S	S	Sp-g	23	огранич
19	слов	слово	N	N	Ncnpgn	18	предл
20	пациентки	пациентка	N	N	Ncfsgy	19	квазиагент
21	)	)	-	-	-	20	PUNC
22	и	и	C	C	C	23	огранич
23	состояние	состояние	N	N	Ncnsnn	25	предик
24	значительно	значительно	R	R	R	25	обст
25	улучшилось	улучшиться	V	V	Vmis-snm-e	16	соч-союзн
