1	По	по	S	S	Sp-l	5	вводн
2	ХМ	хм	N	N	Npfpgn	1	предл
3	ЭКГ	экг	N	N	Ncfsln	2	квазиагент
4	29.04.09	#пдата	M	M	Mc---d	5	количест
5	ритм	ритм	N	N	Ncmsnn	0	ROOT
6	синусовый	синусовый	A	A	Afpmsnf	9	опред
7	одиночные	одиночный	A	A	Afpmpnf	9	опред
8	наджелудочковые	наджелудочковый	A	A	Afpmpnf	9	опред
9	экстрасистолы	экстрасистола	N	N	Ncmpnn	5	предик
10	,	,	,	,	,	9	PUNC
11	групповая	групповой	A	A	Afpfsnf	13	опред
12	наджелудочкавая	наджелудочкавать	A	A	Afpfsnf	13	опред
13	экстрасистолия	экстрасистолия	N	N	Ncfsnn	5	сент-соч
14	3	#число	M	M	Mc---d	13	нум-аппоз
15	подряд	подряд	R	R	R	13	атриб
16	,	,	,	,	,	15	PUNC
17	всего	все	P	P	P--nsgn	18	огранич
18	2	#число	M	M	Mc---d	13	сент-соч
19	,	,	,	,	,	18	PUNC
20	одиночная	одиночный	A	A	Afpfsnf	22	опред
21	желудочковая	желудочковый	A	A	Afpfsnf	22	опред
22	экстрасистолия	экстрасистолия	N	N	Ncfsnn	18	предик
23	с	с	S	S	Sp-i	22	атриб
24	эпизодами	эпизод	N	N	Ncmpin	23	предл
25	бигиминии	бигиминия	N	N	Ncfsgn	24	квазиагент
26	всего	весь	P	P	P--msga	27	опред
27	35	#число	M	M	Mc---d	25	атриб
