1	Считает	считать	V	V	Vmip3s-a-p	0	ROOT
2	себя	себя	P	P	P----an	1	1-компл
3	больной	больной	A	A	Afpfsif	1	2-компл
4	с	с	S	S	Sp-i	3	атриб
5	2001	#год	M	M	Mc---d	6	опред
6	года	год	N	N	Ncmsgn	4	предл
7	,	,	,	,	,	6	PUNC
8	когда	когда	C	C	C	1	обст
9	впервые	впервые	R	R	R	10	обст
10	почувствовала	почувствовать	V	V	Vmis-sfa-p	8	подч-союзн
11	перебои	перебой	N	N	Ncmpnn	10	1-компл
12	в	в	S	S	Sp-l	11	атриб
13	работе	работа	N	N	Ncfsln	12	предл
14	сердца	сердце	N	N	Ncnsgn	13	квазиагент
15	и	и	C	C	C	11	сочин
16	учащенное	учащенный	A	A	Afpnsnf	17	опред
17	сердцебиение	сердцебиение	N	N	Ncnsnn	15	соч-союзн
18	,	,	,	,	,	17	PUNC
19	возникали	возникать	V	V	Vmis-p-a-p	1	1-компл
20	редко	редко	R	R	R	19	обст
21	и	и	C	C	C	19	сочин
22	проходили	проходить	V	V	Vmis-p-a-p	21	соч-союзн
23	самостоятельно	самостоятельно	R	R	R	22	обст
24	,	,	,	,	,	23	PUNC
25	возникали	возникать	V	V	Vmis-p-a-p	1	2-компл
26	после	после	S	S	Sp-g	25	обст
27	физической	физический	A	A	Afpfsgf	28	опред
28	нагрузки	нагрузка	N	N	Ncfsgn	26	предл
