1	В	в	S	S	Sp-a	6	обст
2	течение	течение	N	N	Ncnsan	1	предл
3	последних	последний	A	A	Afpmpgf	5	опред
4	3	#число	M	M	Mc---d	5	количест
5	недель	неделя	N	N	Ncfpgn	2	квазиагент
6	нарастала	нарастать	V	V	Vmis-sfa-e	0	ROOT
7	слабость	слабость	N	N	Ncfsnn	6	предик
8	,	,	,	,	,	7	PUNC
9	резко	резко	R	R	R	10	обст
10	снизилась	снизиться	V	V	Vmis-sfm-e	6	сент-соч
11	толерантность	толерантность	N	N	Ncfsnn	10	предик
12	к	к	S	S	Sp-d	11	1-компл
13	физической	физический	A	A	Afpfsdf	14	опред
14	нагрузке	нагрузка	N	N	Ncfsdn	12	предл
15	,	,	,	,	,	14	PUNC
16	редкое	редкий	A	A	Afpnsnf	17	опред
17	сердцебиение	сердцебиение	N	N	Ncnsnn	11	сочин
18	,	,	,	,	,	17	PUNC
19	слабость	слабость	N	N	Ncfsnn	17	сочин
20	,	,	,	,	,	19	PUNC
21	головокружение	головокружение	N	N	Ncnsnn	19	сочин
22	,	,	,	,	,	21	PUNC
23	повторные	повторный	A	A	Afpmpnf	25	опред
24	кратковременные	кратковременный	A	A	Afpmpnf	25	опред
25	эпизоды	эпизод	N	N	Ncmpnn	21	сочин
26	потери	потеря	N	N	Ncfsgn	25	квазиагент
27	сознания	сознание	N	N	Ncnsgn	26	1-компл
