1	Ухудшение	ухудшение	N	N	Ncnsnn	15	предик
2	в	в	S	S	Sp-l	1	атриб
3	ноябре	#месяц	N	N	Ncmsln	2	предл
4	2010	#год	M	M	Mc---d	5	опред
5	года	год	N	N	Ncmsgn	3	атриб
6	,	,	,	,	,	5	PUNC
7	на	на	S	S	Sp-l	10	обст
8	работе	работа	N	N	Ncfsln	7	предл
9	(	(	-	-	-	8	PUNC
10	работает	работать	V	V	Vmip3s-a-p	1	опред
11	медицинской	медицинский	A	A	Afpfsif	12	опред
12	сестрой	сестра	N	N	Ncfsiy	10	2-компл
13	)	)	-	-	-	12	PUNC
14	,	,	,	,	,	12	PUNC
15	начался	начаться	V	V	Vmis-smm-e	0	ROOT
16	приступ	приступ	N	N	Ncmsnn	15	1-компл
17	и	и	C	C	C	15	сочин
18	продолжался	продолжаться	V	V	Vmis-smm-p	17	соч-союзн
19	в	в	S	S	Sp-l	18	обст
20	течении	течение	N	N	Ncnsln	19	предл
21	2-х	#число	A	A	Afpmpgf	22	опред
22	часов	час	N	N	Ncmpgn	20	квазиагент
23	,	,	,	,	,	22	PUNC
24	купировали	купировать	V	V	Vmis-p-a-p	15	сент-соч
25	в/в	/в	N	N	Ncmpay	24	1-компл
26	введением	введение	N	N	Ncnsin	24	2-компл
27	дигоксина	дигоксина	N	N	Ncfsnn	26	сочин
28	,	,	,	,	,	27	PUNC
29	панангина	панангин	N	N	Ncfsnn	27	сочин
30	,	,	,	,	,	29	PUNC
31	кордарона	кордарон	N	N	Ncfsnn	29	сочин
