1	В	в	S	S	Sp-l	8	обст
2	2008	#год	M	M	Mc---d	3	опред
3	году	год	N	N	Ncmsnnl	1	предл
4	вновь	вновь	R	R	R	5	огранич
5	ухудшение	ухудшение	N	N	Ncnsnn	8	предик
6	состояния	состояние	N	N	Ncnsgn	5	квазиагент
7	,	,	,	,	,	6	PUNC
8	была	быть	V	V	Vmis-sfa-p	0	ROOT
9	госпитализирована	госпитализировать	V	V	Vmps-sfpse	8	пасс-анал
10	в	в	S	S	Sp-a	9	2-компл
11	кардиологическое	кардиологический	A	A	Afpnsaf	12	опред
12	отделение	отделение	N	N	Ncnsan	10	предл
13	,	,	,	,	,	12	PUNC
14	после	после	S	S	Sp-g	17	обст
15	консультации	консультация	N	N	Ncfsgn	14	предл
16	аритмолога	аритмолог	N	N	Ncfsnn	17	предик
17	была	быть	V	V	Vmis-sfa-p	8	разъяснит
18	направлена	направить	V	V	Vmps-sfpse	17	пасс-анал
19	на	на	S	S	Sp-a	18	2-компл
20	плановую	плановый	A	A	Afpfsaf	21	опред
21	госпитализацию	госпитализация	N	N	Ncfsan	19	предл
22	в	в	S	S	Sp-a	18	обст
23	отделение	отделение	N	N	Ncnsan	22	предл
24	ХЛСНРС	хлснрс	N	N	Npmsnn	23	квазиагент
25	и	и	C	C	C	24	сочин
26	ЭКС	экс	N	N	Npmsnn	25	соч-союзн
27	.	.	-	-	-	26	PUNC
