1	Летом	#сезон	N	N	Ncnsin	11	обст
2	2009	#год	M	M	Mc---d	3	опред
3	года	год	N	N	Ncmsgn	1	атриб
4	при	при	S	S	Sp-l	1	атриб
5	медосмотре	медосмотр	N	N	Ncmsln	4	предл
6	,	,	,	,	,	5	PUNC
7	со	со	S	S	Sp-g	11	обст
8	слов	слово	N	N	Ncnpgn	7	предл
9	пациента	пациент	N	N	Ncmsgy	8	квазиагент
10	,	,	,	,	,	9	PUNC
11	выявлена	выявить	V	V	Vmps-sfpse	0	ROOT
12	фибрилляция	фибрилляция	N	N	Ncfsnn	11	предик
13	предсердий	предсердие	N	N	Ncfpgn	12	квазиагент
14	,	,	,	,	,	13	PUNC
15	однако	однако	C	C	C	22	вводн
16	,	,	,	,	,	15	PUNC
17	по	по	S	S	Sp-d	22	вводн
18	всем	весь	P	P	P---pda	19	2-компл
19	предоставленным	предоставить	V	V	Vmps-p-pfed	20	опред
20	ЭКГ	экг	N	N	Npfsln	17	предл
21	–	-	-	-	-	20	PUNC
22	регистрировалось	регистрироваться	V	V	Vmis-snm-p	11	сент-соч
23	трепетание	трепетание	N	N	Ncnsnn	22	предик
24	предсердий	предсердие	N	N	Ncfpgn	23	квазиагент
25	I	i	M	M	Mo---d	24	опред
26	тип	тип	N	N	Ncmsnn	23	атриб
