1	Со	со	S	S	Sp-i	20	обст
2	слов	слово	N	N	Ncnpgn	1	предл
3	сопровождавшей	сопровождать	V	V	Vmps-sfafeg	2	опред
4	ее	ее	P	P	P-----a	5	квазиагент
5	дочки	дочка	N	N	Ncfsgy	3	1-компл
6	,	,	,	,	,	5	PUNC
7	в	в	S	S	Sp-l	12	обст
8	2002	#год	M	M	Mc---d	9	опред
9	году	год	N	N	Ncmsnnl	7	предл
10	ИМ	они	P	P	P-3-pdn	12	1-компл
11	,	,	,	,	,	10	PUNC
12	осложнившийся	осложниться	V	V	Vmps-smmfen	5	опред
13	АВ-блокадой	ав-блокада	N	N	Npfsin	12	1-компл
14	III	iii	M	M	Mo---d	15	опред
15	степени	степень	N	N	Ncfsgn	13	атриб
16	,	,	,	,	,	15	PUNC
17	коррегированной	коррегированный	A	A	Afpfsgf	18	опред
18	ЭКС-500	#число	N	N	Ncfsgn	12	2-компл
19	,	,	,	,	,	18	PUNC
20	отмечала	отмечать	V	V	Vmis-sfa-p	0	ROOT
21	улучшение	улучшение	N	N	Ncnsan	20	1-компл
22	,	,	,	,	,	21	PUNC
23	была	быть	V	V	Vmis-sfa-p	20	сочин
24	выписана	выписать	V	V	Vmps-sfpse	23	пасс-анал
25	в	в	S	S	Sp-l	24	обст
26	удовлетворительном	удовлетворительный	A	A	Afpnslf	27	опред
27	состоянии	состояние	N	N	Ncnsln	25	предл
