1	В	в	S	S	Sp-l	4	1-компл
2	2008	#год	M	M	Mc---d	3	опред
3	году	год	N	N	Ncmsnnl	1	предл
4	находился	находиться	V	V	Vmis-smm-p	0	ROOT
5	на	на	S	S	Sp-l	4	обст
6	плановом	плановый	A	A	Afpmslf	7	опред
7	лечении	лечение	N	N	Ncnsln	5	предл
8	в	в	S	S	Sp-l	4	обст
9	кардиохирургическом	кардиохирургический	A	A	Afpnslf	10	опред
10	отделении	отделение	N	N	Ncnsln	8	предл
11	где	где	P	P	P-----r	12	обст
12	проводилась	проводиться	V	V	Vmis-sfm-p	4	сент-соч
13	коррекция	коррекция	N	N	Ncfsnn	12	предик
14	медикаментозного	медикаментозный	A	A	Afpnsgf	15	опред
15	лечения	лечение	N	N	Ncnsgn	13	1-компл
16	(	(	-	-	-	15	PUNC
17	назначено	назначить	V	V	Vmps-snpse	13	опред
18	варфарин	варфарин	N	N	Ncmsnn	17	1-компл
19	,	,	,	,	,	18	PUNC
20	квадроприл	квадроприть	N	N	Ncmsnn	18	сочин
21	,	,	,	,	,	20	PUNC
22	фуросемид	фуросемид	N	N	Ncmsnn	20	сочин
23	,	,	,	,	,	22	PUNC
24	милдронат	милдронат	N	N	Ncmsnn	22	сочин
25	,	,	,	,	,	24	PUNC
26	кардура	кардура	N	N	Ncfsnn	24	сочин
