1	Жилищные	жилищный	A	A	Afpmpnf	2	опред
2	условия	условие	N	N	Ncnpnn	3	предик
3	хорошие	хороший	A	A	Afpmpnf	0	ROOT
4	,	,	,	,	,	3	PUNC
5	длительное	длительный	A	A	Afpnsaf	6	опред
6	время	время	N	N	Ncnsan	7	длительн
7	работал	работать	V	V	Vmis-sma-p	3	вводн
8	заместителем	заместитель	N	N	Ncmsiy	7	2-компл
9	директора	директор	N	N	Ncmsgy	8	1-компл
10	НИИ	нии	N	N	Npmsgn	9	1-компл
11	Нефти	нефть	N	N	Ncfsgn	10	1-компл
12	,	,	,	,	,	11	PUNC
13	по	по	S	S	Sp-d	15	вводн
14	специальности	специальность	N	N	Ncfsdn	13	предл
15	пиротехник	пиротехника	N	N	Ncmsnn	8	аппоз
16	последние	последний	A	A	Afpmpaf	17	опред
17	10	#число	M	M	Mc---d	18	количест
18	лет	год	N	N	Ncmpgn	15	атриб
19	на	на	S	S	Sp-l	7	обст
20	пенсии	пенсия	N	N	Ncfsln	19	предл
21	,	,	,	,	,	20	PUNC
22	физически	физически	R	R	R	23	обст
23	активен	активный	A	A	Afpmsns	3	сочин
24	,	,	,	,	,	23	PUNC
25	занимается	заниматься	V	V	Vmip3s-m-p	23	сочин
26	оздоровительной	оздоровительный	A	A	Afpfsgf	27	опред
27	гимнастикой	гимнастика	N	N	Ncfsin	25	1-компл
