1	С	с	S	S	Sp-l	4	обст
2	2001	#год	M	M	Mc---d	3	опред
3	года	год	N	N	Ncmsgn	1	предл
4	отмечает	отмечать	V	V	Vmip3s-a-p	0	ROOT
5	появление	появление	N	N	Ncnsnn	4	1-компл
6	неритмичного	неритмичный	A	A	Afpnsgf	7	опред
7	сердцебиения	сердцебиение	N	N	Ncnsgn	5	квазиагент
8	,	,	,	,	,	7	PUNC
9	перебоев	перебоев	V	V	Vmgs---a-e	5	опред
10	в	в	S	S	Sp-l	9	обст
11	работе	работа	N	N	Ncfsln	10	предл
12	сердца	сердце	N	N	Ncnsgn	11	квазиагент
13	,	,	,	,	,	12	PUNC
14	проходил	проходить	V	V	Vmis-sma-p	4	сочин
15	лечение	лечение	N	N	Ncnsan	14	1-компл
16	в	в	S	S	Sp-l	14	обст
17	кардиологическом	кардиологический	A	A	Afpnslf	18	опред
18	отделении	отделение	N	N	Ncnsln	16	предл
19	ЦРБ	црб	N	N	Npmsnn	14	1-компл
20	,	,	,	,	,	19	PUNC
21	проводилась	проводиться	V	V	Vmis-sfm-p	14	сочин
22	терапия	терапия	N	N	Ncfsnn	21	предик
23	,	,	,	,	,	22	PUNC
24	отмечал	отмечать	V	V	Vmis-sma-p	4	вводн
25	улучшение	улучшение	N	N	Ncnsan	24	предик
26	,	,	,	,	,	25	PUNC
27	аритмию	аритмия	N	N	Ncfsan	29	1-компл
28	не	не	Q	Q	Q	29	огранич
29	вылечили	вылечить	V	V	Vmis-p-a-e	25	релят
