1	В	в	S	S	Sp-l	4	обст
2	2010	#год	M	M	Mc---d	3	опред
3	году	год	N	N	Ncmsnnl	1	предл
4	была	быть	V	V	Vmis-sfa-p	0	ROOT
5	на	на	S	S	Sp-l	4	присвяз
6	лечении	лечение	N	N	Ncnsln	5	предл
7	в	в	S	S	Sp-l	4	обст
8	ОНРС	онрс	N	N	Npfsln	7	предл
9	,	,	,	,	,	8	PUNC
10	зарегистрированы	зарегистрировать	V	V	Vmps-p-pse	4	сочин
11	на	на	S	S	Sp-a	10	2-компл
12	ХМЭКГ	хмэкг	N	N	Npmpgn	11	предл
13	эпизоды	эпизод	N	N	Ncmpan	10	1-компл
14	желудочковой	желудочковый	A	A	Afpfsgf	15	опред
15	тахикардии	тахикардия	N	N	Ncfsgn	13	квазиагент
16	,	,	,	,	,	15	PUNC
17	выставлен	выставить	V	V	Vmps-smpse	13	опред
18	диагноз	диагноз	N	N	Ncmsnn	17	1-компл
19	,	,	,	,	,	18	PUNC
20	Гипертоническая	гипертонический	A	A	Afpfsnf	21	опред
21	болезнь	болезнь	N	N	Ncfsnn	26	предик
22	III	iii	M	M	Mo---d	23	опред
23	ст	столб	N	N	Ncmsgn	21	атриб
24	.	.	-	-	-	23	PUNC
25	,	,	,	,	,	23	PUNC
26	риск	риск	N	N	Ncmsnn	18	разъяснит
27	развития	развитие	N	N	Ncnsgn	26	квазиагент
28	сердечно-сосудистых	сердечно-сосудистый	A	A	Afpmpgf	29	опред
29	осложнений	осложнение	N	N	Ncnpgn	27	1-компл
30	высокий	высокий	A	A	Afpmsnf	26	сент-соч
