1	В	в	S	S	Sp-l	5	обст
2	качестве	качество	N	N	Ncnsln	1	предл
3	антиаритмиков	антиаритмик	N	N	Ncmpgn	2	квазиагент
4	пациент	пациент	N	N	Ncmsny	5	предик
5	принимал	принимать	V	V	Vmis-sma-p	0	ROOT
6	этацизин	этацизин	N	N	Ncmsnn	5	1-компл
7	,	,	,	,	,	6	PUNC
8	пароксизмы	пароксизм	N	N	Ncmpnn	5	предик
9	один	#число	P	P	P--msaa	10	количест
10	раз	раз	N	N	Ncmsan	16	обст
11	в	в	S	S	Sp-l	10	распред
12	2-3	#число	M	M	Mc---d	13	количест
13	месяца	месяц	N	N	Ncmsgn	11	предл
14	,	,	,	,	,	13	PUNC
15	потом	потом	P	P	P-----r	16	обст
16	назначили	назначить	V	V	Vmis-p-a-e	5	разъяснит
17	алапинин	алапинин	N	N	Ncmsny	16	предик
18	,	,	,	,	,	17	PUNC
19	но	но	C	C	C	16	сент-соч
20	его	он	P	P	P-3msan	21	1-компл
21	отменили	отменить	V	V	Vmis-p-a-e	19	соч-союзн
22	из-за	из-за	S	S	Sp-g	21	обст
23	появления	появление	N	N	Ncnsgn	22	предл
24	сыпи	сыпь	N	N	Ncfsgn	23	квазиагент
25	по	по	S	S	Sp-d	23	1-компл
26	всему	весь	P	P	P--msda	27	опред
27	организму	организм	N	N	Ncmsdn	25	предл
