1	Примерно	примерно	R	R	R	2	колич-огран
2	с	с	S	S	Sp-l	5	обст
3	2001	#год	M	M	Mc---d	4	опред
4	г	г	N	N	Ncmsnnl	2	предл
5	отмечает	отмечать	V	V	Vmip3s-a-p	0	ROOT
6	появление	появление	N	N	Ncnsnn	5	1-компл
7	давящих	давящий	A	A	Afpmpgf	8	опред
8	болей	боль	N	N	Ncfpgn	6	квазиагент
9	в	в	S	S	Sp-l	8	1-компл
10	области	область	N	N	Ncfsln	9	предл
11	сердца	сердце	N	N	Ncnsgn	10	квазиагент
12	,	,	,	,	,	11	PUNC
13	возникающих	возникать	V	V	Vmpp-p-afpg	8	опред
14	без	без	S	S	Sp-g	13	обст
15	чёткой	четкий	A	A	Afpfsgf	16	опред
16	связи	связь	N	N	Ncfsgn	14	предл
17	с	с	S	S	Sp-i	16	1-компл
18	физической	физический	A	A	Afpfsif	19	опред
19	нагрузкой	нагрузка	N	N	Ncfsin	17	предл
20	,	,	,	,	,	19	PUNC
21	купирующихся	купирующихся	V	V	Vmpp-p-mfpg	6	опред
22	самостоятельно	самостоятельно	R	R	R	21	обст
23	в	в	S	S	Sp-a	21	обст
24	течение	течение	N	N	Ncnsan	23	предл
25	5	#число	M	M	Mc---d	28	количест
26	-	-	-	-	-	25	PUNC
27	7	#число	M	M	Mc---d	25	кратн
28	мин	мина	N	N	Ncfpgn	24	квазиагент
