1	Пациентка	пациентка	N	N	Ncfsny	6	предик
2	в	в	S	S	Sp-l	1	атриб
3	плановом	плановый	A	A	Afpmslf	4	опред
4	порядке	порядок	N	N	Ncmsln	2	предл
5	госпитализирована	госпитализировать	N	N	Ncmsgn	4	квазиагент
6	в	в	S	S	Sp-l	0	ROOT
7	отделении	отделение	N	N	Ncnsln	6	предл
8	нарушений	нарушение	N	N	Ncnpgn	7	квазиагент
9	ритма	ритм	N	N	Ncmsgn	8	1-компл
10	для	для	S	S	Sp-g	9	атриб
11	обследования	обследование	N	N	Ncnsgn	10	предл
12	и	и	C	C	C	11	сочин
13	определения	определение	N	N	Ncnsgn	12	соч-союзн
14	дальнейшей	дальнейший	A	A	Afpfsgf	15	опред
15	тактики	тактика	N	N	Ncfsgn	13	1-компл
16	лечения	лечение	N	N	Ncnsgn	15	1-компл
17	,	,	,	,	,	16	PUNC
18	в	в	S	S	Sp-l	21	обст
19	2008	#год	M	M	Mc---d	20	опред
20	г	г	N	N	Ncmsnnl	18	предл
21	обследовала	обследовать	V	V	Vmis-sfa-e	6	разъяснит
22	щитовидную	щитовидный	A	A	Afpfsaf	23	опред
23	железу	железа	N	N	Ncfsan	21	1-компл
24	,	,	,	,	,	23	PUNC
25	патологии	патология	N	N	Ncfsgn	27	обст
26	не	не	Q	Q	Q	27	огранич
27	выявлено	выявить	V	V	Vmps-snpse	23	разъяснит
