1	Ухудшение	ухудшение	N	N	Ncnsnn	0	ROOT
2	состояния	состояние	N	N	Ncnsgn	1	квазиагент
3	в	в	S	S	Sp-l	2	атриб
4	январе	#месяц	N	N	Ncmsln	3	предл
5	2010	#год	M	M	Mc---d	6	опред
6	года	год	N	N	Ncmsgn	4	атриб
7	в	в	S	S	Sp-l	1	атриб
8	виде	вид	N	N	Ncmsln	7	предл
9	появления	появление	N	N	Ncnsgn	8	квазиагент
10	выраженной	выраженный	A	A	Afpfsif	11	опред
11	одышки	одышка	N	N	Ncfsgn	9	квазиагент
12	при	при	S	S	Sp-l	1	атриб
13	незначительной	незначительный	A	A	Afpfslf	15	опред
14	физической	физический	A	A	Afpfslf	15	опред
15	нагрузке	нагрузка	N	N	Ncfsln	12	предл
16	,	,	,	,	,	15	PUNC
17	смешанного	смешанный	A	A	Afpnsgf	18	опред
18	характера	характер	N	N	Ncmsgn	1	атриб
19	,	,	,	,	,	18	PUNC
20	купируется	купироваться	V	V	Vmip3s-m-p	1	опред
21	в\в	\в	N	N	Ncmsny	22	огранич
22	введением	введение	N	N	Ncnsin	20	агент
23	эуфиллина	эуфиллин	N	N	Ncmsgy	22	1-компл
24	,	,	,	,	,	23	PUNC
25	дигоксина	дигоксина	N	N	Ncmsgy	23	аппоз
26	на	на	S	S	Sp-a	22	2-компл
27	короткое	короткий	A	A	Afpnsaf	28	опред
28	время	время	N	N	Ncnsan	26	предл
