1	Проходил	проходить	V	V	Vmis-sma-p	0	ROOT
2	лечение	лечение	N	N	Ncnsan	1	1-компл
3	в	в	S	S	Sp-l	1	обст
4	отделении	отделение	N	N	Ncnsln	3	предл
5	ХЛСНРС	хлснрс	N	N	Npmsnn	1	1-компл
6	и	и	C	C	C	5	сочин
7	ЭКС	экс	N	N	Npmsnn	6	соч-союзн
8	в	в	S	S	Sp-l	1	обст
9	декабре	#месяц	N	N	Ncmsln	8	предл
10	2010	#год	M	M	Mc---d	11	опред
11	года	год	N	N	Ncmsgn	9	атриб
12	,	,	,	,	,	11	PUNC
13	была	быть	V	V	Vmis-sfa-p	1	сочин
14	скоррегированна	скоррегированный	A	A	Afpfsns	13	присвяз
15	медикаментозная	медикаментозный	A	A	Afpfsnf	16	опред
16	терапия	терапия	N	N	Ncfsnn	13	предик
17	,	,	,	,	,	16	PUNC
18	изменены	изменить	V	V	Vmps-p-pse	16	опред
19	параметры	параметр	N	N	Ncmpnn	18	1-компл
20	биветрикулярной	биветрикулярный	A	A	Afpfsgf	21	опред
21	стимуляции	стимуляция	N	N	Ncfsgn	19	квазиагент
22	,	,	,	,	,	21	PUNC
23	был	быть	V	V	Vmis-sma-p	1	разъяснит
24	выписан	выписать	V	V	Vmps-smpse	23	пасс-анал
25	в	в	S	S	Sp-l	24	обст
26	удовлетворительном	удовлетворительный	A	A	Afpnslf	27	опред
27	состоянии	состояние	N	N	Ncnsln	25	предл
