1	Гипертоническая	гипертонический	A	A	Afpfsnf	2	опред
2	болезнь	болезнь	N	N	Ncfsnn	7	предик
3	III	iii	M	M	Mo---d	4	опред
4	ст	столб	N	N	Ncmsgn	2	квазиагент
5	.	.	-	-	-	4	PUNC
6	,	,	,	,	,	4	PUNC
7	ожирение	ожирение	N	N	Ncnsnn	0	ROOT
8	III	III	M	M	Mc---d	9	количест
9	ст	статья	N	N	Ncfsnn	7	сочин
10	,	,	,	,	,	9	PUNC
11	остеохондроз	остеохондроз	N	N	Ncmsnn	9	сочин
12	позвоночника	позвоночник	N	N	Ncmsgn	11	1-компл
13	,	,	,	,	,	12	PUNC
14	деформирующий	деформирующий	A	A	Afpmsnf	15	опред
15	остеоартроз	остеоартроз	N	N	Ncmsnn	11	сочин
16	коленных	коленный	A	A	Afpmpgf	19	опред
17	,	,	,	,	,	16	PUNC
18	локтевых	локтевой	A	A	Afpmpgf	19	опред
19	суставов	сустав	N	N	Ncmpgn	15	квазиагент
20	состояние	состояние	N	N	Ncnsnn	15	сочин
21	после	после	S	S	Sp-l	20	атриб
22	холецистэктомии(1998	холецистэктомии(1998	M	M	Mc---d	23	опред
23	г	г	N	N	Ncmsnnl	21	предл
24	)	)	-	-	-	23	PUNC
