1	Операции	операция	N	N	Ncfpnn	5	предик
2	–	-	-	-	-	1	PUNC
3	2008	#год	M	M	Mc---d	1	опред
4	–	-	-	-	-	3	PUNC
5	удаление	удаление	N	N	Ncnsnn	0	ROOT
6	матки	матка	N	N	Ncfsgn	5	1-компл
7	с	с	S	S	Sp-i	5	2-компл
8	правым	правый	A	A	Afpmsif	9	опред
9	придатком	придаток	N	N	Ncmsin	7	предл
10	по	по	S	S	Sp-d	5	обст
11	поводу	повод	N	N	Ncmsdn	10	предл
12	миомы	миома	N	N	Ncfsgn	11	1-компл
13	,	,	,	,	,	12	PUNC
14	в	в	S	S	Sp-l	19	огранич
15	начале	начало	N	N	Ncnsln	14	предл
16	2000-ых	#год	A	A	Afpmpgf	17	опред
17	годов	год	N	N	Ncmpgn	15	квазиагент
18	–	-	-	-	-	17	PUNC
19	перелом	перелом	N	N	Ncmsnn	5	сочин
20	левой	левый	A	A	Afpfsgf	21	опред
21	лодыжки	лодыжка	N	N	Ncfsgn	19	1-компл
22	,	,	,	,	,	21	PUNC
23	эндопротезирование	эндопротезирование	N	N	Ncnsnn	19	сочин
24	левого	левый	A	A	Afpmsgf	26	опред
25	голеностопного	голеностопный	A	A	Afpmsgf	26	опред
26	сустава	сустав	N	N	Ncmsgn	23	квазиагент
27	в	в	S	S	Sp-n	23	атриб
28	г	г	N	N	Ncmsnnl	27	предл
