1	В	в	S	S	Sp-l	8	обст
2	ноябре	#месяц	N	N	Ncmsln	1	предл
3	2010	#год	M	M	Mc---d	4	опред
4	года	год	N	N	Ncmsgn	2	атриб
5	в	в	S	S	Sp-a	8	обст
6	течение	течение	N	N	Ncnsan	5	предл
7	недели	неделя	N	N	Ncfsgn	6	квазиагент
8	обследовалась	обследоваться	V	V	Vmis-sfm-p	0	ROOT
9	в	в	S	S	Sp-l	8	обст
10	терапевтическом	терапевтический	A	A	Afpmslf	11	опред
11	стационаре	стационар	N	N	Ncmsln	9	предл
12	,	,	,	,	,	11	PUNC
13	выписана	выписать	V	V	Vmps-sfpse	8	сочин
14	с	с	S	S	Sp-i	13	обст
15	диагнозом	диагноз	N	N	Ncmsin	14	предл
16	,	,	,	,	,	15	PUNC
17	митральная	митральный	A	A	Afpfsnf	18	опред
18	регургитация	регургитация	N	N	Ncfsnn	8	предик
19	неуточненного	неуточненный	A	A	Afpmsgf	20	опред
20	генеза	генез	N	N	Ncmsgn	18	квазиагент
21	,	,	,	,	,	20	PUNC
22	ПТП	птп	R	R	R	24	вводн
23	,	,	,	,	,	22	PUNC
24	тахисистолия	тахисистолия	N	N	Ncfsnn	18	разъяснит
25	желудочков	желудочек	N	N	Ncmpgy	24	квазиагент
26	,	,	,	,	,	25	PUNC
27	ХСН	хсн	N	N	Npmsnn	24	сочин
28	I	i	M	M	Mo---d	27	опред
