1	Считает	считать	V	V	Vmip3s-a-p	0	ROOT
2	себя	себя	P	P	P----an	1	1-компл
3	больным	больной	N	N	Ncmsiy	1	2-компл
4	с	с	S	S	Sp-l	1	обст
5	1993	#год	M	M	Mc---d	6	опред
6	года	год	N	N	Ncmsgn	4	предл
7	,	,	,	,	,	6	PUNC
8	когда	когда	C	C	C	1	обст
9	стал	стать	V	V	Vmis-sma-e	8	подч-союзн
10	ощущать	ощущать	V	V	Vmn----a-p	9	1-компл
11	короткие	короткий	A	A	Afpmpaf	12	опред
12	приступы	приступ	N	N	Ncmpan	10	1-компл
13	ритмичного	ритмичный	A	A	Afpnsgf	14	опред
14	сердцебиения	сердцебиение	N	N	Ncnsgn	12	квазиагент
15	,	,	,	,	,	14	PUNC
16	купирующие	купировать	V	V	Vmpp-p-afpn	12	опред
17	самостоятельно	самостоятельно	R	R	R	16	обст
18	,	,	,	,	,	17	PUNC
19	продолжительностью	продолжительность	N	N	Ncfsin	24	обст
20	несколько	несколько	M	M	Mc--a	21	количест
21	секунд	секунда	N	N	Ncfpgn	19	квазиагент
22	(	(	-	-	-	21	PUNC
23	приступы	приступ	N	N	Ncmpnn	24	1-компл
24	беспокоили	беспокоить	V	V	Vmis-p-a-p	1	сент-соч
25	редко	редко	R	R	R	24	обст
26	1-2	#число	M	M	Mc---d	27	количест
27	раза	раз	N	N	Ncmsgn	24	обст
28	в	в	S	S	Sp-a	27	распред
29	год	год	N	N	Ncmsan	28	предл
30	)	)	-	-	-	29	PUNC
