1	В	в	S	S	Sp-l	4	обст
2	1992	#год	M	M	Mc---d	3	опред
3	году	год	N	N	Ncmsnnl	1	предл
4	перенесла	перенести	V	V	Vmis-sfa-e	0	ROOT
5	ишемический	ишемический	A	A	Afpmsnf	6	опред
6	инсульт	инсульт	N	N	Ncmsnn	4	1-компл
7	с	с	S	S	Sp-i	4	обст
8	левосторонней	левосторонний	A	A	Afpfsif	9	опред
9	гемиплегией	гемиплегия	N	N	Ncfsin	7	предл
10	,	,	,	,	,	9	PUNC
11	без	без	S	S	Sp-g	4	обст
12	потери	потеря	N	N	Ncfsgn	11	предл
13	сознания	сознание	N	N	Ncnsgn	12	1-компл
14	,	,	,	,	,	13	PUNC
15	двигательные	двигательный	A	A	Afpmpnf	16	опред
16	функции	функция	N	N	Ncfpnn	4	1-компл
17	конечностей	конечность	N	N	Ncfpgn	16	квазиагент
18	восстановились	восстановиться	V	V	Vmis-p-m-e	4	сочин
19	,	,	,	,	,	18	PUNC
20	осталось	остаться	V	V	Vmis-snm-e	4	сент-соч
21	нарушение	нарушение	N	N	Ncnsnn	20	предик
22	координации	координация	N	N	Ncfsgn	21	1-компл
23	при	при	S	S	Sp-l	22	атриб
24	ходьбе	ходьба	N	N	Ncfsln	23	предл
25	и	и	C	C	C	22	сочин
26	ослабление	ослабление	N	N	Ncnsnn	25	соч-союзн
27	памяти	память	N	N	Ncfsgn	26	1-компл
28	.	.	-	-	-	27	PUNC
