1	Осенью	#сезон	N	N	Ncfsin	5	обст
2	2009	#год	M	M	Mc---d	3	опред
3	года	год	N	N	Ncmsgn	1	атриб
4	пациентка	пациентка	N	N	Ncfsny	5	предик
5	стала	стать	V	V	Vmis-sfa-e	0	ROOT
6	отмечать	отмечать	V	V	Vmn----a-p	5	1-компл
7	появление	появление	N	N	Ncnsan	6	1-компл
8	одышки	одышка	N	N	Ncfsgn	7	квазиагент
9	при	при	S	S	Sp-l	7	атриб
10	незначительной	незначительный	A	A	Afpfslf	12	опред
11	физической	физический	A	A	Afpfslf	12	опред
12	нагрузке	нагрузка	N	N	Ncfsln	9	предл
13	(	(	-	-	-	12	PUNC
14	ходьба	ходьба	N	N	Ncfsnn	7	квазиагент
15	на	на	S	S	Sp-a	14	1-компл
16	расстояние	расстояние	N	N	Ncnsan	15	предл
17	до	до	S	S	Sp-l	16	компл-аппоз
18	10-15	#число	M	M	Mc---d	19	количест
19	метров	метр	N	N	Ncmpgn	17	предл
20	)	)	-	-	-	19	PUNC
21	,	,	,	,	,	19	PUNC
22	купирующаяся	купирующаяся	V	V	Vmpp-sfmfpn	14	опред
23	прекращением	прекращение	N	N	Ncnsin	22	агент
24	нагрузки	нагрузка	N	N	Ncfsgn	23	1-компл
25	в	в	S	S	Sp-l	23	атриб
26	течении	течение	N	N	Ncnsln	25	предл
27	15	#число	M	M	Mc---d	28	количест
28	минут	минута	N	N	Ncfpgn	7	сочин
