1	Обследовался	обследоваться	V	V	Vmis-smm-p	0	ROOT
2	в	в	S	S	Sp-l	1	обст
3	Алтайском	алтайский	A	A	Afpmslf	4	опред
4	кардиодиспансере	кардиодиспансер	N	N	Ncmsln	2	предл
5	,	,	,	,	,	4	PUNC
6	проведено	провести	V	V	Vmps-snpse	1	1-компл
7	УЗИ	узи	N	N	Ncnsnn	6	предик
8	сердца	сердце	N	N	Ncnsgn	7	1-компл
9	-	-	-	-	-	8	PUNC
10	прлабирование	прлабирование	N	N	Ncnsnn	7	аппоз
11	МК	мк	N	N	Npmsgn	7	сочин
12	легкой	легкий	A	A	Afpfsgf	13	опред
13	степени	степень	N	N	Ncfsgn	11	атриб
14	,	,	,	,	,	13	PUNC
15	на	на	S	S	Sp-g	17	обст
16	ХМЭКГ	хмэкг	N	N	Npmpgn	15	предл
17	выявлены	выявить	V	V	Vmps-p-pse	1	сент-соч
18	эпизоды	эпизод	N	N	Ncmpnn	17	предик
19	преходящей	преходящий	A	A	Afpfsgf	20	опред
20	АВ	ав	-	-	-	18	квазиагент
21	блокады	блокада	N	N	Ncfsgn	20	атриб
22	2-3	#число	M	M	Mc---d	23	количест
23	степени	степень	N	N	Ncfsgn	21	1-компл
24	,	,	,	,	,	23	PUNC
25	асистолия	асистолия	N	N	Ncfsnn	18	разъяснит
26	до	до	S	S	Sp-l	25	атриб
27	2265	#год	M	M	Mc---d	26	предл
28	мс	мс	N	N	Ncmsgn	27	атриб
