1	С	с	S	S	Sp-g	5	обст
2	весны	#сезон	N	N	Ncfsgn	1	предл
3	2010	#год	M	M	Mc---d	4	опред
4	года	год	N	N	Ncmsgn	2	атриб
5	стал	стать	V	V	Vmis-sma-e	0	ROOT
6	отмечать	отмечать	V	V	Vmn----a-p	5	1-компл
7	появление	появление	N	N	Ncnsan	6	1-компл
8	приступов	приступ	N	N	Ncmpgn	7	квазиагент
9	учащенного	учащенный	A	A	Afpnsgf	11	опред
10	неритмичного	неритмичный	A	A	Afpnsgf	11	опред
11	сердцебиения	сердцебиение	N	N	Ncnsgn	8	квазиагент
12	,	,	,	,	,	11	PUNC
13	длящихся	длиться	V	V	Vmpp-p-mfpg	7	опред
14	в	в	S	S	Sp-a	13	2-компл
15	течение	течение	N	N	Ncnsan	14	предл
16	нескольких	несколько	M	M	Mc--g	17	количест
17	часов	час	N	N	Ncmpgn	13	1-компл
18	,	,	,	,	,	17	PUNC
19	купирующихся	купирующихся	V	V	Vmpp-p-mfpg	17	опред
20	самостоятельно	самостоятельно	R	R	R	19	обст
21	,	,	,	,	,	20	PUNC
22	медикаментов	медикамент	N	N	Ncmpgn	27	1-компл
23	по	по	S	S	Sp-d	27	обст
24	этому	этот	P	P	P--msda	25	опред
25	поводу	повод	N	N	Ncmsdn	23	предл
26	не	не	Q	Q	Q	27	огранич
27	принимал	принимать	V	V	Vmis-sma-p	5	сент-соч
