1	Отмечается	отмечаться	V	V	Vmip3s-m-p	2	опред
2	повышение	повышение	N	N	Ncnsnn	10	предик
3	глюкозы	глюкоза	N	N	Ncfsgn	2	1-компл
4	крови	кровь	N	N	Ncfsgn	3	квазиагент
5	до	до	S	S	Sp-l	2	атриб
6	6,5	#число	M	M	Mc---d	7	количест
7	ммоль/л	литр	N	N	Ncmsnn	5	предл
8	Слабость	слабость	N	N	Ncfsnn	7	распред
9	,	,	,	,	,	8	PUNC
10	дискомфорт	дискомфорт	N	N	Ncmsnn	0	ROOT
11	в	в	S	S	Sp-l	10	атриб
12	области	область	N	N	Ncfsln	11	предл
13	сердца	сердце	N	N	Ncnsgn	12	квазиагент
14	,	,	,	,	,	13	PUNC
15	частое	частый	A	A	Afpnsnf	16	опред
16	сердцебиение	сердцебиение	N	N	Ncnsnn	10	сочин
17	,	,	,	,	,	16	PUNC
18	резкое	резкий	A	A	Afpnsnf	19	опред
19	снижение	снижение	N	N	Ncnsnn	16	сочин
20	трудоспособности	трудоспособность	N	N	Ncfsgn	19	1-компл
21	беспокоит	беспокоить	V	V	Vmip3s-a-p	19	опред
22	с	с	S	S	Sp-l	21	обст
23	2009	#год	M	M	Mc---d	24	опред
24	года	год	N	N	Ncmsgn	22	предл
