1	С	с	S	S	Sp-l	5	обст
2	2010	#год	M	M	Mc---d	3	опред
3	года	год	N	N	Ncmsgn	1	предл
4	пароксизмы	пароксизм	N	N	Ncmpnn	5	предик
5	возобновились	возобновиться	V	V	Vmis-p-m-e	0	ROOT
6	,	,	,	,	,	5	PUNC
7	при	при	S	S	Sp-l	10	обст
8	проведение	проведение	N	N	Ncnsnn	7	предл
9	обследования	обследование	N	N	Ncnsgn	8	1-компл
10	выявлена	выявить	V	V	Vmps-sfpse	5	разъяснит
11	АВ	ав	-	-	-	10	PUNC
12	узловая	узловой	A	A	Afpfsnf	13	опред
13	тахикардия	тахикардия	N	N	Ncfsnn	15	обст
14	пациентка	пациентка	N	N	Ncfsny	15	предик
15	направлена	направить	V	V	Vmps-sfpse	10	сочин
16	на	на	S	S	Sp-a	15	2-компл
17	оперативное	оперативный	A	A	Afpnsaf	18	опред
18	лечение	лечение	N	N	Ncnsan	16	предл
19	НРС	нрс	N	N	Npmsnn	15	1-компл
20	в	в	S	S	Sp-a	15	2-компл
21	федеральный	федеральный	A	A	Afpmsaf	22	опред
22	центр	центр	N	N	Ncmsan	20	предл
