1	В	в	S	S	Sp-l	5	обст
2	2005	#год	M	M	Mc---d	3	опред
3	году	год	N	N	Ncmsnnl	1	предл
4	пациент	пациент	N	N	Ncmsny	5	предик
5	уволился	уволиться	V	V	Vmis-smm-e	0	ROOT
6	из	из	S	S	Sp-g	5	1-компл
7	правоохранительных	правоохранительный	A	A	Afpmpgf	8	опред
8	органов	орган	N	N	Ncmpgn	6	предл
9	,	,	,	,	,	8	PUNC
10	после	после	S	S	Sp-g	15	обст
11	чего	что	P	P	P--nsgn	10	предл
12	в	в	S	S	Sp-l	15	1-компл
13	стационарах	стационар	N	N	Ncmpln	12	предл
14	не	не	Q	Q	Q	15	огранич
15	лежал	лежать	V	V	Vmis-sma-p	5	сент-соч
16	,	,	,	,	,	15	PUNC
17	у	у	S	S	Sp-g	20	1-компл
18	врачей	врач	N	N	Ncmpgy	17	предл
19	не	не	Q	Q	Q	20	огранич
20	наблюдался	наблюдаться	V	V	Vmis-smm-p	15	сент-соч
