1	В	в	S	S	Sp-l	4	обст
2	2005	#год	M	M	Mc---d	3	опред
3	году	год	N	N	Ncmsnnl	1	предл
4	проведена	провести	V	V	Vmps-sfpse	0	ROOT
5	перфузионная	перфузионный	A	A	Afpfsnf	6	опред
6	сцинтиграфия	сцинтиграфия	N	N	Ncfsnn	4	предик
7	миокарда	миокард	N	N	Ncmsgn	6	квазиагент
8	,	,	,	,	,	7	PUNC
9	на	на	S	S	Sp-l	0	ROOT
10	пике	пик	N	N	Ncmsln	9	предл
11	аденозиновой	аденозиновый	A	A	Afpfsgf	12	опред
12	пробы	проба	N	N	Ncfsgn	10	квазиагент
13	имеет	иметь	V	V	Vmip3s-a-p	15	опред
14	место	место	N	N	Ncnsan	13	1-компл
15	гипоперфузия	гипоперфузия	N	N	Ncfsnn	0	ROOT
16	задней	задний	A	A	Afpfsgf	19	опред
17	и	и	C	C	C	16	сочин
18	боковой	боковой	A	A	Afpfsgf	17	соч-союзн
19	стенок	стенка	N	N	Ncfpgn	15	квазиагент
20	ЛЖ	лж	N	N	Npmsnn	19	квазиагент
21	(	(	-	-	-	20	PUNC
22	18	#число	M	M	Mc---d	23	количест
23	%	%	-	-	-	20	примыкат
24	)	)	-	-	-	23	PUNC
