1	С	с	S	S	Sp-l	7	обст
2	1981	#год	M	M	Mc---d	3	опред
3	года	год	N	N	Ncmsgn	1	предл
4	по	по	S	S	Sp-l	7	обст
5	2004	#год	M	M	Mc---d	6	опред
6	год	год	N	N	Ncmsan	4	предл
7	наблюдалась	наблюдаться	V	V	Vmis-sfm-p	0	ROOT
8	в	в	S	S	Sp-l	7	обст
9	поликлинике	поликлиника	N	N	Ncfsln	8	предл
10	,	,	,	,	,	9	PUNC
11	у	у	S	S	Sp-g	13	1-компл
12	пациентки	пациентка	N	N	Ncfsgy	11	предл
13	нарастала	нарастать	V	V	Vmis-sfa-p	9	релят
14	одышка	одышка	N	N	Ncfsnn	13	предик
15	,	,	,	,	,	14	PUNC
16	появилось	появиться	V	V	Vmis-snm-e	7	разъяснит
17	неритмичное	неритмичный	A	A	Afpnsnf	18	опред
18	сердцебиение	сердцебиение	N	N	Ncnsnn	16	предик
19	,	,	,	,	,	18	PUNC
20	в	в	S	S	Sp-l	23	обст
21	стациолнарах	стациолнар	N	N	Ncmpln	20	предл
22	не	не	Q	Q	Q	23	огранич
23	лечилась	лечиться	V	V	Vmis-sfm-e	18	релят
