1	назначался	назначаться	V	V	Vmis-smm-p	0	ROOT
2	тирозол	тирозол	N	N	Ncmsnn	1	предик
3	,	,	,	,	,	2	PUNC
4	который	который	P	P	P--msna	6	1-компл
5	пациент	пациент	N	N	Ncmsny	6	предик
6	принимал	принимать	V	V	Vmis-sma-p	1	сент-соч
7	около	около	S	S	Sp-l	6	предик
8	2	@card@	M	M	Mc---d	9	количест
9	лет	год	N	N	Ncmpgn	7	предл
10	,	,	,	,	,	9	PUNC
11	последние	последний	A	A	Afpmpaf	12	опред
12	месяцы	месяц	N	N	Ncmpan	14	1-компл
13	не	не	Q	Q	Q	14	огранич
14	принимает	принимать	V	V	Vmip3s-a-p	6	сент-соч
15	,	,	,	,	,	14	PUNC
16	гормоны	гормон	N	N	Ncmpnn	6	предик
17	щит.железы	щит.железа	N	N	Ncmpnn	16	аппоз
18	в	в	S	S	Sp-l	17	атриб
19	августе	август	N	N	Ncmsln	18	предл
20	2010	@card@	M	M	Mc---d	21	опред
21	года	год	N	N	Ncmsgn	19	атриб
22	–	-	-	-	-	21	PUNC
23	ТТГ	ттг	N	N	Npmsnn	24	1-компл
24	снижен	снизить	V	V	Vmps-smpse	17	релят
25	,	,	,	,	,	24	PUNC
26	Т	т	-	-	-	24	сочин
27	4	@card@	M	M	Mc---d	26	нум-аппоз
28	св	святой	A	A	Afpmsnf	26	сочин
29	в	в	S	S	Sp-l	28	атриб
30	норме	норма	N	N	Ncfsln	29	предл