1	В	в	S	S	Sp-l	5	обст
2	2008	#год	M	M	Mc---d	3	опред
3	году	год	N	N	Ncmsnnl	1	предл
4	внезапно	внезапно	R	R	R	5	обст
5	развился	развиться	V	V	Vmis-smm-e	0	ROOT
6	приступ	приступ	N	N	Ncmsnn	5	предик
7	учащенного	учащенный	A	A	Afpnsgf	9	опред
8	неритмичного	неритмичный	A	A	Afpnsgf	9	опред
9	сердцебиения	сердцебиение	N	N	Ncnsgn	6	квазиагент
10	,	,	,	,	,	9	PUNC
11	доставлена	доставить	V	V	Vmps-sfpse	6	опред
12	по	по	S	S	Sp-a	11	2-компл
13	СМП	смп	N	N	Npmsan	12	предл
14	в	в	S	S	Sp-a	11	обст
15	стационар	стационар	N	N	Ncmsan	14	предл
16	,	,	,	,	,	15	PUNC
17	на	на	S	S	Sp-l	19	обст
18	ЭКГ	экг	N	N	Npfsln	17	предл
19	зарегистрирована	зарегистрировать	V	V	Vmps-sfpse	5	сент-соч
20	фибрилляция	фибрилляция	N	N	Ncfsnn	19	предик
21	предсердий	предсердие	N	N	Ncfpgn	20	квазиагент
22	,	,	,	,	,	21	PUNC
23	купирована	купировать	V	V	Vmps-sfpfen	21	опред
24	введением	введение	N	N	Ncnsin	23	агент
25	кордарона	кордарон	N	N	Ncmsgn	24	1-компл
