1	Отмечает	отмечать	V	V	Vmip3s-a-p	2	опред
2	ухудшение	ухудшение	N	N	Ncnsnn	13	предик
3	состояния	состояние	N	N	Ncnsgn	2	квазиагент
4	с	с	S	S	Sp-g	2	атриб
5	утра	#времясуток	N	N	Ncnsgn	4	предл
6	22.09.2010	#пдата	M	M	Mc---d	7	опред
7	года	год	N	N	Ncmsgn	5	атриб
8	,	,	,	,	,	7	PUNC
9	в	в	S	S	Sp-l	13	огранич
10	виде	вид	N	N	Ncmsln	9	предл
11	повышения	повышение	N	N	Ncnsgn	10	квазиагент
12	АД	ад	N	N	Npfpgn	11	1-компл
13	до	до	S	S	Sp-l	0	ROOT
14	200/120	#число	M	M	Mc---d	15	количест
15	мм.рт.ст	мм.рт.ст	N	N	Ncfpgn	13	предл
16	,	,	,	,	,	15	PUNC
17	бригадой	бригада	N	N	Ncfsin	13	обст
18	СМП	смп	A	A	Afpmpgf	19	опред
19	АД	ад	N	N	Npfpgn	17	предл
20	стабилизировано	стабилизировать	V	V	Vmps-snpse	13	сент-соч
