1	Считает	считать	V	V	Vmip3s-a-p	0	ROOT
2	себя	себя	P	P	P----an	1	1-компл
3	больной	больной	A	A	Afpfsif	1	2-компл
4	в	в	S	S	Sp-a	1	обст
5	течение	течение	N	N	Ncnsan	4	предл
6	44	#число	M	M	Mc---d	7	количест
7	лет	год	N	N	Ncmpgn	1	1-компл
8	,	,	,	,	,	7	PUNC
9	когда	когда	C	C	C	1	обст
10	впервые	впервые	R	R	R	11	обст
11	начало	начать	V	V	Vmis-sna-p	9	подч-союзн
12	подниматься	подниматься	V	V	Vmn----m-p	11	1-компл
13	АД	ад	N	N	Npmsnn	12	1-компл
14	до	до	S	S	Sp-l	11	2-компл
15	180\100	#число	M	M	Mc---d	16	количест
16	мм.рт.ст	мм.рт.ст	N	N	Ncfpgn	14	предл
17	.	.	-	-	-	16	PUNC
18	,	,	,	,	,	16	PUNC
19	адаптирована	адаптировать	V	V	Vmps-sfpse	1	2-компл
20	к	к	S	S	Sp-d	19	2-компл
21	цифрам	цифра	N	N	Ncfpdn	20	предл
22	АД	ад	N	N	Npfpgn	21	атриб
23	140\80	#число	M	M	Mc---d	24	количест
24	мм.рт.ст	мм.рт.ст	N	N	Ncmsnn	1	1-компл
