1	С	с	S	S	Sp-l	6	обст
2	20.09.10	#пдата	M	M	Mc---d	1	предл
3	по	по	S	S	Sp-l	1	соотнос
4	22.09.10	#пдата	M	M	Mc---d	5	опред
5	г	г	N	N	Ncmsnnl	3	предл
6	находилась	находиться	V	V	Vmis-sfm-p	0	ROOT
7	на	на	S	S	Sp-l	6	1-компл
8	стационарном	стационарный	A	A	Afpnslf	9	опред
9	лечении	лечение	N	N	Ncnsln	7	предл
10	в	в	S	S	Sp-l	6	сент-соч
11	ГБ	гб	N	N	Npmsln	10	предл
12	№	№	-	-	-	11	нум-аппоз
13	1	#число	M	M	Mc---d	12	нум-аппоз
14	с	с	S	S	Sp-i	10	предик
15	диагнозом	диагноз	N	N	Ncmsin	14	предл
16	,	,	,	,	,	15	PUNC
17	Преходящая	преходящий	A	A	Afpfsnf	19	опред
18	полная	полный	A	A	Afpfsnf	19	опред
19	АВ	ав	-	-	-	15	аппоз
20	блокада	блокада	N	N	Ncfsnn	10	сент-соч
