1	В	в	S	S	Sp-l	4	обст
2	2000	#год	M	M	Mc---d	3	опред
3	году	год	N	N	Ncmsnnl	1	предл
4	стал	стать	V	V	Vmis-sma-e	0	ROOT
5	отмечать	отмечать	V	V	Vmn----a-p	4	1-компл
6	появленеи	появленеа	N	N	Ncmpan	5	1-компл
7	приступов	приступ	N	N	Ncmpgn	6	квазиагент
8	учащенного	учащенный	A	A	Afpnsgf	11	опред
9	,	,	,	,	,	8	PUNC
10	неритмичного	неритмичный	A	A	Afpnsgf	11	опред
11	сердцебиения	сердцебиение	N	N	Ncnsgn	7	квазиагент
12	,	,	,	,	,	11	PUNC
13	купировались	купировалиться	V	V	Vmis-p-m-p	4	сочин
14	бСМП	бсмп	N	N	Npmsnn	13	1-компл
15	или	или	C	C	C	13	сочин
16	в	в	S	S	Sp-l	15	соч-союзн
17	НИИ	нии	N	N	Ncmsln	16	предл
18	Кардиологии	кардиология	N	N	Npfsgn	17	1-компл
19	в\в	\в	N	N	Ncmpgy	18	квазиагент
20	введением	введение	N	N	Ncnsin	4	присвяз
21	кордарона	кордарон	N	N	Ncmsgn	20	1-компл
22	,	,	,	,	,	21	PUNC
23	был	быть	V	V	Vmis-sma-p	4	сочин
24	назначен	назначить	V	V	Vmps-smpse	23	пасс-анал
25	на	на	S	S	Sp-a	24	2-компл
26	постоянный	постоянный	A	A	Afpmsaf	27	опред
27	прием	прием	N	N	Ncmsan	25	предл
28	кордарон	кордарон	N	N	Ncmsnn	27	1-компл
29	.	.	-	-	-	28	PUNC
