1	Считает	считать	V	V	Vmip3s-a-p	0	ROOT
2	себя	себя	P	P	P----an	1	1-компл
3	больным	больной	N	N	Ncmsiy	1	2-компл
4	около	около	S	S	Sp-l	1	1-компл
5	3	#число	M	M	Mc---d	6	количест
6	лет	год	N	N	Ncmpgn	4	предл
7	,	,	,	,	,	6	PUNC
8	когда	когда	C	C	C	1	обст
9	впервые	впервые	R	R	R	10	обст
10	стал	стать	V	V	Vmis-sma-e	8	подч-союзн
11	отмечать	отмечать	V	V	Vmn----a-p	10	1-компл
12	давящие	давящий	A	A	Afpmpaf	13	опред
13	боли	боль	N	N	Ncfpan	11	1-компл
14	при	при	S	S	Sp-l	11	обст
15	обычной	обычный	A	A	Afpfslf	17	опред
16	физической	физический	A	A	Afpfslf	17	опред
17	нагрузке	нагрузка	N	N	Ncfsln	14	предл
18	,	,	,	,	,	17	PUNC
19	боли	боль	N	N	Ncfpnn	20	предик
20	купировались	купировалиться	V	V	Vmis-p-m-p	1	1-компл
21	прекращением	прекращение	N	N	Ncnsin	20	1-компл
22	нагрузки	нагрузка	N	N	Ncfsgn	21	1-компл
23	в	в	S	S	Sp-l	21	атриб
24	течении	течение	N	N	Ncnsln	23	предл
25	1-2	#число	M	M	Mc---d	26	количест
26	минут	минута	N	N	Ncfpgn	21	1-компл
