1	Ухудшение	ухудшение	N	N	Ncnsnn	0	ROOT
2	состояния	состояние	N	N	Ncnsgn	1	квазиагент
3	с	с	S	S	Sp-g	2	атриб
4	конца	конец	N	N	Ncmsgn	3	предл
5	мая	#месяц	N	N	Ncmsgn	4	квазиагент
6	2010	#год	M	M	Mc---d	7	опред
7	г	город	N	N	Ncmsgn	5	атриб
8	,	,	,	,	,	7	PUNC
9	в	в	S	S	Sp-l	0	ROOT
10	виде	вид	N	N	Ncmsln	9	предл
11	появления	появление	N	N	Ncnsgn	10	квазиагент
12	слабости	слабость	N	N	Ncfsgn	11	квазиагент
13	,	,	,	,	,	12	PUNC
14	одышки	одышка	N	N	Ncfsgn	11	1-компл
15	,	,	,	,	,	14	PUNC
16	редкого	редкий	A	A	Afpmsgf	17	опред
17	пульса	пульс	N	N	Ncmsgn	11	квазиагент
18	(	(	-	-	-	17	PUNC
19	37-42	#число	M	M	Mc---d	17	примыкат
20	в	в	S	S	Sp-a	11	1-компл
21	мин	мина	N	N	Ncfsan	20	предл
22	)	)	-	-	-	21	PUNC
