1	в	в	S	S	Sp-a	5	обст
2	течение	течение	N	N	Ncnsan	1	предл
3	двух	два	M	M	Mcf-g	4	количест
4	недель	неделя	N	N	Ncfpgn	5	предик
5	проводились	проводиться	V	V	Vmis-p-m-p	0	ROOT
6	в/в	/в	A	A	Afpfsgf	7	опред
7	инфузии	инфузия	N	N	Ncfsgn	5	предик
8	препаратов	препарат	N	N	Ncmpgn	7	1-компл
9	,	,	,	,	,	8	PUNC
10	однако	однако	C	C	C	15	вводн
11	,	,	,	,	,	10	PUNC
12	синусовый	синусовый	A	A	Afpmsnf	13	опред
13	ритм	ритм	N	N	Ncmsnn	15	предик
14	не	не	Q	Q	Q	15	огранич
15	восстановлен	восстановить	V	V	Vmps-smpse	5	сент-соч
16	,	,	,	,	,	15	PUNC
17	после	после	S	S	Sp-g	20	обст
18	выписки	выписка	N	N	Ncfsgn	17	предл
19	самостоятельно	самостоятельно	R	R	R	20	обст
20	восстановился	восстановиться	V	V	Vmis-smm-e	15	разъяснит
21	синусовый	синусовый	A	A	Afpmsnf	22	опред
22	ритм	ритм	N	N	Ncmsnn	20	предик

