1	Родился	родиться	V	V	Vmis-smm-e	0	ROOT
2	в	в	S	S	Sp-l	1	обст
3	Татарстане	татарстан	N	N	Npmsln	2	предл
4	,	,	,	,	,	3	PUNC
5	с	с	S	S	Sp-l	8	обст
6	2004	#год	M	M	Mc---d	7	опред
7	г	г	N	N	Ncmsnnl	5	предл
8	живет	жить	V	V	Vmip3s-a-p	3	релят
9	в	в	S	S	Sp-l	8	1-компл
10	Томске	томск	N	N	Npmsln	9	предл
11	образование	образование	N	N	Ncnsnn	8	предик
12	среднее	средний	A	A	Afpnsnf	11	сочин
13	,	,	,	,	,	12	PUNC
14	в	в	S	S	Sp-l	17	обст
15	армии	армия	N	N	Ncfsln	14	предл
16	не	не	Q	Q	Q	17	огранич
17	служил	служить	V	V	Vmis-sma-p	1	сочин
18	(	(	-	-	-	17	PUNC
19	ЧМТ	чмт	N	N	Ncmsnn	17	примыкат
20	)	)	-	-	-	19	PUNC
