1	Спустя	спустя	S	S	Sp-l	6	обст
2	2	#число	M	M	Mc---d	3	количест
3	месяца	месяц	N	N	Ncmsgn	1	предл
4	,	,	,	,	,	3	PUNC
5	вновь	вновь	R	R	R	6	обст
6	был	быть	V	V	Vmis-sma-p	0	ROOT
7	госпитализирован	госпитализировать	V	V	Vmps-smpse	6	пасс-анал
8	в	в	S	S	Sp-a	7	2-компл
9	кардиологическое	кардиологический	A	A	Afpnsaf	10	опред
10	отделение	отделение	N	N	Ncnsan	8	предл
11	с	с	S	S	Sp-i	10	1-компл
12	признаками	признак	N	N	Ncmpin	11	предл
13	декомпенсации	декомпенсация	N	N	Ncfsgn	12	квазиагент
14	сердечной	сердечный	A	A	Afpfsgf	15	опред
15	недостаточности	недостаточность	N	N	Ncfsgn	13	квазиагент
16	(	(	-	-	-	15	PUNC
17	одышка	одышка	N	N	Ncfsnn	6	предик
18	при	при	S	S	Sp-l	6	обст
19	незначительной	незначительный	A	A	Afpfslf	21	опред
20	физической	физический	A	A	Afpfslf	21	опред
21	нагрузке	нагрузка	N	N	Ncfsln	18	предл
22	,	,	,	,	,	21	PUNC
23	слабость	слабость	N	N	Ncfsnn	21	примыкат
24	)	)	-	-	-	23	PUNC
25	,	,	,	,	,	23	PUNC
26	учащенным	учащенный	A	A	Afpmsif	6	присвяз
27	,	,	,	,	,	26	PUNC
28	неритмичным	неритмичный	A	A	Afpmsif	26	сочин
29	сердцебиением	сердцебиение	N	N	Ncnsin	6	обст
