1	Имеет	иметь	V	V	Vmip3s-a-p	8	опред
2	законченное	закончить	V	V	Vmps-snpfpn	4	опред
3	высшее	высший	A	A	Afpnsaf	4	опред
4	образование	образование	N	N	Ncnsan	1	1-компл
5	,	,	,	,	,	4	PUNC
6	по	по	S	S	Sp-d	1	обст
7	специальности	специальность	N	N	Ncfsdn	6	предл
8	геолог	геолог	N	N	Ncmsny	10	предик
9	,	,	,	,	,	8	PUNC
10	работал	работать	V	V	Vmis-sma-p	0	ROOT
11	около	около	S	S	Sp-l	10	1-компл
12	10	#число	M	M	Mc---d	13	количест
13	лет	год	N	N	Ncmpgn	11	предл
14	на	на	S	S	Sp-l	13	атриб
15	Севере	север	N	N	Npmsln	14	предл
16	,	,	,	,	,	15	PUNC
17	вахтовым	вахтовый	A	A	Afpmsif	20	опред
18	и	и	C	C	C	17	сочин
19	экспедиционноым	экспедиционноый	A	A	Afpmsif	18	соч-союзн
20	методом	метод	N	N	Ncmsin	10	2-компл
21	.	.	-	-	-	20	PUNC
22	,	,	,	,	,	20	PUNC
23	в	в	S	S	Sp-a	30	обст
24	этот	этот	P	P	P--msaa	25	опред
25	момент	момент	N	N	Ncmsan	23	предл
26	времени	время	N	N	Ncnsgn	25	квазиагент
27	обильно(	(	A	A	Afpmpif	28	опред
28	запоями	запой	N	N	Ncnpin	25	примыкат
29	)	)	-	-	-	28	PUNC
30	употреблял	употреблять	V	V	Vmis-sma-p	10	сент-соч
31	алкоголь	алкоголь	N	N	Ncmsnn	30	1-компл
32	.	.	-	-	-	31	PUNC
