1	Искусственный	искусственный	A	A	Afpmsnf	2	опред
2	водитель	водитель	N	N	Ncmsny	0	ROOT
3	ритма	ритм	N	N	Ncmsgn	2	1-компл
4	ЭКС	экс	N	N	Npmsny	3	аппоз
5	InSync	InSync	-	-	-	4	аппоз
6	III	iii	M	M	Mo---d	5	нум-аппоз
7	(	(	-	-	-	6	PUNC
8	от	от	S	S	Sp-l	2	атриб
9	6.12.07	#пдата	M	M	Mc---d	10	опред
10	г	г	N	N	Ncmsnnl	8	предл
11	.	.	-	-	-	10	PUNC
12	,	,	,	,	,	10	PUNC
13	бивентрикулярный	бивентрикулярный	A	A	Afpmsnf	16	опред
14	,	,	,	,	,	13	PUNC
15	эпикардиальный	эпикардиальный	A	A	Afpmsnf	16	опред
16	электрод	электрод	N	N	Ncmsnn	0	ROOT
17	для	для	S	S	Sp-g	16	атриб
18	стимуляции	стимуляция	N	N	Ncfsgn	17	предл
19	левого	левый	A	A	Afpmsgf	20	опред
20	желудочка	желудочек	N	N	Ncmsgn	18	квазиагент
21	)	)	-	-	-	20	PUNC
