1	6.12.07	#пдата	A	A	Afpmpaf	3	неакт-компл
2	дополнительно	дополнительно	R	R	R	3	обст
3	имплантирован	имплантировать	V	V	Vmps-smpse	0	ROOT
4	эпикардиальный	эпикардиальный	A	A	Afpmsnf	5	опред
5	электрод	электрод	N	N	Ncmsnn	3	предик
6	CAPSURE	CAPSURE	-	-	-	5	аппоз
7	EPI	EPI	-	-	-	6	аппоз
8	,	,	,	,	,	7	PUNC
9	ЭКС	ЭКС	-	-	-	7	аппоз
10	REGENCY	REGENCY	-	-	-	9	аппоз
1	SR	SR	-	-	-	2	предик
2	заменен	заменить	V	V	Vmps-smpse	0	ROOT
3	на	на	S	S	Sp-l	2	обст
4	InSync	InSync	-	-	-	3	предл
5	III	iii	M	M	Mo---d	4	нум-аппоз
6	,	,	,	,	,	5	PUNC
7	в	в	S	S	Sp-l	10	обст
8	послеоперационном	послеоперационный	A	A	Afpmslf	9	опред
9	периоде	период	N	N	Ncmsln	7	предл
10	развился	развиться	V	V	Vmis-smm-e	2	сочин
11	реактивный	реактивный	A	A	Afpmsnf	12	опред
12	плеврит	плеврит	N	N	Ncmsnn	10	предик
