1	Весной	#сезон	N	N	Ncfsin	9	присвяз
2	2003	#год	M	M	Mc---d	3	опред
3	г	город	N	N	Ncmsgn	1	атриб
4	состояние	состояние	N	N	Ncnsnn	5	предик
5	ухудшилось	ухудшиться	V	V	Vmis-snm-e	1	релят
6	,	,	,	,	,	5	PUNC
7	почти	почти	R	R	R	8	огранич
8	постоянно	постоянно	R	R	R	9	обст
9	было	быть	V	V	Vmis-sna-p	0	ROOT
10	повышенное	повышенный	A	A	Afpnsnf	11	опред
11	АД	ад	N	N	Npmsnn	9	предик
12	–	-	-	-	-	11	PUNC
13	в	в	S	S	Sp-l	9	обст
14	пределах	предел	N	N	Ncmpln	13	предл
15	160/90-	#число	M	M	Mc---d	17	количест
16	180/100	#число	M	M	Mc---d	15	кратн
17	мм	миллиметр	N	N	Ncmpgn	14	квазиагент
18	рт.ст	рт.ст	N	N	Ncmpgn	17	квазиагент
19	.	.	-	-	-	18	PUNC
20	,	,	,	,	,	18	PUNC
21	отмечал	отмечать	V	V	Vmis-sma-p	9	вводн
22	дискомфорт	дискомфорт	N	N	Ncmsan	21	предик
23	в	в	S	S	Sp-l	22	атриб
24	области	область	N	N	Ncfsln	23	предл
25	сердца	сердце	N	N	Ncnsgn	24	квазиагент
