1	В	в	S	S	Sp-l	5	обст
2	ибле	ибль	N	N	Ncmsln	1	предл
3	2011	#год	M	M	Mc---d	4	количест
4	пациент	пациент	N	N	Ncmsny	5	предик
5	прооперирован	прооперировать	V	V	Vmps-smpse	0	ROOT
6	в	в	S	S	Sp-l	5	обст
7	отделении	отделение	N	N	Ncnsln	6	предл
8	ХЛСНРС	хлснрс	N	N	Npfsny	7	квазиагент
9	и	и	C	C	C	7	сочин
10	ЭКС	экс	N	N	Npmsny	9	соч-союзн
11	,	,	,	,	,	10	PUNC
12	рекомендоавана	рекомендоавана	V	V	Vmps-sfpse	5	сочин
13	повторная	повторный	A	A	Afpfsnf	14	опред
14	госпитализация	госпитализация	N	N	Ncfsnn	12	1-компл
15	в	в	S	S	Sp-a	12	2-компл
16	отделение	отделение	N	N	Ncnsan	15	предл
17	для	для	S	S	Sp-g	16	1-компл
18	оперативного	оперативный	A	A	Afpnsgf	19	опред
19	лечения	лечение	N	N	Ncnsgn	17	предл
20	,	,	,	,	,	19	PUNC
21	первичная	первичный	A	A	Afpfsnf	22	опред
22	имплантация	имплантация	N	N	Ncfsnn	5	предик
23	ЭКС	ЭКС	-	-	-	22	аппоз
24	.	.	-	-	-	23	PUNC
