1	Состояние	состояние	N	N	Ncnsnn	2	предик
2	ухудшилось	ухудшиться	V	V	Vmis-snm-e	0	ROOT
3	с	с	S	S	Sp-l	2	обст
4	2009	#год	M	M	Mc---d	5	опред
5	года	год	N	N	Ncmsgn	3	предл
6	,	,	,	,	,	5	PUNC
7	несмотря	несмотреть	V	V	Vmgp---a-e	2	обст
8	на	на	S	S	Sp-a	7	2-компл
9	прием	прием	N	N	Ncmsan	8	предл
10	верапамила	верапамить	V	V	Vmis-sfa-e	7	сочин
11	или	или	C	C	C	10	сочин
12	метопролола	метопролоть	V	V	Vmis-sfa-e	11	соч-союзн
13	в	в	S	S	Sp-l	12	обст
14	комбинации	комбинация	N	N	Ncfsln	13	предл
15	с	с	S	S	Sp-i	14	1-компл
16	дигоксином	дигоксин	N	N	Ncmsin	15	предл
17	развивалась	развиваться	V	V	Vmis-sfm-p	2	сент-соч
18	тахисистолия	тахисистолия	N	N	Ncfsnn	17	предик
19	до	до	S	S	Sp-l	18	компл-аппоз
20	200	#число	M	M	Mc---d	19	предл
21	в	в	S	S	Sp-a	17	обст
22	минуту	минута	N	N	Ncfsan	21	предл
23	с	с	S	S	Sp-i	17	обст
24	синкопальными	синкопальный	A	A	Afpmpif	25	опред
25	состояниями	состояние	N	N	Ncnpin	23	предл
26	,	,	,	,	,	25	PUNC
27	гипотонией	гипотония	N	N	Ncfsin	17	обст
