1	Утром	#времясуток	N	N	Ncnsin	3	обст
2	14.08.2011	#пдата	M	M	Mc---d	3	обст
3	отметила	отметить	V	V	Vmis-sfa-e	0	ROOT
4	начало	начало	N	N	Ncnsan	3	1-компл
5	приступа	приступ	N	N	Ncmsgn	4	квазиагент
6	неритмичного	неритмичный	A	A	Afpnsgf	7	опред
7	сердцебиения	сердцебиение	N	N	Ncnsgn	5	квазиагент
8	,	,	,	,	,	7	PUNC
9	отметила	отметить	V	V	Vmis-sfa-e	3	вводн
10	ухудшение	ухудшение	N	N	Ncnsnn	9	предик
11	состояния	состояние	N	N	Ncnsgn	10	квазиагент
12	,	,	,	,	,	11	PUNC
13	вызвала	вызвать	V	V	Vmis-sfa-e	3	1-компл
14	бСМП	бсмп	N	N	Ncmsnn	13	1-компл
15	,	,	,	,	,	14	PUNC
16	которая	который	P	P	P--fsna	19	опред
17	не	не	Q	Q	Q	18	огранич
18	оказывая	оказывать	V	V	Vmgp---a-p	19	опред
19	помощи	помощь	N	N	Ncfsgn	20	предик
20	доставила	доставить	V	V	Vmis-sfa-e	3	разъяснит
21	пациентку	пациентка	N	N	Ncfsay	20	1-компл
22	в	в	S	S	Sp-a	20	2-компл
23	приемное	приемный	A	A	Afpnsaf	24	опред
24	отделение	отделение	N	N	Ncnsan	22	предл
25	НИИ	нии	N	N	Npmsgn	20	1-компл
26	Кардиологии	кардиология	N	N	Npfsgn	25	1-компл
27	.	.	-	-	-	26	PUNC
