1	В	в	S	S	Sp-l	0	ROOT
2	феврале	#месяц	N	N	Ncmsln	1	предл
3	2010	#год	M	M	Mc---d	4	опред
4	г	город	N	N	Ncmsgn	2	атриб
5	(	(	-	-	-	4	PUNC
6	так	так	P	P	P-----r	8	огранич
7	же	же	Q	Q	Q	6	огранич
8	после	после	S	S	Sp-g	1	сочин
9	алкоголизации	алкоголизация	N	N	Ncfsgn	8	предл
10	и	и	C	C	C	9	сочин
11	ФН	фн	N	N	Npmsgn	10	соч-союзн
12	)	)	-	-	-	11	PUNC
13	впервые	впервые	R	R	R	15	обст
14	случайно	случайно	R	R	R	15	обст
15	зарегистирован	зарегистирован	V	V	Vmps-smpse	8	сочин
16	на	на	S	S	Sp-l	15	2-компл
17	ЭКГ	экг	N	N	Npfsln	16	предл
18	пароксизм	пароксизм	N	N	Ncmsnn	15	сочин
19	трепетания-фибрилляции	трепетание-фибрилляция	N	N	Ncfsgn	18	сочин
20	предсердий	предсердие	N	N	Ncfpgn	19	1-компл
