1	Больным	больной	N	N	Ncmpdy	3	2-компл
2	себя	себя	P	P	P----an	3	1-компл
3	считает	считать	V	V	Vmip3s-a-p	0	ROOT
4	около	около	S	S	Sp-l	3	1-компл
5	10	#число	M	M	Mc---d	6	количест
6	лет	год	N	N	Ncmpgn	4	предл
7	,	,	,	,	,	6	PUNC
8	когда	когда	C	C	C	3	обст
9	впервые	впервые	R	R	R	10	обст
10	стал	стать	V	V	Vmis-sma-e	8	подч-союзн
11	отмечать	отмечать	V	V	Vmn----a-p	10	1-компл
12	пяовление	пяовление	N	N	Ncnsan	11	1-компл
13	приступов	приступ	N	N	Ncmpgn	12	1-компл
14	учащенного	учащенный	A	A	Afpnsgf	17	опред
15	,	,	,	,	,	14	PUNC
16	неритмичного	неритмичный	A	A	Afpnsgf	17	опред
17	сердцебиения	сердцебиение	N	N	Ncnsgn	13	квазиагент
18	,	,	,	,	,	17	PUNC
19	перебоев	перебоев	V	V	Vmgs---a-e	12	опред
20	в	в	S	S	Sp-l	19	обст
21	работе	работа	N	N	Ncfsln	20	предл
22	сердца	сердце	N	N	Ncnsgn	21	квазиагент
