1	Приступ	приступ	N	N	Ncmsnn	5	предик
2	учащенного	учащенный	A	A	Afpnsgf	4	опред
3	неритмичного	неритмичный	A	A	Afpnsgf	4	опред
4	сердцебиения	сердцебиение	N	N	Ncnsgn	1	квазиагент
5	возник	возникнуть	V	V	Vmis-sma-e	0	ROOT
6	около	около	S	S	Sp-l	5	1-компл
7	10,00	#число	M	M	Mc---d	9	опред
8	4.10.10	#пдата	M	M	Mc---d	9	опред
9	г	город	N	N	Ncmsgn	6	предл
10	обратился	обратиться	V	V	Vmis-smm-e	5	сочин
11	в	в	S	S	Sp-a	10	1-компл
12	медицинский	медицинский	A	A	Afpmsaf	13	опред
13	центр	центр	N	N	Ncmsan	11	предл
14	Здоровье	здоровье	N	N	Npnsnn	13	квазиагент
15	,	,	,	,	,	14	PUNC
16	где	где	P	P	P-----r	17	обст
17	был	быть	V	V	Vmis-sma-p	5	сент-соч
18	зафиксирован	зафиксировать	V	V	Vmps-smpse	17	пасс-анал
19	пароксизм	пароксизм	N	N	Ncmsnn	17	предик
20	фибрилляции	фибрилляция	N	N	Ncfsgn	19	квазиагент
21	предсердий	предсердие	N	N	Ncfpgn	20	квазиагент
