1	Заболел	заболеть	V	V	Vmis-sma-e	0	ROOT
2	04.10.10	#пдата	M	M	Mc---d	3	опред
3	г	город	N	N	Ncmsgn	1	1-компл
4	около	около	S	S	Sp-l	1	длительн
5	11-20	#число	M	M	Mc---d	6	количест
6	часов	час	N	N	Ncmpgn	4	предл
7	,	,	,	,	,	6	PUNC
8	обратился	обратиться	V	V	Vmis-smm-e	1	сочин
9	в	в	S	S	Sp-l	8	1-компл
10	АПО	апо	N	N	Ncmsln	9	предл
11	НИИ	нии	N	N	Npmsgn	8	2-компл
12	кардиологии	кардиология	N	N	Ncfsgn	11	1-компл
13	,	,	,	,	,	12	PUNC
14	откуда	откуда	P	P	P-----r	19	обст
15	после	после	S	S	Sp-g	19	обст
16	регистрации	регистрация	N	N	Ncfsgn	15	предл
17	ЭКГ	экг	N	N	Npfsln	16	1-компл
18	,	,	,	,	,	17	PUNC
19	направлен	направить	V	V	Vmps-smpse	11	опред
20	в	в	S	S	Sp-a	19	2-компл
21	приемное	приемный	A	A	Afpnsaf	22	опред
22	отделение	отделение	N	N	Ncnsan	20	предл
23	НИИ	нии	N	N	Npmsgn	19	1-компл
24	кардиологии	кардиология	N	N	Ncfsgn	23	1-компл
25	.	.	-	-	-	24	PUNC
