1	С	с	S	S	Sp-l	4	1-компл
2	2009	#год	M	M	Mc---d	3	опред
3	года	год	N	N	Ncmsgn	1	предл
4	появилось	появиться	V	V	Vmis-snm-e	0	ROOT
5	редкое	редкий	A	A	Afpnsnf	6	опред
6	сердцеиение	сердцеиение	N	N	Ncnsnn	4	предик
7	,	,	,	,	,	6	PUNC
8	кордарон	кордарон	N	N	Ncmsnn	9	предик
9	был	быть	V	V	Vmis-sma-p	6	релят
10	отменен	отменить	V	V	Vmps-smpse	9	пасс-анал
11	,	,	,	,	,	10	PUNC
12	на	на	S	S	Sp-l	14	обст
13	ЭКГ	экг	N	N	Npfsln	12	предл
14	регистрировалась	регистрироваться	V	V	Vmis-sfm-p	4	сент-соч
15	синусовая	синусовый	A	A	Afpfsnf	16	опред
16	брадикардия	брадикардия	N	N	Ncfsnn	14	предик
17	44	#число	M	M	Mc---d	18	количест
18	уд	уд	N	N	Ncmsnn	14	сент-соч
19	в	в	S	S	Sp-a	18	распред
20	минуту	минута	N	N	Ncfsan	19	предл
