1	Операция	операция	N	N	Ncfsnn	2	предик
2	резекция	резекция	N	N	Ncfsnn	0	ROOT
3	желудка	желудок	N	N	Ncmsgn	2	квазиагент
4	по	по	S	S	Sp-d	2	атриб
5	Бильрот	бильрот	N	N	Npmsnn	4	предл
6	2	#число	M	M	Mc---d	5	нум-аппоз
7	по	по	S	S	Sp-d	2	атриб
8	поводу	повод	N	N	Ncmsdn	7	предл
9	стеноза	стеноз	N	N	Ncmsgn	8	1-компл
10	привратника	привратник	N	N	Ncmsgy	9	квазиагент
11	1990	#год	M	M	Mc---d	12	опред
12	г	город	N	N	Ncmsgn	10	атриб
13	,	,	,	,	,	12	PUNC
14	дважды	дважды	R	R	R	15	огранич
15	операция	операция	N	N	Ncfsnn	2	разъяснит
16	грыжесечения	грыжесечение	N	N	Ncnsgn	15	квазиагент
17	по	по	S	S	Sp-d	15	атриб
18	поводу	повод	N	N	Ncmsdn	17	предл
19	паховой	паховый	A	A	Afpfslf	20	опред
20	грыжи	грыжа	N	N	Ncfsgn	18	1-компл
21	.	.	-	-	-	20	PUNC
