1	Считает	считать	V	V	Vmip3s-a-p	0	ROOT
2	себя	себя	P	P	P----an	1	1-компл
3	больным	больной	A	A	Afpmsif	1	2-компл
4	около	около	S	S	Sp-g	1	1-компл
5	девяти	#число	M	M	Mc--g	6	количест
6	лет	год	N	N	Ncmpgn	4	предл
7	,	,	,	,	,	6	PUNC
8	когда	когда	C	C	C	1	обст
9	стали	стать	V	V	Vmis-p-a-e	8	подч-союзн
10	появляться	появляться	V	V	Vmn----m-p	9	1-компл
11	эпизоды	эпизод	N	N	Ncmpnn	9	предик
12	редкого	редкий	A	A	Afpmsgf	13	опред
13	пульса	пульс	N	N	Ncmsgn	11	квазиагент
14	,	,	,	,	,	13	PUNC
15	эпизоды	эпизод	N	N	Ncmpnn	11	разъяснит
16	повышения	повышение	N	N	Ncnsgn	15	квазиагент
17	артериального	артериальный	A	A	Afpnsgf	18	опред
18	давление	давление	N	N	Ncnsan	16	1-компл
19	,	,	,	,	,	18	PUNC
20	появились	появиться	V	V	Vmis-p-m-e	1	1-компл
21	боли	боль	N	N	Ncfpnn	20	предик
22	в	в	S	S	Sp-l	21	1-компл
23	сердце-после	сердце-посол	N	N	Ncmsln	22	предл
24	перенесенной	перенесенный	A	A	Afpfsgf	25	опред
25	ОРВИ	орви	N	N	Npfsdn	21	сочин
