1	В	в	S	S	Sp-l	6	обст
2	2004	#год	M	M	Mc---d	1	предл
3	(	(	-	-	-	2	PUNC
4	,	,	,	,	,	2	PUNC
5	)	)	-	-	-	2	PUNC
6	была	быть	V	V	Vmis-sfa-p	0	ROOT
7	сделана	сделать	V	V	Vmps-sfpse	6	пасс-анал
8	попытка	попытка	N	N	Ncfsnn	6	предик
9	КВГ	квг	N	N	Npmsgn	8	1-компл
10	,	,	,	,	,	9	PUNC
11	в	в	S	S	Sp-l	14	обст
12	ходе	ход	N	N	Ncmsln	11	предл
13	которой	который	P	P	P--fsga	12	квазиагент
14	отломился	отломиться	V	V	Vmis-smm-e	8	примыкат
15	конец	конец	N	N	Ncmsnn	14	предик
16	катетера	катетер	N	N	Ncmsgn	15	квазиагент
17	и	и	C	C	C	14	сочин
18	опустился	опуститься	V	V	Vmis-smm-e	17	соч-союзн
19	в	в	S	S	Sp-a	18	2-компл
20	артерию	артерия	N	N	Ncfsan	19	предл
21	голени	голень	N	N	Ncfsgn	20	квазиагент
