1	В	в	S	S	Sp-l	6	обст
2	2007	#год	M	M	Mc---d	3	опред
3	г	г	N	N	Ncmsnnl	1	предл
4	у	у	S	S	Sp-g	6	1-компл
5	больной	больная	N	N	Ncfsgy	4	предл
6	появились	появиться	V	V	Vmis-p-m-e	0	ROOT
7	приступы	приступ	N	N	Ncmpnn	6	предик
8	неритмичного	неритмичный	A	A	Afpnsgf	9	опред
9	сердцебиения	сердцебиение	N	N	Ncnsgn	7	квазиагент
10	и	и	C	C	C	7	сочин
11	эпизоды	эпизод	N	N	Ncmpnn	10	соч-союзн
12	замедления	замедление	N	N	Ncnsgn	11	квазиагент
13	ритма	ритм	N	N	Ncmsgn	12	1-компл
14	сердца	сердце	N	N	Ncnsgn	13	квазиагент
15	,	,	,	,	,	14	PUNC
16	пресинкопальные	пресинкопальный	A	A	Afpmpnf	17	опред
17	состояния	состояние	N	N	Ncnpnn	12	сочин
18	диагностирована	диагностировать	N	N	Ncmsgn	17	квазиагент
19	пароксизмальная	пароксизмальный	A	A	Afpfsnf	21	опред
20	брадисистолическая	брадисистолический	A	A	Afpfsnf	21	опред
21	форма	форма	N	N	Ncfsnn	17	сочин
22	ФП	фп	N	N	Npmsnn	21	квазиагент
23	,	,	,	,	,	22	PUNC
24	СССУ	сссу	N	N	Npmsnn	21	сочин
