1	Считает	считать	V	V	Vmip3s-a-p	0	ROOT
2	себя	себя	P	P	P----an	1	1-компл
3	больным	больной	A	A	Afpmsif	1	2-компл
4	с	с	S	S	Sp-g	1	обст
5	весны	#сезон	N	N	Ncfsgn	4	предл
6	2007	#год	M	M	Mc---d	7	опред
7	года	год	N	N	Ncmsgn	5	атриб
8	,	,	,	,	,	7	PUNC
9	стали	стать	V	V	Vmis-p-a-e	1	2-компл
10	беспокоить	беспокоить	V	V	Vmn----a-p	9	1-компл
11	давящие	давящий	A	A	Afpmpnf	12	опред
12	боли	боль	N	N	Ncfpnn	10	1-компл
13	за	за	S	S	Sp-i	12	1-компл
14	грудиной	грудина	N	N	Ncfsin	13	предл
15	,	,	,	,	,	14	PUNC
16	одышка	одышка	N	N	Ncfsnn	1	предик
17	при	при	S	S	Sp-l	1	обст
18	незначительных	незначительный	A	A	Afpmplf	20	опред
19	физических	физический	A	A	Afpmplf	20	опред
20	нагрузках	нагрузка	N	N	Ncmpln	17	предл
