1	Летом	#сезон	N	N	Ncnsin	8	обст
2	2010	#год	M	M	Mc---d	3	опред
3	г	город	N	N	Ncmsgn	1	атриб
4	в	в	S	S	Sp-a	8	обст
5	течение	течение	N	N	Ncnsan	4	предл
6	некоторого	некоторый	P	P	P--nsga	7	опред
7	времени	время	N	N	Ncnsgn	5	квазиагент
8	беспокоили	беспокоить	V	V	Vmis-p-a-p	0	ROOT
9	давящие	давящий	A	A	Afpmpnf	10	опред
10	боли	боль	N	N	Ncfpnn	8	предик
11	за	за	S	S	Sp-i	10	1-компл
12	грудиной	грудина	N	N	Ncfsin	11	предл
13	без	без	S	S	Sp-g	8	обст
14	четкой	четкий	A	A	Afpfsgf	15	опред
15	связи	связь	N	N	Ncfsgn	13	предл
16	с	с	S	S	Sp-g	15	1-компл
17	ФН	фн	N	N	Npmsgn	16	предл
18	,	,	,	,	,	17	PUNC
19	затем	затем	R	R	R	21	обст
20	самостоятельно	самостоятельно	R	R	R	21	обст
21	исчезли	исчезнуть	V	V	Vmis-p-a-e	8	сент-соч
