1	Ухудшение	ухудшение	N	N	Ncnsnn	0	ROOT
2	состояния	состояние	N	N	Ncnsgn	1	квазиагент
3	в	в	S	S	Sp-l	2	атриб
4	течении	течение	N	N	Ncnsln	3	предл
5	последних	последний	A	A	Afpmpgf	7	опред
6	девяти	#число	M	M	Mc--g	7	количест
7	месяцев	месяц	N	N	Ncmpgn	4	квазиагент
8	,	,	,	,	,	7	PUNC
9	когда	когда	C	C	C	1	1-компл
10	приступы	приступ	N	N	Ncmpnn	12	предик
11	сердцебиения	сердцебиение	N	N	Ncnsgn	10	квазиагент
12	стали	стать	V	V	Vmis-p-a-e	9	подч-союзн
13	возникать	возникать	V	V	Vmn----a-p	12	1-компл
14	до	до	S	S	Sp-g	13	2-компл
15	3-х	#число	M	M	Mo-pgd	16	опред
16	раз	раз	N	N	Ncmsan	14	предл
17	в	в	S	S	Sp-a	16	распред
18	неделю	неделя	N	N	Ncfsan	17	предл
19	,	,	,	,	,	18	PUNC
20	купируются	купироваться	V	V	Vmip3s-m-p	1	опред
21	приемом	прием	N	N	Ncmsin	20	1-компл
22	анаприлина	анаприлин	N	N	Ncmsgy	21	1-компл
23	,	,	,	,	,	22	PUNC
24	аллапенина	аллапенин	N	N	Ncmsgy	1	квазиагент
