1	Считает	считать	V	V	Vmip3s-a-p	0	ROOT
2	себя	себя	P	P	P----an	1	1-компл
3	больным	больной	N	N	Ncmsiy	1	2-компл
4	в	в	S	S	Sp-a	1	обст
5	течение	течение	N	N	Ncnsan	4	предл
6	17	#число	M	M	Mc---d	7	количест
7	лет	год	N	N	Ncmpgn	1	1-компл
8	,	,	,	,	,	7	PUNC
9	когда	когда	C	C	C	1	обст
10	начало	начать	V	V	Vmis-sna-p	9	подч-союзн
11	подниматься	подниматься	V	V	Vmn----m-p	10	1-компл
12	АД	ад	N	N	Npmsnn	11	1-компл
13	до	до	S	S	Sp-l	10	2-компл
14	190\130	#число	M	M	Mc---d	15	количест
15	мм.рт.ст	мм.рт.ст	N	N	Ncfpgn	13	предл
16	.	.	-	-	-	15	PUNC
17	,	,	,	,	,	15	PUNC
18	адаптирован	адаптировать	V	V	Vmps-smpse	15	опред
19	к	к	S	S	Sp-d	18	2-компл
20	цифрам	цифра	N	N	Ncfpdn	19	предл
21	АД	ад	N	N	Npfpgn	20	атриб
22	140\90	#число	M	M	Mc---d	23	количест
23	мм.рт.ст	мм.рт.ст	N	N	Ncmsnn	1	1-компл
