1	Состояние	состояние	N	N	Ncnsnn	0	ROOT
2	после	после	S	S	Sp-g	1	атриб
3	резекции	резекция	N	N	Ncfsgn	2	предл
4	щитовидной	щитовидный	A	A	Afpfsgf	5	опред
5	железы	железа	N	N	Ncfsgn	3	квазиагент
6	-	-	-	-	-	5	PUNC
7	1985	#год	M	M	Mc---d	8	опред
8	г	город	N	N	Ncmsgn	5	атриб
9	.	.	-	-	-	8	PUNC
10	,	,	,	,	,	8	PUNC
11	рецидив	рецидив	N	N	Ncmsnn	0	ROOT
12	узлового	узловой	A	A	Afpmsgf	13	опред
13	зоба	зоб	N	N	Ncmsgn	11	1-компл
14	,	,	,	,	,	13	PUNC
15	тиреотоксикоз	тиреотоксикоз	N	N	Ncmsnn	16	предик
16	подтвержден	подтвердить	V	V	Vmps-smpse	11	опред
17	исследованием	исследование	N	N	Ncnsin	16	агент
18	тиреоидного	тиреоидный	A	A	Afpmsgf	19	опред
19	статуса	статус	N	N	Ncmsgn	17	1-компл
20	(	(	-	-	-	19	PUNC
21	сентябрь	#месяц	N	N	Ncmsnn	19	примыкат
22	2010	#год	M	M	Mc---d	21	нум-аппоз
23	)	)	-	-	-	22	PUNC
24	.	.	-	-	-	22	PUNC
