1	Приступ	приступ	N	N	Ncmsnn	16	предик
2	учащенного	учащенный	A	A	Afpnsgf	16	2-компл
3	,	,	,	,	,	2	PUNC
4	неритмичного	неритмичный	A	A	Afpnsgf	5	опред
5	сердцебиения	сердцебиение	N	N	Ncnsgn	6	предик
6	возник	возникнуть	V	V	Vmis-sma-e	2	примыкат
7	в	в	S	S	Sp-a	6	2-компл
8	15,00	#число	A	A	Afpmpaf	10	опред
9	06.10.2010	#пдата	M	M	Mc---d	10	опред
10	г	город	N	N	Ncmsgn	7	предл
11	.	.	-	-	-	10	PUNC
12	,	,	,	,	,	10	PUNC
13	дважды	дважды	R	R	R	16	обст
14	по	по	S	S	Sp-a	16	обст
15	СМП	смп	N	N	Npmsan	14	предл
16	вводился	вводиться	V	V	Vmis-smm-e	0	ROOT
17	кордарон	кордарон	N	N	Ncmsnn	16	1-компл
18	-	-	-	-	-	17	PUNC
19	без	без	S	S	Sp-g	16	обст
20	эффекта	эффект	N	N	Ncmsgn	19	предл
21	,	,	,	,	,	20	PUNC
22	доставлена	доставить	V	V	Vmps-sfpse	16	сочин
23	в	в	S	S	Sp-a	22	2-компл
24	приемное	приемный	A	A	Afpnsaf	25	опред
25	отделение	отделение	N	N	Ncnsan	23	предл
26	НИИ	нии	N	N	Npmsgn	22	1-компл
27	Кардиологии	кардиология	N	N	Npfsgn	26	1-компл
28	.	.	-	-	-	27	PUNC
