1	В	в	S	S	Sp-l	6	обст
2	августе	#месяц	N	N	Ncmsln	1	предл
3	2008	#год	M	M	Mc---d	4	опред
4	года	год	N	N	Ncmsgn	2	атриб
5	пациент	пациент	N	N	Ncmsny	6	предик
6	отправился	отправиться	V	V	Vmis-smm-e	0	ROOT
7	,	,	,	,	,	6	PUNC
8	где	где	P	P	P-----r	15	обст
9	очередной	очередной	A	A	Afpmsnf	10	опред
10	приступ	приступ	N	N	Ncmsnn	15	1-компл
11	болй	боле	A	A	Afpmsnf	15	предик
12	за	за	S	S	Sp-i	11	атриб
13	грудиной	грудина	N	N	Ncfsin	12	предл
14	не	не	Q	Q	Q	15	огранич
15	купировался	купироваться	V	V	Vmis-smm-p	6	вводн
16	,	,	,	,	,	15	PUNC
17	самостоятельно	самостоятельно	R	R	R	18	обст
18	добрался	добраться	V	V	Vmis-smm-e	6	сент-соч
19	до	до	S	S	Sp-g	18	1-компл
20	кардиологического	кардиологический	A	A	Afpnsgf	21	опред
21	стационара	стационар	N	N	Ncmsgn	19	предл
22	,	,	,	,	,	21	PUNC
23	куда	куда	P	P	P-----r	0	ROOT
24	был	быть	V	V	Vmis-sma-p	0	ROOT
25	госпитализирован	госпитализировать	V	V	Vmps-smpse	24	пасс-анал
26	с	с	S	S	Sp-i	25	обст
27	диагнозом	диагноз	N	N	Ncmsin	26	предл
28	,	,	,	,	,	27	PUNC
29	Острый	острый	A	A	Afpmsnf	30	опред
30	инфаркт	инфаркт	N	N	Ncmsnn	27	сочин
31	миокарда	миокард	N	N	Ncmsgn	30	квазиагент
