1	Гипретонический	гипретонический	A	A	Afpmsaf	2	опред
2	анамнез	анамнез	N	N	Ncmsan	13	предик
3	с	с	S	S	Sp-i	2	атриб
4	2005	#год	M	M	Mc---d	5	опред
5	года	год	N	N	Ncmsgn	3	предл
6	,	,	,	,	,	5	PUNC
7	постоянной	постоянный	A	A	Afpfsgf	8	опред
8	терапии	терапия	N	N	Ncfsgn	2	1-компл
9	до	до	S	S	Sp-g	2	атриб
10	ноября	#месяц	N	N	Ncmsgn	9	предл
11	2008	#год	M	M	Mc---d	13	1-компл
12	не	не	Q	Q	Q	13	огранич
13	получал	получать	V	V	Vmis-sma-p	0	ROOT
14	,	,	,	,	,	13	PUNC
15	повышение	повышение	N	N	Ncnsnn	13	1-компл
16	АД	ад	N	N	Npfpgn	15	1-компл
17	до	до	S	S	Sp-l	13	обст
18	190\90	#число	M	M	Mc---d	19	количест
19	мм.рт.ст	мм.рт.ст	N	N	Ncfpgn	17	предл
20	.	.	-	-	-	19	PUNC
21	,	,	,	,	,	19	PUNC
22	адаптирован	адаптировать	V	V	Vmps-smpse	19	опред
23	к	к	S	S	Sp-d	22	2-компл
24	цифрам	цифра	N	N	Ncfpdn	23	предл
25	120\80	#число	M	M	Mc---d	26	количест
26	мм.рт.ст	мм.рт.ст	N	N	Ncfpgn	24	атриб
27	.	.	-	-	-	26	PUNC
