1	Больным	больной	N	N	Ncmpdy	3	2-компл
2	себя	себя	P	P	P----an	3	1-компл
3	считает	считать	V	V	Vmip3s-a-p	0	ROOT
4	около	около	S	S	Sp-l	3	1-компл
5	5	#число	M	M	Mc---d	6	количест
6	лет	год	N	N	Ncmpgn	4	предл
7	,	,	,	,	,	6	PUNC
8	коглда	коглд	N	N	Ncfsnn	10	предик
9	впервые	впервые	R	R	R	10	обст
10	стал	стать	V	V	Vmis-sma-e	3	сент-соч
11	отмечать	отмечать	V	V	Vmn----a-p	10	1-компл
12	появление	появление	N	N	Ncnsan	11	1-компл
13	одышки	одышка	N	N	Ncfsgn	12	квазиагент
14	,	,	,	,	,	13	PUNC
15	стали	стать	V	V	Vmis-p-a-e	10	сент-соч
16	отекать	отекать	V	V	Vmn----a-p	15	1-компл
17	ноги	нога	N	N	Ncfpan	16	1-компл
18	,	,	,	,	,	17	PUNC
19	стал	стать	V	V	Vmis-sma-e	15	сент-соч
20	отмечать	отмечать	V	V	Vmn----a-p	19	1-компл
21	появление	появление	N	N	Ncnsan	20	1-компл
22	учащенного	учащенный	A	A	Afpnsgf	25	опред
23	,	,	,	,	,	22	PUNC
24	неритмичного	неритмичный	A	A	Afpnsgf	22	сочин
25	сердцебиения	сердцебиение	N	N	Ncnsgn	21	квазиагент
