1	В	в	S	S	Sp-l	5	огранич
2	апреле-мае	апреле-май	N	N	Ncmsln	1	предл
3	2003	#год	M	M	Mc---d	4	опред
4	года	год	N	N	Ncmsgn	2	атриб
5	по	по	S	S	Sp-d	12	обст
6	выписке	выписка	N	N	Ncfsdn	5	предл
7	из	из	S	S	Sp-g	6	2-компл
8	ЦРБ	црб	N	N	Npnsgn	7	предл
9	на	на	S	S	Sp-l	5	сочин
10	ЭКГ	экг	N	N	Npfsln	9	предл
11	мерцательная	мерцательный	A	A	Afpfsnf	12	опред
12	аритмия	аритмия	N	N	Ncfsnn	0	ROOT
13	,	,	,	,	,	12	PUNC
14	признаки	признак	N	N	Ncmpnn	12	сочин
15	ишемии	ишемия	N	N	Ncfsgn	14	квазиагент
16	миокарда	миокард	N	N	Ncmsgn	15	квазиагент
17	в	в	S	S	Sp-l	14	атриб
18	области	область	N	N	Ncfsln	17	предл
19	передней	передний	A	A	Afpfsgf	20	опред
20	стенки	стенка	N	N	Ncfsgn	18	квазиагент
