1	Нарушение	нарушение	N	N	Ncnsnn	14	предик
2	ритма	ритм	N	N	Ncmsgn	1	1-компл
3	рецидивировала	рецидивировать	N	N	Ncmsgn	2	квазиагент
4	1	#число	M	M	Mc---d	1	атриб
5	октября	#месяц	N	N	Ncmsgn	4	атриб
6	2010	#год	M	M	Mc---d	7	опред
7	года	год	N	N	Ncmsgn	5	атриб
8	,	,	,	,	,	7	PUNC
9	на	на	S	S	Sp-l	1	1-компл
10	ЭКГ	экг	N	N	Npfsln	9	предл
11	трепетание	трепетание	A	A	Afpmpgf	12	опред
12	предсердий	предсердие	N	N	Ncfpgn	10	1-компл
13	1	#число	M	M	Mc---d	14	количест
14	тип	тип	N	N	Ncmsnn	0	ROOT
15	,	,	,	,	,	14	PUNC
16	тахисистолия	тахисистолия	N	N	Ncfsnn	14	аппоз
17	168	#число	M	M	Mc---d	18	количест
18	уд	уд	N	N	Ncmsnn	14	сочин
19	в	в	S	S	Sp-a	18	атриб
20	мин	мина	N	N	Ncfsan	19	предл
