1	В	в	S	S	Sp-l	10	обст
2	2001	#год	M	M	Mc---d	3	опред
3	году	год	N	N	Ncmsnnl	1	предл
4	в	в	S	S	Sp-l	10	обст
5	ходе	ход	N	N	Ncmsln	4	предл
6	обследования	обследование	N	N	Ncnsgn	5	квазиагент
7	(	(	-	-	-	6	PUNC
8	КВГ	квг	N	N	Npmsgn	6	примыкат
9	)	)	-	-	-	8	PUNC
10	был	быть	V	V	Vmis-sma-p	0	ROOT
11	выявлен	выявить	V	V	Vmps-smpse	10	пасс-анал
12	стенозирующий	стенозирующий	A	A	Afpmsnf	13	опред
13	атеросклероз	атеросклероз	N	N	Ncmsnn	10	предик
14	коронарных	коронарный	A	A	Afpmpgf	15	опред
15	артерий	артерия	N	N	Ncfpgn	13	квазиагент
16	,	,	,	,	,	15	PUNC
17	проведена	провести	V	V	Vmps-sfpse	13	опред
18	реваскуляризация	реваскуляризация	N	N	Ncfsnn	17	1-компл
19	миокарада	миокарад	N	N	Ncmsgn	18	квазиагент
20	,	,	,	,	,	19	PUNC
21	АКШ	акш.	N	N	Npmsnn	18	сочин
