1	В	в	S	S	Sp-l	4	обст
2	1996	#год	M	M	Mc---d	3	опред
3	году	год	N	N	Ncmsnnl	1	предл
4	перенес	перенести	V	V	Vmis-sma-e	0	ROOT
5	ИМ	они	P	P	P-3-pdn	4	1-компл
6	,	,	,	,	,	5	PUNC
7	был	быть	V	V	Vmis-sma-p	4	сочин
8	госпитализирован	госпитализировать	V	V	Vmps-smpse	7	пасс-анал
9	в	в	S	S	Sp-a	8	2-компл
10	кардиологическое	кардиологический	A	A	Afpnsaf	11	опред
11	отделение	отделение	N	N	Ncnsan	9	предл
12	,	,	,	,	,	11	PUNC
13	был	быть	V	V	Vmis-sma-p	4	разъяснит
14	выписан	выписать	V	V	Vmps-smpse	13	пасс-анал
15	в	в	S	S	Sp-l	14	обст
16	удовлетворительном	удовлетворительный	A	A	Afpnslf	17	опред
17	состоянии	состояние	N	N	Ncnsln	15	предл
18	с	с	S	S	Sp-i	17	атриб
19	рекомендациями	рекомендация	N	N	Ncfpin	18	предл
20	по	по	S	S	Sp-d	19	1-компл
21	дальнейшему	дальнейший	A	A	Afpnsdf	22	опред
22	лечению	лечение	N	N	Ncnsdn	20	предл
