1	В	в	S	S	Sp-l	5	1-компл
2	мае	#месяц	N	N	Ncmsln	1	предл
3	2010	#год	M	M	Mc---d	4	опред
4	г	город	N	N	Ncmsgn	2	атриб
5	находился	находиться	V	V	Vmis-smm-p	0	ROOT
6	на	на	S	S	Sp-l	5	обст
7	лечении	лечение	N	N	Ncnsln	6	предл
8	в	в	S	S	Sp-l	7	атриб
9	санатории	санаторий	N	N	Ncmsln	8	предл
10	Ключи	ключи	N	N	Npmpnn	9	аппоз
11	,	,	,	,	,	10	PUNC
12	там	там	P	P	P-----r	17	обст
13	при	при	S	S	Sp-l	17	обст
14	проведении	проведение	N	N	Ncnsln	13	предл
15	ХМ	хм	N	N	Npfpgn	17	1-компл
16	ЭКГ	экг	N	N	Ncfsln	15	1-компл
17	выявлены	выявить	V	V	Vmps-p-pse	5	сент-соч
18	пароксизмы	пароксизм	N	N	Ncmpnn	17	1-компл
19	СВТ	свт	N	N	Npfsnn	18	аппоз
20	(	(	-	-	-	19	PUNC
21	протокола	протокол	N	N	Ncmsgn	19	аппоз
22	с	с	S	S	Sp-i	17	обст
23	собой	себя	P	P	P----in	22	предл
24	нет	нет	R	R	R	17	сент-соч
25	)	)	-	-	-	24	PUNC
