1	В	в	S	S	Sp-a	6	обст
2	течение	течение	N	N	Ncnsan	1	предл
3	4	#число	M	M	Mc---d	4	количест
4	лет	год	N	N	Ncmpgn	6	длительн
5	-	-	-	-	-	4	PUNC
6	приступы	приступ	N	N	Ncmpnn	0	ROOT
7	сердцебиения	сердцебиение	N	N	Ncnsgn	6	квазиагент
8	,	,	,	,	,	7	PUNC
9	сначала	сначала	R	R	R	10	обст
10	были	быть	V	V	Vmis-p-a-p	6	разъяснит
11	короткими	короткий	A	A	Afpmpif	10	присвяз
12	,	,	,	,	,	11	PUNC
13	нечастыми	нечастый	A	A	Afpmpif	11	сочин
14	,	,	,	,	,	13	PUNC
15	в	в	S	S	Sp-a	13	примыкат
16	течение	течение	N	N	Ncnsan	15	предл
17	6мес	#число	N	N	Ncmpgn	16	квазиагент
18	отмечает	отмечать	V	V	Vmip3s-a-p	10	сент-соч
19	их	их	P	P	P-----a	20	квазиагент
20	учащение	учащение	N	N	Ncnsan	18	1-компл
21	до	до	S	S	Sp-g	18	обст
22	е/дн	е/дна	N	N	Ncnsgn	21	предл
23	и	и	C	C	C	18	сочин
24	некоторое	некоторый	P	P	P--nsaa	25	опред
25	увеличение	увеличение	N	N	Ncnsan	0	ROOT
26	их	их	P	P	P-----a	27	квазиагент
27	продолжительности	продолжительность	N	N	Ncfsgn	25	1-компл
28	(	(	-	-	-	27	PUNC
29	не	не	Q	Q	Q	30	огранич
30	больше	много	M	M	Mc	27	примыкат
31	нескольких	несколько	M	M	Mc--g	32	количест
32	минут	минута	N	N	Ncfpgn	30	сравнит
33	)	)	-	-	-	32	PUNC
