1	Считает	считать	V	V	Vmip3s-a-p	0	ROOT
2	себя	себя	P	P	P----an	1	1-компл
3	больным	больной	N	N	Ncmsiy	1	2-компл
4	в	в	S	S	Sp-a	1	обст
5	течение	течение	N	N	Ncnsan	4	предл
6	3	#число	M	M	Mc---d	7	количест
7	лет	год	N	N	Ncmpgn	1	1-компл
8	,	,	,	,	,	7	PUNC
9	когда	когда	C	C	C	1	обст
10	впервые	впервые	R	R	R	11	обст
11	отмечает	отмечать	V	V	Vmip3s-a-p	9	подч-союзн
12	начало	начало	N	N	Ncnsan	11	1-компл
13	подъёма	подъем	N	N	Ncmsgn	12	квазиагент
14	АД	ад	N	N	Npfpgn	13	1-компл
15	до	до	S	S	Sp-l	11	обст
16	220\120	#число	M	M	Mc---d	17	количест
17	мм.рт.ст	мм.рт.ст	N	N	Ncfpgn	15	предл
18	.	.	-	-	-	17	PUNC
19	,	,	,	,	,	17	PUNC
20	адаптирован	адаптировать	V	V	Vmps-smpse	17	опред
21	к	к	S	S	Sp-d	20	2-компл
22	цифрам	цифра	N	N	Ncfpdn	21	предл
23	АД	ад	N	N	Npfpgn	22	атриб
24	180\100	#число	M	M	Mc---d	25	количест
25	мм.рт.ст	мм.рт.ст	N	N	Ncmsnn	1	1-компл
