1	Считает	считать	V	V	Vmip3s-a-p	0	ROOT
2	себя	себя	P	P	P----an	1	1-компл
3	больной	больной	A	A	Afpfsif	1	2-компл
4	с	с	S	S	Sp-l	3	атриб
5	2002	#год	M	M	Mc---d	6	опред
6	г	г	N	N	Ncmsnnl	4	предл
7	,	,	,	,	,	6	PUNC
8	когда	когда	C	C	C	1	обст
9	при	при	S	S	Sp-l	15	обст
10	прохождении	прохождение	N	N	Ncnsln	9	предл
11	проф	профессор	N	N	Ncmsgy	10	1-компл
12	осмотра	осмотр	N	N	Ncmsgn	11	атриб
13	по	по	S	S	Sp-l	15	обст
14	ЭКГ	экг	N	N	Npfsln	13	предл
15	была	быть	V	V	Vmis-sfa-p	8	подч-союзн
16	обнаружена	обнаружить	V	V	Vmps-sfpse	15	пасс-анал
17	АВ	ав	-	-	-	15	предик
18	блокада	блокада	N	N	Ncfsnn	17	аппоз
19	II	ii	M	M	Mo---d	18	вспом
20	степени	степень	N	N	Ncfsgn	18	1-компл
