1	В	в	S	S	Sp-l	4	обст
2	июле	#месяц	N	N	Ncmsln	1	предл
3	2010	#год	M	M	Mc---d	4	обст
4	выполнена	выполнить	V	V	Vmps-sfpse	0	ROOT
5	КВГ	квг	N	N	Npmsgn	4	1-компл
6	–	-	-	-	-	5	PUNC
7	стеноз	стеноз	N	N	Ncmsnn	4	предик
8	ПКА	пк	N	N	Npfsnn	7	аппоз
9	до	до	S	S	Sp-l	4	обст
10	30	#число	M	M	Mc---d	11	количест
11	%	%	-	-	-	9	предл
12	,	,	,	,	,	11	PUNC
13	стенозы	стеноз	N	N	Ncmpnn	4	1-компл
14	ПМЖВ	пмжв	N	N	Npmsgn	13	атриб
15	до	до	S	S	Sp-l	4	3-компл
16	40	#число	M	M	Mc---d	17	количест
17	%	%	-	-	-	15	предл
18	и	и	C	C	C	4	сочин
19	ВТК	втк	N	N	Npmsnn	18	соч-союзн
20	до	до	S	S	Sp-l	4	обст
21	50	#число	M	M	Mc---d	22	количест
22	%	%	-	-	-	20	предл
23	-	-	-	-	-	22	PUNC
24	незначимы	незначимый	A	A	Afpmpns	0	ROOT
25	ввиду	ввиду	S	S	Sp-g	0	ROOT
26	незначительного	незначительный	A	A	Afpmsgf	27	опред
27	диаметра	диаметр	N	N	Ncmsgn	25	предл
28	указанных	указанный	A	A	Afpmpgf	29	опред
29	артерий	артерия	N	N	Ncfpgn	27	квазиагент
