1	Около	около	S	S	Sp-l	5	обст
2	3	#число	M	M	Mc---d	3	количест
3	лет	год	N	N	Ncmpgn	1	предл
4	назад	назад	R	R	R	5	обст
5	стал	стать	V	V	Vmis-sma-e	0	ROOT
6	отмечать	отмечать	V	V	Vmn----a-p	5	1-компл
7	ухудшение	ухудшение	N	N	Ncnsan	6	1-компл
8	самочувствия	самочувствие	N	N	Ncnsgn	7	квазиагент
9	в	в	S	S	Sp-l	8	атриб
10	виде	вид	N	N	Ncmsln	9	предл
11	снижения	снижение	N	N	Ncnsgn	10	квазиагент
12	толерантности	толерантность	N	N	Ncfsgn	11	1-компл
13	к	к	S	S	Sp-d	12	1-компл
14	физическим	физический	A	A	Afpmpdf	15	опред
15	нагрузкам	нагрузка	N	N	Ncfpdn	13	предл
16	,	,	,	,	,	15	PUNC
17	утомляемости	утомляемость	N	N	Ncfsgn	15	сочин
18	,	,	,	,	,	17	PUNC
19	усиления	усиление	N	N	Ncnsgn	17	сочин
20	одышки	одышка	N	N	Ncfsgn	19	1-компл
21	при	при	S	S	Sp-l	19	атриб
22	средних	средний	A	A	Afpmplf	24	опред
23	физических	физический	A	A	Afpmplf	24	опред
24	нагрузках	нагрузка	N	N	Ncmpln	21	предл
