1	по	по	S	S	Sp-d	6	вводн
2	данным	данные	N	N	Ncmpdn	1	предл
3	ЭхоКГ	эхокг	N	N	Npmpgn	2	квазиагент
4	от	от	S	S	Sp-g	6	1-компл
5	07.05.09	@card@	M	M	Mofsgd	4	предл
6	имелась	иметься	V	V	Vmis-sfm-p	0	ROOT
7	трикуспидальная	трикуспидальный	A	A	Afpfsnf	8	опред
8	регургитация	регургитация	N	N	Ncfsnn	6	предик
9	2-3	@card@	M	M	Mc---d	10	количест
10	ст	столовый	A	A	Afpfpgf	8	атриб
11	.	.	-	-	-	10	PUNC
12	,	,	,	,	,	10	PUNC
13	по	по	S	S	Sp-d	18	вводн
14	объему	объем	N	N	Ncmsdn	13	предл
15	умеренная	умеренный	A	A	Afpfsnf	18	опред
16	,	,	,	,	,	15	PUNC
17	периферические	периферический	A	A	Afpmpnf	18	опред
18	стенозы	стеноз	N	N	Ncmpnn	8	разъяснит
19	легочной	легочный	A	A	Afpfsgf	20	опред
20	артерии	артерия	N	N	Ncfpnn	18	квазиагент
21	.	.	-	-	-	20	PUNC

