1	врачом	врач	N	N	Ncmsiy	5	предик
2	по	по	S	S	Sp-d	5	обст
3	месту	место	N	N	Ncnsdn	2	предл
4	жительства	жительство	N	N	Ncnsgn	3	квазиагент
5	была	быть	V	V	Vmis-sfa-p	0	ROOT
6	назначена	назначить	V	V	Vmps-sfpse	5	пасс-анал
7	терапия	терапия	N	N	Ncfsnn	5	сент-соч
8	Энапом-без	энапом-без	N	N	Ncmsnn	7	предик
9	эффекта	эффект	N	N	Ncmsgn	8	квазиагент
10	,	,	,	,	,	9	PUNC
11	затем	затем	R	R	R	12	обст
12	была	быть	V	V	Vmis-sfa-p	7	сент-соч
13	заменена	заменить	V	V	Vmps-sfpse	12	пасс-анал
14	на	на	S	S	Sp-a	13	2-компл
15	терапию	терапия	N	N	Ncfsan	14	предл
16	диувером	диувер	N	N	Ncmsiy	15	сочин
17	и	и	C	C	C	16	сочин
18	клофелтном	клофелтное	N	N	Ncmsiy	17	соч-союзн
19	(	(	-	-	-	18	PUNC
20	отмечала	отмечать	V	V	Vmis-sfa-p	5	вводн
21	незначительный	незначительный	A	A	Afpmsaf	22	опред
22	эффект	эффект	N	N	Ncmsan	20	предик
23	)	)	-	-	-	22	PUNC

