1	2	#число	M	M	Mc---d	6	обст
2	января	#месяц	N	N	Ncmsgn	1	атриб
3	2009	#год	M	M	Mc---d	4	опред
4	года	год	N	N	Ncmsgn	2	атриб
5	,	,	,	,	,	4	PUNC
6	почувствовала	почувствовать	V	V	Vmis-sfa-e	0	ROOT
7	резкое	резкий	A	A	Afpnsaf	8	опред
8	ухудшение	ухудшение	N	N	Ncnsan	6	1-компл
9	,	,	,	,	,	8	PUNC
10	появилась	появиться	V	V	Vmis-sfm-e	6	обст
11	одышка	одышка	N	N	Ncfsnn	10	предик
12	в	в	S	S	Sp-l	10	1-компл
13	покое	покой	N	N	Ncmsln	12	предл
14	,	,	,	,	,	13	PUNC
15	отекли	отечь	V	V	Vmis-p-a-e	6	сочин
16	ноги	нога	N	N	Ncfpan	15	1-компл
17	до	до	S	S	Sp-g	15	обст
18	средней	средний	A	A	Afpfsgf	19	опред
19	1\3	#число	-	-	-	17	предл
20	голени	голень	N	N	Ncfsgn	19	атриб
21	,	,	,	,	,	20	PUNC
22	появилось	появиться	V	V	Vmis-snm-e	6	сент-соч
23	чувство	чувство	N	N	Ncnsnn	22	предик
24	дискомфорта	дискомфорт	N	N	Ncmsgn	23	1-компл
25	в	в	S	S	Sp-l	24	атриб
26	области	область	N	N	Ncfsln	25	предл
27	сердца	сердце	N	N	Ncnsgn	26	квазиагент
28	,	,	,	,	,	27	PUNC
29	3	#число	M	M	Mc---d	30	количест
30	дня	#времясуток	N	N	Ncmsgn	23	атриб
31	пациентка	пациентка	N	N	Ncfsny	32	предик
32	пыталась	пытаться	V	V	Vmis-sfm-p	22	сент-соч
33	самостоятельными	самостоятельный	A	A	Afpmpif	34	опред
34	усилиями	усилие	N	N	Ncnpin	32	1-компл
35	купировать	купировать	V	V	Vmn----a-p	0	ROOT
36	ухудшение	ухудшение	N	N	Ncnsan	35	1-компл
37	состояния	состояние	N	N	Ncnsgn	36	квазиагент
38	-	-	-	-	-	37	PUNC
39	без	без	S	S	Sp-g	35	обст
40	эффекта	эффект	N	N	Ncmsgn	39	предл
