1	Через	через	S	S	Sp-a	25	обст
2	год	год	N	N	Ncmsan	1	предл
3	в	в	S	S	Sp-l	7	огранич
4	апреле	апрель	N	N	Ncmsln	3	предл
5	2008	@card@	M	M	Mc---d	6	опред
6	года	год	N	N	Ncmsgn	4	атриб
7	на	на	S	S	Sp-l	1	сочин
8	приеме	прием	N	N	Ncmsln	7	предл
9	в	в	S	S	Sp-l	8	атриб
10	АПО	апо	N	N	Npmsln	9	предл
11	сохраняются	сохраняться	V	V	Vmip3p-m-p	12	опред
12	боли	боль	N	N	Ncfpnn	7	сочин
13	в	в	S	S	Sp-l	12	1-компл
14	области	область	N	N	Ncfsln	13	предл
15	сердца	сердце	N	N	Ncnsgn	14	квазиагент
16	в	в	S	S	Sp-a	7	сочин
17	течение	течение	N	N	Ncnsan	16	предл
18	всего	весь	P	P	P--msga	19	опред
19	дня	день	N	N	Ncmsgn	17	квазиагент
20	и	и	C	C	C	25	огранич
21	одышка	одышка	N	N	Ncfsnn	23	предик
22	и	и	C	C	C	23	огранич
23	появилось	появиться	V	V	Vmis-snm-e	20	соч-союзн
24	неритмичное	неритмичный	A	A	Afpnsnf	25	опред
25	сердцебиение	сердцебиение	N	N	Ncnsnn	0	ROOT

