1	По	по	S	S	Sp-d	8	вводн
2	результатам	результат	N	N	Ncmpdn	1	предл
3	ЭхоКГ	эхокг	N	N	Npmpgn	2	квазиагент
4	(	(	-	-	-	3	PUNC
5	7.05.07	#пдата	M	M	Mc---d	6	опред
6	г	город	N	N	Ncmsgn	3	примыкат
7	)	)	-	-	-	6	PUNC
8	выявлена	выявить	V	V	Vmps-sfpse	0	ROOT
9	гипертрофия	гипертрофия	N	N	Ncfsnn	8	предик
10	МЖП	мжп	N	N	Npmsnn	9	сочин
11	,	,	,	,	,	10	PUNC
12	расширение	расширение	N	N	Ncnsnn	10	сочин
13	ЛП	лп	N	N	Npmsnn	12	1-компл
14	,	,	,	,	,	13	PUNC
15	расширение	расширение	N	N	Ncnsnn	12	сочин
16	восходящей	восходящий	A	A	Afpfsgf	17	опред
17	аорты	аорта	N	N	Ncfsgn	15	1-компл
18	без	без	S	S	Sp-g	15	атриб
19	признаков	признак	N	N	Ncmpgn	18	предл
20	расслоения	расслоение	N	N	Ncnsgn	19	квазиагент
21	(	(	-	-	-	20	PUNC
22	до	до	S	S	Sp-l	15	атриб
23	46	#число	M	M	Mc---d	24	количест
24	мм	миллиметр	N	N	Ncmpgn	22	предл
25	)	)	-	-	-	24	PUNC
26	,	,	,	,	,	24	PUNC
27	аортальная	аортальный	A	A	Afpfsnf	28	опред
28	регургитация	регургитация	N	N	Ncfsnn	15	сочин
29	1-2	#число	M	M	Mc---d	28	нум-аппоз
30	ст	столовый	A	A	Afpfpgf	28	атриб
