1	Нынешнее	нынешний	A	A	Afpnsnf	2	опред
2	ухудшение	ухудшение	N	N	Ncnsnn	3	предик
3	началось	начаться	V	V	Vmis-snm-e	0	ROOT
4	3	#число	M	M	Mc---d	5	количест
5	недели	неделя	N	N	Ncfsgn	6	предл
6	назад	назад	R	R	R	3	обст
7	когда	когда	C	C	C	3	обст
8	появились	появиться	V	V	Vmis-p-m-e	7	подч-союзн
9	,	,	,	,	,	8	PUNC
10	редкое	редкий	A	A	Afpnsnf	11	опред
11	сердцебиение	сердцебиение	N	N	Ncnsnn	8	предик
12	,	,	,	,	,	11	PUNC
13	слабость	слабость	N	N	Ncfsnn	11	разъяснит
14	,	,	,	,	,	13	PUNC
15	головокружение	головокружение	N	N	Ncnsnn	13	сочин
16	,	,	,	,	,	15	PUNC
17	повторные	повторный	A	A	Afpmpnf	19	опред
18	пресинкопальные	пресинкопальный	A	A	Afpmpnf	19	опред
19	состояния	состояние	N	N	Ncnpnn	15	сочин
20	,	,	,	,	,	19	PUNC
21	по	по	S	S	Sp-d	25	вводн
22	поводу	повод	N	N	Ncmsdn	21	предл
23	чего	что	P	P	P--nsgn	25	1-компл
24	дважды	дважды	R	R	R	25	обст
25	обращался	обращаться	V	V	Vmis-smm-p	3	сент-соч
26	за	за	S	S	Sp-a	25	1-компл
27	мед	мед	N	N	Ncmsan	26	предл
28	помощью	помощь	N	N	Ncfsin	25	2-компл
29	,	,	,	,	,	28	PUNC
30	однако	однако	C	C	C	31	огранич
31	госпитализирован	госпитализировать	V	V	Vmps-smpse	25	сент-соч
32	не	не	Q	Q	Q	33	огранич
33	был	быть	V	V	Vmis-sma-p	31	ROOT
