1	Считает	считать	V	V	Vmip3s-a-p	0	ROOT
2	себя	себя	P	P	P----an	1	1-компл
3	больным	больной	N	N	Ncmsiy	1	2-компл
4	в	в	S	S	Sp-a	1	обст
5	течение	течение	N	N	Ncnsan	4	предл
6	20	#число	M	M	Mc---d	7	количест
7	лет	год	N	N	Ncmpgn	1	1-компл
8	,	,	,	,	,	7	PUNC
9	когда	когда	C	C	C	1	обст
10	начало	начать	V	V	Vmis-sna-p	9	подч-союзн
11	подниматься	подниматься	V	V	Vmn----m-p	10	1-компл
12	АД	ад	N	N	Npmsnn	11	1-компл
13	,	,	,	,	,	12	PUNC
14	в	в	S	S	Sp-a	17	вводн
15	последнее	последний	A	A	Afpnsaf	16	опред
16	время	время	N	N	Ncnsan	14	предл
17	до	до	S	S	Sp-l	10	3-компл
18	180\100	#число	M	M	Mc---d	19	количест
19	мм.рт.ст	мм.рт.ст	N	N	Ncfpgn	17	предл
20	.	.	-	-	-	19	PUNC
21	,	,	,	,	,	19	PUNC
22	адаптирован	адаптировать	V	V	Vmps-smpse	19	опред
23	к	к	S	S	Sp-d	22	2-компл
24	цифрам	цифра	N	N	Ncfpdn	23	предл
25	АД	ад	N	N	Npfpgn	24	атриб
26	130\80	#число	M	M	Mc---d	27	количест
27	мм.рт.ст	мм.рт.ст	N	N	Ncmsnn	1	1-компл
