1	был	быть	V	V	Vmis-sma-p	0	ROOT
2	выпсиан	выпсиать	N	N	Ncmsnn	1	предик
3	с	с	S	S	Sp-i	2	атриб
4	рекендациями	рекендацие	N	N	Ncfpin	3	предл
5	по	по	S	S	Sp-d	4	атриб
6	дальнейшему	дальнейший	A	A	Afpnsdf	7	опред
7	лечению	лечение	N	N	Ncnsdn	5	предл
8	и	и	C	C	C	7	сочин
9	терапией	терапия	N	N	Ncfsin	8	соч-союзн
10	,	,	,	,	,	9	PUNC
11	направленной	направить	V	V	Vmps-sfpfei	9	опред
12	на	на	S	S	Sp-a	11	2-компл
13	коррекцию	коррекция	N	N	Ncfsan	12	предл
14	данного	данный	P	P	P--msga	15	опред
15	противопоказания	противопоказание	N	N	Ncnpnn	13	1-компл
16	с	с	S	S	Sp-i	11	обст
17	последующей	последующий	A	A	Afpfsif	18	опред
18	датой	дата	N	N	Ncfsin	16	предл
19	повторной	повторный	A	A	Afpfsgf	20	опред
20	госпитализации	госпитализация	N	N	Ncfsgn	18	квазиагент

