1	С	с	S	S	Sp-l	4	обст
2	2006	#год	M	M	Mc---d	3	опред
3	года	год	N	N	Ncmsgn	1	предл
4	беспокоят	беспокоить	V	V	Vmip3p-a-p	0	ROOT
5	устойчивые	устойчивый	A	A	Afpmpnf	6	опред
6	пароксизмы	пароксизм	N	N	Ncmpnn	4	предик
7	трепетания	трепетание	N	N	Ncnsgn	6	1-компл
8	предсердий	предсердие	N	N	Ncfpgn	7	1-компл
9	1	#число	M	M	Mc---d	10	количест
10	тип	тип	N	N	Ncmsnn	6	сочин
11	,	,	,	,	,	10	PUNC
12	а	а	C	C	C	4	сент-соч
13	также	также	Q	Q	Q	14	огранич
14	отмечает	отмечать	V	V	Vmip3s-a-p	12	соч-союзн
15	повышение	повышение	N	N	Ncnsnn	14	1-компл
16	артериального	артериальный	A	A	Afpnsgf	17	опред
17	давления	давление	N	N	Ncnsgn	15	1-компл
18	до	до	S	S	Sp-l	15	атриб
19	180/100	#число	M	M	Mc---d	20	количест
20	мм.рт.ст	мм.рт.ст	N	N	Ncmsan	18	предл
