1	Весной	#сезон	N	N	Ncfsin	8	обст
2	2007	#год	M	M	Mc---d	3	опред
3	года	год	N	N	Ncmsgn	1	атриб
4	состояние	состояние	N	N	Ncnsnn	6	предик
5	вновь	вновь	R	R	R	6	обст
6	ухудшилось	ухудшиться	V	V	Vmis-snm-e	1	релят
7	,	,	,	,	,	6	PUNC
8	был	быть	V	V	Vmis-sma-p	0	ROOT
9	госпиталзирован	госпиталзирован	V	V	Vmps-smpse	8	пасс-анал
10	в	в	S	S	Sp-a	9	2-компл
11	отделение	отделение	N	N	Ncnsan	10	предл
12	ХЛСНРС	хлснрс	N	N	Npmsnn	11	квазиагент
13	и	и	C	C	C	12	сочин
14	ЭКС	экс	N	N	Npmsnn	13	соч-союзн
15	в	в	S	S	Sp-l	9	обст
16	июле	#месяц	N	N	Ncmsln	15	предл
17	2007	#год	M	M	Mc---d	18	опред
18	года	год	N	N	Ncmsgn	16	атриб
19	,	,	,	,	,	18	PUNC
20	проводилось	проводиться	V	V	Vmis-snm-p	8	сочин
21	оперативное	оперативный	A	A	Afpnsnf	22	опред
22	леечние	леечние	N	N	Ncnsnn	20	предик
23	,	,	,	,	,	22	PUNC
24	превичная	превичный	A	A	Afpfsnf	25	опред
25	имплантация	имплантация	N	N	Ncfsnn	22	разъяснит
26	CRT-D	CRT-D	-	-	-	25	атриб
