1	Томска	томск	N	N	Ncmsgn	9	1-компл
2	2.06.05	#пдата	M	M	Mc---d	3	опред
3	г	город	N	N	Ncmsgn	1	атриб
4	.	.	-	-	-	3	PUNC
5	,	,	,	,	,	3	PUNC
6	проведена	провести	V	V	Vmps-sfpse	1	опред
7	КВГ	квг	N	N	Npmsgn	6	1-компл
8	,	,	,	,	,	7	PUNC
9	выявлена	выявить	V	V	Vmps-sfpse	0	ROOT
10	аневризма	аневризма	N	N	Ncfsnn	9	предик
11	верхушки	верхушка	N	N	Ncfsgn	10	квазиагент
12	ЛЖ	лж	N	N	Npmsnn	11	квазиагент
13	,	,	,	,	,	12	PUNC
14	стенозы	стеноз	N	N	Ncmpnn	0	ROOT
15	ср/3	ср/3	-	-	-	14	аппоз
16	ПНА	пна	N	N	Npfsny	14	сочин
17	,	,	,	,	,	16	PUNC
18	ср/3	ср/3	N	N	Ncmsgn	16	сочин
19	ОА	оа	N	N	Ncfsgn	18	сочин
20	,	,	,	,	,	19	PUNC
21	проксимальн	проксимальть	N	N	Ncmsnn	19	сочин
