1	Считает	считать	V	V	Vmip3s-a-p	0	ROOT
2	себя	себя	P	P	P----an	1	1-компл
3	больной	больной	A	A	Afpfsif	1	2-компл
4	около	около	S	S	Sp-g	1	длительн
5	четырех	#число	M	M	Mc--g	6	количест
6	лет	год	N	N	Ncmpgn	4	предл
7	,	,	,	,	,	6	PUNC
8	когда	когда	C	C	C	1	обст
9	после	после	S	S	Sp-g	11	обст
10	родов	роды	N	N	Ncmpgn	9	предл
11	стало	стать	V	V	Vmis-sna-e	8	подч-союзн
12	повышаться	повышаться	V	V	Vmn----m-p	11	1-компл
13	артериальное	артериальный	A	A	Afpnsnf	14	опред
14	давление	давление	N	N	Ncnsnn	12	1-компл
15	,	,	,	,	,	14	PUNC
16	затем	затем	R	R	R	22	обст
17	на	на	S	S	Sp-l	22	1-компл
18	фоне	фон	N	N	Ncmsln	17	предл
19	нормализации	нормализация	N	N	Ncfsgn	18	квазиагент
20	АД	ад	N	N	Npfpgn	19	1-компл
21	,	,	,	,	,	20	PUNC
22	появились	появиться	V	V	Vmis-p-m-e	1	1-компл
23	перебои	перебой	N	N	Ncmpnn	22	предик
24	в	в	S	S	Sp-l	23	атриб
25	работе	работа	N	N	Ncfsln	24	предл
26	сердца	сердце	N	N	Ncnsgn	25	квазиагент
