1	с	с	S	S	Sp-g	13	обст
2	августа	август	N	N	Ncmsgn	1	предл
3	2007	@card@	M	M	Mc---d	4	опред
4	года	год	N	N	Ncmsgn	2	атриб
5	,	,	,	,	,	4	PUNC
6	когда	когда	C	C	C	13	обст
7	усилились	усилиться	V	V	Vmis-p-m-e	6	подч-союзн
8	перебои	перебой	N	N	Ncmpnn	7	предик
9	в	в	S	S	Sp-l	8	атриб
10	работе	работа	N	N	Ncfsln	9	предл
11	сердца	сердце	N	N	Ncnsgn	10	квазиагент
12	,	,	,	,	,	11	PUNC
13	участились	участиться	V	V	Vmis-p-m-e	0	ROOT
14	пароксизмы	пароксизм	N	N	Ncmpnn	13	предик
15	ФП	фп	N	N	Npmsnn	14	аппоз
16	,	,	,	,	,	15	PUNC
17	снизилась	снизиться	V	V	Vmis-sfm-e	13	сент-соч
18	ТФН	тфн	N	N	Npmsan	17	предик
19	,	,	,	,	,	18	PUNC
20	появилась	появиться	V	V	Vmis-sfm-e	17	сент-соч
21	одышка	одышка	N	N	Ncfsnn	20	предик
22	и	и	C	C	C	21	сочин
23	боли	боль	N	N	Ncfpnn	22	соч-союзн
24	за	за	S	S	Sp-i	23	1-компл
25	грудиной	грудина	A	A	Afpfsif	24	предл

