1	В	в	S	S	Sp-l	9	обст
2	2007	#год	M	M	Mc---d	3	опред
3	году	год	N	N	Ncmsnnl	1	предл
4	по	по	S	S	Sp-d	9	обст
5	поводу	повод	N	N	Ncmsdn	4	предл
6	пароксизмальной	пароксизмальный	A	A	Afpfsgf	7	опред
7	фибрилляции	фибрилляция	N	N	Ncfsgn	5	1-компл
8	предсердий	предсердие	N	N	Ncfpgn	9	предик
9	было	быть	V	V	Vmis-sna-p	0	ROOT
10	проведено	провести	V	V	Vmps-snpse	13	опред
11	РЧА	РЧА	V	V	Vmgp---a-e	10	обст
12	,	,	,	,	,	11	PUNC
13	но	но	C	C	C	9	присвяз
14	,	,	,	,	,	13	PUNC
15	со	со	S	S	Sp-g	21	обст
16	слов	слово	N	N	Ncnpgn	15	предл
17	пациентки	пациентка	N	N	Ncfsgy	16	квазиагент
18	,	,	,	,	,	17	PUNC
19	это	это	P	P	P--nsnn	21	предик
20	незначительно	незначительно	R	R	R	21	огранич
21	снизило	снизить	V	V	Vmis-sna-e	9	сент-соч
22	частоту	частота	N	N	Ncfsan	21	1-компл
23	приступов	приступ	N	N	Ncmpgn	22	квазиагент
