1	В	в	S	S	Sp-a	13	обст
2	течение	течение	N	N	Ncnsan	1	предл
3	12-15	#число	M	M	Mc---d	4	количест
4	лет	год	N	N	Ncmpgn	5	длительн
5	принимает	принимать	V	V	Vmip3s-a-p	2	опред
6	кордарон	кордарон	N	N	Ncmsnn	5	1-компл
7	,	,	,	,	,	6	PUNC
8	сначала	сначала	R	R	R	9	огранич
9	по	по	S	S	Sp-d	5	обст
10	схеме	схема	N	N	Ncfsdn	9	предл
11	,	,	,	,	,	10	PUNC
12	затем	затем	R	R	R	13	обст
13	е/дн	е/дн	V	V	Vmps-smpsp	0	ROOT
14	по	по	S	S	Sp-l	13	предик
15	200	#число	M	M	Mc---d	16	количест
16	мг	миллиграмм	N	N	Ncmpgn	14	предл
17	,	,	,	,	,	16	PUNC
18	в	в	S	S	Sp-a	16	распред
19	течение	течение	N	N	Ncnsan	18	предл
20	4-5	#число	M	M	Mc---d	21	количест
21	лет	год	N	N	Ncmpgn	13	сент-соч
22	–	-	-	-	-	21	PUNC
23	400	#число	M	M	Mc---d	21	аппрокс-колич
24	мг/сут	мг/сут	V	V	Vmif3p-a-p	21	сент-соч
