1	Приступ	приступ	N	N	Ncmsnn	14	1-компл
2	учащенного	учащенный	A	A	Afpnsgf	4	опред
3	неритмичного	неритмичный	A	A	Afpnsgf	4	опред
4	сердцебиения	сердцебиение	N	N	Ncnsgn	1	квазиагент
5	беспокоит	беспокоить	V	V	Vmip3s-a-p	1	опред
6	с	с	S	S	Sp-l	5	обст
7	9,00	#число	M	M	Mc---d	9	опред
8	28.10.10	#пдата	M	M	Mc---d	7	кратн
9	г	город	N	N	Ncmsgn	6	предл
10	.	.	-	-	-	9	PUNC
11	,	,	,	,	,	9	PUNC
12	бСМП	бсмп	N	N	Ncmsnn	14	предик
13	не	не	Q	Q	Q	14	огранич
14	вызывала	вызывать	V	V	Vmis-sfa-p	0	ROOT
15	,	,	,	,	,	14	PUNC
16	обратилась	обратиться	V	V	Vmis-sfm-e	14	сочин
17	в	в	S	S	Sp-a	16	1-компл
18	диспансер	диспансер	N	N	Ncmsan	17	предл
19	НИИ	нии	N	N	Npmsgn	16	2-компл
20	Кардиологии	кардиология	N	N	Npfsgn	19	1-компл
