1	В	в	S	S	Sp-l	13	обст
2	1990	#год	M	M	Mc---d	3	опред
3	году	год	N	N	Ncmsnnl	1	предл
4	,	,	,	,	,	3	PUNC
5	со	со	S	S	Sp-g	9	огранич
6	слов	слово	N	N	Ncnpgn	5	предл
7	пациента	пациент	N	N	Ncmsgy	6	квазиагент
8	,	,	,	,	,	7	PUNC
9	на	на	S	S	Sp-l	1	сочин
10	фоне	фон	N	N	Ncmsln	9	предл
11	полного	полный	A	A	Afpnsgf	12	опред
12	здоровья	здоровье	N	N	Ncnsgn	10	квазиагент
13	перенес	перенести	V	V	Vmis-sma-e	0	ROOT
14	острый	острый	A	A	Afpmsnf	15	опред
15	инфаркт	инфаркт	N	N	Ncmsnn	13	предик
16	миокарда	миокард	N	N	Ncmsgn	15	квазиагент
17	,	,	,	,	,	16	PUNC
18	который	который	P	P	P--msna	19	предик
19	был	быть	V	V	Vmis-sma-p	13	разъяснит
20	диагностирован	диагностировать	V	V	Vmps-smpse	19	пасс-анал
21	ретроспективно	ретроспективно	R	R	R	20	обст
22	по	по	S	S	Sp-l	19	обст
23	ЭКГ	экг	N	N	Npfsln	22	предл
