1	Нарушение	нарушение	N	N	Ncnsnn	19	предик
2	ритма	ритм	N	N	Ncmsgn	1	1-компл
3	отмечает	отмечать	V	V	Vmip3s-a-p	1	опред
4	более	много	M	M	Mc	3	1-компл
5	10	#число	M	M	Mc---d	6	количест
6	лет	год	N	N	Ncmpgn	4	сравнит
7	,	,	,	,	,	6	PUNC
8	в	в	S	S	Sp-l	3	обст
9	виде	вид	N	N	Ncmsln	8	предл
10	пароксизмальной	пароксизмальный	A	A	Afpfsgf	11	опред
11	формы	форма	N	N	Ncfsgn	9	квазиагент
12	ФП	фп	N	N	Npmsnn	11	квазиагент
13	,	,	,	,	,	12	PUNC
14	несколько	несколько	M	M	Mc--a	15	количест
15	раз	раз	N	N	Ncmpgn	19	обст
16	с	с	S	S	Sp-i	15	атриб
17	некупированным	некупированный	A	A	Afpmsif	18	опред
18	пароксизмом	пароксизм	N	N	Ncmsin	16	предл
19	находился	находиться	V	V	Vmis-smm-p	0	ROOT
20	на	на	S	S	Sp-l	19	1-компл
21	лечении	лечение	N	N	Ncnsln	20	предл
22	в	в	S	S	Sp-l	19	обст
23	отделении	отделение	N	N	Ncnsln	22	предл
24	НРС	нрс	N	N	Npmsnn	19	1-компл
25	(	(	-	-	-	24	PUNC
26	2005	#год	M	M	Mc---d	27	опред
27	года	год	N	N	Ncmsgn	24	примыкат
28	)	)	-	-	-	27	PUNC
29	,	,	,	,	,	27	PUNC
30	назначалось	назначаться	V	V	Vmis-snm-p	19	сочин
31	лечении	лечение	N	N	Ncnsln	30	1-компл
32	(	(	-	-	-	31	PUNC
33	какое	какой	P	P	P--nsna	0	ROOT
34	не	не	Q	Q	Q	35	огранич
35	помнит	помнить	V	V	Vmip3s-a-p	0	ROOT
36	,	,	,	,	,	35	PUNC
37	справок	справка	N	N	Ncfpgn	38	предик
38	нет	нет	R	R	R	35	1-компл
39	,	,	,	,	,	38	PUNC
40	в	в	S	S	Sp-a	38	1-компл
41	амбул	амбула	N	N	Ncmsan	40	предл
42	карте	карта	N	N	Ncfsdn	41	1-компл
43	выписки	выписка	N	N	Ncfsgn	42	1-компл
44	нет	нет	R	R	R	38	сент-соч
45	)	)	-	-	-	44	PUNC
