1	Заболела	заболеть	V	V	Vmis-sfa-e	0	ROOT
2	около	около	S	S	Sp-l	1	1-компл
3	10-00	#число	M	M	Mc---d	4	количест
4	часов	час	N	N	Ncmpgn	2	предл
5	,	,	,	,	,	4	PUNC
6	обратилась	обратиться	V	V	Vmis-sfm-e	1	сочин
7	в	в	S	S	Sp-a	6	1-компл
8	поликлинику	поликлиника	N	N	Ncfsan	7	предл
9	10	#число	M	M	Mc---d	6	обст
10	,	,	,	,	,	9	PUNC
11	где	где	P	P	P-----r	15	обст
12	после	после	S	S	Sp-g	15	обст
13	регистрации	регистрация	N	N	Ncfsgn	12	предл
14	ЭКГ	экг	N	N	Npfsln	13	1-компл
15	была	быть	V	V	Vmis-sfa-p	6	разъяснит
16	доставлена	доставить	V	V	Vmps-sfpse	15	пасс-анал
17	в	в	S	S	Sp-l	16	обст
18	НИИ	нии	N	N	Ncmsln	17	предл
19	кардиологии	кардиология	N	N	Ncfsgn	18	1-компл
20	.	.	-	-	-	19	PUNC
