1	Считает	считать	V	V	Vmip3s-a-p	0	ROOT
2	себя	себя	P	P	P----an	1	1-компл
3	больным	больной	N	N	Ncmsiy	1	2-компл
4	с	с	S	S	Sp-l	1	обст
5	1993	#год	M	M	Mc---d	4	предл
6	,	,	,	,	,	5	PUNC
7	когда	когда	C	C	C	1	обст
8	начало	начать	V	V	Vmis-sna-p	7	подч-союзн
9	подниматься	подниматься	V	V	Vmn----m-p	8	1-компл
10	АД	ад	N	N	Npmsnn	9	1-компл
11	до	до	S	S	Sp-l	8	2-компл
12	160\100	#число	M	M	Mc---d	13	количест
13	мм.рт.ст	мм.рт.ст	N	N	Ncfpgn	11	предл
14	.	.	-	-	-	13	PUNC
15	,	,	,	,	,	13	PUNC
16	адаптирован	адаптировать	V	V	Vmps-smpse	13	опред
17	к	к	S	S	Sp-d	16	2-компл
18	цифрам	цифра	N	N	Ncfpdn	17	предл
19	АД	ад	N	N	Npfpgn	18	атриб
20	130\80	#число	M	M	Mc---d	21	количест
21	мм.рт.ст	мм.рт.ст	N	N	Ncmsnn	1	1-компл
