1	В	в	S	S	Sp-l	5	обст
2	марте	#месяц	N	N	Ncmsln	1	предл
3	2010	#год	M	M	Mc---d	4	опред
4	года	год	N	N	Ncmsgn	2	атриб
5	находилась	находиться	V	V	Vmis-sfm-p	0	ROOT
6	на	на	S	S	Sp-l	5	1-компл
7	обследовании	обследование	N	N	Ncnsln	6	предл
8	и	и	C	C	C	7	сочин
9	лечении	лечение	N	N	Ncnsln	8	соч-союзн
10	в	в	S	S	Sp-l	5	обст
11	отделении	отделение	N	N	Ncnsln	10	предл
12	НРС	нрс	N	N	Npmsnn	5	1-компл
13	,	,	,	,	,	12	PUNC
14	проведено	провести	V	V	Vmps-snpse	5	вводн
15	обследование	обследование	N	N	Ncnsnn	5	предик
16	,	,	,	,	,	15	PUNC
17	планировалось	планироваться	V	V	Vmis-snm-p	5	сент-соч
18	оперативное	оперативный	A	A	Afpnsaf	19	опред
19	лечение	лечение	N	N	Ncnsan	17	предик
20	–	-	-	-	-	19	PUNC
21	MAZE	MAZE	-	-	-	19	аппоз
22	,	,	,	,	,	21	PUNC
23	однако	однако	C	C	C	24	огранич
24	было	быть	V	V	Vmis-sna-p	0	ROOT
25	выявлено	выявить	V	V	Vmps-snpse	24	пасс-анал
26	противопоказание	противопоказание	N	N	Ncnsnn	24	предик
27	–	-	-	-	-	26	PUNC
28	гематурия	гематурия	N	N	Ncfsnn	26	сочин
29	,	,	,	,	,	28	PUNC
30	пациентка	пациентка	N	N	Ncfsny	31	предик
31	была	быть	V	V	Vmis-sfa-p	24	разъяснит
32	выписана	выписать	V	V	Vmps-sfpse	31	пасс-анал
33	с	с	S	S	Sp-i	32	обст
34	рекомендацией	рекомендация	N	N	Ncfsin	33	предл
35	обследоваться	обследоваться	V	V	Vmn----m-e	34	1-компл
36	у	у	S	S	Sp-g	35	1-компл
37	уролога	уролог	N	N	Ncmsgy	36	предл
38	для	для	S	S	Sp-g	37	атриб
39	выявления	выявление	N	N	Ncnsgn	38	предл
40	причины	причина	N	N	Ncfsgn	39	1-компл
41	гематурии	гематурия	N	N	Ncfsgn	40	1-компл
