1	Вышеописанные	вышеописанный	A	A	Afpmpnf	2	опред
2	жалобы	жалоба	N	N	Ncfpnn	3	предик
3	появились	появиться	V	V	Vmis-p-m-e	0	ROOT
4	около	около	S	S	Sp-l	3	1-компл
5	7	#число	M	M	Mc---d	6	количест
6	лет	год	N	N	Ncmpgn	4	предл
7	назад	назад	R	R	R	3	обст
8	,	,	,	,	,	7	PUNC
9	стал	стать	V	V	Vmis-sma-e	3	сочин
10	ощущать	ощущать	V	V	Vmn----a-p	9	1-компл
11	неритмичное	неритмичный	A	A	Afpnsaf	12	опред
12	сердцебиение	сердцебиение	N	N	Ncnsan	10	1-компл
13	,	,	,	,	,	12	PUNC
14	начал	начать	V	V	Vmis-sma-e	9	сочин
15	контролировать	контролировать	V	V	Vmn----a-p	14	1-компл
16	АД	ад	N	N	Npmsnn	15	1-компл
17	(	(	-	-	-	16	PUNC
18	180-190/110	#число	M	M	Mc---d	19	количест
19	мм	миллиметр	N	N	Ncmpgn	14	предик
20	рт	ртутный	A	A	Afpmsgf	21	опред
21	ст	столб	N	N	Ncmsgn	19	атриб
22	.	.	-	-	-	21	PUNC
23	)	)	-	-	-	21	PUNC
