1	С	с	S	S	Sp-l	15	обст
2	2004	#год	M	M	Mc---d	3	опред
3	года	год	N	N	Ncmsgn	1	предл
4	частые	частый	A	A	Afpmpnf	7	опред
5	(	(	-	-	-	4	PUNC
6	несколько	несколько	M	M	Mc--a	7	количест
7	раз	раз	N	N	Ncmpgn	13	опред
8	в	в	S	S	Sp-a	7	распред
9	месяц	месяц	N	N	Ncmsan	8	предл
10	)	)	-	-	-	9	PUNC
11	,	,	,	,	,	9	PUNC
12	пароксизмы	пароксизм	N	N	Ncmpnn	13	опред
13	ФП	фп	N	N	Npmsnn	15	предик
14	,	,	,	,	,	13	PUNC
15	назначались	назначаться	V	V	Vmis-p-m-p	0	ROOT
16	препараты	препарат	N	N	Ncmpnn	15	предик
17	из	из	S	S	Sp-g	16	атриб
18	группы	группа	N	N	Ncfsgn	17	предл
19	БАБ	баб	N	N	Npmsnn	18	квазиагент
20	,	,	,	,	,	19	PUNC
21	этацизин	этацизин	N	N	Ncmsnn	16	сочин
22	,	,	,	,	,	21	PUNC
23	аллапинин	аллапинин	N	N	Ncmsny	21	сочин
24	,	,	,	,	,	23	PUNC
25	соталол	соталоть	V	V	Vmis-sma-p	15	сент-соч
26	и	и	C	C	C	25	сочин
27	их	их	P	P	P-----a	28	квазиагент
28	комбинации	комбинация	N	N	Ncfpnn	32	предик
29	,	,	,	,	,	28	PUNC
30	однако	однако	C	C	C	32	вводн
31	,	,	,	,	,	30	PUNC
32	приступы	приступ	N	N	Ncmpnn	26	соч-союзн
33	ФП	фп	N	N	Npmsnn	32	квазиагент
34	возникали	возникать	V	V	Vmis-p-a-p	15	вводн
35	часто	часто	R	R	R	34	обст
