1	Ухудшение	ухудшение	N	N	Ncnsnn	0	ROOT
2	состояния	состояние	N	N	Ncnsgn	1	квазиагент
3	в	в	S	S	Sp-l	2	атриб
4	течении	течение	N	N	Ncnsln	3	предл
5	последнего	последний	A	A	Afpmsgf	6	опред
6	года	год	N	N	Ncmsgn	4	атриб
7	,	,	,	,	,	6	PUNC
8	когда	когда	C	C	C	1	1-компл
9	приступы	приступ	N	N	Ncmpnn	11	предик
10	сердцебиения	сердцебиение	N	N	Ncnsgn	9	квазиагент
11	стали	стать	V	V	Vmis-p-a-e	8	подч-союзн
12	возникать	возникать	V	V	Vmn----a-p	11	1-компл
13	до	до	S	S	Sp-g	12	2-компл
14	1раза	#число	N	N	Ncmsgn	13	предл
15	в	в	S	S	Sp-a	12	3-компл
16	неделю	неделя	N	N	Ncfsan	15	предл
17	,	,	,	,	,	16	PUNC
18	купируются	купироваться	V	V	Vmip3s-m-p	12	сочин
19	кордароном	кордарон	N	N	Ncmsin	18	2-компл
20	,	,	,	,	,	19	PUNC
21	новокаинамидом	новокаинамид	N	N	Ncmsin	18	обст
