1	Состояние	состояние	N	N	Ncnsnn	12	предик
2	после	после	S	S	Sp-g	1	атриб
3	ОНМК(1996	ОНМК(1996	-	-	-	2	предл
4	г	город	N	N	Ncmsgn	3	атриб
5	)	)	-	-	-	4	PUNC
6	,	,	,	,	,	4	PUNC
7	GNAC	GNAC	-	-	-	4	аппоз
8	,	,	,	,	,	7	PUNC
9	тромбоз	тромбоз	N	N	Ncmsny	1	квазиагент
10	БПВ	бпв	N	N	Npmsny	9	аппоз
11	справа(03.09)	)	A	A	Afpfsnf	12	опред
12	феохромоцитома	феохромоцитом	N	N	Ncfsnn	0	ROOT
13	внепочечной	внепочечный	A	A	Afpfsgf	14	опред
14	локализации	локализация	N	N	Ncfsgn	12	квазиагент
15	,	,	,	,	,	14	PUNC
16	гормоны	гормон	N	N	Ncmpnn	12	атриб
17	щит	щит	N	N	Ncmsnn	0	ROOT
18	железы	железа	N	N	Ncfsgn	17	квазиагент
19	в	в	S	S	Sp-l	17	атриб
20	норме	норма	N	N	Ncfsln	19	предл
21	.	.	-	-	-	20	PUNC
