1	Осенью	#сезон	N	N	Ncfsin	4	обст
2	2009	#год	M	M	Mc---d	3	опред
3	года	год	N	N	Ncmsgn	1	атриб
4	проконсультирован	проконсультировать	V	V	Vmps-smpse	0	ROOT
5	аритмологом	аритмолог	N	N	Ncmsin	4	агент
6	,	,	,	,	,	5	PUNC
7	по	по	S	S	Sp-d	10	вводн
8	данным	данные	N	N	Ncmpdn	7	предл
9	ЭхоКГ	эхокг	N	N	Npmpgn	8	квазиагент
10	снижение	снижение	N	N	Ncnsnn	16	предик
11	ФВЛЖ	фвлж	N	N	Npmsan	10	1-компл
12	до	до	S	S	Sp-l	10	3-компл
13	23	#число	M	M	Mc---d	14	количест
14	%	%	-	-	-	12	предл
15	,	,	,	,	,	14	PUNC
16	была	быть	V	V	Vmis-sfa-p	0	ROOT
17	рекомендована	рекомендовать	V	V	Vmps-sfpse	16	пасс-анал
18	госпитализация	госпитализация	N	N	Ncfsnn	16	несобст-агент
19	в	в	S	S	Sp-l	18	атриб
20	планвом	планвый	A	A	Afpmslf	21	опред
21	порядке	порядок	N	N	Ncmsln	19	предл
22	госпитализация	госпитализация	N	N	Ncfsnn	18	сочин
23	в	в	S	S	Sp-a	22	2-компл
24	отделение	отделение	N	N	Ncnsan	23	предл
25	ХЛСНРС	хлснрс	N	N	Npmsnn	24	квазиагент
26	и	и	C	C	C	25	сочин
27	ЭКС	экс	N	N	Npmsnn	26	соч-союзн
28	НИИ	нии	N	N	Npmsgn	22	сочин
29	Кардиологии	кардиология	N	N	Npfsgn	28	1-компл
30	для	для	S	S	Sp-g	28	атриб
31	рещения	рещение	N	N	Ncnsgn	30	предл
32	вопроса	вопрос	N	N	Ncmsgn	31	1-компл
33	о	о	S	S	Sp-l	32	1-компл
34	кардиоресинхронизирующей	кардиоресинхронизирующий	A	A	Afpfslf	35	опред
35	терапии	терапия	N	N	Ncfsln	33	предл
36	.	.	-	-	-	35	PUNC
