1	Два	#число	M	M	Mcm-n	2	количест
2	года	год	N	N	Ncmsgn	3	предл
3	назад	назад	R	R	R	4	обст
4	стали	стать	V	V	Vmis-p-a-e	0	ROOT
5	беспокоить	беспокоить	V	V	Vmn----a-p	4	1-компл
6	пароксизмы	пароксизм	N	N	Ncmpnn	5	1-компл
7	аритмичного	аритмичный	A	A	Afpnsgf	8	опред
8	сердцебиения	сердцебиение	N	N	Ncnsgn	6	квазиагент
9	,	,	,	,	,	8	PUNC
10	сначала	сначала	R	R	R	12	обст
11	они	они	P	P	P-3-pnn	12	предик
12	беспокоили	беспокоить	V	V	Vmis-p-a-e	4	сент-соч
13	несколько	несколько	M	M	Mc--a	14	количест
14	раз	раз	N	N	Ncmpgn	12	обст
15	в	в	S	S	Sp-a	14	распред
16	пол	пол	N	N	Ncmsan	17	количест
17	года	год	N	N	Ncmsgn	15	предл
18	,	,	,	,	,	17	PUNC
19	пациент	пациент	N	N	Ncmsny	21	предик
20	планово	планово	R	R	R	21	обст
21	получал	получать	V	V	Vmis-sma-p	0	ROOT
22	конкор	конкор	N	N	Ncmsnn	21	1-компл
23	или	или	C	C	C	22	сочин
24	эгилок	эгилки	N	N	Ncmsnn	23	соч-союзн
