1	После	после	S	S	Sp-g	4	обст
2	операции	операция	N	N	Ncfsgn	1	предл
3	ФП	фп	N	N	Npmsnn	4	предик
4	носила	носить	V	V	Vmis-sfa-e	0	ROOT
5	персистирующий	персистируть	A	A	Afpmsaf	6	опред
6	характер	характер	N	N	Ncmsan	4	1-компл
7	,	,	,	,	,	6	PUNC
8	по	по	S	S	Sp-d	11	вводн
9	этому	этот	P	P	P--msda	10	опред
10	поводу	повод	N	N	Ncmsdn	8	предл
11	проводилось	проводиться	V	V	Vmis-snm-p	4	сент-соч
12	оперативное	оперативный	A	A	Afpnsnf	13	опред
13	лечение	лечение	N	N	Ncnsnn	11	предик
14	РЧА	рча	N	N	Ncnsgn	13	1-компл
15	АВ	ав	-	-	-	14	1-компл
16	соединения	соединение	N	N	Ncnsgn	14	атриб
17	(	(	-	-	-	16	PUNC
18	2006	#год	M	M	Mc---d	16	примыкат
19	)	)	-	-	-	18	PUNC
20	имплантация	имплантация	N	N	Ncfsnn	14	примыкат
21	ЭКС	ЭКС	-	-	-	20	предик
22	Axios	Axios	-	-	-	21	аппоз
23	SR	SR	-	-	-	22	аппоз
