1	В	в	S	S	Sp-l	7	обст
2	марте	#месяц	N	N	Ncmsln	1	предл
3	2010	#год	M	M	Mc---d	4	опред
4	года	год	N	N	Ncmsgn	2	атриб
5	пациент	пациент	N	N	Ncmsny	7	предик
6	впервые	впервые	R	R	R	7	обст
7	обратился	обратиться	V	V	Vmis-smm-e	0	ROOT
8	за	за	S	S	Sp-i	7	1-компл
9	медицинской	медицинский	A	A	Afpfsif	10	опред
10	помощью	помощь	N	N	Ncfsin	8	предл
11	,	,	,	,	,	10	PUNC
12	так	так	P	P	P-----r	13	огранич
13	как	как	C	C	C	7	сравнит
14	приступы	приступ	N	N	Ncmpnn	15	предик
15	стали	стать	V	V	Vmis-p-a-e	13	сравн-союзн
16	возникать	возникать	V	V	Vmn----a-p	15	1-компл
17	чаще	частый	A	A	Afcmsnf	16	обст
18	,	,	,	,	,	17	PUNC
19	до	до	S	S	Sp-g	0	ROOT
20	нескольких	несколько	M	M	Mc--g	21	количест
21	раз	раз	N	N	Ncmpgn	19	предл
22	в	в	S	S	Sp-a	21	распред
23	месяц	месяц	N	N	Ncmsan	22	предл
