1	Последний	последний	A	A	Afpmsaf	2	опред
2	раз	раз	N	N	Ncmsan	5	обст
3	стационарное	стационарный	A	A	Afpnsaf	4	опред
4	лечение	лечение	N	N	Ncnsan	5	предик
5	проходила	проходить	V	V	Vmis-sfa-p	0	ROOT
6	в	в	S	S	Sp-a	5	1-компл
7	МСЧ	мсч	N	N	Npmsan	6	предл
8	№	№	-	-	-	7	нум-аппоз
9	2	#число	M	M	Mc---d	8	нум-аппоз
10	с	с	S	S	Sp-l	5	обст
11	22.07.10	#пдата	M	M	Mc---d	10	предл
12	по	по	S	S	Sp-l	10	соотнос
13	28.07.10	#пдата	M	M	Mc---d	14	опред
14	г	г	N	N	Ncmsnnl	12	предл
15	с	с	S	S	Sp-i	5	обст
16	диагнозом	диагноз	N	N	Ncmsin	15	предл
17	,	,	,	,	,	16	PUNC
18	ИБС	ибс	N	N	Npmsnn	16	аппоз
19	,	,	,	,	,	18	PUNC
20	стенокардия	стенокардия	N	N	Ncfsnn	5	предик
21	напряжения	напряжение	N	N	Ncnsgn	20	1-компл
22	ФК	фк	N	N	Npfsgn	20	аппоз
23	III	iii	M	M	Mo---d	22	опред
