1	В	в	S	S	Sp-a	0	ROOT
2	течение	течение	N	N	Ncnsan	1	предл
3	последних	последний	A	A	Afpmpgf	5	опред
4	6	#число	M	M	Mc---d	5	количест
5	лет	год	N	N	Ncmpgn	2	квазиагент
6	,	,	,	,	,	5	PUNC
7	с	с	S	S	Sp-i	1	сочин
8	частотой	частота	N	N	Ncfsin	7	предл
9	1	#число	M	M	Mc---d	10	количест
10	раз	раз	N	N	Ncmpgn	14	обст
11	в	в	S	S	Sp-l	10	атриб
12	2	#число	M	M	Mc---d	13	количест
13	мес	месяц	N	N	Ncmpgn	11	предл
14	возникают	возникать	V	V	Vmip3p-a-p	0	ROOT
15	пароксизмы	пароксизм	N	N	Ncmpnn	14	предик
16	фибрилляции	фибрилляция	N	N	Ncfsgn	15	квазиагент
17	предсердий	предсердие	N	N	Ncnpgn	16	квазиагент
18	,	,	,	,	,	17	PUNC
19	купирующиеся	купирующиеся	V	V	Vmpp-p-mfpn	15	опред
20	самостоятельно	самостоятельно	R	R	R	19	обст
21	или	или	C	C	C	19	сочин
22	инфузией	инфузия	N	N	Ncfsin	21	соч-союзн
23	кордарона	кордарон	N	N	Ncmsgn	22	квазиагент
24	,	,	,	,	,	23	PUNC
25	новокаинамида	новокаинамида	N	N	Ncmsgn	22	1-компл
