1	Впервые	впервые	R	R	R	5	обст
2	эпизод	эпизод	N	N	Ncmsnn	5	предик
3	потери	потеря	N	N	Ncfsgn	2	квазиагент
4	сознания	сознание	N	N	Ncnsgn	3	1-компл
5	произошёл	произойти	V	V	Vmis-sma-e	0	ROOT
6	21.07.10	#пдата	M	M	Mc---d	7	опред
7	г	город	N	N	Ncmsgn	5	предик
8	,	,	,	,	,	7	PUNC
9	затем	затем	R	R	R	0	ROOT
10	аналогичные	аналогичный	A	A	Afpmpaf	11	опред
11	приступы	приступ	N	N	Ncmpan	0	ROOT
12	слабости	слабость	N	N	Ncfsgn	11	квазиагент
13	,	,	,	,	,	12	PUNC
14	головокружения	головокружение	N	N	Ncnsgn	18	предик
15	заканчивающиеся	заканчиваться	V	V	Vmpp-p-mfpa	16	опред
16	потерей	потеря	N	N	Ncfsin	18	присвяз
17	сознания	сознание	N	N	Ncnsgn	16	1-компл
18	были	быть	V	V	Vmis-p-a-p	11	релят
19	26.07.10	#пдата	M	M	Mc---d	20	опред
20	г	город	N	N	Ncmsgn	18	атриб
