1	Считает	считать	V	V	Vmip3s-a-p	0	ROOT
2	себя	себя	P	P	P----an	1	1-компл
3	больной	больной	A	A	Afpfsif	1	2-компл
4	в	в	S	S	Sp-a	1	обст
5	течение	течение	N	N	Ncnsan	4	предл
6	23	#число	M	M	Mc---d	7	количест
7	лет	год	N	N	Ncmpgn	1	1-компл
8	,	,	,	,	,	7	PUNC
9	когда	когда	C	C	C	1	обст
10	впервые	впервые	R	R	R	11	обст
11	начало	начать	V	V	Vmis-sna-p	9	подч-союзн
12	подниматься	подниматься	V	V	Vmn----m-p	11	1-компл
13	АД	ад	N	N	Npmsnn	12	1-компл
14	,	,	,	,	,	13	PUNC
15	в	в	S	S	Sp-a	18	вводн
16	последнее	последний	A	A	Afpnsaf	17	опред
17	время	время	N	N	Ncnsan	15	предл
18	до	до	S	S	Sp-l	11	3-компл
19	210\120	#число	M	M	Mc---d	20	количест
20	мм.рт.ст	мм.рт.ст	N	N	Ncfpgn	18	предл
21	.	.	-	-	-	20	PUNC
22	,	,	,	,	,	20	PUNC
23	адаптирована	адаптировать	V	V	Vmps-sfpse	1	2-компл
24	к	к	S	S	Sp-d	23	2-компл
25	цифрам	цифра	N	N	Ncfpdn	24	предл
26	АД	ад	N	N	Npfpgn	25	атриб
27	130\80	#число	M	M	Mc---d	28	количест
28	мм.рт.ст	мм.рт.ст	N	N	Ncmsnn	1	1-компл
