1	С	с	S	S	Sp-l	5	обст
2	10.06.10	#пдата	M	M	Mc---d	1	предл
3	по	по	S	S	Sp-l	1	соотнос
4	26.09.10	#пдата	M	M	Mc---d	3	предл
5	проходила	проходить	V	V	Vmis-sfa-p	0	ROOT
6	лечение	лечение	N	N	Ncnsan	5	1-компл
7	в	в	S	S	Sp-l	5	обст
8	республиканской	республиканский	A	A	Afpfslf	9	опред
9	больнице	больница	N	N	Ncfsln	7	предл
10	(	(	-	-	-	9	PUNC
11	Республики	республика	N	N	Npfsgn	5	предик
12	Хакасия	хакасия	N	N	Npmsgy	11	аппоз
13	)	)	-	-	-	12	PUNC
14	с	с	S	S	Sp-i	5	обст
15	диагнозом	диагноз	N	N	Ncmsin	14	предл
16	,	,	,	,	,	15	PUNC
17	Нарушение	нарушение	N	N	Ncnsnn	5	предик
18	ритмовождения	ритмовождение	N	N	Ncnsgn	17	1-компл
19	ЭКС	экс	N	N	Npmsgn	18	1-компл
20	,	,	,	,	,	19	PUNC
21	полная	полный	A	A	Afpfsnf	19	опред
22	АВ	ав	-	-	-	21	1-компл
23	блокада	блокада	N	N	Ncfsnn	17	сочин
