1	Считает	считать	V	V	Vmip3s-a-p	0	ROOT
2	себя	себя	P	P	P----an	1	1-компл
3	больным	больной	N	N	Ncmsiy	1	2-компл
4	с	с	S	S	Sp-l	1	обст
5	1989	#год	M	M	Mc---d	6	опред
6	года	год	N	N	Ncmsgn	4	предл
7	,	,	,	,	,	6	PUNC
8	когда	когда	C	C	C	1	обст
9	возник	возникнуть	V	V	Vmis-sma-e	8	подч-союзн
10	первый	первый	M	M	Momsn	11	опред
11	эпизод	эпизод	N	N	Ncmsnn	9	предик
12	аритмичного	аритмичный	A	A	Afpnsgf	13	опред
13	сердцебиения	сердцебиение	N	N	Ncnsgn	11	квазиагент
14	,	,	,	,	,	13	PUNC
15	котрый	котрый	A	A	Afpmsnf	11	опред
16	через	через	S	S	Sp-a	15	обст
17	несколько	несколько	M	M	Mc--a	18	количест
18	дней	#времясуток	N	N	Ncmpgn	16	предл
19	беспокоить	беспокоить	V	V	Vmn----a-p	15	1-компл
20	пациента	пациент	N	N	Ncmsgy	19	1-компл
21	перестал	перестать	V	V	Vmis-sma-e	1	сочин
