1	Пациент	пациент	N	N	Ncmsny	2	предик
2	принимал	принимать	V	V	Vmis-sma-p	0	ROOT
3	обзидан	обзидан	V	V	Vmps-smpsp	2	1-компл
4	в	в	S	S	Sp-a	3	2-компл
5	течение	течение	N	N	Ncnsan	4	предл
6	2	#число	M	M	Mc---d	7	количест
7	месяцев	месяц	N	N	Ncmpgn	3	предик
8	,	,	,	,	,	7	PUNC
9	а	а	C	C	C	2	сочин
10	далее	далее	R	R	R	11	огранич
11	в	в	S	S	Sp-a	19	обст
12	течение	течение	N	N	Ncnsan	11	предл
13	практически	практически	R	R	R	14	огранич
14	20	#число	M	M	Mc---d	15	количест
15	лет	год	N	N	Ncmpgn	11	предл
16	к	к	S	S	Sp-d	19	1-компл
17	врачам	врач	N	N	Ncmpdy	16	предл
18	не	не	Q	Q	Q	19	огранич
19	обращался	обращаться	V	V	Vmis-smm-p	9	соч-союзн
20	,	,	,	,	,	19	PUNC
21	препараты	препарат	N	N	Ncmpan	23	1-компл
22	не	не	Q	Q	Q	23	огранич
23	принимал	принимать	V	V	Vmis-sma-p	19	1-компл
