1	В	в	S	S	Sp-l	4	обст
2	молодости	молодость	N	N	Ncfsln	1	предл
3	часто	часто	R	R	R	4	обст
4	болел	болеть	V	V	Vmis-sma-p	0	ROOT
5	ангинами	ангина	N	N	Ncfpin	4	1-компл
6	,	,	,	,	,	5	PUNC
7	была	быть	V	V	Vmis-sfa-p	4	разъяснит
8	операция	операция	N	N	Ncfsnn	7	предик
9	аппендэктомия	аппендэктомия	N	N	Ncfsnn	8	аппоз
10	,	,	,	,	,	9	PUNC
11	в	в	S	S	Sp-l	20	обст
12	2010	#год	M	M	Mc---d	13	опред
13	году	год	N	N	Ncmsnnl	11	предл
14	операция	операция	N	N	Ncfsnn	20	предик
15	на	на	S	S	Sp-l	14	атриб
16	левом	левый	A	A	Afpmslf	18	опред
17	тазобедренном	тазобедренный	A	A	Afpmslf	18	опред
18	суставе	сустав	N	N	Ncmsln	15	предл
19	,	,	,	,	,	18	PUNC
20	вправление	вправление	N	N	Ncnsnn	7	сент-соч
21	головки	головка	N	N	Ncfsgn	20	1-компл
22	левой	левый	A	A	Afpfsgf	24	опред
23	бедренной	бедренный	A	A	Afpfsgf	24	опред
24	кости	кость	N	N	Ncfsgn	21	квазиагент
25	,	,	,	,	,	24	PUNC
26	операция	операция	N	N	Ncfsnn	20	сочин
27	по	по	S	S	Sp-d	26	атриб
28	поводу	повод	N	N	Ncmsdn	27	предл
29	интерпозиции	интерпозиция	N	N	Ncfsgn	28	1-компл
30	капсулы	капсула	N	N	Ncfsgn	29	квазиагент
31	и	и	C	C	C	30	сочин
32	отломков	отломок	N	N	Ncmpgn	31	соч-союзн
33	нижнего	нижний	A	A	Afpmsgf	34	опред
34	края	край	N	N	Ncmsgn	32	квазиагент
35	вертлужной	вертлужный	A	A	Afpfsgf	36	опред
36	впадины	впадина	N	N	Ncfpnn	26	сочин
37	слева	слева	R	R	R	36	атриб
