1	Со	со	S	S	Sp-g	5	атриб
2	слов	слово	N	N	Ncnpgn	1	предл
3	пациента	пациент	N	N	Ncmsgy	2	квазиагент
4	,	,	,	,	,	3	PUNC
5	аритмия	аритмия	N	N	Ncfsnn	6	предик
6	постоянная	постоянный	A	A	Afpfsnf	0	ROOT
7	,	,	,	,	,	6	PUNC
8	однако	однако	C	C	C	10	вводн
9	,	,	,	,	,	8	PUNC
10	по	по	S	S	Sp-l	6	разъяснит
11	ЭКГ	экг	N	N	Npfsln	10	предл
12	от	от	S	S	Sp-g	10	сочин
13	июня	#месяц	N	N	Ncmsgn	12	предл
14	2010	#год	M	M	Mc---d	15	опред
15	года	год	N	N	Ncmsgn	13	атриб
16	зарегистрирован	зарегистрировать	V	V	Vmps-smpse	18	опред
17	синусовый	синусовый	A	A	Afpmsnf	18	опред
18	ритм	ритм	N	N	Ncmsnn	10	предик
19	с	с	S	S	Sp-i	18	атриб
20	ЧСС	ЧСС	-	-	-	19	предл
21	70	#число	M	M	Mc---d	20	нум-аппоз
22	в	в	S	S	Sp-a	18	распред
23	минуту	минута	N	N	Ncfsan	22	предл
