1	В	в	S	S	Sp-l	3	1-компл
2	июне	#месяц	N	N	Ncmsln	1	предл
3	находился	находиться	V	V	Vmis-smm-p	0	ROOT
4	на	на	S	S	Sp-l	3	обст
5	стационарном	стационарный	A	A	Afpnslf	6	опред
6	обследовании	обследование	N	N	Ncnsln	4	предл
7	и	и	C	C	C	6	сочин
8	лечении	лечение	N	N	Ncnsln	7	соч-союзн
9	в	в	S	S	Sp-l	8	атриб
10	стационаре	стационар	N	N	Ncmsln	9	предл
11	по	по	S	S	Sp-d	10	атриб
12	месту	место	N	N	Ncnsdn	11	предл
13	жительства	жительство	N	N	Ncnsgn	12	квазиагент
14	,	,	,	,	,	13	PUNC
15	проведено	провести	V	V	Vmps-snpse	3	сочин
16	СМ	см	N	N	Ncfsgn	15	1-компл
17	ЭКГ	экг	N	N	Ncfsln	16	1-компл
18	–	-	-	-	-	17	PUNC
19	зарегистрирован	зарегистрировать	V	V	Vmps-smpse	15	сочин
20	синусовый	синусовый	A	A	Afpmsnf	21	опред
21	ритм	ритм	N	N	Ncmsnn	19	1-компл
22	,	,	,	,	,	21	PUNC
23	585	#число	M	M	Mc---d	24	количест
24	эпизодов	эпизод	N	N	Ncmpgn	21	разъяснит
25	тахикардии	тахикардия	N	N	Ncfsgn	24	квазиагент
