1	В	в	S	S	Sp-a	19	обст
2	последний	последний	A	A	Afpmsaf	3	опред
3	год	год	N	N	Ncmsan	1	предл
4	на	на	S	S	Sp-l	19	обст
5	фоне	фон	N	N	Ncmsln	4	предл
6	приема	прием	N	N	Ncmsgn	5	квазиагент
7	гипотензивных	гипотензивный	A	A	Afpmpgf	8	опред
8	препаратов	препарат	N	N	Ncmpgn	6	1-компл
9	АД	ад	N	N	Npfpgn	6	аппоз
10	в	в	S	S	Sp-l	6	атриб
11	норме	норма	N	N	Ncfsln	10	предл
12	,	,	,	,	,	11	PUNC
13	до	до	S	S	Sp-g	19	обст
14	этого	это	P	P	P--nsgn	13	предл
15	в	в	S	S	Sp-a	19	обст
16	течение	течение	N	N	Ncnsan	15	предл
17	нескольких	несколько	M	M	Mc--g	18	количест
18	лет	год	N	N	Ncmpgn	19	длительн
19	повышалось	повышаться	V	V	Vmis-snm-e	0	ROOT
20	АД	ад	N	N	Npfpgn	19	предик
21	максимально	максимально	R	R	R	22	огранич
22	до	до	S	S	Sp-l	19	обст
23	180/100	#число	M	M	Mc---d	24	количест
24	мм	миллиметр	N	N	Ncmpgn	22	предл
25	рт.ст	рт.ст	V	V	Vmif3s-a-p	19	сочин
