1	В	в	S	S	Sp-l	4	обст
2	2007	#год	M	M	Mc---d	3	опред
3	году	год	N	N	Ncmsnnl	1	предл
4	лечился	лечиться	V	V	Vmis-smm-e	0	ROOT
5	в	в	S	S	Sp-l	4	обст
6	отделении	отделение	N	N	Ncnsln	5	предл
7	НРС	нрс	N	N	Npmsnn	4	предик
8	,	,	,	,	,	7	PUNC
9	28.11.07	#пдата	M	M	Mc---d	10	обст
10	проведено	провести	V	V	Vmps-snpse	7	опред
11	ВСЭФИ	всэфь	N	N	Npmsny	10	агент
12	,	,	,	,	,	11	PUNC
13	на	на	S	S	Sp-l	10	обст
14	стимуляции	стимуляция	N	N	Ncfsln	13	предл
15	межжелудочковой	межжелудочковый	A	A	Afpfsgf	16	опред
16	перегородки	перегородка	N	N	Ncfsgn	14	квазиагент
17	отмечен	отметить	V	V	Vmps-smpse	4	сент-соч
18	прирост	прирост	N	N	Ncmsnn	17	предик
19	УО	уо	N	N	Npnsgn	18	квазиагент
20	(	(	-	-	-	19	PUNC
21	при	при	S	S	Sp-l	18	атриб
22	стимуляции	стимуляция	N	N	Ncfsln	21	предл
23	из	из	S	S	Sp-g	22	атриб
24	ВОБЖ	вобж	N	N	Npmsnn	23	предл
25	)	)	-	-	-	24	PUNC
