1	Состояние	состояние	N	N	Ncnsnn	2	предик
2	ухудшилось	ухудшиться	V	V	Vmis-snm-e	0	ROOT
3	в	в	S	S	Sp-l	2	обст
4	феврале-марте	февраль-март	N	N	Ncmsln	3	предл
5	2010	#год	M	M	Mc---d	4	аппоз
6	,	,	,	,	,	5	PUNC
7	усилилась	усилиться	V	V	Vmis-sfm-e	2	сент-соч
8	одышка	одышка	N	N	Ncfsnn	7	предик
9	,	,	,	,	,	8	PUNC
10	появились	появиться	V	V	Vmis-p-m-e	7	сент-соч
11	отеки	отек	N	N	Ncmpnn	10	предик
12	наногах	наног	N	N	Ncnsgn	11	квазиагент
13	,	,	,	,	,	12	PUNC
14	увеличился	увеличиться	V	V	Vmis-smm-e	10	сент-соч
15	вес	вес	N	N	Ncmsnn	14	предик
16	на	на	S	S	Sp-l	15	атриб
17	12	#число	M	M	Mc---d	18	количест
18	кг	кг	N	N	Ncmpgn	16	предл
19	,	,	,	,	,	18	PUNC
20	что	что	P	P	P--nsnn	21	1-компл
21	связывает	связывать	V	V	Vmip3s-a-p	15	опред
22	с	с	S	S	Sp-i	21	2-компл
23	накоплением	накопление	N	N	Ncnsin	22	предл
24	жидкости	жидкость	N	N	Ncfsgn	23	1-компл
