1	С	с	S	S	Sp-g	5	обст
2	осени	#сезон	N	N	Ncfsgn	1	предл
3	2003	#год	M	M	Mc---d	4	опред
4	г	город	N	N	Ncmsgn	2	атриб
5	беспокоила	беспокоить	V	V	Vmis-sfa-p	0	ROOT
6	одышка	одышка	N	N	Ncfsnn	5	предик
7	при	при	S	S	Sp-l	5	обст
8	незначительной	незначительный	A	A	Afpfslf	10	опред
9	физической	физический	A	A	Afpfslf	10	опред
10	нагрузке	нагрузка	N	N	Ncfsln	7	предл
11	,	,	,	,	,	10	PUNC
12	тяжесть	тяжесть	N	N	Ncfsnn	5	предик
13	в	в	S	S	Sp-l	5	обст
14	правом	правый	A	A	Afpnslf	15	опред
15	подреберье	подреберье	N	N	Ncnsln	13	предл
16	,	,	,	,	,	15	PUNC
17	отеки	отек	N	N	Ncmpnn	5	предик
18	на	на	S	S	Sp-l	17	атриб
19	ногах	нога	N	N	Ncfpln	18	предл
20	,	,	,	,	,	19	PUNC
21	асцит	асцит	N	N	Ncmsnn	17	разъяснит
22	небольшой	небольшой	A	A	Afpmsnf	25	опред
23	,	,	,	,	,	22	PUNC
24	сердечная	сердечный	A	A	Afpfsnf	25	опред
25	астма	астма	N	N	Ncfsnn	21	сочин
