1	Обследовался	обследоваться	V	V	Vmis-smm-p	0	ROOT
2	в	в	S	S	Sp-n	1	обст
3	НИИК	ниик	N	N	Npmsny	2	предл
4	,	,	,	,	,	3	PUNC
5	зарегистрирована	зарегистрировать	V	V	Vmps-sfpse	1	сочин
6	преходящая	преходящий	A	A	Afpfsnf	8	опред
7	полная	полный	A	A	Afpfsnf	8	опред
8	АВ	ав	-	-	-	5	1-компл
9	блокада	блокада	N	N	Ncfsnn	1	предик
10	и	и	C	C	C	9	сочин
11	1.03.2000	#пдата	M	M	Mc---d	12	опред
12	г	город	N	N	Ncmsgn	10	соч-союзн
13	был	быть	V	V	Vmis-sma-p	1	1-компл
14	имплантирован	имплантировать	V	V	Vmps-smpse	13	пасс-анал
15	ЭКС	экс	N	N	Npmsnn	13	предик
16	REGENCY	REGENCY	-	-	-	15	аппоз
1	SR+2400L	SR+2400L	-	-	-	0	ROOT
2	и	и	C	C	C	1	сочин
3	электрод	электрод	N	N	Ncmsnn	2	соч-союзн
4	в	в	S	S	Sp-a	1	2-компл
5	верхушку	верхушка	N	N	Ncfsan	4	предл
6	правого	правый	A	A	Afpmsgf	7	опред
7	желудочка	желудочек	N	N	Ncmsgn	5	квазиагент
