1	Выполнена	выполнить	V	V	Vmps-sfpse	0	ROOT
2	КВГ	квг	N	N	Npmsgn	1	1-компл
3	(	(	-	-	-	2	PUNC
4	17.06.10	#пдата	M	M	Mc---d	2	примыкат
5	)	)	-	-	-	4	PUNC
6	,	,	,	,	,	4	PUNC
7	КА	ка	N	N	Ncmsnn	1	предик
8	без	без	S	S	Sp-g	7	атриб
9	признаков	признак	N	N	Ncmpgn	8	предл
10	стенозирования	стенозирование	N	N	Ncnsgn	9	квазиагент
11	,	,	,	,	,	10	PUNC
12	после	после	S	S	Sp-g	1	обст
13	выполнения	выполнение	N	N	Ncnsgn	12	предл
14	КВГ	квг	N	N	Npmsgn	13	1-компл
15	развился	развиться	V	V	Vmis-smm-e	1	сочин
16	сосудисто-мозговой	сосудисто-мозговой	A	A	Afpmsnf	17	опред
17	криз	криз	N	N	Ncmsnn	15	предик
18	,	,	,	,	,	17	PUNC
19	нельзя	нельзя	R	R	R	15	сент-соч
20	также	также	Q	Q	Q	19	огранич
21	исключить	исключить	V	V	Vmn----a-e	19	предик
22	реакцию	реакция	N	N	Ncfsan	21	1-компл
23	на	на	S	S	Sp-a	21	2-компл
24	контраст	контраст	N	N	Ncmsan	23	предл
