1	По	по	S	S	Sp-d	0	ROOT
2	данным	данные	N	N	Ncmpdn	1	предл
3	ХМ	хм	N	N	Ncfpgn	2	квазиагент
4	ЭКГ	экг	N	N	Npfsln	0	ROOT
5	от	от	S	S	Sp-l	4	атриб
6	11.06.10	#пдата	M	M	Mc---d	7	количест
7	ритм	ритм	N	N	Ncmsan	5	предл
8	синусовый	синусовый	A	A	Afpmsaf	7	оп-опред
9	,	,	,	,	,	8	PUNC
10	ЧСС	ЧСС	-	-	-	8	сочин
11	47-153	#число	M	M	Mc---d	10	нум-аппоз
12	в	в	S	S	Sp-a	10	сочин
13	мин	мина	N	N	Ncfsan	12	предл
14	,	,	,	,	,	13	PUNC
15	единичные	единичный	A	A	Afpmpnf	16	опред
16	НЖЭС	НЖЭС	-	-	-	10	сочин
17	(	(	-	-	-	16	PUNC
18	109	#число	M	M	Mc---d	16	примыкат
19	)	)	-	-	-	18	PUNC
20	,	,	,	,	,	18	PUNC
21	единичные	единичный	A	A	Afpmpnf	22	опред
22	ЖЭС	жэс	N	N	Ncmsnn	16	сочин
23	(	(	-	-	-	22	PUNC
24	898	#число	M	M	Mc---d	22	примыкат
25	)	)	-	-	-	24	PUNC
26	,	,	,	,	,	24	PUNC
27	эпизоды	эпизод	N	N	Ncmpnn	22	сочин
28	депрессии	депрессия	N	N	Ncfsgn	27	квазиагент
29	ST	st	-	-	-	0	ROOT
30	при	при	S	S	Sp-l	0	ROOT
31	ЧСС	ЧСС	-	-	-	30	предл
32	более	много	M	M	Mc	31	нум-аппоз
33	90в	#число	M	M	Mc---d	34	количест
34	мин	мина	N	N	Ncfpgn	32	сравнит
