1	В	в	S	S	Sp-l	3	обст
2	дальнейшем	дальнейшее	N	N	Ncnsln	1	предл
3	наблюдалась	наблюдаться	V	V	Vmis-sfm-p	0	ROOT
4	постепенная	постепенный	A	A	Afpfsnf	6	опред
5	отрицательная	отрицательный	A	A	Afpfsnf	6	опред
6	динамика	динамика	N	N	Ncfsnn	3	предик
7	,	,	,	,	,	6	PUNC
8	к	к	S	S	Sp-l	11	вводн
9	2007	#год	M	M	Mc---d	10	опред
10	г	г	N	N	Ncmsnnl	8	предл
11	сформировалась	сформироваться	V	V	Vmis-sfm-e	3	сент-соч
12	МК	мк	-	-	-	11	предик
13	недостаточность	недостаточность	N	N	Ncfsnn	12	предик
14	2	#число	M	M	Mc---d	13	атриб
15	ст	столовый	A	A	Afpfpgf	14	атриб
16	,	,	,	,	,	15	PUNC
17	ФВ	фв	N	N	Npmsny	11	разъяснит
18	снизиласьд	снизиласьд	N	N	Ncmsny	17	аппоз
19	о	о	S	S	Sp-l	11	3-компл
20	48	#число	M	M	Mc---d	21	количест
21	%	%	-	-	-	19	предл
22	,	,	,	,	,	21	PUNC
23	к	к	S	S	Sp-l	26	вводн
24	2009	#год	M	M	Mc---d	25	опред
25	г	г	N	N	Ncmsnnl	23	предл
26	ФВ	фв	N	N	Npmsny	21	разъяснит
27	40	#число	M	M	Mc---d	28	количест
28	%	%	-	-	-	26	предл
29	,	,	,	,	,	28	PUNC
30	расширен	расширить	V	V	Vmps-smpse	26	опред
31	ЛЖ	лж	N	N	Npmsnn	30	1-компл
32	,	,	,	,	,	31	PUNC
33	появились	появиться	V	V	Vmis-p-m-e	11	сочин
34	перебои	перебой	N	N	Ncmpnn	33	предик
35	в	в	S	S	Sp-l	34	атриб
36	работе	работа	N	N	Ncfsln	35	предл
37	сердца	сердце	N	N	Ncnsgn	36	квазиагент
