1	Состояние	состояние	N	N	Ncnsnn	2	предик
2	ухудшилось	ухудшиться	V	V	Vmis-snm-e	0	ROOT
3	с	с	S	S	Sp-g	2	обст
4	июля	#месяц	N	N	Ncmsgn	3	предл
5	2010	#год	M	M	Mc---d	6	опред
6	года	год	N	N	Ncmsgn	4	атриб
7	,	,	,	,	,	6	PUNC
8	усилилась	усилиться	V	V	Vmis-sfm-e	2	сент-соч
9	одышка	одышка	N	N	Ncfsnn	8	предик
10	,	,	,	,	,	9	PUNC
11	появились	появиться	V	V	Vmis-p-m-e	8	сент-соч
12	отеки	отек	N	N	Ncmpnn	11	предик
13	на	на	S	S	Sp-l	12	атриб
14	ногах	нога	N	N	Ncfpln	13	предл
15	,	,	,	,	,	14	PUNC
16	повышенная	повышенный	A	A	Afpfsnf	17	опред
17	потливость	потливость	N	N	Ncfsnn	12	сочин
18	,	,	,	,	,	17	PUNC
19	в	в	S	S	Sp-l	17	атриб
20	сентябре	#месяц	N	N	Ncmsln	19	предл
21	-	-	-	-	-	20	PUNC
22	тяжесть	тяжесть	N	N	Ncfsnn	17	сочин
23	в	в	S	S	Sp-l	22	атриб
24	правом	правый	A	A	Afpnslf	25	опред
25	подреберье	подреберье	N	N	Ncnsln	23	предл
26	принимал	принимать	V	V	Vmis-sma-p	11	сент-соч
27	мочегонные,налаприл	налаприть	N	N	Ncmsny	26	предик
28	,	,	,	,	,	27	PUNC
29	кордарон	кордарон	N	N	Ncmsnn	27	аппоз
30	,	,	,	,	,	29	PUNC
31	варфарин	варфарин	N	N	Ncmsnn	29	аппоз
32	(	(	-	-	-	31	PUNC
33	5	#число	M	M	Mc---d	34	количест
34	мг	миллиграмм	N	N	Ncmpgn	31	примыкат
35	,	,	,	,	,	34	PUNC
36	последнее	последний	A	A	Afpnsnf	37	опред
37	значение	значение	N	N	Ncnsnn	26	1-компл
38	МНО	МНО	-	-	-	0	ROOT
39	2,2	#число	M	M	Mc---d	38	нум-аппоз
40	в	в	S	S	Sp-l	38	атриб
41	июне	#месяц	N	N	Ncmsln	40	предл
42	)	)	-	-	-	41	PUNC
