1	Около	около	S	S	Sp-l	5	обст
2	1,00	#число	M	M	Mc---d	4	опред
3	30.09.10	#пдата	M	M	Mc---d	4	опред
4	г	город	N	N	Ncmsgn	1	предл
5	стал	стать	V	V	Vmis-sma-e	0	ROOT
6	отмечать	отмечать	V	V	Vmn----a-p	5	1-компл
7	неритмичный	неритмичный	A	A	Afpmsnf	9	опред
8	учащенный	участить	V	V	Vmps-smpfpn	9	опред
9	пульс	пульс	N	N	Ncmsnn	6	1-компл
10	,	,	,	,	,	9	PUNC
11	незначительный	незначительный	A	A	Afpmsnf	12	опред
12	дискомфорт	дискомфорт	N	N	Ncmsnn	9	разъяснит
13	за	за	S	S	Sp-i	12	атриб
14	грудиной	грудина	N	N	Ncfsin	13	предл
15	,	,	,	,	,	14	PUNC
16	принял	принять	V	V	Vmis-sma-e	5	вводн
17	валосердин	валосердин	N	N	Npmsny	16	предик
18	,	,	,	,	,	17	PUNC
19	лег	лечь	V	V	Vmis-sma-e	5	1-компл
20	спать	спать	V	V	Vmn----a-p	19	обст
