1	Весной	#сезон	N	N	Ncfsin	4	присвяз
2	2010	#год	M	M	Mc---d	3	опред
3	года	год	N	N	Ncmsgn	1	атриб
4	стала	стать	V	V	Vmis-sfa-e	0	ROOT
5	отмечать	отмечать	V	V	Vmn----a-p	4	1-компл
6	эпизоды	эпизод	N	N	Ncmpan	5	1-компл
7	слабости	слабость	N	N	Ncfsgn	6	квазиагент
8	,	,	,	,	,	7	PUNC
9	снижение	снижение	N	N	Ncnsnn	4	предик
10	трудоспособности	трудоспособность	N	N	Ncfsgn	9	1-компл
11	,	,	,	,	,	10	PUNC
12	обраилась	обраиться	V	V	Vmis-sfm-e	4	вводн
13	в	в	S	S	Sp-l	12	обст
14	НИИ	нии	N	N	Ncmsln	13	предл
15	Кардиологии	кардиология	N	N	Npfsgn	14	1-компл
16	,	,	,	,	,	15	PUNC
17	во	во	S	S	Sp-a	22	обст
18	время	время	N	N	Ncnsan	17	предл
19	проверки	проверка	N	N	Ncfsgn	18	1-компл
20	работы	работа	N	N	Ncfsgn	19	1-компл
21	ЭКС	экс	Q	Q	Q	22	обст
22	зафикисровано	зафикисровано	V	V	Vmps-snpse	4	1-компл
23	истощение	истощение	N	N	Ncnsnn	22	предик
24	заряда	заряд	N	N	Ncmsgn	23	1-компл
25	ЭКС	экс	N	N	Npmsgn	24	аппоз
26	,	,	,	,	,	25	PUNC
27	направлена	направить	V	V	Vmps-sfpse	23	опред
28	на	на	S	S	Sp-a	27	2-компл
29	плановую	плановый	A	A	Afpfsaf	30	опред
30	госпитализацию	госпитализация	N	N	Ncfsan	28	предл
31	в	в	S	S	Sp-a	27	обст
32	отделение	отделение	N	N	Ncnsan	31	предл
33	ХЛСНРС	хлснрс	N	N	Npmsnn	32	квазиагент
34	и	и	C	C	C	33	сочин
35	ЭКС	экс	N	N	Npmsnn	34	соч-союзн
36	.	.	-	-	-	35	PUNC
