1	Боьной	боьный	N	N	Ncfsin	3	2-компл
2	себя	себя	P	P	P----an	3	1-компл
3	считает	считать	V	V	Vmip3s-a-p	0	ROOT
4	с	с	S	S	Sp-l	3	1-компл
5	1971	#год	M	M	Mc---d	6	опред
6	года	год	N	N	Ncmsgn	4	предл
7	,	,	,	,	,	6	PUNC
8	когда	когда	C	C	C	3	обст
9	после	после	S	S	Sp-g	16	обст
10	перенесенного	перенести	V	V	Vmps-smpfeg	11	опред
11	миокардита	миокардит	N	N	Ncmsgn	9	предл
12	,	,	,	,	,	11	PUNC
13	при	при	S	S	Sp-l	16	обст
14	записи	запись	N	N	Ncfsln	13	предл
15	ЭКГ	экг	N	N	Npfsln	14	1-компл
16	была	быть	V	V	Vmis-sfa-p	8	подч-союзн
17	зафиксирована	зафиксировать	V	V	Vmps-sfpse	16	пасс-анал
18	брадикардия	брадикардия	N	N	Ncfsnn	16	предик
19	с	с	S	S	Sp-i	18	атриб
20	ЧСС	ЧСС	-	-	-	19	предл
21	35-40	#число	M	M	Mc---d	20	нум-аппоз
22	в	в	S	S	Sp-a	16	распред
23	минуту	минута	N	N	Ncfsan	22	предл
