1	Пароксизмы	пароксизм	N	N	Ncmpnn	4	предик
2	фибрилляции	фибрилляция	N	N	Ncfsgn	1	квазиагент
3	предсердий	предсердие	N	N	Ncfpgn	2	квазиагент
4	сохранялись	сохраняться	V	V	Vmis-p-m-p	0	ROOT
5	,	,	,	,	,	4	PUNC
6	в	в	S	S	Sp-l	4	обст
7	декабре	#месяц	N	N	Ncmsln	6	предл
8	2006	#год	M	M	Mc---d	9	опред
9	года	год	N	N	Ncmsgn	7	атриб
10	–	-	-	-	-	9	PUNC
11	первичная	первичный	A	A	Afpfsnf	12	опред
12	имплантация	имплантация	N	N	Ncfsnn	4	1-компл
13	ЭКС	экс	N	N	Npmsgn	12	аппоз
14	,	,	,	,	,	13	PUNC
15	в	в	S	S	Sp-l	4	обст
16	январе	#месяц	N	N	Ncmsln	15	предл
17	2007	#год	M	M	Mc---d	18	опред
18	года	год	N	N	Ncmsgn	16	атриб
19	–	-	-	-	-	18	PUNC
20	создана	создать	V	V	Vmps-sfpse	4	1-компл
21	искусственная	искусственный	A	A	Afpfsnf	23	опред
22	полная	полный	A	A	Afpfsnf	23	опред
23	АВ-блокада	ав-блокад	N	N	Npfsnn	20	1-компл
