1	Повышение	повышение	N	N	Ncnsnn	6	предик
2	АД	ад	N	N	Npfpgn	1	1-компл
3	в	в	S	S	Sp-a	1	2-компл
4	течение	течение	N	N	Ncnsan	3	предл
5	5	#число	M	M	Mc---d	6	количест
6	лет	год	N	N	Ncmpgn	0	ROOT
7	,	,	,	,	,	6	PUNC
8	с	с	S	S	Sp-g	11	обст
9	этого	этот	P	P	P--nsga	10	опред
10	времени	время	N	N	Ncnsgn	8	предл
11	стал	стать	V	V	Vmis-sma-e	6	релят
12	отмечать	отмечать	V	V	Vmn----a-p	11	1-компл
13	перебои	перебой	N	N	Ncmpnn	12	1-компл
14	в	в	S	S	Sp-l	13	атриб
15	работе	работа	N	N	Ncfsln	14	предл
16	сердца	сердце	N	N	Ncnsgn	15	квазиагент
17	по	по	S	S	Sp-l	15	1-компл
18	амб	амба	N	N	Ncfpgn	17	предл
19	карте	карта	N	N	Ncfsln	18	квазиагент
20	регистрировали	регистрировать	V	V	Vmis-p-a-p	0	ROOT
21	на	на	S	S	Sp-l	20	2-компл
22	ЭКГ	экг	N	N	Npfsln	21	предл
23	единичные	единичный	A	A	Afpmpnf	24	опред
24	ЖЭС	жэс	N	N	Npmsnn	20	1-компл
