1	Больным	больной	N	N	Ncmpdy	3	2-компл
2	себя	себя	P	P	P----an	3	1-компл
3	считает	считать	V	V	Vmip3s-a-p	0	ROOT
4	в	в	S	S	Sp-l	3	обст
5	течении	течение	N	N	Ncnsln	4	предл
6	последних	последний	A	A	Afpmpgf	8	опред
7	10	#число	M	M	Mc---d	8	количест
8	лет	год	N	N	Ncmpgn	5	квазиагент
9	,	,	,	,	,	8	PUNC
10	когда	когда	C	C	C	3	обст
11	впервые	впервые	R	R	R	12	обст
12	стал	стать	V	V	Vmis-sma-e	10	подч-союзн
13	отмечать	отмечать	V	V	Vmn----a-p	12	1-компл
14	появление	появление	N	N	Ncnsan	13	1-компл
15	приступов	приступ	N	N	Ncmpgn	14	квазиагент
16	учащенного	учащенный	A	A	Afpnsgf	19	опред
17	,	,	,	,	,	16	PUNC
18	неритмичного	неритмичный	A	A	Afpnsgf	19	опред
19	сердцебиения	сердцебиение	N	N	Ncnsgn	15	квазиагент
20	,	,	,	,	,	19	PUNC
21	перебои	перебой	N	N	Ncmpnn	14	сочин
22	в	в	S	S	Sp-l	21	атриб
23	работе	работа	N	N	Ncfsln	22	предл
24	сердца	сердце	N	N	Ncnsgn	23	квазиагент
