1	Через	через	S	S	Sp-l	4	обст
2	2	#число	M	M	Mc---d	3	количест
3	месяца	месяц	N	N	Ncmsgn	1	предл
4	стал	стать	V	V	Vmis-sma-e	0	ROOT
5	отмечать	отмечать	V	V	Vmn----a-p	4	1-компл
6	появление	появление	N	N	Ncnsan	5	1-компл
7	приступов	приступ	N	N	Ncmpgn	6	квазиагент
8	учащенного	учащенный	A	A	Afpnsgf	10	опред
9	неритмичного	неритмичный	A	A	Afpnsgf	10	опред
10	сердцебиения	сердцебиение	N	N	Ncnsgn	7	квазиагент
11	,	,	,	,	,	10	PUNC
12	приступы	приступ	N	N	Ncmpnn	13	предик
13	возникали	возникать	V	V	Vmis-p-a-p	4	сент-соч
14	с	с	S	S	Sp-i	13	2-компл
15	частотой	частота	N	N	Ncfsin	14	предл
16	до	до	S	S	Sp-l	15	компл-аппоз
17	5	#число	M	M	Mc---d	18	количест
18	раз	раз	N	N	Ncmpgn	16	предл
19	в	в	S	S	Sp-a	18	распред
20	год	год	N	N	Ncmsan	19	предл
