1	С	с	S	S	Sp-l	5	обст
2	2000	#год	M	M	Mc---d	3	опред
3	года	год	N	N	Ncmsgn	1	предл
4	АД	ад	N	N	Npmsnn	5	предик
5	стало	стать	V	V	Vmis-sna-e	0	ROOT
6	часто	часто	R	R	R	7	обст
7	повышаться	повышаться	V	V	Vmn----m-p	5	1-компл
8	до	до	S	S	Sp-l	7	1-компл
9	180	#число	M	M	Mc---d	10	количест
10	мм	миллиметр	N	N	Ncmpgn	8	предл
11	рт.ст	рт.ст	N	N	Ncmpgn	10	квазиагент
12	.	.	-	-	-	11	PUNC
13	,	,	,	,	,	11	PUNC
14	неоднократно	неоднократно	R	R	R	15	обст
15	лечился	лечиться	V	V	Vmis-smm-e	11	релят
16	в	в	S	S	Sp-l	15	обст
17	клиниках	клиника	N	N	Ncfpln	16	предл
18	СГМУ	сгму	N	N	Npmsgn	17	атриб
19	(	(	-	-	-	18	PUNC
20	по	по	S	S	Sp-d	15	обст
21	выпискам	выписка	N	N	Ncmpdn	20	предл
22	–	-	-	-	-	21	PUNC
23	норваск	норваск	N	N	Ncmsnn	21	сочин
24	,	,	,	,	,	23	PUNC
25	атенолол	атенолол	N	N	Ncmsnn	23	сочин
26	,	,	,	,	,	25	PUNC
27	рибоксин	рибоксин	N	N	Ncmsnn	25	сочин
28	,	,	,	,	,	27	PUNC
29	арифон	арифон	N	N	Ncmsnn	27	сочин
30	)	)	-	-	-	29	PUNC
