1	С	с	S	S	Sp-l	5	обст
2	2007	#год	M	M	Mc---d	3	опред
3	года	год	N	N	Ncmsgn	1	предл
4	терапия	терапия	N	N	Ncfsnn	5	предик
5	была	быть	V	V	Vmis-sfa-p	0	ROOT
6	заменена	заменить	V	V	Vmps-sfpse	5	пасс-анал
7	на	на	S	S	Sp-a	6	2-компл
8	микардис	микардис	N	N	Ncmsan	7	предл
9	80	#число	M	M	Mc---d	10	количест
10	мг	миллиграмм	N	N	Ncmpgn	5	предик
11	,	,	,	,	,	10	PUNC
12	кордура	кордура	N	N	Ncfsnn	10	разъяснит
13	2	#число	M	M	Mc---d	14	количест
14	мг	миллиграмм	N	N	Ncmpgn	12	сочин
15	,	,	,	,	,	14	PUNC
16	мочегонные	мочегонный	A	A	Afpmpnf	18	опред
17	(	(	-	-	-	16	PUNC
18	гипотазид	гипотазид	N	N	Ncmsnn	14	сочин
19	или	или	C	C	C	18	сочин
20	оксодолин	оксодолин	N	N	Ncmsnn	19	соч-союзн
21	)	)	-	-	-	20	PUNC
