1	Лечился	лечиться	V	V	Vmis-smm-e	0	ROOT
2	в	в	S	S	Sp-l	1	обст
3	отделении	отделение	N	N	Ncnsln	2	предл
4	НРС	нрс	N	N	Npmsnn	1	предик
5	в	в	S	S	Sp-l	1	обст
6	мае	#месяц	N	N	Ncmsln	5	предл
7	2005	#год	M	M	Mc---d	1	обст
8	,	,	,	,	,	7	PUNC
9	при	при	S	S	Sp-l	13	обст
10	обследовании	обследование	N	N	Ncnsln	9	предл
11	на	на	S	S	Sp-l	10	1-компл
12	КТ	кт	N	N	Npmsnn	11	предл
13	была	быть	V	V	Vmis-sfa-p	1	разъяснит
14	обнаружена	обнаружить	V	V	Vmps-sfpse	13	пасс-анал
15	аденома	аденома	N	N	Ncfsnn	13	предик
16	правого	правый	A	A	Afpmsgf	17	опред
17	надпочечника	надпочечник	N	N	Ncmsgn	15	квазиагент
18	размером	размер	N	N	Ncmsin	17	атриб
19	3,46х1,9	#число	-	-	-	18	компл-аппоз
20	см	смотреть	V	V	Vmm-2s-a-e	13	сент-соч
21	,	,	,	,	,	20	PUNC
22	урологом	уролог	N	N	Ncmsiy	0	ROOT
23	было	быть	V	V	Vmis-sna-p	0	ROOT
24	рекомендовано	рекомендовать	V	V	Vmps-snpse	25	опред
25	оперативноелечение	оперативноелечение	N	N	Ncnsnn	23	предик
26	обсуждалась	обсуждаться	V	V	Vmis-sfm-p	23	сент-соч
27	необходимость	необходимость	N	N	Ncfsnn	26	предик
28	оперативного	оперативный	A	A	Afpnsgf	29	опред
29	лечения	лечение	N	N	Ncnsgn	27	1-компл
