1	Состояние	состояние	N	N	Ncnsnn	2	предик
2	ухудшилось	ухудшиться	V	V	Vmis-snm-e	0	ROOT
3	в	в	S	S	Sp-l	2	обст
4	феврале	#месяц	N	N	Ncmsln	3	предл
5	2005	#год	M	M	Mc---d	6	опред
6	года	год	N	N	Ncmsgn	4	атриб
7	,	,	,	,	,	6	PUNC
8	появились	появиться	V	V	Vmis-p-m-e	2	сент-соч
9	гипертонические	гипертонический	A	A	Afpmpnf	10	опред
10	кризы	криз	N	N	Ncmpnn	8	предик
11	с	с	S	S	Sp-i	10	атриб
12	подъемом	подъем	N	N	Ncmsin	11	предл
13	АД	ад	N	N	Npfpgn	12	1-компл
14	до	до	S	S	Sp-l	8	1-компл
15	300/140	#число	M	M	Mc---d	16	количест
16	мм	миллиметр	N	N	Ncmpgn	14	предл
17	рт.ст	рт.ст	V	V	Vmif3s-a-p	8	сочин
18	и	и	C	C	C	17	сочин
19	не	не	Q	Q	Q	20	огранич
20	снижалось	снижаться	V	V	Vmis-snm-p	18	соч-союзн
21	с	с	S	S	Sp-i	20	2-компл
22	помощью	помощь	N	N	Ncfsin	21	предл
23	гипотензивных	гипотензивный	A	A	Afpmpgf	24	опред
24	средств	средство	N	N	Ncnpgn	22	квазиагент
25	,	,	,	,	,	24	PUNC
26	а	а	C	C	C	20	сент-соч
27	только	только	Q	Q	Q	28	огранич
28	с	с	S	S	Sp-i	0	ROOT
29	дополнительным	дополнительный	A	A	Afpmsif	30	опред
30	приемом	прием	N	N	Ncmsin	28	предл
31	кордуры	кордура	N	N	Ncfsgn	30	1-компл
