1	Нынешнее	нынешний	A	A	Afpnsnf	2	опред
2	ухудшение	ухудшение	N	N	Ncnsnn	3	предик
3	началось	начаться	V	V	Vmis-snm-e	0	ROOT
4	примерно	примерно	R	R	R	6	огранич
5	неделю	неделя	N	N	Ncfsan	6	предл
6	назад	назад	R	R	R	3	2-компл
7	,	,	,	,	,	6	PUNC
8	когда	когда	C	C	C	3	обст
9	появилось	появиться	V	V	Vmis-snm-e	8	подч-союзн
10	урежение	урежение	N	N	Ncnsnn	9	предик
11	ЧСС	ЧСС	-	-	-	10	1-компл
12	до	до	S	S	Sp-g	10	2-компл
13	34-36	#число	-	-	-	12	предл
14	в	в	S	S	Sp-a	10	3-компл
15	мин	мина	N	N	Ncfpgn	14	предл
16	.	.	-	-	-	15	PUNC
17	,	,	,	,	,	15	PUNC
18	слабость	слабость	N	N	Ncfsnn	10	сочин
19	,	,	,	,	,	18	PUNC
20	повторные	повторный	A	A	Afpmpnf	21	опред
21	эпизоды	эпизод	N	N	Ncmpnn	18	сочин
22	потери	потеря	N	N	Ncfsgn	21	квазиагент
23	сознания	сознание	N	N	Ncnsgn	22	1-компл
