1	Считает	считать	V	V	Vmip3s-a-p	0	ROOT
2	себя	себя	P	P	P----an	1	1-компл
3	больным	больной	N	N	Ncmsiy	1	2-компл
4	в	в	S	S	Sp-a	1	обст
5	течение	течение	N	N	Ncnsan	4	предл
6	20	#число	M	M	Mc---d	7	количест
7	лет	год	N	N	Ncmpgn	1	1-компл
8	,	,	,	,	,	7	PUNC
9	когда	когда	C	C	C	1	обст
10	впервые	впервые	R	R	R	11	обст
11	стал	стать	V	V	Vmis-sma-e	9	подч-союзн
12	отмечает	отмечать	V	V	Vmip3s-a-p	13	опред
13	начало	начало	N	N	Ncnsnn	11	предик
14	подъёма	подъем	N	N	Ncmsgn	13	квазиагент
15	АД	ад	N	N	Npfpgn	14	1-компл
16	до	до	S	S	Sp-l	11	обст
17	190\110	#число	M	M	Mc---d	18	количест
18	мм.рт.ст	мм.рт.ст	N	N	Ncfpgn	16	предл
19	.	.	-	-	-	18	PUNC
20	,	,	,	,	,	18	PUNC
21	адаптирован	адаптировать	V	V	Vmps-smpse	18	опред
22	к	к	S	S	Sp-d	21	2-компл
23	цифрам	цифра	N	N	Ncfpdn	22	предл
24	АД	ад	N	N	Npfpgn	23	атриб
25	140\80	#число	M	M	Mc---d	26	количест
26	мм.рт.ст	мм.рт.ст	N	N	Ncmsnn	11	предик
