1	Лечение	лечение	N	N	Ncnsnn	2	предик
2	принимала	принимать	V	V	Vmis-sfa-p	0	ROOT
3	регулярно	регулярно	R	R	R	2	обст
4	,	,	,	,	,	3	PUNC
5	на	на	S	S	Sp-l	9	обст
6	фоне	фон	N	N	Ncmsln	5	предл
7	чего	что	P	P	P--nsgn	8	опред
8	состояние	состояние	N	N	Ncnsnn	9	предик
9	было	быть	V	V	Vmis-sna-p	2	изъясн
10	стабильным	стабильный	A	A	Afpnsif	9	присвяз
11	до	до	S	S	Sp-g	9	обст
12	декабря	#месяц	N	N	Ncmsgn	11	предл
13	2009	#год	M	M	Mc---d	14	опред
14	г	город	N	N	Ncmsgn	12	атриб
15	,	,	,	,	,	14	PUNC
16	когда	когда	C	C	C	9	обст
17	впервые	впервые	R	R	R	18	обст
18	была	быть	V	V	Vmis-sfa-p	16	подч-союзн
19	выявлена	выявить	V	V	Vmps-sfpse	18	пасс-анал
20	тахисистолическая	тахисистолический	A	A	Afpfsnf	21	опред
21	форма	форма	N	N	Ncfsnn	18	предик
22	ФП	фп	N	N	Npmsnn	21	квазиагент
23	в	в	S	S	Sp-l	21	атриб
24	июне	#месяц	N	N	Ncmsln	23	предл
25	2010	#год	M	M	Mc---d	26	опред
26	г	город	N	N	Ncmsgn	24	атриб
27	госпитализировалась	госпитализироваться	V	V	Vmis-sfm-p	2	сочин
28	в	в	S	S	Sp-l	27	обст
29	ОНРС	онрс	N	N	Npmsnn	28	предл
30	НИИК	ниик	N	N	Npmsnn	27	1-компл
31	(	(	-	-	-	30	PUNC
32	см	смотреть	V	V	Vmm-2s-a-p	27	сочин
33	справку	справка	N	N	Ncfsan	32	1-компл
34	)	)	-	-	-	33	PUNC
35	,	,	,	,	,	33	PUNC
36	планировалось	планироваться	V	V	Vmis-snm-p	2	сент-соч
37	выполнение	выполнение	N	N	Ncnsnn	36	предик
38	РЧА	рча	N	N	Npmsny	37	1-компл
39	MAZE	MAZE	-	-	-	38	аппоз
