1	С	с	S	S	Sp-l	5	вводн
2	2006	#год	M	M	Mc---d	3	опред
3	г	г	N	N	Ncmsnnl	1	предл
4	частые	частый	A	A	Afpmpnf	5	опред
5	пароксизмы	пароксизм	N	N	Ncmpnn	0	ROOT
6	ФП	фп	N	N	Npmsnn	5	сочин
7	,	,	,	,	,	6	PUNC
8	а/аритмическая	аритмический	A	A	Afpfsnf	9	опред
9	терапия	терапия	N	N	Ncfsnn	6	сочин
10	(	(	-	-	-	9	PUNC
11	кордарон	кордарон	N	N	Ncmsnn	9	сочин
12	,	,	,	,	,	11	PUNC
13	соталол	соталол	N	N	Ncmsnn	11	сочин
14	,	,	,	,	,	13	PUNC
15	аллапинин	аллапинин	N	N	Ncmsnn	13	сочин
16	,	,	,	,	,	15	PUNC
17	БАБ	баб	N	N	Npmsnn	15	сочин
18	и	и	C	C	C	17	сочин
19	их	их	P	P	P-----a	20	квазиагент
20	комбинация	комбинация	N	N	Ncfsnn	18	соч-союзн
21	)	)	-	-	-	20	PUNC
22	без	без	S	S	Sp-g	5	атриб
23	эффекта	эффект	N	N	Ncmsgn	22	предл
