1	25.08.2008	#пдата	M	M	Mc---d	2	опред
2	г	город	N	N	Ncmsgn	0	ROOT
3	в	в	S	S	Sp-l	2	атриб
4	НИИ	нии	N	N	Npmsln	3	предл
5	ПК	пк	N	N	Npmpgn	4	1-компл
6	Новосибирска	новосибирск	N	N	Npmsgn	5	сочин
7	проведена	провести	V	V	Vmps-sfpse	2	опред
8	КВГ	квг	N	N	Npmsgn	7	1-компл
9	,	,	,	,	,	8	PUNC
10	выполнено	выполнить	V	V	Vmps-snpse	11	опред
11	стентирование	стентирование	N	N	Ncnsnn	2	разъяснит
12	АТК	атк	N	N	Npmsnn	11	сочин
13	с	с	S	S	Sp-i	12	атриб
14	имплантацией	имплантация	N	N	Ncfsin	13	предл
15	стента	стент	N	N	Ncmsgn	14	квазиагент
16	ZETA	ZETA	-	-	-	15	аппоз
17	3,0	#число	M	M	Mc---d	20	количест
18	х	х	-	-	-	17	вспом
19	13	#число	M	M	Mc---d	18	вспом
20	мм	миллиметр	N	N	Ncmpgn	12	сочин
