1	В	в	S	S	Sp-l	5	обст
2	марте	#месяц	N	N	Ncmsln	1	предл
3	2009	#год	M	M	Mc---d	4	опред
4	г	город	N	N	Ncmsgn	2	атриб
5	выполнена	выполнить	V	V	Vmps-sfpse	0	ROOT
6	операция	операция	N	N	Ncfsnn	5	предик
7	МКШ	мкш.	N	N	Npmsnn	6	аппоз
8	ПНА	пна	N	N	Npfsny	7	аппоз
9	,	,	,	,	,	8	PUNC
10	вентрикулопластики	вентрикулопластика	N	N	Ncmpny	8	аппоз
11	по	по	S	S	Sp-d	6	атриб
12	Дору	дор	N	N	Npmsdn	11	предл
13	в	в	S	S	Sp-l	5	обст
14	условиях	условие	N	N	Ncnpln	13	предл
15	ИК	ик	N	N	Npfsgn	14	квазиагент
16	и	и	C	C	C	15	сочин
17	КП	кп	N	N	Npmsgn	16	соч-союзн
18	,	,	,	,	,	17	PUNC
19	РЧА	РЧА	V	V	Vmgp---a-e	5	обст
20	ЖТ	жт	N	N	Ncmsnn	19	1-компл
