1	В	в	S	S	Sp-l	4	обст
2	1980	#год	M	M	Mc---d	3	опред
3	г	г	N	N	Ncmsnnl	1	предл
4	перенес	перенести	V	V	Vmis-sma-e	0	ROOT
5	к/о	к/о	A	A	Afpmsaf	6	опред
6	передний	передний	A	A	Afpmsaf	7	опред
7	ИМ	они	P	P	P-3-pdn	4	1-компл
8	,	,	,	,	,	7	PUNC
9	лечился	лечиться	V	V	Vmis-smm-e	4	сочин
10	в	в	S	S	Sp-a	9	2-компл
11	ОНК	онк	N	N	Npmsnn	10	предл
12	в	в	S	S	Sp-l	9	обст
13	1997	#год	M	M	Mc---d	14	опред
14	г	г	N	N	Ncmsnnl	12	предл
15	стал	стать	V	V	Vmis-sma-e	9	сочин
16	отмечать	отмечать	V	V	Vmn----a-p	15	1-компл
17	появление	появление	N	N	Ncnsan	16	1-компл
18	перебоев	перебой	N	N	Ncmpgn	17	квазиагент
19	в	в	S	S	Sp-l	17	атриб
20	работе	работа	N	N	Ncfsln	19	предл
21	сердца	сердце	N	N	Ncnsgn	20	квазиагент
22	,	,	,	,	,	21	PUNC
23	регистировали	регистировать	V	V	Vmis-p-a-p	15	сочин
24	ЖЭС	жэс	N	N	Ncmsan	23	1-компл
