1	В	в	S	S	Sp-l	5	обст
2	этом	этот	P	P	P--msla	4	опред
3	же	же	Q	Q	Q	2	огранич
4	году	год	N	N	Ncmsnnl	1	предл
5	стал	стать	V	V	Vmis-sma-e	0	ROOT
6	отмечать	отмечать	V	V	Vmn----a-p	5	1-компл
7	появление	появление	N	N	Ncnsan	6	1-компл
8	приступов	приступ	N	N	Ncmpgn	7	квазиагент
9	учащенного	учащенный	A	A	Afpnsgf	14	опред
10	,	,	,	,	,	9	PUNC
11	неритмичного	неритмичный	A	A	Afpnsgf	9	сочин
12	и	и	C	C	C	11	сочин
13	ритмичного	ритмичный	A	A	Afpnsgf	12	соч-союзн
14	сердцебиения	сердцебиение	N	N	Ncnsgn	8	квазиагент
15	,	,	,	,	,	14	PUNC
16	которые	который	P	P	P---pna	18	предик
17	самостоятельно	самостоятельно	R	R	R	18	обст
18	купировались	купировалиться	V	V	Vmis-p-m-p	5	сент-соч
19	в	в	S	S	Sp-l	18	обст
20	течении	течение	N	N	Ncnsln	19	предл
21	30-40	#число	M	M	Mc---d	22	количест
22	минут	минута	N	N	Ncfpgn	18	1-компл
