1	В	в	S	S	Sp-l	5	обст
2	2009	#год	M	M	Mc---d	3	опред
3	году	год	N	N	Ncmsnnl	1	предл
4	пациент	пациент	N	N	Ncmsny	5	предик
5	стал	стать	V	V	Vmis-sma-e	0	ROOT
6	отмечать	отмечать	V	V	Vmn----a-p	5	1-компл
7	ухудшение	ухудшение	N	N	Ncnsan	6	1-компл
8	состояния	состояние	N	N	Ncnsgn	7	квазиагент
9	,	,	,	,	,	8	PUNC
10	проиступы	проиступ	N	N	Ncfsgn	8	квазиагент
11	учащенного	учащенный	A	A	Afpnsgf	16	опред
12	,	,	,	,	,	11	PUNC
13	неритмичного	неритмичный	A	A	Afpnsgf	11	сочин
14	и	и	C	C	C	13	сочин
15	ритмичного	ритмичный	A	A	Afpnsgf	14	соч-союзн
16	сердцебиения	сердцебиение	N	N	Ncnsgn	10	квазиагент
17	участились	участиться	V	V	Vmis-p-m-e	5	сочин
18	(	(	-	-	-	17	PUNC
19	3-4	#число	M	M	Mc---d	20	количест
20	притсупа	притсуп	N	N	Ncmsgn	17	1-компл
21	в	в	S	S	Sp-a	20	распред
22	неделю	неделя	N	N	Ncfsan	21	предл
23	и	и	C	C	C	17	сочин
24	вплоть	вплоть	R	R	R	30	обст
25	до	до	S	S	Sp-g	30	1-компл
26	ежедневных	ежедневный	A	A	Afpmpgf	27	опред
27	приступов	приступ	N	N	Ncmpgn	25	предл
28	)	)	-	-	-	27	PUNC
29	,	,	,	,	,	27	PUNC
30	появилась	появиться	V	V	Vmis-sfm-e	23	соч-союзн
31	одышка	одышка	N	N	Ncfsnn	30	предик
32	при	при	S	S	Sp-l	30	обст
33	обычной	обычный	A	A	Afpfslf	35	опред
34	физической	физический	A	A	Afpfslf	35	опред
35	нагрузке	нагрузка	N	N	Ncfsln	32	предл
36	.	.	-	-	-	35	PUNC
