1	С	с	S	S	Sp-l	12	обст
2	2009	#год	M	M	Mc---d	3	опред
3	года	год	N	N	Ncmsgn	1	предл
4	учащение	учащение	N	N	Ncnsan	12	предик
5	пароксизмов	пароксизм	N	N	Ncmpgn	4	1-компл
6	до	до	S	S	Sp-g	4	2-компл
7	нескольких	несколько	M	M	Mc--g	8	количест
8	раз	раз	N	N	Ncmpgn	6	предл
9	в	в	S	S	Sp-a	8	распред
10	месяц	месяц	N	N	Ncmsan	9	предл
11	,	,	,	,	,	10	PUNC
12	резистентны	резистентный	A	A	Afpmpns	0	ROOT
13	к	к	S	S	Sp-d	12	1-компл
14	купирующей	купирующий	A	A	Afpfsgf	17	опред
15	и	и	C	C	C	14	сочин
16	профилактической	профилактический	A	A	Afpfsgf	15	соч-союзн
17	терапии	терапия	N	N	Ncfsgn	13	предл
18	(	(	-	-	-	17	PUNC
19	кордарон	кордарон	N	N	Ncmsnn	17	разъяснит
20	,	,	,	,	,	19	PUNC
21	пропанорм	пропанор	N	N	Ncmsnn	19	примыкат
22	)	)	-	-	-	21	PUNC
