1	Мешалкина	мешалкин	N	N	Ncfsnn	0	ROOT
2	(	(	-	-	-	1	PUNC
3	г	год	N	N	Ncmsnn	1	примыкат
4	,	,	,	,	,	3	PUNC
5	новосибирска	новосибирск	N	N	Ncfsnn	3	кратн
6	)	)	-	-	-	5	PUNC
7	,	,	,	,	,	5	PUNC
8	проведена	провести	V	V	Vmps-sfpse	1	опред
9	процедура	процедура	N	N	Ncfsnn	8	агент
10	КВГ	квг	N	N	Npmsgn	9	квазиагент
11	с	с	S	S	Sp-i	8	обст
12	последующим	последующий	A	A	Afpnsif	14	опред
13	оперативноым	оперативноый	A	A	Afpnsif	14	опред
14	лечением	лечение	N	N	Ncnsin	11	предл
15	,	,	,	,	,	14	PUNC
16	МКШ	мкш.	N	N	Npmsnn	8	1-компл
17	на	на	S	S	Sp-a	8	2-компл
18	ПНА	пна	N	N	Npfsny	17	предл
19	,	,	,	,	,	18	PUNC
20	АКШ	акш.	N	N	Npmsnn	18	аппоз
21	на	на	S	S	Sp-l	8	обст
22	ПКА	пк	N	N	Npfsnn	21	предл
