1	В	в	S	S	Sp-l	5	обст
2	августе	#месяц	N	N	Ncmsln	1	предл
3	2010	#год	M	M	Mc---d	4	опред
4	года	год	N	N	Ncmsgn	2	атриб
5	госпитализирован	госпитализировать	V	V	Vmps-smpse	0	ROOT
6	в	в	S	S	Sp-a	5	2-компл
7	отделение	отделение	N	N	Ncnsan	6	предл
8	ОРБ	орб	N	N	Npmsnn	5	1-компл
9	НИИ	нии	N	N	Npmsgn	5	2-компл
10	Кардиологии	кардиология	N	N	Npfsgn	9	1-компл
11	,	,	,	,	,	10	PUNC
12	во	во	S	S	Sp-a	15	вводн
13	время	время	N	N	Ncnsan	12	предл
14	диагностической	диагностический	A	A	Afpfsgf	15	опред
15	КВГ	квг	N	N	Npfsgn	9	сочин
16	,	,	,	,	,	15	PUNC
17	получено	получить	V	V	Vmps-snpse	15	опред
18	осложнение	осложнение	N	N	Ncnsnn	17	1-компл
19	,	,	,	,	,	18	PUNC
20	Артериовоенозная	артериовоенозный	A	A	Afpfsnf	21	опред
21	фистула	фистула	N	N	Ncfsnn	18	разъяснит
22	с	с	S	S	Sp-i	21	атриб
23	образованием	образование	N	N	Ncnsin	22	предл
24	постпункиционной	постпункиционный	A	A	Afpfsgf	25	опред
25	нематомы	нематома	N	N	Ncfsgn	23	1-компл
26	правого	правый	A	A	Afpnsgf	27	опред
27	бедра	бедро	N	N	Ncnsgn	25	квазиагент
28	,	,	,	,	,	27	PUNC
29	проводилась	проводиться	V	V	Vmis-sfm-p	5	сент-соч
30	операция	операция	N	N	Ncfsnn	29	предик
31	по	по	S	S	Sp-d	30	1-компл
32	ушиванию	ушивание	N	N	Ncnsdn	31	предл
33	постпункционного	постпункциоть	A	A	Afpnsgf	34	опред
34	отверстия	отверстие	N	N	Ncnsgn	32	1-компл
35	правой	правый	A	A	Afpfsgf	37	опред
36	бедренной	бедренный	A	A	Afpfsgf	37	опред
37	артерии	артерия	N	N	Ncfpnn	34	1-компл
38	в	в	S	S	Sp-l	30	атриб
39	условиях	условие	N	N	Ncnpln	38	предл
40	отделения	отделение	N	N	Ncnsgn	39	квазиагент
41	КХО	кхо	N	N	Npfsgn	40	квазиагент
42	,	,	,	,	,	41	PUNC
43	после	после	S	S	Sp-g	29	обст
44	полного	полный	A	A	Afpnsgf	45	опред
45	купирования	купирование	N	N	Ncnsgn	43	предл
46	осложнения	осложнение	N	N	Ncnpnn	0	ROOT
47	и	и	C	C	C	46	сочин
48	снятия	снятие	N	N	Ncnsgn	47	соч-союзн
49	швов	шов	N	N	Ncmpgn	48	1-компл
50	переведен	перевести	V	V	Vmps-smpse	46	опред
51	в	в	S	S	Sp-a	50	3-компл
52	отделение	отделение	N	N	Ncnsan	51	предл
53	ХЛСНРС	хлснрс	N	N	Npmsnn	52	квазиагент
54	и	и	C	C	C	53	сочин
55	ЭКС	экс	N	N	Npmsnn	54	соч-союзн
56	для	для	S	S	Sp-g	55	атриб
57	выбора	выбор	N	N	Ncmsgn	56	предл
58	дальнейшей	дальнейший	A	A	Afpfsgf	59	опред
59	тактики	тактика	N	N	Ncfsgn	57	1-компл
60	лечения	лечение	N	N	Ncnsgn	59	1-компл
61	.	.	-	-	-	60	PUNC
