1	С	с	S	S	Sp-l	4	обст
2	2006	#год	M	M	Mc---d	3	опред
3	г	г	N	N	Ncmsnnl	1	предл
4	единичная	единичный	A	A	Afpfsnf	0	ROOT
5	НЖЭС	НЖЭС	-	-	-	4	предик
6	,	,	,	,	,	5	PUNC
7	с	с	S	S	Sp-g	4	обст
8	апреля	#месяц	N	N	Ncmsgn	7	предл
9	2010	#год	M	M	Mc---d	10	опред
10	г	город	N	N	Ncmsgn	8	атриб
11	-	-	-	-	-	10	PUNC
12	частая	частый	A	A	Afpfsnf	13	опред
13	НЖЭС	нжэс	N	N	Ncfsnn	4	предик
14	,	,	,	,	,	13	PUNC
15	ЖЭС	жэс	N	N	Ncmsnn	13	разъяснит
16	,	,	,	,	,	15	PUNC
17	пароксизмальная	пароксизмальный	A	A	Afpfsnf	18	опред
18	форма	форма	N	N	Ncfsnn	15	сочин
19	фибрилляции-трепетания	фибрилляция-трепетание	N	N	Ncnsgn	18	квазиагент
20	предсердий	предсердие	N	N	Ncfpgn	19	1-компл
