1	В	в	S	S	Sp-l	4	обст
2	2009	#год	M	M	Mc---d	3	опред
3	г	г	N	N	Ncmsnnl	1	предл
4	госпитализировалась	госпитализироваться	V	V	Vmis-sfm-e	0	ROOT
5	в	в	S	S	Sp-l	4	обст
6	НРС	нрс	N	N	Npmsnn	5	предл
7	,	,	,	,	,	6	PUNC
8	готовилась	готовиться	V	V	Vmis-sfm-p	4	сочин
9	к	к	S	S	Sp-d	8	1-компл
10	операции	операция	N	N	Ncfsdn	9	предл
11	MAZE	MAZE	-	-	-	10	аппоз
12	,	,	,	,	,	11	PUNC
13	однако	однако	C	C	C	16	вводн
14	,	,	,	,	,	13	PUNC
15	операция	операция	N	N	Ncfsnn	16	предик
16	была	быть	V	V	Vmis-sfa-p	8	разъяснит
17	отменена	отменить	V	V	Vmps-sfpse	16	пасс-анал
18	из-за	из-за	S	S	Sp-g	17	обст
19	внезапно	внезапно	R	R	R	20	обст
20	возникшей	возникнуть	V	V	Vmps-sfafeg	21	опред
21	макрогематурии	макрогематурия	N	N	Ncfsgn	18	предл
