1	По	по	S	S	Sp-d	4	вводн
2	месту	место	N	N	Ncnsdn	1	предл
3	жительства	жительство	N	N	Ncnsgn	2	квазиагент
4	обследовалась	обследоваться	V	V	Vmis-sfm-p	0	ROOT
5	в	в	S	S	Sp-l	4	обст
6	отд	отделение	N	N	Ncnsgn	5	предл
7	урологии	урология	N	N	Ncfsgn	6	квазиагент
8	,	,	,	,	,	7	PUNC
9	выявлен	выявить	V	V	Vmps-smpse	4	сочин
10	Cr	cr	-	-	-	9	PUNC
11	лоханки	лоханка	N	N	Ncfpnn	9	1-компл
12	левой	левый	A	A	Afpfsgf	13	опред
13	почки	почка	N	N	Ncfsgn	11	квазиагент
14	,	,	,	,	,	13	PUNC
15	1.07.09	#пдата	M	M	Mc---d	16	обст
16	выполнена	выполнить	V	V	Vmps-sfpse	9	сент-соч
17	нефруретерэктомия	нефруретерэктомия	N	N	Ncfsnn	16	предик
18	с	с	S	S	Sp-i	17	атриб
19	резекцией	резекция	N	N	Ncfsin	18	предл
20	устья	устье	N	N	Ncnsgn	19	квазиагент
21	мочеточника	мочеточник	N	N	Ncmsgn	20	квазиагент
22	после	после	S	S	Sp-g	24	обст
23	операции	операция	N	N	Ncfsgn	22	предл
24	развился	развиться	V	V	Vmis-smm-e	16	сент-соч
25	затяжной	затяжной	A	A	Afpmsnf	27	опред
26	ангинозный	ангинозный	A	A	Afpmsnf	27	опред
27	приступ	приступ	N	N	Ncmsnn	24	предик
28	,	,	,	,	,	27	PUNC
29	выставлен	выставить	V	V	Vmps-smpse	27	опред
30	Ds	ds	-	-	-	32	квазиагент
31	прогрессирующая	прогрессировать	V	V	Vmpp-sfa-pn	32	опред
32	стенокардия	стенокардия	N	N	Ncfsnn	29	1-компл
33	,	,	,	,	,	32	PUNC
34	м/о	м/о	N	N	Ncnsnn	32	сочин
35	ИМ	они	P	P	P-3-pdn	34	1-компл
36	,	,	,	,	,	35	PUNC
37	В	в	S	S	Sp-l	41	обст
38	январе	#месяц	N	N	Ncmsln	37	предл
39	2010	#год	M	M	Mc---d	40	опред
40	г	город	N	N	Ncmsgn	38	атриб
41	Поступила	поступить	V	V	Vmis-sfa-e	24	сент-соч
42	в	в	S	S	Sp-a	41	2-компл
43	отделение	отделение	N	N	Ncnsan	42	предл
44	для	для	S	S	Sp-g	43	1-компл
45	решения	решение	N	N	Ncnsgn	44	предл
46	вопроса	вопрос	N	N	Ncmsgn	45	1-компл
47	об	об	S	S	Sp-l	46	1-компл
48	оперативном	оперативный	A	A	Afpnslf	49	опред
49	лечении	лечение	N	N	Ncnsln	47	предл
50	аритмии	аритмия	N	N	Ncfsgn	49	1-компл
