1	В	в	S	S	Sp-l	18	обст
2	июле	#месяц	N	N	Ncmsln	1	предл
3	проведено	провести	V	V	Vmps-snpse	4	опред
4	ХМ	хм	N	N	Npfpgn	5	атриб
5	ЭКГ	экг	N	N	Npfsln	2	1-компл
6	,	,	,	,	,	5	PUNC
7	постоянная	постоянный	A	A	Afpfsnf	8	опред
8	ФП	фп	N	N	Npmsnn	5	примыкат
9	срЧСС	срЧСС	-	-	-	5	сочин
10	108	#число	M	M	Mc---d	9	нум-аппоз
11	в	в	S	S	Sp-a	9	атриб
12	мин	мина	N	N	Ncfsan	11	предл
13	,	,	,	,	,	12	PUNC
14	после	после	S	S	Sp-g	18	обст
15	чего	что	P	P	P--nsgn	14	предл
16	доза	доза	N	N	Ncfsnn	18	предик
17	беталока	беталоко	N	N	Ncmsgn	16	квазиагент
18	была	быть	V	V	Vmis-sfa-p	0	ROOT
19	увеличена	увеличить	V	V	Vmps-sfpse	18	пасс-анал
20	до	до	S	S	Sp-l	19	обст
21	50	#число	M	M	Mc---d	20	предл
22	мг/сут	мг/сут	V	V	Vmif3p-a-p	18	сочин
