1	В	в	S	S	Sp-l	5	обст
2	марте	#месяц	N	N	Ncmsln	1	предл
3	2010	#год	M	M	Mc---d	4	опред
4	года	год	N	N	Ncmsgn	2	атриб
5	поступила	поступить	V	V	Vmis-sfa-e	0	ROOT
6	в	в	S	S	Sp-a	5	2-компл
7	отделение	отделение	N	N	Ncnsan	6	предл
8	ХЛСНРС	хлснрс	N	N	Npmsnn	7	квазиагент
9	и	и	C	C	C	8	сочин
10	ЭКС	экс	N	N	Npmsnn	9	соч-союзн
11	,	,	,	,	,	10	PUNC
12	где	где	P	P	P-----r	17	обст
13	после	после	S	S	Sp-g	17	обст
14	обслежования	обслежование	N	N	Ncnsgn	13	предл
15	,	,	,	,	,	14	PUNC
16	где	где	P	P	P-----r	17	обст
17	проведено	провести	V	V	Vmps-snpse	5	разъяснит
18	оперативное	оперативный	A	A	Afpnsnf	19	опред
19	лечение	лечение	N	N	Ncnsnn	17	предик
20	,	,	,	,	,	19	PUNC
21	первичная	первичный	A	A	Afpfsnf	22	опред
22	импданатция	импданатция	N	N	Ncfsnn	19	разъяснит
23	CRT-P	CRT-P	-	-	-	22	аппоз
24	,	,	,	,	,	23	PUNC
25	была	быть	V	V	Vmis-sfa-p	17	сент-соч
26	выписана	выписать	V	V	Vmps-sfpse	25	пасс-анал
27	в	в	S	S	Sp-l	26	обст
28	удовлетворительном	удовлетворительный	A	A	Afpnslf	29	опред
29	состоянии	состояние	N	N	Ncnsln	27	предл
