1	Больной	больной	N	N	Ncmsny	3	предик
2	себя	себя	P	P	P----an	1	1-компл
3	считает	считать	V	V	Vmip3s-a-p	0	ROOT
4	в	в	S	S	Sp-l	3	обст
5	теечнии	теечние	N	N	Ncnsln	4	предл
6	последних	последний	A	A	Afpmpgf	8	опред
7	5	#число	M	M	Mc---d	8	количест
8	лет	год	N	N	Ncmpgn	5	атриб
9	,	,	,	,	,	8	PUNC
10	когда	когда	C	C	C	3	обст
11	впервые	впервые	R	R	R	12	обст
12	стала	стать	V	V	Vmis-sfa-e	10	подч-союзн
13	отмечать	отмечать	V	V	Vmn----a-p	12	1-компл
14	появление	появление	N	N	Ncnsan	13	1-компл
15	слабости	слабость	N	N	Ncfsgn	14	квазиагент
16	,	,	,	,	,	15	PUNC
17	одышки	одышка	N	N	Ncfsgn	14	атриб
18	,	,	,	,	,	17	PUNC
19	стала	стать	V	V	Vmis-sfa-e	3	сочин
20	отмечать	отмечать	V	V	Vmn----a-p	19	1-компл
21	появление	появление	N	N	Ncnsan	20	1-компл
22	прситупов	прситуп	N	N	Ncmpgn	21	квазиагент
23	учащенного	учащенный	A	A	Afpnsgf	26	опред
24	,	,	,	,	,	23	PUNC
25	неритмичного	неритмичный	A	A	Afpnsgf	26	опред
26	сердцебения	сердцебение	N	N	Ncnsgn	22	1-компл
27	,	,	,	,	,	26	PUNC
28	перебоев	перебоев	V	V	Vmgs---a-e	21	опред
29	в	в	S	S	Sp-l	28	обст
30	работе	работа	N	N	Ncfsln	29	предл
31	сердца	сердце	N	N	Ncnsgn	30	квазиагент
