1	Считает	считать	V	V	Vmip3s-a-p	0	ROOT
2	себя	себя	P	P	P----an	1	1-компл
3	больной	больной	A	A	Afpfsif	1	2-компл
4	с	с	S	S	Sp-g	1	обст
5	детства	детство	N	N	Ncnsgn	4	предл
6	,	,	,	,	,	5	PUNC
7	когда	когда	C	C	C	1	обст
8	был	быть	V	V	Vmis-sma-p	7	подч-союзн
9	поставлен	поставить	V	V	Vmps-smpse	8	пасс-анал
10	диагноз	диагноз	N	N	Ncmsnn	8	предик
11	ревматизм	ревматизм	N	N	Ncmsnn	10	аппоз
12	,	,	,	,	,	11	PUNC
13	около	около	S	S	Sp-g	16	предик
14	девяти	#число	M	M	Mc--g	15	количест
15	лет	год	N	N	Ncmpgn	13	предл
16	стало	стать	V	V	Vmis-sna-e	21	1-компл
17	повышаться	повышаться	V	V	Vmn----m-p	16	1-компл
18	артериальное	артериальный	A	A	Afpnsnf	19	опред
19	давление	давление	N	N	Ncnsnn	17	1-компл
20	,	,	,	,	,	19	PUNC
21	появились	появиться	V	V	Vmis-p-m-e	0	ROOT
22	боли	боль	N	N	Ncfpnn	21	предик
23	в	в	S	S	Sp-l	22	1-компл
24	сердце	сердце	N	N	Ncnsln	23	предл
