1	С	с	S	S	Sp-g	5	обст
2	начала	начало	N	N	Ncnsgn	1	предл
3	этого	этот	P	P	P--msga	4	опред
4	года	год	N	N	Ncmsgn	2	квазиагент
5	беспокоят	беспокоить	V	V	Vmip3p-a-p	0	ROOT
6	,	,	,	,	,	5	PUNC
7	редкое	редкий	A	A	Afpnsnf	8	опред
8	сердцебиение	сердцебиение	N	N	Ncnsnn	5	предик
9	,	,	,	,	,	8	PUNC
10	слабость	слабость	N	N	Ncfsnn	8	разъяснит
11	,	,	,	,	,	10	PUNC
12	головокружение	головокружение	N	N	Ncnsnn	10	сочин
13	,	,	,	,	,	12	PUNC
14	повторные	повторный	A	A	Afpmpaf	15	опред
15	эпизоды	эпизод	N	N	Ncmpan	12	сочин
16	потери	потеря	N	N	Ncfsgn	15	квазиагент
17	сознания	сознание	N	N	Ncnsgn	16	1-компл
18	,	,	,	,	,	17	PUNC
19	по	по	S	S	Sp-d	26	вводн
20	поводу	повод	N	N	Ncmsdn	19	предл
21	чего	что	P	P	P--nsgn	20	1-компл
22	за	за	S	S	Sp-a	26	1-компл
23	мед	мед	N	N	Ncmsan	22	предл
24	помощью	помощь	N	N	Ncfsin	23	атриб
25	не	не	Q	Q	Q	26	огранич
26	обращался	обращаться	V	V	Vmis-smm-p	5	сент-соч
