1	С	с	S	S	Sp-l	4	обст
2	2005	#год	M	M	Mc---d	3	опред
3	года	год	N	N	Ncmsgn	1	предл
4	стала	стать	V	V	Vmis-sfa-e	0	ROOT
5	отмечать	отмечать	V	V	Vmn----a-p	4	1-компл
6	повышенное	повышенный	A	A	Afpnsaf	7	опред
7	АД	ад	N	N	Npfpgn	5	1-компл
8	до	до	S	S	Sp-l	5	обст
9	200/90	#число	M	M	Mc---d	8	предл
10	,	,	,	,	,	9	PUNC
11	принимала	принимать	V	V	Vmis-sfa-p	4	сочин
12	амлодипин	амлодипин	N	N	Ncfpgn	11	1-компл
13	5-	#число	M	M	Mc---d	15	количест
14	10	#число	M	M	Mc---d	13	кратн
15	мгс	мгс	N	N	Ncmsny	19	предик
16	этого	это	P	P	P--nsgn	18	опред
17	же	же	Q	Q	Q	16	огранич
18	времени	время	N	N	Ncnsgn	15	атриб
19	появились	появиться	V	V	Vmis-p-m-e	4	сент-соч
20	приступы	приступ	N	N	Ncmpnn	19	1-компл
21	неритмичного	неритмичный	A	A	Afpnsgf	22	опред
22	сердцебиения	сердцебиение	N	N	Ncnsgn	20	квазиагент
23	,	,	,	,	,	22	PUNC
24	на	на	S	S	Sp-l	26	обст
25	ЭКГ	экг	N	N	Npfsln	24	предл
26	регистрировалась	регистрироваться	V	V	Vmis-sfm-p	19	сент-соч
27	фибрилляция	фибрилляция	N	N	Ncfsnn	26	предик
28	предсердий	предсердие	N	N	Ncfpgn	27	квазиагент
