1	Считает	считать	V	V	Vmip3s-a-p	0	ROOT
2	себя	себя	P	P	P----an	1	1-компл
3	больным	больной	N	N	Ncmsiy	1	2-компл
4	с	с	S	S	Sp-l	3	атриб
5	2003	#год	M	M	Mc---d	6	опред
6	года	год	N	N	Ncmsgn	4	предл
7	,	,	,	,	,	6	PUNC
8	неоднократно	неоднократно	R	R	R	9	обст
9	проходил	проходить	V	V	Vmis-sma-p	1	1-компл
10	обследование	обследование	N	N	Ncnsan	9	1-компл
11	и	и	C	C	C	10	сочин
12	лечение	лечение	N	N	Ncnsan	11	соч-союзн
13	в	в	S	S	Sp-a	9	2-компл
14	отеление	отеление	N	N	Ncnsan	13	предл
15	НРС	нрс	N	N	Npmsnn	9	обст
16	НИИ	нии	N	N	Npmsgn	9	обст
17	кардиологии	кардиология	N	N	Ncfsgn	16	1-компл
18	по	по	S	S	Sp-d	16	атриб
19	поводу	повод	N	N	Ncmsdn	18	предл
20	ФП	фп	N	N	Npmsnn	16	сочин
21	в	в	S	S	Sp-l	20	атриб
22	2007,2008	#год	M	M	Mc---d	23	опред
23	гг	год	N	N	Ncmpgn	21	предл
24	-	-	-	-	-	23	PUNC
25	выполнялась	выполняться	V	V	Vmis-sfm-p	1	2-компл
26	процедура	процедура	N	N	Ncfsnn	25	предик
27	Лабиринт	лабиринт	N	N	Npmsnn	26	квазиагент
28	,	,	,	,	,	27	PUNC
29	с	с	S	S	Sp-i	26	атриб
30	частичным	частичный	A	A	Afpmsif	31	опред
31	эффектом	эффект	N	N	Ncmsin	29	предл
