1	Последнее	последний	A	A	Afpnsaf	2	опред
2	время	время	N	N	Ncnsan	8	обст
3	приступы	приступ	N	N	Ncmpnn	8	предик
4	нечастые	нечастый	A	A	Afpmpnf	8	опред
5	,	,	,	,	,	4	PUNC
6	постоЯнно	постоянно	R	R	R	7	обст
7	принимает	принимать	V	V	Vmip3s-a-p	4	примыкат
8	мкордарон	мкордарон	N	N	Ncmsnn	0	ROOT
9	,	,	,	,	,	8	PUNC
10	эгилок	эгилки	N	N	Ncmsnn	8	сент-соч
11	для	для	S	S	Sp-g	10	атриб
12	профилактики	профилактика	N	N	Ncfsgn	11	предл
13	приступов	приступ	N	N	Ncmpgn	12	1-компл
14	ФП	фп	N	N	Npmsnn	10	опред
15	последний	последний	A	A	Afpmsnf	16	опред
16	приступ	приступ	N	N	Ncmsnn	0	ROOT
17	в	в	S	S	Sp-l	16	атриб
18	мае	#месяц	N	N	Ncmsln	17	предл
19	2010	#год	M	M	Mc---d	20	опред
20	года	год	N	N	Ncmsgn	18	атриб
