1	В	в	S	S	Sp-l	8	обст
2	сентябре	#месяц	N	N	Ncmsln	1	предл
3	2010	#год	M	M	Mc---d	4	опред
4	года	год	N	N	Ncmsgn	2	атриб
5	аосле	аосле	S	S	Sp-g	8	обст
6	физического	физический	A	A	Afpnsgf	7	опред
7	переутомления	переутомление	N	N	Ncnsgn	5	предл
8	развился	развиться	V	V	Vmis-smm-e	0	ROOT
9	приступ	приступ	N	N	Ncmsnn	8	предик
10	учащенного	учащенный	A	A	Afpnsgf	11	опред
11	сердцебиения	сердцебиение	N	N	Ncnsgn	9	квазиагент
12	с	с	S	S	Sp-i	8	обст
13	чсс	чсс	N	N	Ncnsin	12	предл
14	150	#число	M	M	Mc---d	15	количест
15	уд	уд	N	N	Ncmsan	8	предик
16	в	в	S	S	Sp-a	15	распред
17	минуту	минута	N	N	Ncfsan	16	предл
18	,	,	,	,	,	17	PUNC
19	бригадой	бригада	N	N	Ncfsin	21	обст
20	СМП	смп	N	N	Ncmsnn	21	предик
21	доставлен	доставить	V	V	Vmps-smpse	8	сент-соч
22	в	в	S	S	Sp-a	21	2-компл
23	приемное	приемный	A	A	Afpnsaf	24	опред
24	отделение	отделение	N	N	Ncnsan	22	предл
25	НИИК	ниик	N	N	Npmsnn	21	1-компл
26	НРС	нрс	N	N	Npmsnn	21	2-компл
27	2	#число	M	M	Mc---d	26	нум-аппоз
