1	Больной	больной	N	N	Ncmsny	3	предик
2	себя	себя	P	P	P----an	1	1-компл
3	считает	считать	V	V	Vmip3s-a-p	0	ROOT
4	с	с	S	S	Sp-l	3	обст
5	2001	#год	M	M	Mc---d	6	опред
6	года	год	N	N	Ncmsgn	4	предл
7	,	,	,	,	,	6	PUNC
8	когда	когда	C	C	C	3	обст
9	впервые	впервые	R	R	R	10	обст
10	стал	стать	V	V	Vmis-sma-e	8	подч-союзн
11	отмечать	отмечать	V	V	Vmn----a-p	10	1-компл
12	появление	появление	N	N	Ncnsan	11	1-компл
13	давящих	давящий	A	A	Afpmpgf	14	опред
14	болей	боль	N	N	Ncfpgn	12	квазиагент
15	за	за	S	S	Sp-i	14	1-компл
16	грудиной	грудина	N	N	Ncfsin	15	предл
17	,	,	,	,	,	16	PUNC
18	возникающих	возникать	V	V	Vmpp-p-afpg	16	опред
19	при	при	S	S	Sp-l	18	обст
20	обычной	обычный	A	A	Afpfslf	22	опред
21	физической	физический	A	A	Afpfslf	22	опред
22	нагрузке	нагрузка	N	N	Ncfsln	19	предл
23	и	и	C	C	C	18	сочин
24	купировались	купировались	V	V	Vmgs---m-p	23	соч-союзн
25	ее	ее	P	P	P-----a	26	квазиагент
26	прекращением	прекращение	N	N	Ncnsin	24	1-компл
27	в	в	S	S	Sp-l	26	атриб
28	течении	течение	N	N	Ncnsln	27	предл
29	1-2	#число	M	M	Mc---d	30	количест
30	минут	минута	N	N	Ncfpgn	12	сочин
