1	В	в	S	S	Sp-l	6	обст
2	2008	#год	M	M	Mc---d	3	опред
3	году	год	N	N	Ncmsnnl	1	предл
4	состояние	состояние	N	N	Ncnsnn	6	предик
5	резко	резко	R	R	R	6	огранич
6	ухудшилось	ухудшиться	V	V	Vmis-snm-e	0	ROOT
7	,	,	,	,	,	6	PUNC
8	вновь	вновь	R	R	R	9	обст
9	появились	появиться	V	V	Vmis-p-m-e	6	сент-соч
10	давящие	давящий	A	A	Afpmpnf	11	опред
11	боли	боль	N	N	Ncfpnn	9	предик
12	за	за	S	S	Sp-i	11	1-компл
13	грудиной	грудина	N	N	Ncfsin	12	предл
14	,	,	,	,	,	13	PUNC
15	одышка	одышка	N	N	Ncfsnn	16	предик
16	стала	стать	V	V	Vmis-sfa-e	9	сент-соч
17	постоянной	постоянный	A	A	Afpfsif	16	присвяз
18	(	(	-	-	-	17	PUNC
19	в	в	S	S	Sp-l	16	обст
20	покое	покой	N	N	Ncmsln	19	предл
21	и	и	C	C	C	16	сент-соч
22	при	при	S	S	Sp-l	28	обст
23	нагрузке	нагрузка	N	N	Ncfsln	22	предл
24	)	)	-	-	-	23	PUNC
25	,	,	,	,	,	23	PUNC
26	неритмичные	неритмичный	A	A	Afpmpnf	27	опред
27	сердцебиения	сердцебиение	N	N	Ncnsgn	28	предик
28	участились	участиться	V	V	Vmis-p-m-e	21	соч-союзн
29	,	,	,	,	,	28	PUNC
30	а	а	C	C	C	28	сочин
31	затем	затем	R	R	R	32	обст
32	стало	стать	V	V	Vmis-sna-e	30	соч-союзн
33	постоянным	постоянный	A	A	Afpmsif	34	опред
34	неритмичным	неритмичный	A	A	Afpmsif	32	присвяз
