1	Считает	считать	V	V	Vmip3s-a-p	0	ROOT
2	себя	себя	P	P	P----an	1	1-компл
3	больным	больной	N	N	Ncmsiy	1	2-компл
4	около	около	S	S	Sp-l	1	1-компл
5	20	#число	M	M	Mc---d	6	количест
6	лет	год	N	N	Ncmpgn	4	предл
7	,	,	,	,	,	6	PUNC
8	когда	когда	C	C	C	1	обст
9	впервые	впервые	R	R	R	10	обст
10	стал	стать	V	V	Vmis-sma-e	8	подч-союзн
11	отмечать	отмечать	V	V	Vmn----a-p	10	1-компл
12	повление	повление	N	N	Ncnsan	11	1-компл
13	давящих	давящий	A	A	Afpmpgf	14	опред
14	болей	боль	N	N	Ncfpgn	12	квазиагент
15	за	за	S	S	Sp-i	11	обст
16	грудиной	грудина	N	N	Ncfsin	15	предл
17	,	,	,	,	,	16	PUNC
18	возникающих	возникать	V	V	Vmpp-p-afpg	16	опред
19	при	при	S	S	Sp-l	18	обст
20	обычной	обычный	A	A	Afpfslf	22	опред
21	физической	физический	A	A	Afpfslf	22	опред
22	нагрузке	нагрузка	N	N	Ncfsln	19	предл
23	и	и	C	C	C	18	сочин
24	купировавшихся	купировавшихся	V	V	Vmpp-p-mfeg	23	соч-союзн
25	прекращением	прекращение	N	N	Ncnsin	24	обст
26	нагрузки	нагрузка	N	N	Ncfsgn	25	1-компл
27	или	или	C	C	C	25	сочин
28	приемом	прием	N	N	Ncmsin	27	соч-союзн
29	нитратов	нитрат	N	N	Ncmpgn	28	1-компл
30	сублингвально	сублингвально	R	R	R	31	огранич
31	в	в	S	S	Sp-l	24	обст
32	течении	течение	N	N	Ncnsln	31	предл
33	3-5	#число	M	M	Mc---d	34	количест
34	минут	минута	N	N	Ncfpgn	11	1-компл
