1	В	в	S	S	Sp-l	4	обст
2	2009	#год	M	M	Mc---d	3	опред
3	году	год	N	N	Ncmsnnl	1	предл
4	направлен	направить	V	V	Vmps-smpse	0	ROOT
5	в	в	S	S	Sp-a	4	2-компл
6	отделение	отделение	N	N	Ncnsan	5	предл
7	ХЛСНРС	хлснрс	N	N	Npmsnn	6	квазиагент
8	и	и	C	C	C	7	сочин
9	ЭКС	экс	N	N	Npmsnn	8	соч-союзн
10	,	,	,	,	,	9	PUNC
11	где	где	P	P	P-----r	12	обст
12	проведено	провести	V	V	Vmps-snpse	4	сочин
13	оперативное	оперативный	A	A	Afpnsnf	14	опред
14	лечение	лечение	N	N	Ncnsnn	12	1-компл
15	,	,	,	,	,	14	PUNC
16	первичная	первичный	A	A	Afpfsnf	17	опред
17	имплантация	имплантация	N	N	Ncfsnn	14	разъяснит
18	CRT-D	CRT-D	-	-	-	17	сочин
19	и	и	C	C	C	18	сочин
20	создание	создание	N	N	Ncnsnn	0	ROOT
21	полной	полный	A	A	Afpfsgf	23	опред
22	искусственной	искусственный	A	A	Afpfsgf	23	опред
23	АВ-блокады	ав-блокада	N	N	Npfsgn	20	1-компл
