1	В	в	S	S	Sp-l	7	обст
2	2010	#год	M	M	Mc---d	3	опред
3	году	год	N	N	Ncmsnnl	1	предл
4	в	в	S	S	Sp-l	7	обст
5	июне	#месяц	N	N	Ncmsln	4	предл
6	произведено	произвести	V	V	Vmps-snpse	7	опред
7	ЧП	чп	N	N	Ncnsnn	0	ROOT
8	ЭФИ	эфи	N	N	Npmpnn	7	1-компл
9	,	,	,	,	,	8	PUNC
10	на	на	S	S	Sp-l	7	обст
11	фоне	фон	N	N	Ncmsln	10	предл
12	атропина	атропин	N	N	Ncmsgn	11	квазиагент
13	индуцирован	индуцировать	V	V	Vmps-smpse	7	опред
14	пароксизм	пароксизм	N	N	Ncmsnn	13	1-компл
15	АВУТ	авут	N	N	Npmsnn	14	аппоз
16	,	,	,	,	,	15	PUNC
17	купированный	купировать	V	V	Vmps-smp-en	14	опред
18	более	более	R	R	R	19	огранич
19	частотой	частота	N	N	Ncfsin	17	агент
20	стимуляцией	стимуляция	N	N	Ncfsin	17	обст
