1	ПФП	пфп	N	N	Ncmsnn	0	ROOT
2	беспокоят	беспокоить	V	V	Vmip3p-a-p	0	ROOT
3	более	много	M	M	Mc	2	предик
4	5	#число	M	M	Mc---d	5	количест
5	лет	год	N	N	Ncmpgn	3	сравнит
6	,	,	,	,	,	5	PUNC
7	ААП	аап	N	N	Npmsnn	9	1-компл
8	не	не	Q	Q	Q	9	огранич
9	принимает	принимать	V	V	Vmip3s-a-p	0	ROOT
10	,	,	,	,	,	9	PUNC
11	последний	последний	A	A	Afpmsnf	12	опред
12	приступ	приступ	N	N	Ncmsnn	13	предик
13	был	быть	V	V	Vmis-sma-p	9	разъяснит
14	более	более	R	R	R	15	огранич
15	1	#число	M	M	Mc---d	16	количест
16	месяца	месяц	N	N	Ncmsgn	13	длительн
17	назад.(в	назад.(в	V	V	Vmgs---a-p	0	ROOT
18	среднем	среднее	N	N	Ncnsln	17	1-компл
19	8-10	#число	M	M	Mc---d	0	ROOT
20	в	в	S	S	Sp-a	19	распред
21	год	год	N	N	Ncmsan	20	предл
