1	В	в	S	S	Sp-l	4	обст
2	2005	#год	M	M	Mc---d	3	опред
3	году	год	N	N	Ncmsnnl	1	предл
4	лечилась	лечиться	V	V	Vmis-sfm-e	0	ROOT
5	в	в	S	S	Sp-l	4	обст
6	отделении	отделение	N	N	Ncnsln	5	предл
7	СН	сн	-	-	-	6	аппоз
8	,	,	,	,	,	7	PUNC
9	поступила	поступить	V	V	Vmis-sfa-e	4	сочин
10	с	с	S	S	Sp-i	9	обст
11	фибрилляцией	фибрилляция	N	N	Ncfsin	10	предл
12	предсердий	предсердие	N	N	Ncfpgn	11	квазиагент
13	,	,	,	,	,	12	PUNC
14	в	в	S	S	Sp-l	9	обст
15	диагнозе	диагноз	N	N	Ncmsln	14	предл
16	-	-	-	-	-	15	PUNC
17	постоянная	постоянный	A	A	Afpfsnf	18	опред
18	форма	форма	N	N	Ncfsnn	9	разъяснит
19	,	,	,	,	,	18	PUNC
20	тахисистолия	тахисистолия	N	N	Ncfsnn	18	сочин
21	,	,	,	,	,	20	PUNC
22	НК	нк	N	N	Npmsgn	20	сочин
23	IIА	IIА	-	-	-	22	аппоз
24	,	,	,	,	,	23	PUNC
25	ФК	фк	N	N	Npfsnn	22	сочин
26	III	iii	M	M	Mo---d	25	опред
