1	21.04.10	#пдата	M	M	Mc---d	2	обст
2	выполнена	выполнить	V	V	Vmps-sfpse	0	ROOT
3	РЧА	рча	N	N	Npfsnn	2	1-компл
4	АВ	ав	-	-	-	3	аппоз
5	соединения	соединение	N	N	Ncnpnn	2	предик
6	,	,	,	,	,	5	PUNC
7	имплантирован	имплантировать	V	V	Vmps-smpse	2	разъяснит
8	бивентрикулярный	бивентрикулярный	A	A	Afpmsnf	9	опред
9	ЭКС	экс	N	N	Ncmsnn	7	предик
10	Frontier	frontier	-	-	-	9	аппоз
11	II	ii	M	M	Mo---d	10	нум-аппоз
12	,	,	,	,	,	11	PUNC
13	электрод	электрод	N	N	Ncmsnn	0	ROOT
14	для	для	S	S	Sp-g	13	атриб
15	стимуляции	стимуляция	N	N	Ncfsgn	14	предл
16	ЛЖ	лж	N	N	Npmsnn	0	ROOT
17	установлен	установить	V	V	Vmps-smpse	0	ROOT
18	в	в	S	S	Sp-a	17	2-компл
19	боковую	боковой	A	A	Afpfsaf	20	опред
20	вену	вена	N	N	Ncfsan	18	предл
