1	В	в	S	S	Sp-a	10	обст
2	течение	течение	N	N	Ncnsan	1	предл
3	1-1,5	#число	M	M	Mc---d	4	количест
4	лет	год	N	N	Ncmpgn	6	длительн
5	не	не	Q	Q	Q	6	огранич
6	курит	курить	V	V	Vmip3s-a-p	2	опред
7	,	,	,	,	,	6	PUNC
8	до	до	S	S	Sp-g	10	обст
9	этого	это	P	P	P--nsgn	8	предл
10	курил	курить	V	V	Vmis-sma-p	0	ROOT
11	в	в	S	S	Sp-a	10	обст
12	течение	течение	N	N	Ncnsan	11	предл
13	многих	много	M	M	Mc--g	14	опред
14	лет	год	N	N	Ncmpgn	12	квазиагент
15	по	по	S	S	Sp-l	10	обст
16	1	#число	M	M	Mc---d	17	количест
17	пачке	пачка	N	N	Ncfsln	15	предл
18	в	в	S	S	Sp-a	17	распред
19	день	#времясуток	N	N	Ncmsan	18	предл
20	,	,	,	,	,	19	PUNC
21	алкоголь	алкоголь	N	N	Ncmsan	22	огранич
22	редко	редко	R	R	R	0	ROOT
23	.	.	-	-	-	22	PUNC
