1	В	в	S	S	Sp-l	4	обст
2	2009	#год	M	M	Mc---d	3	опред
3	году	год	N	N	Ncmsnnl	1	предл
4	находилась	находиться	V	V	Vmis-sfm-p	0	ROOT
5	на	на	S	S	Sp-l	4	1-компл
6	стационарном	стационарный	A	A	Afpnslf	7	опред
7	лечении	лечение	N	N	Ncnsln	5	предл
8	в	в	S	S	Sp-l	4	обст
9	НИИ	нии	N	N	Ncmsln	8	предл
10	Кардиологии	кардиология	N	N	Npfsgn	9	1-компл
11	,	,	,	,	,	10	PUNC
12	в	в	S	S	Sp-a	9	2-компл
13	отделение	отделение	N	N	Ncnsan	12	предл
14	АГ	аг	-	-	-	19	предик
15	с	с	S	S	Sp-i	19	атриб
16	диагнозом	диагноз	N	N	Ncmsin	15	предл
17	ИБС	ибс	N	N	Npmsnn	16	аппоз
18	,	,	,	,	,	17	PUNC
19	стенокардия	стенокардия	N	N	Ncfsnn	4	предик
20	напряжения	напряжение	N	N	Ncnsgn	19	квазиагент
21	ФК	фк	N	N	Npfsgn	19	атриб
22	II	ii	M	M	Mo---d	21	опред
23	,	,	,	,	,	22	PUNC
24	гипертоническая	гипертонический	A	A	Afpfsnf	25	опред
25	болезнь	болезнь	N	N	Ncfsnn	28	предик
26	III	iii	M	M	Mo---d	25	опред
27	,	,	,	,	,	26	PUNC
28	риск	риск	N	N	Ncmsnn	19	разъяснит
29	4	#число	M	M	Mc---d	28	квазиагент
30	,	,	,	,	,	29	PUNC
31	пароксизмальная	пароксизмальный	A	A	Afpfsnf	32	опред
32	формав	формава	N	N	Ncfsnn	28	сочин
33	ФП	фп	N	N	Npmsnn	32	сочин
