1	Считает	считать	V	V	Vmip3s-a-p	0	ROOT
2	себя	себя	P	P	P----an	1	1-компл
3	больным	больной	N	N	Ncmsiy	1	2-компл
4	с	с	S	S	Sp-l	1	обст
5	1989	#год	M	M	Mc---d	6	опред
6	г	г	N	N	Ncmsnnl	4	предл
7	,	,	,	,	,	6	PUNC
8	когда	когда	C	C	C	12	обст
9	находился	находиться	V	V	Vmis-smm-p	8	подч-союзн
10	на	на	S	S	Sp-a	9	1-компл
11	госпитализации	госпитализация	N	N	Ncfsgn	10	предл
12	в	в	S	S	Sp-l	0	ROOT
13	военном	военный	A	A	Afpmslf	14	опред
14	госпитале	госпиталь	N	N	Ncmsln	12	предл
15	с	с	S	S	Sp-i	14	атриб
16	тяжелой	тяжелый	A	A	Afpfsif	17	опред
17	травмой	травма	N	N	Ncfsin	15	предл
18	,	,	,	,	,	17	PUNC
19	в	в	S	S	Sp-l	22	огранич
20	том	тот	P	P	P--nsla	21	опред
21	числе	число	N	N	Ncnsln	19	предл
22	ЧМТ	чмт	N	N	Npfsgn	17	разъяснит
23	,	,	,	,	,	22	PUNC
24	осложнившейся	осложниться	V	V	Vmps-sfm-eg	22	опред
25	инфицированием	инфицирование	N	N	Ncnsin	24	агент
26	и	и	C	C	C	25	сочин
27	развитием	развитие	N	N	Ncnsin	26	соч-союзн
28	сепсиса	сепсис	N	N	Ncmsgn	27	1-компл
