1	Ухудшение	ухудшение	N	N	Ncnsnn	7	предик
2	состояния	состояние	N	N	Ncnsgn	1	квазиагент
3	в	в	S	S	Sp-l	2	атриб
4	течении	течение	N	N	Ncnsln	3	предл
5	последних	последний	A	A	Afpmpgf	6	опред
6	4-х	#число	M	M	Mo-pgd	7	количест
7	месяцев	месяц	N	N	Ncmpgn	0	ROOT
8	,	,	,	,	,	7	PUNC
9	когда	когда	C	C	C	7	обст
10	приступы	приступ	N	N	Ncmpnn	12	предик
11	сердцебиения	сердцебиение	N	N	Ncnsgn	10	квазиагент
12	стали	стать	V	V	Vmis-p-a-e	9	подч-союзн
13	возникать	возникать	V	V	Vmn----a-p	12	1-компл
14	до	до	S	S	Sp-g	13	2-компл
15	1раза	#число	N	N	Ncmsgn	14	предл
16	в	в	S	S	Sp-a	15	распред
17	месяц	месяц	N	N	Ncmsan	16	предл
18	,	,	,	,	,	17	PUNC
19	купируются	купироваться	V	V	Vmip3s-m-p	13	сочин
20	новокаинамидом	новокаинамид	N	N	Ncmsin	19	2-компл
21	,	,	,	,	,	20	PUNC
22	пациент	пациент	N	N	Ncmsny	7	сочин
23	в	в	S	S	Sp-l	22	атриб
24	плановом	плановый	A	A	Afpmslf	25	опред
25	порядке	порядок	N	N	Ncmsln	23	предл
26	госпитализирована	госпитализировать	N	N	Ncmsgn	25	квазиагент
27	в	в	S	S	Sp-l	7	атриб
28	отделении	отделение	N	N	Ncnsln	27	предл
29	нарушений	нарушение	N	N	Ncnpgn	28	квазиагент
30	ритма	ритм	N	N	Ncmsgn	29	1-компл
31	для	для	S	S	Sp-g	30	атриб
32	обследования	обследование	N	N	Ncnsgn	31	предл
33	и	и	C	C	C	32	сочин
34	определения	определение	N	N	Ncnsgn	33	соч-союзн
35	дальнейшей	дальнейший	A	A	Afpfsgf	36	опред
36	тактики	тактика	N	N	Ncfsgn	34	1-компл
37	лечения	лечение	N	N	Ncnsgn	36	1-компл
38	.	.	-	-	-	37	PUNC
