1	Пациентка	пациентка	N	N	Ncfsny	2	предик
2	принимала	принимать	V	V	Vmis-sfa-p	0	ROOT
3	кордарон	кордарон	N	N	Ncmsan	2	1-компл
4	в	в	S	S	Sp-l	2	обст
5	течении	течение	N	N	Ncnsln	4	предл
6	месяца-без	без	A	A	Afpmsgf	7	опред
7	эффекта	эффект	N	N	Ncmsgn	5	квазиагент
8	,	,	,	,	,	7	PUNC
9	на	на	S	S	Sp-l	2	обст
10	фоне	фон	N	N	Ncmsln	9	предл
11	приема	прием	N	N	Ncmsgn	10	квазиагент
12	пропанорма-пароксизмы	пропанорм-пароксизм	N	N	Ncfsgn	11	1-компл
13	ФП	фп	N	N	Npmsnn	11	сочин
14	,	,	,	,	,	13	PUNC
15	пузы	пуз	N	N	Ncmpnn	13	сочин
16	асистолии	асистолия	N	N	Ncfsgn	15	квазиагент
17	до	до	S	S	Sp-l	15	атриб
18	2600	#год	M	M	Mc---d	19	количест
19	мс	мс	N	N	Ncmpgn	17	предл
20	,	,	,	,	,	19	PUNC
21	эпизоды	эпизод	N	N	Ncmpnn	15	сочин
22	редкого	редкий	A	A	Afpmsgf	23	опред
23	пульса	пульс	N	N	Ncmsgn	21	квазиагент
