1	Ухудшение	ухудшение	N	N	Ncnsnn	20	предик
2	состояния	состояние	N	N	Ncnsgn	1	квазиагент
3	в	в	S	S	Sp-l	2	атриб
4	течении	течение	N	N	Ncnsln	3	предл
5	последних	последний	A	A	Afpmpgf	7	опред
6	7-ми	#число	M	M	Mc--g	7	количест
7	месяцев	месяц	N	N	Ncmpgn	4	квазиагент
8	,	,	,	,	,	7	PUNC
9	когда	когда	C	C	C	1	1-компл
10	приступы	приступ	N	N	Ncmpnn	12	предик
11	сердцебиения	сердцебиение	N	N	Ncnsgn	10	квазиагент
12	стали	стать	V	V	Vmis-p-a-e	9	подч-союзн
13	возникать	возникать	V	V	Vmn----a-p	12	1-компл
14	до	до	S	S	Sp-g	13	2-компл
15	1раза	#число	N	N	Ncmsgn	14	предл
16	в	в	S	S	Sp-a	15	распред
17	месяц	месяц	N	N	Ncmsan	16	предл
18	,	,	,	,	,	17	PUNC
19	последний	последний	A	A	Afpmsaf	20	опред
20	пароксизм	пароксизм	N	N	Ncmsan	0	ROOT
21	ФП	фп	N	N	Npmsnn	20	сочин
22	2месяца	#число	N	N	Ncmsgn	21	квазиагент
23	назад	назад	R	R	R	20	атриб
