1	В	в	S	S	Sp-l	5	обст
2	сентябре	#месяц	N	N	Ncmsln	1	предл
3	2009	#год	M	M	Mc---d	4	опред
4	года	год	N	N	Ncmsgn	2	атриб
5	обследовалась	обследоваться	V	V	Vmis-sfm-p	0	ROOT
6	в	в	S	S	Sp-l	5	1-компл
7	НИИПК	ниипк	N	N	Npmsnn	6	предл
8	,	,	,	,	,	7	PUNC
9	23.09.09	#пдата	M	M	Mc---d	10	количест
10	выполена	выпоить	N	N	Ncmsgn	5	предик
11	пластика	пластик	N	N	Ncmsgn	10	квазиагент
12	ствола	ствол	N	N	Ncmsgn	11	квазиагент
13	левой	левый	A	A	Afpfsgf	15	опред
14	легочной	легочный	A	A	Afpfsgf	15	опред
15	артерии	артерия	N	N	Ncfpnn	12	квазиагент
16	заплатой	заплатой	V	V	Vmip3p-m-e	5	сент-соч
17	из	из	S	S	Sp-g	16	1-компл
18	ксеноперикарда	ксеноперикард	N	N	Ncfsnn	17	предл
19	,	,	,	,	,	18	PUNC
20	баллонная	баллонный	A	A	Afpfsnf	21	опред
21	ангиопластика	ангиопластика	N	N	Ncfsnn	16	предик
22	со	со	S	S	Sp-i	21	атриб
23	стентированием	стентирование	N	N	Ncnsin	22	предл
24	Carbostent	Carbostent	-	-	-	23	аппоз
25	Isthmus	Isthmus	-	-	-	24	аппоз
26	ствола	ствол	N	N	Ncmsgn	21	сочин
27	правой	правый	A	A	Afpfsgf	29	опред
28	легочной	легочный	A	A	Afpfsgf	29	опред
29	артерии	артерия	N	N	Ncfpnn	26	квазиагент
30	,	,	,	,	,	29	PUNC
31	пластика	пластика	N	N	Ncfsnn	26	сочин
32	трикуспидального	трикуспидальный	A	A	Afpmsgf	33	опред
33	клапана	клапан	N	N	Ncmsgn	31	квазиагент
