1	В	в	S	S	Sp-l	4	обст
2	1994	#год	M	M	Mc---d	3	опред
3	году	год	N	N	Ncmsnnl	1	предл
4	была	быть	V	V	Vmis-sfa-p	0	ROOT
5	госпитализирована	госпитализировать	V	V	Vmps-sfpse	4	пасс-анал
6	в	в	S	S	Sp-l	5	обст
7	НИИПК	ниипк	N	N	Npmsnn	6	предл
8	,	,	,	,	,	7	PUNC
9	диагностирована	диагностировать	N	N	Ncfsnn	4	предик
10	тетрада	тетрада	N	N	Ncmsgn	9	квазиагент
11	Фалло	фалло	N	N	Npmsgy	10	квазиагент
12	,	,	,	,	,	11	PUNC
13	наложен	наложить	V	V	Vmps-smpse	9	опред
14	правосторонний	правосторонний	A	A	Afpmsnf	16	опред
15	аорто-легочный	аорто-легочный	A	A	Afpmsnf	16	опред
16	анастомоз	анастомоз	N	N	Ncmsnn	13	1-компл
17	,	,	,	,	,	16	PUNC
18	без	без	S	S	Sp-g	13	обст
19	осложнений	осложнение	N	N	Ncnpgn	18	предл
20	,	,	,	,	,	19	PUNC
21	с	с	S	S	Sp-i	13	2-компл
22	положительным	положительный	A	A	Afpmsif	23	опред
23	эффектом	эффект	N	N	Ncmsin	21	предл
