1	В	в	S	S	Sp-l	5	обст
2	дальней	дальний	A	A	Afpfslf	3	опред
3	шем	ший	A	A	Afpmslf	1	предл
4	ежегодно	ежегодно	R	R	R	5	обст
5	обследовалась	обследоваться	V	V	Vmis-sfm-p	0	ROOT
6	в	в	S	S	Sp-l	5	1-компл
7	НИИПК	ниипк	N	N	Npmsnn	6	предл
8	,	,	,	,	,	7	PUNC
9	по	по	S	S	Sp-d	14	вводн
10	данным	данные	N	N	Ncmpdn	9	предл
11	ЭхоКГ	эхокг	N	N	Npmpgn	10	квазиагент
12	от	от	S	S	Sp-g	14	1-компл
13	07.05.09	#пдата	M	M	Mofsgd	12	предл
14	имелась	иметься	V	V	Vmis-sfm-p	5	сент-соч
15	трикуспидальная	трикуспидальный	A	A	Afpfsnf	16	опред
16	регургитация	регургитация	N	N	Ncfsnn	14	предик
17	2-3	#число	M	M	Mc---d	18	количест
18	ст	столовый	A	A	Afpfpgf	16	атриб
19	.	.	-	-	-	18	PUNC
20	,	,	,	,	,	18	PUNC
21	по	по	S	S	Sp-d	26	вводн
22	объему	объем	N	N	Ncmsdn	21	предл
23	умеренная	умеренный	A	A	Afpfsnf	26	опред
24	,	,	,	,	,	23	PUNC
25	периферические	периферический	A	A	Afpmpnf	26	опред
26	стенозы	стеноз	N	N	Ncmpnn	16	разъяснит
27	легочной	легочный	A	A	Afpfsgf	28	опред
28	артерии	артерия	N	N	Ncfpnn	26	квазиагент
29	.	.	-	-	-	28	PUNC
