1	В	в	S	S	Sp-l	0	ROOT
2	июле	#месяц	N	N	Ncmsln	1	предл
3	2010	#год	M	M	Mc---d	0	ROOT
4	было	быть	V	V	Vmis-sna-p	0	ROOT
5	проведено	провести	V	V	Vmps-snpse	4	пасс-анал
6	суточное	суточный	A	A	Afpnsnf	7	опред
7	мониторирование	мониторирование	N	N	Ncnsnn	4	предик
8	ЭКГ	экг	N	N	Ncfsln	7	1-компл
9	,	,	,	,	,	8	PUNC
10	выявлены	выявить	V	V	Vmps-p-pse	4	сент-соч
11	эпизоды	эпизод	N	N	Ncmpnn	10	предик
12	АВ	ав	-	-	-	11	аппоз
13	блокада	блокада	N	N	Ncfsnn	11	сочин
14	с	с	S	S	Sp-i	13	атриб
15	проведением	проведение	N	N	Ncnsin	14	предл
16	2,1	#число	M	M	Mc---d	15	нум-аппоз
17	,	,	,	,	,	16	PUNC
18	брадикардия	брадикардия	N	N	Ncfsnn	13	сочин
19	40	#число	M	M	Mc---d	18	нум-аппоз
20	в	в	S	S	Sp-a	18	атриб
21	минуту	минута	N	N	Ncfsan	20	предл
