1	Редкий	редкий	A	A	Afpmsnf	2	опред
2	пульс	пульс	N	N	Ncmsnn	24	предик
3	отмечает	отмечать	V	V	Vmip3s-a-p	24	обст
4	около	около	S	S	Sp-l	3	1-компл
5	3	#число	M	M	Mc---d	6	количест
6	лет	год	N	N	Ncmpgn	4	предл
7	,	,	,	,	,	6	PUNC
8	минимально	минимально	R	R	R	9	огранич
9	до	до	S	S	Sp-l	3	обст
10	40	#число	M	M	Mc---d	11	количест
11	ударов	удар	N	N	Ncmpgn	9	предл
12	в	в	S	S	Sp-a	11	распред
13	минуту	минута	N	N	Ncfsan	12	предл
14	,	,	,	,	,	13	PUNC
15	сопровождается	сопровождаться	V	V	Vmip3s-m-p	3	сочин
16	периодически	периодически	R	R	R	15	обст
17	головокружением	головокружение	N	N	Ncnsin	15	1-компл
18	,	,	,	,	,	17	PUNC
19	слабостью	слабость	N	N	Ncfsin	17	сочин
20	,	,	,	,	,	19	PUNC
21	синкопальных	синкопальный	A	A	Afpmpgf	22	опред
22	состояний	состояние	N	N	Ncnpgn	24	предик
23	не	не	Q	Q	Q	24	огранич
24	было	быть	V	V	Vmis-sna-p	0	ROOT
