1	Клиника	клиника	N	N	Ncfsnn	13	предик
2	стенокардии	стенокардия	N	N	Ncfsgn	1	атриб
3	с	с	S	S	Sp-i	1	атриб
4	1997	#год	M	M	Mc---d	5	опред
5	года	год	N	N	Ncmsgn	3	предл
6	,	,	,	,	,	5	PUNC
7	в	в	S	S	Sp-l	10	обст
8	2001	#год	M	M	Mc---d	9	опред
9	году	год	N	N	Ncmsnnl	7	предл
10	проведена	провести	V	V	Vmps-sfpse	1	опред
11	КВГ	квг	N	N	Npmsgn	10	1-компл
12	,	,	,	,	,	11	PUNC
13	выявлено	выявить	V	V	Vmps-snpse	0	ROOT
14	трехсосудистое	трехсосудистый	A	A	Afpnsnf	15	опред
15	поражение	поражение	N	N	Ncnsnn	13	1-компл
16	КА	ка	N	N	Ncmsgn	15	квазиагент
17	,	,	,	,	,	16	PUNC
18	было	быть	V	V	Vmis-sna-p	13	сент-соч
19	рекомендовано	рекомендовать	V	V	Vmps-snpse	18	пасс-анал
20	шунтирование	шунтирование	N	N	Ncnsnn	18	предик
21	,	,	,	,	,	20	PUNC
22	однако	однако	C	C	C	25	вводн
23	,	,	,	,	,	22	PUNC
24	пациент	пациент	N	N	Ncmsny	25	предик
25	отказался	отказаться	V	V	Vmis-smm-e	18	сент-соч
26	от	от	S	S	Sp-g	25	1-компл
27	оперативного	оперативный	A	A	Afpnsgf	28	опред
28	лечения	лечение	N	N	Ncnsgn	26	предл
