1	Больной	больной	N	N	Ncmsny	3	предик
2	себя	себя	P	P	P----an	1	1-компл
3	считает	считать	V	V	Vmip3s-a-p	0	ROOT
4	с	с	S	S	Sp-g	3	1-компл
5	детства	детство	N	N	Ncnsgn	4	предл
6	,	,	,	,	,	5	PUNC
7	когда	когда	C	C	C	3	обст
8	впервые	впервые	R	R	R	9	обст
9	был	быть	V	V	Vmis-sma-p	7	подч-союзн
10	выставлен	выставить	V	V	Vmps-smpse	9	пасс-анал
11	ревмокардит	ревмокардит	N	N	Ncmsnn	9	предик
12	,	,	,	,	,	11	PUNC
13	специализированного	специализированный	A	A	Afpnsgf	14	опред
14	лечения	лечение	N	N	Ncnsgn	16	предик
15	не	не	Q	Q	Q	16	огранич
16	получала	получать	V	V	Vmis-sfa-p	3	сент-соч
17	,	,	,	,	,	16	PUNC
18	на	на	S	S	Sp-l	21	1-компл
19	учете	учет	N	N	Ncmsln	18	предл
20	не	не	Q	Q	Q	21	огранич
21	состояла	состоять	V	V	Vmis-sfa-p	16	сент-соч
