1	В	в	S	S	Sp-l	4	обст
2	2008	#год	M	M	Mc---d	3	опред
3	году	год	N	N	Ncmsnnl	1	предл
4	отметила	отметить	V	V	Vmis-sfa-e	0	ROOT
5	появление	появление	N	N	Ncnsan	4	1-компл
6	приступа	приступ	N	N	Ncmsgn	5	квазиагент
7	учащенного	учащенный	A	A	Afpnsgf	10	опред
8	,	,	,	,	,	7	PUNC
9	неритмичного	неритмичный	A	A	Afpnsgf	10	опред
10	сердцебиения	сердцебиение	N	N	Ncnsgn	6	квазиагент
11	,	,	,	,	,	10	PUNC
12	обратилась	обратиться	V	V	Vmis-sfm-e	4	сочин
13	к	к	S	S	Sp-d	12	1-компл
14	врачу	врач	N	N	Ncmsdy	13	предл
15	,	,	,	,	,	14	PUNC
16	была	быть	V	V	Vmis-sfa-p	4	разъяснит
17	назначена	назначить	V	V	Vmps-sfpse	16	пасс-анал
18	терапия	терапия	N	N	Ncfsnn	16	предик
19	кордароном	кордарон	N	N	Ncmsiy	18	аппоз
20	,	,	,	,	,	19	PUNC
21	однако	однако	C	C	C	24	огранич
22	приступ	приступ	N	N	Ncmsnn	24	предик
23	не	не	Q	Q	Q	24	огранич
24	был	быть	V	V	Vmis-sma-p	16	сент-соч
25	купирован	купировать	V	V	Vmps-smpse	24	пасс-анал
26	,	,	,	,	,	25	PUNC
27	спустя	спустя	S	S	Sp-a	25	обст
28	месяц	месяц	N	N	Ncmsan	27	предл
29	к	к	S	S	Sp-l	28	атриб
30	терапии	терапия	N	N	Ncfsln	29	предл
31	был	быть	V	V	Vmis-sma-p	24	сочин
32	добавлен	добавить	V	V	Vmps-smpse	31	пасс-анал
33	дигоксин	дигоксин	N	N	Ncmsnn	31	предик
34	,	,	,	,	,	33	PUNC
35	самочувствие	самочувствие	N	N	Ncnsnn	37	предик
36	несколько	несколько	R	R	R	37	колич-огран
37	улучшилось	улучшиться	V	V	Vmis-snm-e	24	сент-соч
38	,	,	,	,	,	37	PUNC
39	более	более	R	R	R	40	огранич
40	за	за	S	S	Sp-i	37	обст
41	помощью	помощь	N	N	Ncfsin	40	предл
42	врачей	врач	N	N	Ncmpgy	41	квазиагент
43	не	не	Q	Q	Q	44	огранич
44	обращалась	обращаться	V	V	Vmis-sfm-p	37	сент-соч
