1	В	в	S	S	Sp-l	8	обст
2	2008	#год	M	M	Mc---d	3	опред
3	году	год	N	N	Ncmsnnl	1	предл
4	при	при	S	S	Sp-l	8	обст
5	обращении	обращение	N	N	Ncnsln	4	предл
6	к	к	S	S	Sp-d	5	1-компл
7	гастроэнтерологу	гастроэнтеролог	N	N	Ncmsdy	6	предл
8	выявлена	выявить	V	V	Vmps-sfpse	0	ROOT
9	патология	патология	N	N	Ncfsnn	8	предик
10	печени	печень	N	N	Ncfsgn	9	квазиагент
11	,	,	,	,	,	10	PUNC
12	при	при	S	S	Sp-l	8	обст
13	анализе	анализ	N	N	Ncmsln	12	предл
14	крови	кровь	N	N	Ncfsgn	13	1-компл
15	на	на	S	S	Sp-a	8	3-компл
16	гепатиты	гепатит	N	N	Ncmpan	15	предл
17	,	,	,	,	,	16	PUNC
18	выявлен	выявить	V	V	Vmps-smpse	8	сочин
19	вирусный	вирусный	A	A	Afpmsnf	20	опред
20	гепатит	гепатит	N	N	Ncmsnn	18	1-компл
21	С	с	-	-	-	20	аппоз
