1	Проведена	провести	V	V	Vmps-sfpse	0	ROOT
2	сцинтиграфия	сцинтиграфия	N	N	Ncfsnn	1	предик
3	миокарда	миокард	N	N	Ncmsgn	2	квазиагент
4	–	-	-	-	-	3	PUNC
5	на	на	S	S	Sp-l	7	обст
6	сцинтиграммах	сцинтиграмма	N	N	Ncmpln	5	предл
7	отмечается	отмечаться	V	V	Vmip3s-m-p	1	вводн
8	накопление	накопление	N	N	Ncnsnn	1	1-компл
9	РФП	рфп	N	N	Npmpnn	8	1-компл
10	средней	средний	A	A	Afpfsgf	11	опред
11	степени	степень	N	N	Ncfsgn	9	атриб
12	интенсивности	интенсивность	N	N	Ncfsgn	11	квазиагент
13	–	-	-	-	-	12	PUNC
14	23	#число	M	M	Mc---d	15	количест
15	%	%	-	-	-	12	примыкат
16	,	,	,	,	,	15	PUNC
17	что	что	P	P	P--nsnn	0	ROOT
18	может	мочь	V	V	Vmip3s-a-p	0	ROOT
19	свидетельствовать	свидетельствовать	V	V	Vmn----a-p	18	1-компл
20	о	о	S	S	Sp-l	19	1-компл
21	наличии	наличие	N	N	Ncnsln	20	предл
22	миокардита	миокардит	N	N	Ncmsgn	21	квазиагент
23	,	,	,	,	,	22	PUNC
24	идиопатическом	идиопатический	A	A	Afpnslf	25	опред
25	поражении	поражение	N	N	Ncnsln	21	сочин
26	сердечной	сердечный	A	A	Afpfsgf	27	опред
27	мышцы	мышца	N	N	Ncfsgn	25	квазиагент
28	или	или	C	C	C	25	сочин
29	нестабильной	нестабильный	A	A	Afpfsgf	30	опред
30	стенокардии	стенокардия	N	N	Ncfsgn	28	соч-союзн
