1	С	с	S	S	Sp-l	4	вводн
2	2002	#год	M	M	Mc---d	3	опред
3	г	г	N	N	Ncmsnnl	1	предл
4	начало	начало	N	N	Ncnsnn	0	ROOT
5	подъёма	подъем	N	N	Ncmsgn	4	квазиагент
6	АД	ад	N	N	Npfpgn	5	1-компл
7	,	,	,	,	,	6	PUNC
8	в	в	S	S	Sp-a	11	вводн
9	последнее	последний	A	A	Afpnsaf	10	опред
10	время	время	N	N	Ncnsan	8	предл
11	до	до	S	S	Sp-l	4	разъяснит
12	180/100	#число	M	M	Mc---d	13	количест
13	мм.рт.ст	мм.рт.ст	N	N	Ncfpgn	11	предл
14	.	.	-	-	-	13	PUNC
15	,	,	,	,	,	13	PUNC
16	адаптирована	адаптировать	V	V	Vmps-sfpse	11	сент-соч
17	к	к	S	S	Sp-d	16	2-компл
18	цифрам	цифра	N	N	Ncfpdn	17	предл
19	АД	ад	N	N	Npfpgn	18	атриб
20	140/80	#число	M	M	Mc---d	21	количест
21	мм.рт.ст	мм.рт.ст	N	N	Ncmsnn	16	предик
