1	В	в	S	S	Sp-l	9	обст
2	1983	#год	M	M	Mc---d	3	опред
3	г	г	N	N	Ncmsnnl	1	предл
4	по	по	S	S	Sp-d	3	атриб
5	поводу	повод	N	N	Ncmsdn	4	предл
6	полной	полный	A	A	Afpfsgf	7	опред
7	АВ	ав	-	-	-	5	1-компл
8	блокады	блокада	N	N	Ncfsgn	7	1-компл
9	проведена	провести	V	V	Vmps-sfpse	0	ROOT
10	первичная	первичный	A	A	Afpfsnf	11	опред
11	имплантация	имплантация	N	N	Ncfsnn	9	предик
12	ЭКС	ЭКС	-	-	-	11	аппоз
13	2	#число	M	M	Mc---d	12	нум-аппоз
14	,	,	,	,	,	13	PUNC
15	затем	затем	R	R	R	16	обст
16	осуществлялась	осуществляться	V	V	Vmis-sfm-p	11	релят
17	смена	смена	N	N	Ncfsnn	16	предик
18	ЭКС	экс	N	N	Npmsgn	17	1-компл
19	в	в	S	S	Sp-l	17	атриб
20	1985	#год	M	M	Mc---d	23	опред
21	,	,	,	,	,	20	PUNC
22	1994	#год	M	M	Mc---d	20	кратн
23	гг	гг	N	N	Ncmpnnl	19	предл
