1	В	в	S	S	Sp-l	4	обст
2	2008	#год	M	M	Mc---d	3	опред
3	г	г	N	N	Ncmsnnl	1	предл
4	перенёс	перенести	V	V	Vmis-sma-e	0	ROOT
5	ОНМК	онмк	N	N	Npmsnn	4	1-компл
6	в	в	S	S	Sp-l	4	обст
7	бассейне	бассейн	N	N	Ncmsln	6	предл
8	СМА	сма	N	N	Npmsgn	7	квазиагент
9	слева	слева	R	R	R	4	обст
10	,	,	,	,	,	9	PUNC
11	тогда	тогда	P	P	P-----r	14	обст
12	же	же	Q	Q	Q	11	огранич
13	впервые	впервые	R	R	R	14	обст
14	диагностирована	диагностировать	V	V	Vmps-sfpse	4	разъяснит
15	стенокардия	стенокардия	N	N	Ncfsnn	14	предик
16	напряжения	напряжение	N	N	Ncnsgn	15	квазиагент
17	,	,	,	,	,	16	PUNC
18	постоянная	постоянный	A	A	Afpfsnf	19	опред
19	форма	форма	N	N	Ncfsnn	15	сочин
20	фибрилляции	фибрилляция	N	N	Ncfsgn	19	квазиагент
21	предсердий	предсердие	N	N	Ncfpgn	20	1-компл
