1	Считает	считать	V	V	Vmip3s-a-p	0	ROOT
2	себя	себя	P	P	P----an	1	1-компл
3	больной	больной	A	A	Afpfsif	1	2-компл
4	в	в	S	S	Sp-a	1	обст
5	течение	течение	N	N	Ncnsan	4	предл
6	8	#число	M	M	Mc---d	7	количест
7	лет	год	N	N	Ncmpgn	1	1-компл
8	,	,	,	,	,	7	PUNC
9	когда	когда	C	C	C	1	обст
10	впервые	впервые	R	R	R	11	обст
11	стала	стать	V	V	Vmis-sfa-e	9	подч-союзн
12	отмечать	отмечать	V	V	Vmn----a-p	11	1-компл
13	эпизоды	эпизод	N	N	Ncmpan	12	1-компл
14	повышения	повышение	N	N	Ncnsgn	13	квазиагент
15	АД	ад	N	N	Npfpgn	14	1-компл
16	в	в	S	S	Sp-a	12	обст
17	последнее	последний	A	A	Afpnsaf	18	опред
18	время	время	N	N	Ncnsan	16	предл
19	до	до	S	S	Sp-l	12	обст
20	180\110	#число	M	M	Mc---d	21	количест
21	мм.рт.ст	мм.рт.ст	N	N	Ncfpgn	19	предл
22	.	.	-	-	-	21	PUNC
23	,	,	,	,	,	21	PUNC
24	адаптирована	адаптировать	V	V	Vmps-sfpse	1	2-компл
25	к	к	S	S	Sp-d	24	2-компл
26	цифрам	цифра	N	N	Ncfpdn	25	предл
27	АД	ад	N	N	Npfpgn	26	атриб
28	120/80	#число	M	M	Mc---d	29	количест
29	мм.рт.ст	мм.рт.ст	N	N	Ncmsnn	1	1-компл
