1	В	в	S	S	Sp-l	5	обст
2	марте-апреле	март-апрель	N	N	Ncmsln	1	предл
3	2010	#год	M	M	Mc---d	4	опред
4	года	год	N	N	Ncmsgn	2	атриб
5	проходил	проходить	V	V	Vmis-sma-p	0	ROOT
6	лечение	лечение	N	N	Ncnsan	5	1-компл
7	в	в	S	S	Sp-a	5	2-компл
8	отделение	отделение	N	N	Ncnsan	7	предл
9	ХЛСНРС	хлснрс	N	N	Npmsnn	8	квазиагент
10	и	и	C	C	C	9	сочин
11	ЭКС	экс	N	N	Npmsnn	10	соч-союзн
12	,	,	,	,	,	11	PUNC
13	во	во	S	S	Sp-a	16	обст
14	время	время	N	N	Ncnsan	13	предл
15	обследования	обследование	N	N	Ncnsgn	14	1-компл
16	выявлено	выявить	V	V	Vmps-snpse	5	разъяснит
17	относительное	относительный	A	A	Afpnsnf	18	опред
18	противопоказание	противопоказание	N	N	Ncnsnn	16	предик
19	к	к	S	S	Sp-d	18	1-компл
20	проведению	проведение	N	N	Ncnsdn	19	предл
21	процедуры	процедура	N	N	Ncfsgn	20	1-компл
22	MAZE	MAZE	-	-	-	24	композ
23	(	(	-	-	-	22	PUNC
24	эффект	эффект	N	N	Ncmsnn	32	предик
25	псведоконтрастирования	псведоконтрастирование	N	N	Ncnsgn	24	квазиагент
26	в	в	S	S	Sp-l	32	обст
27	полости	полость	N	N	Ncfsln	26	предл
28	левого	левый	A	A	Afpnsgf	29	опред
29	предсредия	предсредия	N	N	Ncnsgn	27	квазиагент
30	)	)	-	-	-	29	PUNC
31	,	,	,	,	,	29	PUNC
32	был	быть	V	V	Vmis-sma-p	16	сент-соч
33	выпсиан	выпсиать	N	N	Ncmsnn	32	присвяз
34	с	с	S	S	Sp-i	33	атриб
35	рекендациями	рекендацие	N	N	Ncfpin	34	предл
36	по	по	S	S	Sp-d	35	атриб
37	дальнейшему	дальнейший	A	A	Afpnsdf	38	опред
38	лечению	лечение	N	N	Ncnsdn	36	предл
39	и	и	C	C	C	38	сочин
40	терапией	терапия	N	N	Ncfsin	39	соч-союзн
41	,	,	,	,	,	40	PUNC
42	направленной	направить	V	V	Vmps-sfpfei	40	опред
43	на	на	S	S	Sp-a	42	2-компл
44	коррекцию	коррекция	N	N	Ncfsan	43	предл
45	данного	данный	P	P	P--msga	46	опред
46	противопоказания	противопоказание	N	N	Ncnpnn	44	1-компл
47	с	с	S	S	Sp-i	42	обст
48	последующей	последующий	A	A	Afpfsif	49	опред
49	датой	дата	N	N	Ncfsin	47	предл
50	повторной	повторный	A	A	Afpfsgf	51	опред
51	госпитализации	госпитализация	N	N	Ncfsgn	49	квазиагент
