1	Осенью	#сезон	N	N	Ncfsin	5	обст
2	2010	#год	M	M	Mc---d	3	опред
3	года	год	N	N	Ncmsgn	1	атриб
4	пациенту	пациент	N	N	Ncmsdy	5	неакт-компл
5	имплантирован	имплантировать	V	V	Vmps-smpse	0	ROOT
6	аппарат	аппарат	N	N	Ncmsnn	5	предик
7	для	для	S	S	Sp-g	6	атриб
8	кардиоресинхронизирующей	кардиоресинхронизирующая	A	A	Afpfsgf	9	опред
9	терапии	терапия	N	N	Ncfsgn	7	предл
10	,	,	,	,	,	9	PUNC
11	был	быть	V	V	Vmis-sma-p	5	разъяснит
12	выписан	выписать	V	V	Vmps-smpse	11	пасс-анал
13	с	с	S	S	Sp-i	12	обст
14	рекомендациями	рекомендация	N	N	Ncfpin	13	предл
15	о	о	S	S	Sp-l	14	1-компл
16	повторной	повторный	A	A	Afpfslf	17	опред
17	госпитализации	госпитализация	N	N	Ncfsgn	15	предл
18	для	для	S	S	Sp-g	17	атриб
19	оперативного	оперативный	A	A	Afpnsgf	20	опред
20	лечения	лечение	N	N	Ncnsgn	18	предл
21	,	,	,	,	,	20	PUNC
22	ВСЭФИ	всэфи	N	N	Npfsnn	17	сочин
23	и	и	C	C	C	22	сочин
24	РЧА	рча	N	N	Npfsnn	23	соч-союзн
25	АВ-соединения	ав-соединение	N	N	Ncnsgn	24	1-компл
26	.	.	-	-	-	25	PUNC
