1	Принимала	принимать	V	V	Vmis-sfa-p	0	ROOT
2	препараты	препарат	N	N	Ncmpan	1	1-компл
3	из	из	S	S	Sp-g	2	атриб
4	группы	группа	N	N	Ncfsgn	3	предл
5	ингибиторов	ингибитор	N	N	Ncmpgy	4	квазиагент
6	аАПФ	аапф	N	N	Npfsgn	5	сочин
7	,	,	,	,	,	6	PUNC
8	последний	последний	A	A	Afpmsaf	9	опред
9	год	год	N	N	Ncmsan	6	сочин
10	принимает	принимать	V	V	Vmip3s-a-p	2	опред
11	препараты	препарат	N	N	Ncmpan	10	1-компл
12	из	из	S	S	Sp-g	11	атриб
13	группы	группа	N	N	Ncfsgn	12	предл
14	бета-блокаторов	бета-блокатор	N	N	Ncmpgy	13	квазиагент
15	,	,	,	,	,	14	PUNC
16	со	со	S	S	Sp-g	20	обст
17	слов	слово	N	N	Ncnpgn	16	предл
18	пациентки	пациентка	N	N	Ncfsgy	17	квазиагент
19	,	,	,	,	,	18	PUNC
20	достигнуты	достигнуть	V	V	Vmps-p-pse	1	сочин
21	целевые	целевой	A	A	Afpmpaf	22	опред
22	цифра	цифра	N	N	Ncfsnn	20	1-компл
23	АД	ад	N	N	Npfpgn	22	атриб
