1	Операция	операция	N	N	Ncfsnn	16	предик
2	по	по	S	S	Sp-d	1	атриб
3	поводу	повод	N	N	Ncmsdn	2	предл
4	грыжи	грыжа	N	N	Ncfsgn	3	1-компл
5	белой	белый	A	A	Afpfsgf	6	опред
6	линии	линия	N	N	Ncfsgn	4	1-компл
7	живота	живот	N	N	Ncmsgn	6	квазиагент
8	2005	#год	M	M	Mc---d	9	опред
9	год	год	N	N	Ncmsnn	7	атриб
10	,	,	,	,	,	9	PUNC
11	в	в	S	S	Sp-l	16	огранич
12	2007	#год	M	M	Mc---d	13	опред
13	г	г	N	N	Ncmsnnl	11	предл
14	повторное	повторный	A	A	Afpnsnf	16	опред
15	оперативное	оперативный	A	A	Afpnsnf	16	опред
16	вмешательство	вмешательство	N	N	Ncnsnn	0	ROOT
17	по	по	S	S	Sp-d	16	1-компл
18	поводу	повод	N	N	Ncmsdn	17	предл
19	защемления	защемление	N	N	Ncnsgn	18	1-компл
20	вентральной	вентральный	A	A	Afpfsgf	21	опред
21	грыжи	грыжа	N	N	Ncfsgn	19	1-компл
