1	Весной	#сезон	N	N	Ncfsin	14	обст
2	2010	#год	M	M	Mc---d	3	опред
3	года	год	N	N	Ncmsgn	1	атриб
4	на	на	S	S	Sp-l	1	атриб
5	фоне	фон	N	N	Ncmsln	4	предл
6	высоких	высокий	A	A	Afpmpgf	7	опред
7	цифр	цифра	N	N	Ncfpgn	5	квазиагент
8	АД	ад	N	N	Npfpgn	7	аппоз
9	(	(	-	-	-	8	PUNC
10	более	много	M	M	Mc	8	примыкат
11	180	#число	M	M	Mc---d	12	количест
12	м.рт.ст	м.рт.ст	-	-	-	10	сравнит
13	)	)	-	-	-	12	PUNC
14	отмечал	отмечать	V	V	Vmis-sma-p	0	ROOT
15	рецидив	рецидив	N	N	Ncmsnn	14	1-компл
16	тахикардии	тахикардия	N	N	Ncfsgn	15	1-компл
17	в	в	S	S	Sp-l	15	атриб
18	виде	вид	N	N	Ncmsln	17	предл
19	пароксизмов	пароксизм	N	N	Ncmpgn	18	квазиагент
20	ФП	фп	N	N	Npmsnn	15	сочин
21	,	,	,	,	,	20	PUNC
22	с	с	S	S	Sp-i	14	обст
23	частотой	частота	N	N	Ncfsin	22	предл
24	более	много	M	M	Mc	23	компл-аппоз
25	3х	#число	M	M	Mc--gd	24	сравнит
26	в	в	S	S	Sp-a	14	обст
27	неделю	неделя	N	N	Ncfsan	26	предл
