1	Больным	больной	N	N	Ncmpdy	3	2-компл
2	себя	себя	P	P	P----an	3	1-компл
3	считает	считать	V	V	Vmip3s-a-p	0	ROOT
4	с	с	S	S	Sp-l	3	обст
5	2005	#год	M	M	Mc---d	6	опред
6	года	год	N	N	Ncmsgn	4	предл
7	,	,	,	,	,	6	PUNC
8	когда	когда	C	C	C	3	обст
9	после	после	S	S	Sp-g	14	обст
10	перенесенной	перенесенный	A	A	Afpfsgf	12	опред
11	вирусной	вирусный	A	A	Afpfsgf	12	опред
12	инфекции	инфекция	N	N	Ncfsgn	9	предл
13	,	,	,	,	,	12	PUNC
14	стал	стать	V	V	Vmis-sma-e	8	подч-союзн
15	отмечать	отмечать	V	V	Vmn----a-p	14	1-компл
16	появление	появление	N	N	Ncnsan	15	1-компл
17	эпизодов	эпизод	N	N	Ncmpgn	16	квазиагент
18	слабости	слабость	N	N	Ncfsgn	17	квазиагент
19	,	,	,	,	,	18	PUNC
20	головокуружения	головокуружение	N	N	Ncnsgn	18	квазиагент
