1	Менопауза	менопауза	N	N	Ncmsgn	4	предл
2	7	#число	M	M	Mc---d	3	количест
3	лет	год	N	N	Ncmpgn	4	предл
4	назад	назад	R	R	R	10	обст
5	,	,	,	,	,	4	PUNC
6	до	до	S	S	Sp-g	10	обст
7	этого	это	P	P	P--nsgn	6	предл
8	менструальный	менструальный	A	A	Afpmsnf	9	опред
9	цикл	цикл	N	N	Ncmsnn	10	предик
10	был	быть	V	V	Vmis-sma-p	0	ROOT
11	регулярным	регулярный	A	A	Afpmsif	10	присвяз
12	,	,	,	,	,	11	PUNC
13	беременностей	беременность	N	N	Ncfpgn	11	разъяснит
14	4	#число	M	M	Mc---d	13	атриб
15	,	,	,	,	,	14	PUNC
16	2	#число	M	M	Mc---d	14	кратн
17	родов	роды	N	N	Ncmpgn	14	атриб
18	,	,	,	,	,	17	PUNC
19	2	#число	M	M	Mc---d	20	количест
20	аборта	аборт	N	N	Ncmsgn	13	сочин
