1	Во	во	S	S	Sp-a	6	обст
2	время	время	N	N	Ncnsan	1	предл
3	службы	служба	N	N	Ncfsgn	2	1-компл
4	в	в	S	S	Sp-l	3	атриб
5	Афганистане	афганистан	N	N	Npmsln	4	предл
6	контузия	контузия	N	N	Ncfsnn	0	ROOT
7	в	в	S	S	Sp-a	6	атриб
8	голову	голова	N	N	Ncfsan	7	предл
9	,	,	,	,	,	8	PUNC
10	гаходился	гаходиться	V	V	Vmis-smm-p	6	вводн
11	на	на	S	S	Sp-l	10	обст
12	лечении	лечение	N	N	Ncnsln	11	предл
13	,	,	,	,	,	12	PUNC
14	в	в	S	S	Sp-l	17	огранич
15	теже	теже	N	N	Nccsgy	14	предл
16	года	год	N	N	Ncmsgn	15	атриб
17	травма	травма	N	N	Ncfsnn	10	предик
18	правого	правый	A	A	Afpmsgf	20	опред
19	локтевого	локтевой	A	A	Afpmsgf	20	опред
20	сустава	сустав	N	N	Ncmsgn	17	квазиагент
21	,	,	,	,	,	20	PUNC
22	сейчас	сейчас	P	P	P-----r	23	обст
23	ограничена	ограничить	V	V	Vmps-sfpse	17	опред
24	подвижность	подвижность	N	N	Ncfsnn	31	предик
25	в	в	S	S	Sp-l	24	атриб
26	нем	он	P	P	P-3msln	25	предл
27	,	,	,	,	,	26	PUNC
28	в	в	S	S	Sp-l	31	огранич
29	теже	теже	N	N	Nccsgy	28	предл
30	года	год	N	N	Ncmsgn	29	атриб
31	аппендэктомия	аппендэктомия	N	N	Ncfsnn	17	сент-соч
32	.	.	-	-	-	31	PUNC
