1	На	на	S	S	Sp-l	9	обст
2	фоне	фон	N	N	Ncmsln	1	предл
3	приема	прием	N	N	Ncmsgn	2	квазиагент
4	кордарона	кордарон	N	N	Ncmsgn	3	1-компл
5	пароксизмов	пароксизм	N	N	Ncmpgn	4	квазиагент
6	ФП	фп	N	N	Npmsnn	9	предик
7	практически	практически	R	R	R	8	огранич
8	не	не	Q	Q	Q	9	огранич
9	было	быть	V	V	Vmis-sna-p	0	ROOT
10	(	(	-	-	-	9	PUNC
11	400-600	#число	M	M	Mc---d	12	количест
12	мг	миллиграмм	N	N	Ncmpgn	9	предик
13	)	)	-	-	-	12	PUNC
14	,	,	,	,	,	12	PUNC
15	до	до	S	S	Sp-g	9	обст
16	ноября	#месяц	N	N	Ncmsgn	15	предл
17	2005	#год	M	M	Mc---d	18	опред
18	года	год	N	N	Ncmsgn	16	атриб
19	ангинозных	ангинозный	A	A	Afpmpgf	20	опред
20	приступов	приступ	N	N	Ncmpgn	22	предик
21	не	не	Q	Q	Q	22	огранич
22	было	быть	V	V	Vmis-sna-p	9	сент-соч
23	,	,	,	,	,	22	PUNC
24	был	быть	V	V	Vmis-sma-p	0	ROOT
25	госпитализирован	госпитализировать	V	V	Vmps-smpse	24	пасс-анал
