1	Ухудшение	ухудшение	N	N	Ncnsnn	6	предл
2	самочувствия	самочувствие	N	N	Ncnsgn	1	квазиагент
3	около	около	S	S	Sp-l	2	атриб
4	3	#число	M	M	Mc---d	5	количест
5	лет	год	N	N	Ncmpgn	3	предл
6	назад	назад	R	R	R	19	обст
7	с	с	S	S	Sp-g	19	обст
8	августа	#месяц	N	N	Ncmsgn	7	предл
9	2007	#год	M	M	Mc---d	10	опред
10	года	год	N	N	Ncmsgn	8	атриб
11	,	,	,	,	,	10	PUNC
12	когда	когда	C	C	C	19	обст
13	усилились	усилиться	V	V	Vmis-p-m-e	12	подч-союзн
14	перебои	перебой	N	N	Ncmpnn	13	предик
15	в	в	S	S	Sp-l	14	атриб
16	работе	работа	N	N	Ncfsln	15	предл
17	сердца	сердце	N	N	Ncnsgn	16	квазиагент
18	,	,	,	,	,	17	PUNC
19	участились	участиться	V	V	Vmis-p-m-e	0	ROOT
20	пароксизмы	пароксизм	N	N	Ncmpnn	19	предик
21	ФП	фп	N	N	Npmsnn	20	аппоз
22	,	,	,	,	,	21	PUNC
23	снизилась	снизиться	V	V	Vmis-sfm-e	19	сент-соч
24	ТФН	тфн	N	N	Npmsan	23	предик
25	,	,	,	,	,	24	PUNC
26	появилась	появиться	V	V	Vmis-sfm-e	23	сент-соч
27	одышка	одышка	N	N	Ncfsnn	26	предик
28	и	и	C	C	C	27	сочин
29	боли	боль	N	N	Ncfpnn	28	соч-союзн
30	за	за	S	S	Sp-i	29	1-компл
31	грудиной	грудина	A	A	Afpfsif	30	предл
