1	С	с	S	S	Sp-l	4	обст
2	2001	#год	M	M	Mc---d	3	опред
3	года	год	N	N	Ncmsgn	1	предл
4	стали	стать	V	V	Vmis-p-a-e	0	ROOT
5	беспокоить	беспокоить	V	V	Vmn----a-p	4	1-компл
6	приступы	приступ	N	N	Ncmpnn	4	предик
7	учащенного	учащенный	A	A	Afpnsgf	9	опред
8	неритмичного	неритмичный	A	A	Afpnsgf	9	опред
9	сердцебиения	сердцебиение	N	N	Ncnsgn	6	квазиагент
10	,	,	,	,	,	9	PUNC
11	регистрировалась	регистрировать	A	A	Afpmsnf	12	опред
12	ФП	фп	N	N	Npmsnn	6	сочин
13	,	,	,	,	,	12	PUNC
14	назначался	назначаться	V	V	Vmis-smm-e	4	сент-соч
15	кордарон	кордарон	N	N	Ncmsnn	14	предик
16	,	,	,	,	,	15	PUNC
17	который	который	P	P	P--msna	0	ROOT
18	пациент	пациент	N	N	Ncmsny	0	ROOT
19	принимает	принимать	V	V	Vmip3s-a-p	18	опред
20	с	с	S	S	Sp-i	19	2-компл
21	перерывами	перерыв	N	N	Ncmpin	20	предл
22	до	до	S	S	Sp-g	19	обст
23	настоящего	настоящий	A	A	Afpnsgf	24	опред
24	времени	время	N	N	Ncnsgn	22	предл
