1	В	в	S	S	Sp-l	5	обст
2	этом	этот	P	P	P--msla	4	опред
3	же	же	Q	Q	Q	2	огранич
4	году	год	N	N	Ncmsnnl	1	предл
5	стала	стать	V	V	Vmis-sfa-e	0	ROOT
6	отмечать	отмечать	V	V	Vmn----a-p	5	1-компл
7	появление	появление	N	N	Ncnsan	6	1-компл
8	давящих	давящий	A	A	Afpmpgf	9	опред
9	болей	боль	N	N	Ncfpgn	7	квазиагент
10	за	за	S	S	Sp-i	9	1-компл
11	грудиной	грудина	N	N	Ncfsin	10	предл
12	,	,	,	,	,	11	PUNC
13	возникающих	возникать	V	V	Vmpp-p-afpg	11	опред
14	при	при	S	S	Sp-l	13	обст
15	обычной	обычный	A	A	Afpfslf	17	опред
16	физической	физический	A	A	Afpfslf	17	опред
17	нагрузке	нагрузка	N	N	Ncfsln	14	предл
18	и	и	C	C	C	7	сочин
19	самостоятельно	самостоятельно	R	R	R	20	обст
20	купирующиеся	купирующиеся	V	V	Vmpp-p-mfpn	18	соч-союзн
21	при	при	S	S	Sp-l	20	обст
22	прекращении	прекращение	N	N	Ncnsln	21	предл
23	физической	физический	A	A	Afpfsgf	24	опред
24	нарузки	нарузка	N	N	Ncfsgn	22	1-компл
25	в	в	S	S	Sp-l	22	атриб
26	течении	течение	N	N	Ncnsln	25	предл
27	2-3	#число	M	M	Mc---d	28	количест
28	минут	минута	N	N	Ncfpgn	22	1-компл
