1	Даный	даный	A	A	Afpmsnf	2	опред
2	приступ	приступ	N	N	Ncmsnn	0	ROOT
3	с	с	S	S	Sp-i	2	атриб
4	21-00	#число	M	M	Mc---d	3	предл
1	26.10.2010	#пдата	M	M	Mc---d	6	предик
2	,	,	,	,	,	1	PUNC
3	дважды	дважды	R	R	R	6	обст
4	бСМП	бсмп	N	N	Ncmsnn	6	предик
5	в\в	\в	N	N	Ncmpgy	4	квазиагент
6	ввоился	ввоиться	V	V	Vmis-smm-e	0	ROOT
7	кордарон-без	кордарон-без	N	N	Ncmsnn	6	1-компл
8	эффекта	эффект	N	N	Ncmsgn	7	квазиагент
9	,	,	,	,	,	8	PUNC
10	доставлена	доставить	V	V	Vmps-sfpse	6	сочин
11	в	в	S	S	Sp-a	10	2-компл
12	приемное	приемный	A	A	Afpnsaf	13	опред
13	отделение	отделение	N	N	Ncnsan	11	предл
14	НИИ	нии	N	N	Npmsgn	10	1-компл
15	Кардиологии	кардиология	N	N	Npfsgn	14	1-компл
16	.	.	-	-	-	15	PUNC
