1	Больной	больной	N	N	Ncmsny	3	предик
2	себя	себя	P	P	P----an	1	1-компл
3	считает	считать	V	V	Vmip3s-a-p	0	ROOT
4	с	с	S	S	Sp-l	3	обст
5	2007	#год	M	M	Mc---d	6	опред
6	года	год	N	N	Ncmsgn	4	предл
7	,	,	,	,	,	6	PUNC
8	когда	когда	C	C	C	3	обст
9	впервые	впервые	R	R	R	10	обст
10	стала	стать	V	V	Vmis-sfa-e	8	подч-союзн
11	отмечать	отмечать	V	V	Vmn----a-p	10	1-компл
12	появление	появление	N	N	Ncnsan	11	1-компл
13	приступов	приступ	N	N	Ncmpgn	12	квазиагент
14	учащенного	учащенный	A	A	Afpnsgf	17	опред
15	,	,	,	,	,	14	PUNC
16	неритмичного	неритмичный	A	A	Afpnsgf	17	опред
17	сердцебиения	сердцебиение	N	N	Ncnsgn	13	квазиагент
18	,	,	,	,	,	17	PUNC
19	приступы	приступ	N	N	Ncmpnn	12	сочин
20	с	с	S	S	Sp-i	19	1-компл
21	периодичностью	периодичность	N	N	Ncfsin	20	предл
22	2-3	#число	M	M	Mc---d	21	нум-аппоз
23	в	в	S	S	Sp-a	19	распред
24	месяц	месяц	N	N	Ncmsan	23	предл
