1	Приступ	приступ	N	N	Ncmsnn	10	1-компл
2	неритмичного	неритмичный	A	A	Afpnsgf	3	опред
3	сердцебиения	сердцебиение	N	N	Ncnsgn	1	квазиагент
4	беспокоит	беспокоить	V	V	Vmip3s-a-p	1	опред
5	с	с	S	S	Sp-l	4	обст
6	08-00	#число	M	M	Mc---d	7	количест
7	утра	#времясуток	N	N	Ncnsgn	5	предл
8	28.10.2010	#пдата	-	-	-	10	предик
9	г.,самостоятельно	самостоятельно	R	R	R	10	обст
10	обратилась	обратиться	V	V	Vmis-sfm-e	0	ROOT
11	в	в	S	S	Sp-a	10	2-компл
12	диспансер	диспансер	N	N	Ncmsan	11	предл
13	НИИ	нии	N	N	Npmsgn	10	предик
14	кардиологии	кардиология	N	N	Ncfsgn	13	1-компл
15	,	,	,	,	,	14	PUNC
16	зафиксирован	зафиксировать	V	V	Vmps-smpse	13	опред
17	пароксизм	пароксизм	N	N	Ncmsnn	16	1-компл
18	фибрилляции	фибрилляция	N	N	Ncfsgn	17	квазиагент
19	предсердий	предсердие	N	N	Ncfpgn	18	квазиагент
20	,	,	,	,	,	19	PUNC
21	откуда	откуда	P	P	P-----r	23	обст
22	экстренно	экстренно	R	R	R	23	обст
23	была	быть	V	V	Vmis-sfa-p	10	разъяснит
24	направлена	направить	V	V	Vmps-sfpse	23	пасс-анал
25	в	в	S	S	Sp-a	24	2-компл
26	приемное	приемный	A	A	Afpnsaf	27	опред
27	отделение	отделение	N	N	Ncnsan	25	предл
28	.	.	-	-	-	27	PUNC
