1	Гипертоническая	гипертонический	A	A	Afpfsnf	2	опред
2	болезнь	болезнь	N	N	Ncfsnn	0	ROOT
3	II	ii	M	M	Mo---d	4	опред
4	ст	столб	N	N	Ncmsgn	2	квазиагент
5	.	.	-	-	-	4	PUNC
6	,	,	,	,	,	4	PUNC
7	хронический	хронический	A	A	Afpmsnf	8	опред
8	гепатит	гепатит	N	N	Ncmsnn	4	примыкат
9	В	в	-	-	-	0	ROOT
10	,	,	,	,	,	9	PUNC
11	миома	миома	N	N	Ncfsnn	0	ROOT
12	матки	матка	N	N	Ncfsgn	11	1-компл
13	,	,	,	,	,	12	PUNC
14	состояние	состояние	N	N	Ncnsnn	11	аппоз
15	после	после	S	S	Sp-g	11	атриб
16	резекции	резекция	N	N	Ncfsgn	15	предл
17	прямой	прямой	A	A	Afpfsgf	18	опред
18	кишки	кишка	N	N	Ncfsgn	16	квазиагент
19	по	по	S	S	Sp-d	11	атриб
20	поводу	повод	N	N	Ncmsdn	19	предл
21	c-r(1992	c-r(1992	M	M	Mc---d	22	опред
22	г	город	N	N	Ncmsgn	20	1-компл
23	)	)	-	-	-	22	PUNC
