1	Повышения	повышение	N	N	Ncnsgn	8	предик
2	АД	ад	N	N	Npfpgn	1	1-компл
3	в	в	S	S	Sp-a	1	2-компл
4	течение	течение	N	N	Ncnsan	3	предл
5	10	#число	M	M	Mc---d	6	количест
6	лет	год	N	N	Ncmpgn	1	1-компл
7	,	,	,	,	,	6	PUNC
8	принимала	принимать	V	V	Vmis-sfa-p	0	ROOT
9	препараты	препарат	N	N	Ncmpan	8	1-компл
10	из	из	S	S	Sp-g	9	атриб
11	группы	группа	N	N	Ncfsgn	10	предл
12	иАПФ	иапф	N	N	Ncfsgn	11	квазиагент
13	,	,	,	,	,	12	PUNC
14	сейчас	сейчас	P	P	P-----r	15	обст
15	принимает	принимать	V	V	Vmip3s-a-p	8	сочин
16	постоянно	постоянно	R	R	R	15	обст
17	кордарон	кордарон	N	N	Ncmsnn	8	1-компл
18	(	(	-	-	-	17	PUNC
19	однако	однако	C	C	C	21	огранич
20	приступы	приступ	N	N	Ncmpnn	21	предик
21	ФП	фп	N	N	Npmsnn	8	2-компл
22	частые	частый	A	A	Afpmpnf	25	предик
23	,	,	,	,	,	22	PUNC
24	не	не	Q	Q	Q	25	огранич
25	отметила	отметить	V	V	Vmis-sfa-e	8	сент-соч
26	урежения	урежение	N	N	Ncnsgn	25	1-компл
27	на	на	S	S	Sp-l	25	обст
28	фоне	фон	N	N	Ncmsln	27	предл
29	приема	прием	N	N	Ncmsgn	28	квазиагент
30	этого	этот	P	P	P--msga	31	опред
31	препарата	препарат	N	N	Ncmsgn	29	1-компл
32	)	)	-	-	-	31	PUNC
33	,	,	,	,	,	31	PUNC
34	гипотензивной	гипотензивный	A	A	Afpfsgf	35	опред
35	терапии	терапия	N	N	Ncfsgn	38	1-компл
36	постоянно	постоянно	R	R	R	38	обст
37	не	не	Q	Q	Q	38	огранич
38	принимает	принимать	V	V	Vmip3s-a-p	25	разъяснит
