1	Повышение	повышение	N	N	Ncnsnn	6	предик
2	артериального	артериальный	A	A	Afpnsgf	3	опред
3	давления	давление	N	N	Ncnsgn	1	1-компл
4	в	в	S	S	Sp-l	1	атриб
5	течении	течение	N	N	Ncnsln	4	предл
6	более	много	M	M	Mc	0	ROOT
7	10	#число	M	M	Mc---d	8	количест
8	лет	год	N	N	Ncmpgn	6	сравнит
9	.	.	-	-	-	8	PUNC
10	,	,	,	,	,	8	PUNC
11	гипотензивные	гипотензивный	A	A	Afpmpaf	12	опред
12	препараты	препарат	N	N	Ncmpan	6	сочин
13	принимает	принимать	V	V	Vmip3s-a-p	17	опред
14	не	не	Q	Q	Q	15	огранич
15	регулярно	регулярно	R	R	R	13	обст
16	(	(	-	-	-	15	PUNC
17	индапамид	индапамида	N	N	Ncmsny	12	сочин
18	,	,	,	,	,	17	PUNC
19	фелодипин	фелодипин	A	A	Afpmsnf	17	примыкат
20	)	)	-	-	-	19	PUNC
21	т.к	к	N	N	Ncfsgn	17	сочин
22	отмечаются	отмечаться	V	V	Vmip3p-m-p	6	вводн
23	скачки	скачки	N	N	Ncmpnn	22	предик
24	АД	ад	N	N	Npfpgn	23	квазиагент
25	от	от	S	S	Sp-l	23	атриб
26	100	#число	M	M	Mc---d	25	предл
27	до	до	S	S	Sp-l	25	соотнос
28	200	#число	M	M	Mc---d	29	количест
29	мм.рт.ст	мм.рт.ст	N	N	Ncmsan	27	предл
