1	С	с	S	S	Sp-g	20	обст
2	лета	#сезон	N	N	Ncnsgn	1	предл
3	2010	#год	M	M	Mc---d	4	опред
4	года	год	N	N	Ncmsgn	2	атриб
5	вновь	вновь	R	R	R	6	обст
6	вышеуказанные	вышеуказанный	A	A	Afpmpnf	7	опред
7	приступы	приступ	N	N	Ncmpnn	20	предик
8	с	с	S	S	Sp-i	7	атриб
9	частотой	частота	N	N	Ncfsin	8	предл
10	до	до	S	S	Sp-l	9	компл-аппоз
11	1	#число	M	M	Mc---d	12	количест
12	раза	раз	N	N	Ncmsgn	10	предл
13	в	в	S	S	Sp-a	12	распред
14	неделю	неделя	N	N	Ncfsan	13	предл
15	,	,	,	,	,	14	PUNC
16	на	на	S	S	Sp-l	20	обст
17	ЭКГ	экг	N	N	Npfsln	16	предл
18	приступ	приступ	N	N	Ncmsnn	20	предик
19	не	не	Q	Q	Q	20	огранич
20	зарегистрирован	зарегистрировать	V	V	Vmps-smpse	0	ROOT
21	,	,	,	,	,	20	PUNC
22	по	по	S	S	Sp-d	26	вводн
23	СМ	см	N	N	Ncfsdn	22	предл
24	ЭКГ	экг	N	N	Ncfsln	23	1-компл
25	–	-	-	-	-	24	PUNC
26	пробежки	пробежка	N	N	Ncfpnn	20	1-компл
27	НЖТ	нжт	N	N	Npmsnn	26	сочин
28	,	,	,	,	,	27	PUNC
29	эпизоды	эпизод	N	N	Ncmpnn	27	сочин
30	ФП	фп	N	N	Npmsnn	29	квазиагент
