1	Нарушение	нарушение	N	N	Ncnsnn	0	ROOT
2	ритма	ритм	N	N	Ncmsgn	1	1-компл
3	в	в	S	S	Sp-l	1	атриб
4	виде	вид	N	N	Ncmsln	3	предл
5	пароксизмальной	пароксизмальный	A	A	Afpfsgf	6	опред
6	формы	форма	N	N	Ncfsgn	4	квазиагент
7	фибрилляции	фибрилляция	N	N	Ncfsgn	6	квазиагент
8	предсердий	предсердие	N	N	Ncfpgn	7	квазиагент
9	с	с	S	S	Sp-i	1	атриб
10	2009	#год	M	M	Mc---d	11	опред
11	года	год	N	N	Ncmsgn	9	предл
12	,	,	,	,	,	11	PUNC
13	пароксизмы	пароксизм	N	N	Ncmpnn	14	1-компл
14	беспокоят	беспокоить	V	V	Vmip3p-a-p	1	опред
15	редко	редко	R	R	R	14	обст
16	,	,	,	,	,	15	PUNC
17	но	но	C	C	C	0	ROOT
18	в	в	S	S	Sp-a	0	ROOT
19	послдедние	послдедний	N	N	Ncnsan	18	предл
20	пол	пол	N	N	Ncmsan	21	количест
21	года	год	N	N	Ncmsgn	19	атриб
22	каждый	каждый	P	P	P--msaa	23	опред
23	месяц	месяц	N	N	Ncmsan	0	ROOT
24	,	,	,	,	,	23	PUNC
25	купируются	купироваться	V	V	Vmip3s-m-p	23	опред
26	в\в	\в	N	N	Ncmsny	27	композ
27	введением	введение	N	N	Ncnsin	25	2-компл
28	кордарон	кордарон	N	N	Ncmsnn	27	1-компл
